68K GAS   			page 1


   1               	
   2               	.file"cfe_psp_ssr.c"
   3               	.text
   4               	.Ltext0:
   5               	.cfi_sections.debug_frame
   6               	.align2
   7               	.globlCFE_PSP_InitSSR
   8               	.typeCFE_PSP_InitSSR, @function
   9               	CFE_PSP_InitSSR:
  10               	.LFB59:
  11               	.file 1 "/home/simulink/cFS_FreeRTOS_seL4/psp/fsw/mcf5235-rtems/src/cfe_psp_ssr.c"
   1:/home/simulink/cFS_FreeRTOS_seL4/psp/fsw/mcf5235-rtems/src/cfe_psp_ssr.c **** /******************************************************************************
   2:/home/simulink/cFS_FreeRTOS_seL4/psp/fsw/mcf5235-rtems/src/cfe_psp_ssr.c **** ** File:  cfe_psp_ssr.c
   3:/home/simulink/cFS_FreeRTOS_seL4/psp/fsw/mcf5235-rtems/src/cfe_psp_ssr.c **** **
   4:/home/simulink/cFS_FreeRTOS_seL4/psp/fsw/mcf5235-rtems/src/cfe_psp_ssr.c **** **
   5:/home/simulink/cFS_FreeRTOS_seL4/psp/fsw/mcf5235-rtems/src/cfe_psp_ssr.c **** **      Copyright (c) 2004-2012, United States government as represented by the
   6:/home/simulink/cFS_FreeRTOS_seL4/psp/fsw/mcf5235-rtems/src/cfe_psp_ssr.c **** **      administrator of the National Aeronautics Space Administration.
   7:/home/simulink/cFS_FreeRTOS_seL4/psp/fsw/mcf5235-rtems/src/cfe_psp_ssr.c **** **      All rights reserved. This software(cFE) was created at NASA Goddard
   8:/home/simulink/cFS_FreeRTOS_seL4/psp/fsw/mcf5235-rtems/src/cfe_psp_ssr.c **** **      Space Flight Center pursuant to government contracts.
   9:/home/simulink/cFS_FreeRTOS_seL4/psp/fsw/mcf5235-rtems/src/cfe_psp_ssr.c **** **
  10:/home/simulink/cFS_FreeRTOS_seL4/psp/fsw/mcf5235-rtems/src/cfe_psp_ssr.c **** **      This is governed by the NASA Open Source Agreement and may be used,
  11:/home/simulink/cFS_FreeRTOS_seL4/psp/fsw/mcf5235-rtems/src/cfe_psp_ssr.c **** **      distributed and modified only pursuant to the terms of that agreement.
  12:/home/simulink/cFS_FreeRTOS_seL4/psp/fsw/mcf5235-rtems/src/cfe_psp_ssr.c **** **
  13:/home/simulink/cFS_FreeRTOS_seL4/psp/fsw/mcf5235-rtems/src/cfe_psp_ssr.c **** **
  14:/home/simulink/cFS_FreeRTOS_seL4/psp/fsw/mcf5235-rtems/src/cfe_psp_ssr.c **** **
  15:/home/simulink/cFS_FreeRTOS_seL4/psp/fsw/mcf5235-rtems/src/cfe_psp_ssr.c **** ** Purpose:
  16:/home/simulink/cFS_FreeRTOS_seL4/psp/fsw/mcf5235-rtems/src/cfe_psp_ssr.c **** **   This file contains glue routines between the cFE and the OS Board Support Package ( BSP ).
  17:/home/simulink/cFS_FreeRTOS_seL4/psp/fsw/mcf5235-rtems/src/cfe_psp_ssr.c **** **   The functions here allow the cFE to interface functions that are board and OS specific
  18:/home/simulink/cFS_FreeRTOS_seL4/psp/fsw/mcf5235-rtems/src/cfe_psp_ssr.c **** **   and usually dont fit well in the OS abstraction layer.
  19:/home/simulink/cFS_FreeRTOS_seL4/psp/fsw/mcf5235-rtems/src/cfe_psp_ssr.c **** **
  20:/home/simulink/cFS_FreeRTOS_seL4/psp/fsw/mcf5235-rtems/src/cfe_psp_ssr.c **** ** History:
  21:/home/simulink/cFS_FreeRTOS_seL4/psp/fsw/mcf5235-rtems/src/cfe_psp_ssr.c **** **   2005/06/05  Alan Cudmore    | Initial version,
  22:/home/simulink/cFS_FreeRTOS_seL4/psp/fsw/mcf5235-rtems/src/cfe_psp_ssr.c **** **
  23:/home/simulink/cFS_FreeRTOS_seL4/psp/fsw/mcf5235-rtems/src/cfe_psp_ssr.c **** ******************************************************************************/
  24:/home/simulink/cFS_FreeRTOS_seL4/psp/fsw/mcf5235-rtems/src/cfe_psp_ssr.c **** 
  25:/home/simulink/cFS_FreeRTOS_seL4/psp/fsw/mcf5235-rtems/src/cfe_psp_ssr.c **** 
  26:/home/simulink/cFS_FreeRTOS_seL4/psp/fsw/mcf5235-rtems/src/cfe_psp_ssr.c **** /*
  27:/home/simulink/cFS_FreeRTOS_seL4/psp/fsw/mcf5235-rtems/src/cfe_psp_ssr.c **** **  Include Files
  28:/home/simulink/cFS_FreeRTOS_seL4/psp/fsw/mcf5235-rtems/src/cfe_psp_ssr.c **** */
  29:/home/simulink/cFS_FreeRTOS_seL4/psp/fsw/mcf5235-rtems/src/cfe_psp_ssr.c **** #include <stdio.h>
  30:/home/simulink/cFS_FreeRTOS_seL4/psp/fsw/mcf5235-rtems/src/cfe_psp_ssr.c **** #include <stdlib.h>
  31:/home/simulink/cFS_FreeRTOS_seL4/psp/fsw/mcf5235-rtems/src/cfe_psp_ssr.c **** 
  32:/home/simulink/cFS_FreeRTOS_seL4/psp/fsw/mcf5235-rtems/src/cfe_psp_ssr.c **** 
  33:/home/simulink/cFS_FreeRTOS_seL4/psp/fsw/mcf5235-rtems/src/cfe_psp_ssr.c **** /*
  34:/home/simulink/cFS_FreeRTOS_seL4/psp/fsw/mcf5235-rtems/src/cfe_psp_ssr.c **** ** cFE includes
  35:/home/simulink/cFS_FreeRTOS_seL4/psp/fsw/mcf5235-rtems/src/cfe_psp_ssr.c **** */
  36:/home/simulink/cFS_FreeRTOS_seL4/psp/fsw/mcf5235-rtems/src/cfe_psp_ssr.c **** #include "common_types.h"
  37:/home/simulink/cFS_FreeRTOS_seL4/psp/fsw/mcf5235-rtems/src/cfe_psp_ssr.c **** #include "osapi.h"
  38:/home/simulink/cFS_FreeRTOS_seL4/psp/fsw/mcf5235-rtems/src/cfe_psp_ssr.c **** #include "cfe_es.h"            /* For reset types */
  39:/home/simulink/cFS_FreeRTOS_seL4/psp/fsw/mcf5235-rtems/src/cfe_psp_ssr.c **** #include "cfe_platform_cfg.h"  /* for processor ID */
  40:/home/simulink/cFS_FreeRTOS_seL4/psp/fsw/mcf5235-rtems/src/cfe_psp_ssr.c **** #include "cfe_mission_cfg.h"   /* for spacecraft ID */
  41:/home/simulink/cFS_FreeRTOS_seL4/psp/fsw/mcf5235-rtems/src/cfe_psp_ssr.c **** 
  42:/home/simulink/cFS_FreeRTOS_seL4/psp/fsw/mcf5235-rtems/src/cfe_psp_ssr.c **** /*
  43:/home/simulink/cFS_FreeRTOS_seL4/psp/fsw/mcf5235-rtems/src/cfe_psp_ssr.c **** ** Types and prototypes for this module
  44:/home/simulink/cFS_FreeRTOS_seL4/psp/fsw/mcf5235-rtems/src/cfe_psp_ssr.c **** */
  45:/home/simulink/cFS_FreeRTOS_seL4/psp/fsw/mcf5235-rtems/src/cfe_psp_ssr.c **** #include "cfe_psp.h"
  46:/home/simulink/cFS_FreeRTOS_seL4/psp/fsw/mcf5235-rtems/src/cfe_psp_ssr.c **** #include "cfe_psp_memory.h"
68K GAS   			page 2


  47:/home/simulink/cFS_FreeRTOS_seL4/psp/fsw/mcf5235-rtems/src/cfe_psp_ssr.c **** 
  48:/home/simulink/cFS_FreeRTOS_seL4/psp/fsw/mcf5235-rtems/src/cfe_psp_ssr.c **** 
  49:/home/simulink/cFS_FreeRTOS_seL4/psp/fsw/mcf5235-rtems/src/cfe_psp_ssr.c **** /******************************************************************************
  50:/home/simulink/cFS_FreeRTOS_seL4/psp/fsw/mcf5235-rtems/src/cfe_psp_ssr.c **** **  Function:  CFE_PSP_InitSSR
  51:/home/simulink/cFS_FreeRTOS_seL4/psp/fsw/mcf5235-rtems/src/cfe_psp_ssr.c **** **
  52:/home/simulink/cFS_FreeRTOS_seL4/psp/fsw/mcf5235-rtems/src/cfe_psp_ssr.c **** **  Purpose:
  53:/home/simulink/cFS_FreeRTOS_seL4/psp/fsw/mcf5235-rtems/src/cfe_psp_ssr.c **** **    Initializes the Solid State Recorder device. Dummy function for this 
  54:/home/simulink/cFS_FreeRTOS_seL4/psp/fsw/mcf5235-rtems/src/cfe_psp_ssr.c **** **    platform.
  55:/home/simulink/cFS_FreeRTOS_seL4/psp/fsw/mcf5235-rtems/src/cfe_psp_ssr.c **** **
  56:/home/simulink/cFS_FreeRTOS_seL4/psp/fsw/mcf5235-rtems/src/cfe_psp_ssr.c **** **
  57:/home/simulink/cFS_FreeRTOS_seL4/psp/fsw/mcf5235-rtems/src/cfe_psp_ssr.c **** **  Arguments:
  58:/home/simulink/cFS_FreeRTOS_seL4/psp/fsw/mcf5235-rtems/src/cfe_psp_ssr.c **** **    bus, device, device name
  59:/home/simulink/cFS_FreeRTOS_seL4/psp/fsw/mcf5235-rtems/src/cfe_psp_ssr.c **** **
  60:/home/simulink/cFS_FreeRTOS_seL4/psp/fsw/mcf5235-rtems/src/cfe_psp_ssr.c **** **  Return:
  61:/home/simulink/cFS_FreeRTOS_seL4/psp/fsw/mcf5235-rtems/src/cfe_psp_ssr.c **** **    (none)
  62:/home/simulink/cFS_FreeRTOS_seL4/psp/fsw/mcf5235-rtems/src/cfe_psp_ssr.c **** */
  63:/home/simulink/cFS_FreeRTOS_seL4/psp/fsw/mcf5235-rtems/src/cfe_psp_ssr.c **** 
  64:/home/simulink/cFS_FreeRTOS_seL4/psp/fsw/mcf5235-rtems/src/cfe_psp_ssr.c **** int32 CFE_PSP_InitSSR(uint32 bus, uint32 device, char *DeviceName )
  65:/home/simulink/cFS_FreeRTOS_seL4/psp/fsw/mcf5235-rtems/src/cfe_psp_ssr.c **** {
  12               	.loc 1 65 0
  13               	.cfi_startproc
  14 0000 598F      	subq.l #4,%sp
  15               	.cfi_def_cfa_offset 8
  66:/home/simulink/cFS_FreeRTOS_seL4/psp/fsw/mcf5235-rtems/src/cfe_psp_ssr.c ****    int32     ReturnCode;
  67:/home/simulink/cFS_FreeRTOS_seL4/psp/fsw/mcf5235-rtems/src/cfe_psp_ssr.c **** 
  68:/home/simulink/cFS_FreeRTOS_seL4/psp/fsw/mcf5235-rtems/src/cfe_psp_ssr.c ****    ReturnCode = CFE_PSP_SUCCESS;
  16               	.loc 1 68 0
  17 0002 4297      	clr.l (%sp)
  69:/home/simulink/cFS_FreeRTOS_seL4/psp/fsw/mcf5235-rtems/src/cfe_psp_ssr.c **** 
  70:/home/simulink/cFS_FreeRTOS_seL4/psp/fsw/mcf5235-rtems/src/cfe_psp_ssr.c ****    return(ReturnCode);
  18               	.loc 1 70 0
  19 0004 2017      	move.l (%sp),%d0
  71:/home/simulink/cFS_FreeRTOS_seL4/psp/fsw/mcf5235-rtems/src/cfe_psp_ssr.c ****    
  72:/home/simulink/cFS_FreeRTOS_seL4/psp/fsw/mcf5235-rtems/src/cfe_psp_ssr.c **** }
  20               	.loc 1 72 0
  21 0006 588F      	addq.l #4,%sp
  22 0008 4E75      	rts
  23               	.cfi_endproc
  24               	.LFE59:
  25               	.sizeCFE_PSP_InitSSR, .-CFE_PSP_InitSSR
  26               	.Letext0:
  27               	.file 2 "/home/simulink/development/rtems/5/m68k-rtems5/include/machine/_default_types.h"
  28               	.file 3 "/home/simulink/development/rtems/5/m68k-rtems5/include/machine/_types.h"
  29               	.file 4 "/home/simulink/development/rtems/5/m68k-rtems5/include/sys/lock.h"
  30               	.file 5 "/home/simulink/development/rtems/5/m68k-rtems5/include/sys/_types.h"
  31               	.file 6 "/home/simulink/development/rtems/5/lib/gcc/m68k-rtems5/7.3.0/include/stddef.h"
  32               	.file 7 "/home/simulink/development/rtems/5/m68k-rtems5/include/sys/reent.h"
  33               	.file 8 "/home/simulink/development/rtems/5/m68k-rtems5/include/stdlib.h"
  34               	.file 9 "/home/simulink/cFS_FreeRTOS_seL4/osal/src/os/inc/common_types.h"
  35               	.file 10 "/home/simulink/development/rtems/5/m68k-rtems5/include/time.h"
  36               	.file 11 "/home/simulink/cFS_FreeRTOS_seL4/psp/fsw/mcf5235-rtems/src/cfe_psp_memory.h"
  37               	.section.debug_info,"",@progbits
  38               	.Ldebug_info0:
  39 0000 0000 0AC9 	.long0xac9
  40 0004 0004      	.word0x4
  41 0006 0000 0000 	.long.Ldebug_abbrev0
  42 000a 04        	.byte0x4
68K GAS   			page 3


  43 000b 01        	.uleb128 0x1
  44 000c 0000 0000 	.long.LASF156
  45 0010 0C        	.byte0xc
  46 0011 0000 0000 	.long.LASF157
  47 0015 0000 0000 	.long.LASF158
  48 0019 0000 0000 	.long.Ltext0
  49 001d 0000 000A 	.long.Letext0-.Ltext0
  50 0021 0000 0000 	.long.Ldebug_line0
  51 0025 02        	.uleb128 0x2
  52 0026 01        	.byte0x1
  53 0027 06        	.byte0x6
  54 0028 0000 0000 	.long.LASF0
  55 002c 02        	.uleb128 0x2
  56 002d 01        	.byte0x1
  57 002e 08        	.byte0x8
  58 002f 0000 0000 	.long.LASF1
  59 0033 02        	.uleb128 0x2
  60 0034 02        	.byte0x2
  61 0035 05        	.byte0x5
  62 0036 0000 0000 	.long.LASF2
  63 003a 02        	.uleb128 0x2
  64 003b 02        	.byte0x2
  65 003c 07        	.byte0x7
  66 003d 0000 0000 	.long.LASF3
  67 0041 02        	.uleb128 0x2
  68 0042 04        	.byte0x4
  69 0043 05        	.byte0x5
  70 0044 0000 0000 	.long.LASF4
  71 0048 02        	.uleb128 0x2
  72 0049 04        	.byte0x4
  73 004a 07        	.byte0x7
  74 004b 0000 0000 	.long.LASF5
  75 004f 03        	.uleb128 0x3
  76 0050 0000 0000 	.long.LASF9
  77 0054 02        	.byte0x2
  78 0055 67        	.byte0x67
  79 0056 0000 005A 	.long0x5a
  80 005a 02        	.uleb128 0x2
  81 005b 08        	.byte0x8
  82 005c 05        	.byte0x5
  83 005d 0000 0000 	.long.LASF6
  84 0061 02        	.uleb128 0x2
  85 0062 08        	.byte0x8
  86 0063 07        	.byte0x7
  87 0064 0000 0000 	.long.LASF7
  88 0068 02        	.uleb128 0x2
  89 0069 08        	.byte0x8
  90 006a 04        	.byte0x4
  91 006b 0000 0000 	.long.LASF8
  92 006f 03        	.uleb128 0x3
  93 0070 0000 0000 	.long.LASF10
  94 0074 03        	.byte0x3
  95 0075 10        	.byte0x10
  96 0076 0000 004F 	.long0x4f
  97 007a 03        	.uleb128 0x3
  98 007b 0000 0000 	.long.LASF11
  99 007f 03        	.byte0x3
68K GAS   			page 4


 100 0080 16        	.byte0x16
 101 0081 0000 006F 	.long0x6f
 102 0085 04        	.uleb128 0x4
 103 0086 04        	.byte0x4
 104 0087 05        	.byte0x5
 105 0088 696E 7400 	.string"int"
 106 008c 05        	.uleb128 0x5
 107 008d 0000 0000 	.long.LASF15
 108 0091 08        	.byte0x8
 109 0092 04        	.byte0x4
 110 0093 28        	.byte0x28
 111 0094 0000 00B1 	.long0xb1
 112 0098 06        	.uleb128 0x6
 113 0099 0000 0000 	.long.LASF12
 114 009d 04        	.byte0x4
 115 009e 29        	.byte0x29
 116 009f 0000 00B1 	.long0xb1
 117 00a3 00        	.byte0
 118 00a4 06        	.uleb128 0x6
 119 00a5 0000 0000 	.long.LASF13
 120 00a9 04        	.byte0x4
 121 00aa 2A        	.byte0x2a
 122 00ab 0000 00B1 	.long0xb1
 123 00af 04        	.byte0x4
 124 00b0 00        	.byte0
 125 00b1 02        	.uleb128 0x2
 126 00b2 04        	.byte0x4
 127 00b3 07        	.byte0x7
 128 00b4 0000 0000 	.long.LASF14
 129 00b8 05        	.uleb128 0x5
 130 00b9 0000 0000 	.long.LASF16
 131 00bd 14        	.byte0x14
 132 00be 04        	.byte0x4
 133 00bf 2D        	.byte0x2d
 134 00c0 0000 00F5 	.long0xf5
 135 00c4 06        	.uleb128 0x6
 136 00c5 0000 0000 	.long.LASF17
 137 00c9 04        	.byte0x4
 138 00ca 2E        	.byte0x2e
 139 00cb 0000 008C 	.long0x8c
 140 00cf 00        	.byte0
 141 00d0 06        	.uleb128 0x6
 142 00d1 0000 0000 	.long.LASF18
 143 00d5 04        	.byte0x4
 144 00d6 2F        	.byte0x2f
 145 00d7 0000 00FA 	.long0xfa
 146 00db 08        	.byte0x8
 147 00dc 06        	.uleb128 0x6
 148 00dd 0000 0000 	.long.LASF19
 149 00e1 04        	.byte0x4
 150 00e2 30        	.byte0x30
 151 00e3 0000 0105 	.long0x105
 152 00e7 0C        	.byte0xc
 153 00e8 06        	.uleb128 0x6
 154 00e9 0000 0000 	.long.LASF20
 155 00ed 04        	.byte0x4
 156 00ee 31        	.byte0x31
68K GAS   			page 5


 157 00ef 0000 010B 	.long0x10b
 158 00f3 10        	.byte0x10
 159 00f4 00        	.byte0
 160 00f5 07        	.uleb128 0x7
 161 00f6 0000 0000 	.long.LASF21
 162 00fa 08        	.uleb128 0x8
 163 00fb 04        	.byte0x4
 164 00fc 0000 00F5 	.long0xf5
 165 0100 07        	.uleb128 0x7
 166 0101 0000 0000 	.long.LASF22
 167 0105 08        	.uleb128 0x8
 168 0106 04        	.byte0x4
 169 0107 0000 0100 	.long0x100
 170 010b 08        	.uleb128 0x8
 171 010c 04        	.byte0x4
 172 010d 0000 0118 	.long0x118
 173 0111 02        	.uleb128 0x2
 174 0112 01        	.byte0x1
 175 0113 06        	.byte0x6
 176 0114 0000 0000 	.long.LASF23
 177 0118 09        	.uleb128 0x9
 178 0119 0000 0111 	.long0x111
 179 011d 05        	.uleb128 0x5
 180 011e 0000 0000 	.long.LASF24
 181 0122 14        	.byte0x14
 182 0123 04        	.byte0x4
 183 0124 34        	.byte0x34
 184 0125 0000 0136 	.long0x136
 185 0129 06        	.uleb128 0x6
 186 012a 0000 0000 	.long.LASF25
 187 012e 04        	.byte0x4
 188 012f 35        	.byte0x35
 189 0130 0000 00B8 	.long0xb8
 190 0134 00        	.byte0
 191 0135 00        	.byte0
 192 0136 05        	.uleb128 0x5
 193 0137 0000 0000 	.long.LASF26
 194 013b 18        	.byte0x18
 195 013c 04        	.byte0x4
 196 013d 38        	.byte0x38
 197 013e 0000 015B 	.long0x15b
 198 0142 06        	.uleb128 0x6
 199 0143 0000 0000 	.long.LASF27
 200 0147 04        	.byte0x4
 201 0148 39        	.byte0x39
 202 0149 0000 011D 	.long0x11d
 203 014d 00        	.byte0
 204 014e 06        	.uleb128 0x6
 205 014f 0000 0000 	.long.LASF28
 206 0153 04        	.byte0x4
 207 0154 3A        	.byte0x3a
 208 0155 0000 00B1 	.long0xb1
 209 0159 14        	.byte0x14
 210 015a 00        	.byte0
 211 015b 0A        	.uleb128 0xa
 212 015c 0000 0000 	.long.LASF29
 213 0160 04        	.byte0x4
68K GAS   			page 6


 214 0161 0171      	.word0x171
 215 0163 0000 0136 	.long0x136
 216 0167 03        	.uleb128 0x3
 217 0168 0000 0000 	.long.LASF30
 218 016c 05        	.byte0x5
 219 016d 91        	.byte0x91
 220 016e 0000 0041 	.long0x41
 221 0172 0A        	.uleb128 0xa
 222 0173 0000 0000 	.long.LASF31
 223 0177 06        	.byte0x6
 224 0178 0165      	.word0x165
 225 017a 0000 00B1 	.long0xb1
 226 017e 0B        	.uleb128 0xb
 227 017f 04        	.byte0x4
 228 0180 05        	.byte0x5
 229 0181 A6        	.byte0xa6
 230 0182 0000 019D 	.long0x19d
 231 0186 0C        	.uleb128 0xc
 232 0187 0000 0000 	.long.LASF32
 233 018b 05        	.byte0x5
 234 018c A8        	.byte0xa8
 235 018d 0000 0172 	.long0x172
 236 0191 0C        	.uleb128 0xc
 237 0192 0000 0000 	.long.LASF33
 238 0196 05        	.byte0x5
 239 0197 A9        	.byte0xa9
 240 0198 0000 019D 	.long0x19d
 241 019c 00        	.byte0
 242 019d 0D        	.uleb128 0xd
 243 019e 0000 002C 	.long0x2c
 244 01a2 0000 01AD 	.long0x1ad
 245 01a6 0E        	.uleb128 0xe
 246 01a7 0000 0048 	.long0x48
 247 01ab 03        	.byte0x3
 248 01ac 00        	.byte0
 249 01ad 0F        	.uleb128 0xf
 250 01ae 08        	.byte0x8
 251 01af 05        	.byte0x5
 252 01b0 A3        	.byte0xa3
 253 01b1 0000 01CE 	.long0x1ce
 254 01b5 06        	.uleb128 0x6
 255 01b6 0000 0000 	.long.LASF34
 256 01ba 05        	.byte0x5
 257 01bb A5        	.byte0xa5
 258 01bc 0000 0085 	.long0x85
 259 01c0 00        	.byte0
 260 01c1 06        	.uleb128 0x6
 261 01c2 0000 0000 	.long.LASF35
 262 01c6 05        	.byte0x5
 263 01c7 AA        	.byte0xaa
 264 01c8 0000 017E 	.long0x17e
 265 01cc 04        	.byte0x4
 266 01cd 00        	.byte0
 267 01ce 03        	.uleb128 0x3
 268 01cf 0000 0000 	.long.LASF36
 269 01d3 05        	.byte0x5
 270 01d4 AB        	.byte0xab
68K GAS   			page 7


 271 01d5 0000 01AD 	.long0x1ad
 272 01d9 03        	.uleb128 0x3
 273 01da 0000 0000 	.long.LASF37
 274 01de 05        	.byte0x5
 275 01df AF        	.byte0xaf
 276 01e0 0000 015B 	.long0x15b
 277 01e4 10        	.uleb128 0x10
 278 01e5 04        	.byte0x4
 279 01e6 03        	.uleb128 0x3
 280 01e7 0000 0000 	.long.LASF38
 281 01eb 07        	.byte0x7
 282 01ec 16        	.byte0x16
 283 01ed 0000 0048 	.long0x48
 284 01f1 05        	.uleb128 0x5
 285 01f2 0000 0000 	.long.LASF39
 286 01f6 18        	.byte0x18
 287 01f7 07        	.byte0x7
 288 01f8 2F        	.byte0x2f
 289 01f9 0000 0244 	.long0x244
 290 01fd 06        	.uleb128 0x6
 291 01fe 0000 0000 	.long.LASF40
 292 0202 07        	.byte0x7
 293 0203 31        	.byte0x31
 294 0204 0000 0244 	.long0x244
 295 0208 00        	.byte0
 296 0209 11        	.uleb128 0x11
 297 020a 5F6B 00   	.string"_k"
 298 020d 07        	.byte0x7
 299 020e 32        	.byte0x32
 300 020f 0000 0085 	.long0x85
 301 0213 04        	.byte0x4
 302 0214 06        	.uleb128 0x6
 303 0215 0000 0000 	.long.LASF41
 304 0219 07        	.byte0x7
 305 021a 32        	.byte0x32
 306 021b 0000 0085 	.long0x85
 307 021f 08        	.byte0x8
 308 0220 06        	.uleb128 0x6
 309 0221 0000 0000 	.long.LASF42
 310 0225 07        	.byte0x7
 311 0226 32        	.byte0x32
 312 0227 0000 0085 	.long0x85
 313 022b 0C        	.byte0xc
 314 022c 06        	.uleb128 0x6
 315 022d 0000 0000 	.long.LASF43
 316 0231 07        	.byte0x7
 317 0232 32        	.byte0x32
 318 0233 0000 0085 	.long0x85
 319 0237 10        	.byte0x10
 320 0238 11        	.uleb128 0x11
 321 0239 5F78 00   	.string"_x"
 322 023c 07        	.byte0x7
 323 023d 33        	.byte0x33
 324 023e 0000 024A 	.long0x24a
 325 0242 14        	.byte0x14
 326 0243 00        	.byte0
 327 0244 08        	.uleb128 0x8
68K GAS   			page 8


 328 0245 04        	.byte0x4
 329 0246 0000 01F1 	.long0x1f1
 330 024a 0D        	.uleb128 0xd
 331 024b 0000 01E6 	.long0x1e6
 332 024f 0000 025A 	.long0x25a
 333 0253 0E        	.uleb128 0xe
 334 0254 0000 0048 	.long0x48
 335 0258 00        	.byte0
 336 0259 00        	.byte0
 337 025a 05        	.uleb128 0x5
 338 025b 0000 0000 	.long.LASF44
 339 025f 24        	.byte0x24
 340 0260 07        	.byte0x7
 341 0261 37        	.byte0x37
 342 0262 0000 02D3 	.long0x2d3
 343 0266 06        	.uleb128 0x6
 344 0267 0000 0000 	.long.LASF45
 345 026b 07        	.byte0x7
 346 026c 39        	.byte0x39
 347 026d 0000 0085 	.long0x85
 348 0271 00        	.byte0
 349 0272 06        	.uleb128 0x6
 350 0273 0000 0000 	.long.LASF46
 351 0277 07        	.byte0x7
 352 0278 3A        	.byte0x3a
 353 0279 0000 0085 	.long0x85
 354 027d 04        	.byte0x4
 355 027e 06        	.uleb128 0x6
 356 027f 0000 0000 	.long.LASF47
 357 0283 07        	.byte0x7
 358 0284 3B        	.byte0x3b
 359 0285 0000 0085 	.long0x85
 360 0289 08        	.byte0x8
 361 028a 06        	.uleb128 0x6
 362 028b 0000 0000 	.long.LASF48
 363 028f 07        	.byte0x7
 364 0290 3C        	.byte0x3c
 365 0291 0000 0085 	.long0x85
 366 0295 0C        	.byte0xc
 367 0296 06        	.uleb128 0x6
 368 0297 0000 0000 	.long.LASF49
 369 029b 07        	.byte0x7
 370 029c 3D        	.byte0x3d
 371 029d 0000 0085 	.long0x85
 372 02a1 10        	.byte0x10
 373 02a2 06        	.uleb128 0x6
 374 02a3 0000 0000 	.long.LASF50
 375 02a7 07        	.byte0x7
 376 02a8 3E        	.byte0x3e
 377 02a9 0000 0085 	.long0x85
 378 02ad 14        	.byte0x14
 379 02ae 06        	.uleb128 0x6
 380 02af 0000 0000 	.long.LASF51
 381 02b3 07        	.byte0x7
 382 02b4 3F        	.byte0x3f
 383 02b5 0000 0085 	.long0x85
 384 02b9 18        	.byte0x18
68K GAS   			page 9


 385 02ba 06        	.uleb128 0x6
 386 02bb 0000 0000 	.long.LASF52
 387 02bf 07        	.byte0x7
 388 02c0 40        	.byte0x40
 389 02c1 0000 0085 	.long0x85
 390 02c5 1C        	.byte0x1c
 391 02c6 06        	.uleb128 0x6
 392 02c7 0000 0000 	.long.LASF53
 393 02cb 07        	.byte0x7
 394 02cc 41        	.byte0x41
 395 02cd 0000 0085 	.long0x85
 396 02d1 20        	.byte0x20
 397 02d2 00        	.byte0
 398 02d3 12        	.uleb128 0x12
 399 02d4 0000 0000 	.long.LASF54
 400 02d8 0108      	.word0x108
 401 02da 07        	.byte0x7
 402 02db 4A        	.byte0x4a
 403 02dc 0000 0313 	.long0x313
 404 02e0 06        	.uleb128 0x6
 405 02e1 0000 0000 	.long.LASF55
 406 02e5 07        	.byte0x7
 407 02e6 4B        	.byte0x4b
 408 02e7 0000 0313 	.long0x313
 409 02eb 00        	.byte0
 410 02ec 06        	.uleb128 0x6
 411 02ed 0000 0000 	.long.LASF56
 412 02f1 07        	.byte0x7
 413 02f2 4C        	.byte0x4c
 414 02f3 0000 0313 	.long0x313
 415 02f7 80        	.byte0x80
 416 02f8 13        	.uleb128 0x13
 417 02f9 0000 0000 	.long.LASF57
 418 02fd 07        	.byte0x7
 419 02fe 4E        	.byte0x4e
 420 02ff 0000 01E6 	.long0x1e6
 421 0303 0100      	.word0x100
 422 0305 13        	.uleb128 0x13
 423 0306 0000 0000 	.long.LASF58
 424 030a 07        	.byte0x7
 425 030b 51        	.byte0x51
 426 030c 0000 01E6 	.long0x1e6
 427 0310 0104      	.word0x104
 428 0312 00        	.byte0
 429 0313 0D        	.uleb128 0xd
 430 0314 0000 01E4 	.long0x1e4
 431 0318 0000 0323 	.long0x323
 432 031c 0E        	.uleb128 0xe
 433 031d 0000 0048 	.long0x48
 434 0321 1F        	.byte0x1f
 435 0322 00        	.byte0
 436 0323 12        	.uleb128 0x12
 437 0324 0000 0000 	.long.LASF59
 438 0328 0190      	.word0x190
 439 032a 07        	.byte0x7
 440 032b 5D        	.byte0x5d
 441 032c 0000 0361 	.long0x361
68K GAS   			page 10


 442 0330 06        	.uleb128 0x6
 443 0331 0000 0000 	.long.LASF40
 444 0335 07        	.byte0x7
 445 0336 5E        	.byte0x5e
 446 0337 0000 0361 	.long0x361
 447 033b 00        	.byte0
 448 033c 06        	.uleb128 0x6
 449 033d 0000 0000 	.long.LASF60
 450 0341 07        	.byte0x7
 451 0342 5F        	.byte0x5f
 452 0343 0000 0085 	.long0x85
 453 0347 04        	.byte0x4
 454 0348 06        	.uleb128 0x6
 455 0349 0000 0000 	.long.LASF61
 456 034d 07        	.byte0x7
 457 034e 61        	.byte0x61
 458 034f 0000 0367 	.long0x367
 459 0353 08        	.byte0x8
 460 0354 06        	.uleb128 0x6
 461 0355 0000 0000 	.long.LASF54
 462 0359 07        	.byte0x7
 463 035a 62        	.byte0x62
 464 035b 0000 02D3 	.long0x2d3
 465 035f 88        	.byte0x88
 466 0360 00        	.byte0
 467 0361 08        	.uleb128 0x8
 468 0362 04        	.byte0x4
 469 0363 0000 0323 	.long0x323
 470 0367 0D        	.uleb128 0xd
 471 0368 0000 0377 	.long0x377
 472 036c 0000 0377 	.long0x377
 473 0370 0E        	.uleb128 0xe
 474 0371 0000 0048 	.long0x48
 475 0375 1F        	.byte0x1f
 476 0376 00        	.byte0
 477 0377 08        	.uleb128 0x8
 478 0378 04        	.byte0x4
 479 0379 0000 037D 	.long0x37d
 480 037d 14        	.uleb128 0x14
 481 037e 05        	.uleb128 0x5
 482 037f 0000 0000 	.long.LASF62
 483 0383 08        	.byte0x8
 484 0384 07        	.byte0x7
 485 0385 75        	.byte0x75
 486 0386 0000 03A3 	.long0x3a3
 487 038a 06        	.uleb128 0x6
 488 038b 0000 0000 	.long.LASF63
 489 038f 07        	.byte0x7
 490 0390 76        	.byte0x76
 491 0391 0000 03A3 	.long0x3a3
 492 0395 00        	.byte0
 493 0396 06        	.uleb128 0x6
 494 0397 0000 0000 	.long.LASF64
 495 039b 07        	.byte0x7
 496 039c 77        	.byte0x77
 497 039d 0000 0085 	.long0x85
 498 03a1 04        	.byte0x4
68K GAS   			page 11


 499 03a2 00        	.byte0
 500 03a3 08        	.uleb128 0x8
 501 03a4 04        	.byte0x4
 502 03a5 0000 002C 	.long0x2c
 503 03a9 05        	.uleb128 0x5
 504 03aa 0000 0000 	.long.LASF65
 505 03ae 80        	.byte0x80
 506 03af 07        	.byte0x7
 507 03b0 B5        	.byte0xb5
 508 03b1 0000 04D3 	.long0x4d3
 509 03b5 11        	.uleb128 0x11
 510 03b6 5F70 00   	.string"_p"
 511 03b9 07        	.byte0x7
 512 03ba B6        	.byte0xb6
 513 03bb 0000 03A3 	.long0x3a3
 514 03bf 00        	.byte0
 515 03c0 11        	.uleb128 0x11
 516 03c1 5F72 00   	.string"_r"
 517 03c4 07        	.byte0x7
 518 03c5 B7        	.byte0xb7
 519 03c6 0000 0085 	.long0x85
 520 03ca 04        	.byte0x4
 521 03cb 11        	.uleb128 0x11
 522 03cc 5F77 00   	.string"_w"
 523 03cf 07        	.byte0x7
 524 03d0 B8        	.byte0xb8
 525 03d1 0000 0085 	.long0x85
 526 03d5 08        	.byte0x8
 527 03d6 06        	.uleb128 0x6
 528 03d7 0000 0000 	.long.LASF66
 529 03db 07        	.byte0x7
 530 03dc B9        	.byte0xb9
 531 03dd 0000 0033 	.long0x33
 532 03e1 0C        	.byte0xc
 533 03e2 06        	.uleb128 0x6
 534 03e3 0000 0000 	.long.LASF67
 535 03e7 07        	.byte0x7
 536 03e8 BA        	.byte0xba
 537 03e9 0000 0033 	.long0x33
 538 03ed 0E        	.byte0xe
 539 03ee 11        	.uleb128 0x11
 540 03ef 5F62 6600 	.string"_bf"
 541 03f3 07        	.byte0x7
 542 03f4 BB        	.byte0xbb
 543 03f5 0000 037E 	.long0x37e
 544 03f9 10        	.byte0x10
 545 03fa 06        	.uleb128 0x6
 546 03fb 0000 0000 	.long.LASF68
 547 03ff 07        	.byte0x7
 548 0400 BC        	.byte0xbc
 549 0401 0000 0085 	.long0x85
 550 0405 18        	.byte0x18
 551 0406 06        	.uleb128 0x6
 552 0407 0000 0000 	.long.LASF69
 553 040b 07        	.byte0x7
 554 040c C3        	.byte0xc3
 555 040d 0000 01E4 	.long0x1e4
68K GAS   			page 12


 556 0411 1C        	.byte0x1c
 557 0412 06        	.uleb128 0x6
 558 0413 0000 0000 	.long.LASF70
 559 0417 07        	.byte0x7
 560 0418 C5        	.byte0xc5
 561 0419 0000 060A 	.long0x60a
 562 041d 20        	.byte0x20
 563 041e 06        	.uleb128 0x6
 564 041f 0000 0000 	.long.LASF71
 565 0423 07        	.byte0x7
 566 0424 C7        	.byte0xc7
 567 0425 0000 062E 	.long0x62e
 568 0429 24        	.byte0x24
 569 042a 06        	.uleb128 0x6
 570 042b 0000 0000 	.long.LASF72
 571 042f 07        	.byte0x7
 572 0430 CA        	.byte0xca
 573 0431 0000 0652 	.long0x652
 574 0435 28        	.byte0x28
 575 0436 06        	.uleb128 0x6
 576 0437 0000 0000 	.long.LASF73
 577 043b 07        	.byte0x7
 578 043c CB        	.byte0xcb
 579 043d 0000 066C 	.long0x66c
 580 0441 2C        	.byte0x2c
 581 0442 11        	.uleb128 0x11
 582 0443 5F75 6200 	.string"_ub"
 583 0447 07        	.byte0x7
 584 0448 CE        	.byte0xce
 585 0449 0000 037E 	.long0x37e
 586 044d 30        	.byte0x30
 587 044e 11        	.uleb128 0x11
 588 044f 5F75 7000 	.string"_up"
 589 0453 07        	.byte0x7
 590 0454 CF        	.byte0xcf
 591 0455 0000 03A3 	.long0x3a3
 592 0459 38        	.byte0x38
 593 045a 11        	.uleb128 0x11
 594 045b 5F75 7200 	.string"_ur"
 595 045f 07        	.byte0x7
 596 0460 D0        	.byte0xd0
 597 0461 0000 0085 	.long0x85
 598 0465 3C        	.byte0x3c
 599 0466 06        	.uleb128 0x6
 600 0467 0000 0000 	.long.LASF74
 601 046b 07        	.byte0x7
 602 046c D3        	.byte0xd3
 603 046d 0000 0672 	.long0x672
 604 0471 40        	.byte0x40
 605 0472 06        	.uleb128 0x6
 606 0473 0000 0000 	.long.LASF75
 607 0477 07        	.byte0x7
 608 0478 D4        	.byte0xd4
 609 0479 0000 0682 	.long0x682
 610 047d 43        	.byte0x43
 611 047e 11        	.uleb128 0x11
 612 047f 5F6C 6200 	.string"_lb"
68K GAS   			page 13


 613 0483 07        	.byte0x7
 614 0484 D7        	.byte0xd7
 615 0485 0000 037E 	.long0x37e
 616 0489 44        	.byte0x44
 617 048a 06        	.uleb128 0x6
 618 048b 0000 0000 	.long.LASF76
 619 048f 07        	.byte0x7
 620 0490 DA        	.byte0xda
 621 0491 0000 0085 	.long0x85
 622 0495 4C        	.byte0x4c
 623 0496 06        	.uleb128 0x6
 624 0497 0000 0000 	.long.LASF77
 625 049b 07        	.byte0x7
 626 049c DB        	.byte0xdb
 627 049d 0000 006F 	.long0x6f
 628 04a1 50        	.byte0x50
 629 04a2 06        	.uleb128 0x6
 630 04a3 0000 0000 	.long.LASF78
 631 04a7 07        	.byte0x7
 632 04a8 DE        	.byte0xde
 633 04a9 0000 04F1 	.long0x4f1
 634 04ad 58        	.byte0x58
 635 04ae 06        	.uleb128 0x6
 636 04af 0000 0000 	.long.LASF79
 637 04b3 07        	.byte0x7
 638 04b4 E2        	.byte0xe2
 639 04b5 0000 01D9 	.long0x1d9
 640 04b9 5C        	.byte0x5c
 641 04ba 06        	.uleb128 0x6
 642 04bb 0000 0000 	.long.LASF80
 643 04bf 07        	.byte0x7
 644 04c0 E4        	.byte0xe4
 645 04c1 0000 01CE 	.long0x1ce
 646 04c5 74        	.byte0x74
 647 04c6 06        	.uleb128 0x6
 648 04c7 0000 0000 	.long.LASF81
 649 04cb 07        	.byte0x7
 650 04cc E5        	.byte0xe5
 651 04cd 0000 0085 	.long0x85
 652 04d1 7C        	.byte0x7c
 653 04d2 00        	.byte0
 654 04d3 15        	.uleb128 0x15
 655 04d4 0000 0167 	.long0x167
 656 04d8 0000 04F1 	.long0x4f1
 657 04dc 16        	.uleb128 0x16
 658 04dd 0000 04F1 	.long0x4f1
 659 04e1 16        	.uleb128 0x16
 660 04e2 0000 01E4 	.long0x1e4
 661 04e6 16        	.uleb128 0x16
 662 04e7 0000 0604 	.long0x604
 663 04eb 16        	.uleb128 0x16
 664 04ec 0000 0085 	.long0x85
 665 04f0 00        	.byte0
 666 04f1 08        	.uleb128 0x8
 667 04f2 04        	.byte0x4
 668 04f3 0000 04FC 	.long0x4fc
 669 04f7 09        	.uleb128 0x9
68K GAS   			page 14


 670 04f8 0000 04F1 	.long0x4f1
 671 04fc 17        	.uleb128 0x17
 672 04fd 0000 0000 	.long.LASF82
 673 0501 0158      	.word0x158
 674 0503 07        	.byte0x7
 675 0504 0239      	.word0x239
 676 0506 0000 0604 	.long0x604
 677 050a 18        	.uleb128 0x18
 678 050b 0000 0000 	.long.LASF83
 679 050f 07        	.byte0x7
 680 0510 023B      	.word0x23b
 681 0512 0000 0085 	.long0x85
 682 0516 00        	.byte0
 683 0517 18        	.uleb128 0x18
 684 0518 0000 0000 	.long.LASF84
 685 051c 07        	.byte0x7
 686 051d 0240      	.word0x240
 687 051f 0000 06D9 	.long0x6d9
 688 0523 04        	.byte0x4
 689 0524 18        	.uleb128 0x18
 690 0525 0000 0000 	.long.LASF85
 691 0529 07        	.byte0x7
 692 052a 0240      	.word0x240
 693 052c 0000 06D9 	.long0x6d9
 694 0530 08        	.byte0x8
 695 0531 18        	.uleb128 0x18
 696 0532 0000 0000 	.long.LASF86
 697 0536 07        	.byte0x7
 698 0537 0240      	.word0x240
 699 0539 0000 06D9 	.long0x6d9
 700 053d 0C        	.byte0xc
 701 053e 18        	.uleb128 0x18
 702 053f 0000 0000 	.long.LASF87
 703 0543 07        	.byte0x7
 704 0544 0242      	.word0x242
 705 0546 0000 0085 	.long0x85
 706 054a 10        	.byte0x10
 707 054b 18        	.uleb128 0x18
 708 054c 0000 0000 	.long.LASF88
 709 0550 07        	.byte0x7
 710 0551 0243      	.word0x243
 711 0553 0000 08BB 	.long0x8bb
 712 0557 14        	.byte0x14
 713 0558 18        	.uleb128 0x18
 714 0559 0000 0000 	.long.LASF89
 715 055d 07        	.byte0x7
 716 055e 0246      	.word0x246
 717 0560 0000 0085 	.long0x85
 718 0564 30        	.byte0x30
 719 0565 18        	.uleb128 0x18
 720 0566 0000 0000 	.long.LASF90
 721 056a 07        	.byte0x7
 722 056b 0247      	.word0x247
 723 056d 0000 08D0 	.long0x8d0
 724 0571 34        	.byte0x34
 725 0572 18        	.uleb128 0x18
 726 0573 0000 0000 	.long.LASF91
68K GAS   			page 15


 727 0577 07        	.byte0x7
 728 0578 0249      	.word0x249
 729 057a 0000 0085 	.long0x85
 730 057e 38        	.byte0x38
 731 057f 18        	.uleb128 0x18
 732 0580 0000 0000 	.long.LASF92
 733 0584 07        	.byte0x7
 734 0585 024B      	.word0x24b
 735 0587 0000 08E1 	.long0x8e1
 736 058b 3C        	.byte0x3c
 737 058c 18        	.uleb128 0x18
 738 058d 0000 0000 	.long.LASF93
 739 0591 07        	.byte0x7
 740 0592 024E      	.word0x24e
 741 0594 0000 0244 	.long0x244
 742 0598 40        	.byte0x40
 743 0599 18        	.uleb128 0x18
 744 059a 0000 0000 	.long.LASF94
 745 059e 07        	.byte0x7
 746 059f 024F      	.word0x24f
 747 05a1 0000 0085 	.long0x85
 748 05a5 44        	.byte0x44
 749 05a6 18        	.uleb128 0x18
 750 05a7 0000 0000 	.long.LASF95
 751 05ab 07        	.byte0x7
 752 05ac 0250      	.word0x250
 753 05ae 0000 0244 	.long0x244
 754 05b2 48        	.byte0x48
 755 05b3 18        	.uleb128 0x18
 756 05b4 0000 0000 	.long.LASF96
 757 05b8 07        	.byte0x7
 758 05b9 0251      	.word0x251
 759 05bb 0000 08E7 	.long0x8e7
 760 05bf 4C        	.byte0x4c
 761 05c0 18        	.uleb128 0x18
 762 05c1 0000 0000 	.long.LASF97
 763 05c5 07        	.byte0x7
 764 05c6 0254      	.word0x254
 765 05c8 0000 0085 	.long0x85
 766 05cc 50        	.byte0x50
 767 05cd 18        	.uleb128 0x18
 768 05ce 0000 0000 	.long.LASF98
 769 05d2 07        	.byte0x7
 770 05d3 0255      	.word0x255
 771 05d5 0000 0604 	.long0x604
 772 05d9 54        	.byte0x54
 773 05da 18        	.uleb128 0x18
 774 05db 0000 0000 	.long.LASF99
 775 05df 07        	.byte0x7
 776 05e0 0278      	.word0x278
 777 05e2 0000 0899 	.long0x899
 778 05e6 58        	.byte0x58
 779 05e7 19        	.uleb128 0x19
 780 05e8 0000 0000 	.long.LASF100
 781 05ec 07        	.byte0x7
 782 05ed 0281      	.word0x281
 783 05ef 0000 08F8 	.long0x8f8
68K GAS   			page 16


 784 05f3 0148      	.word0x148
 785 05f5 19        	.uleb128 0x19
 786 05f6 0000 0000 	.long.LASF101
 787 05fa 07        	.byte0x7
 788 05fb 0286      	.word0x286
 789 05fd 0000 069E 	.long0x69e
 790 0601 014C      	.word0x14c
 791 0603 00        	.byte0
 792 0604 08        	.uleb128 0x8
 793 0605 04        	.byte0x4
 794 0606 0000 0111 	.long0x111
 795 060a 08        	.uleb128 0x8
 796 060b 04        	.byte0x4
 797 060c 0000 04D3 	.long0x4d3
 798 0610 15        	.uleb128 0x15
 799 0611 0000 0167 	.long0x167
 800 0615 0000 062E 	.long0x62e
 801 0619 16        	.uleb128 0x16
 802 061a 0000 04F1 	.long0x4f1
 803 061e 16        	.uleb128 0x16
 804 061f 0000 01E4 	.long0x1e4
 805 0623 16        	.uleb128 0x16
 806 0624 0000 010B 	.long0x10b
 807 0628 16        	.uleb128 0x16
 808 0629 0000 0085 	.long0x85
 809 062d 00        	.byte0
 810 062e 08        	.uleb128 0x8
 811 062f 04        	.byte0x4
 812 0630 0000 0610 	.long0x610
 813 0634 15        	.uleb128 0x15
 814 0635 0000 007A 	.long0x7a
 815 0639 0000 0652 	.long0x652
 816 063d 16        	.uleb128 0x16
 817 063e 0000 04F1 	.long0x4f1
 818 0642 16        	.uleb128 0x16
 819 0643 0000 01E4 	.long0x1e4
 820 0647 16        	.uleb128 0x16
 821 0648 0000 007A 	.long0x7a
 822 064c 16        	.uleb128 0x16
 823 064d 0000 0085 	.long0x85
 824 0651 00        	.byte0
 825 0652 08        	.uleb128 0x8
 826 0653 04        	.byte0x4
 827 0654 0000 0634 	.long0x634
 828 0658 15        	.uleb128 0x15
 829 0659 0000 0085 	.long0x85
 830 065d 0000 066C 	.long0x66c
 831 0661 16        	.uleb128 0x16
 832 0662 0000 04F1 	.long0x4f1
 833 0666 16        	.uleb128 0x16
 834 0667 0000 01E4 	.long0x1e4
 835 066b 00        	.byte0
 836 066c 08        	.uleb128 0x8
 837 066d 04        	.byte0x4
 838 066e 0000 0658 	.long0x658
 839 0672 0D        	.uleb128 0xd
 840 0673 0000 002C 	.long0x2c
68K GAS   			page 17


 841 0677 0000 0682 	.long0x682
 842 067b 0E        	.uleb128 0xe
 843 067c 0000 0048 	.long0x48
 844 0680 02        	.byte0x2
 845 0681 00        	.byte0
 846 0682 0D        	.uleb128 0xd
 847 0683 0000 002C 	.long0x2c
 848 0687 0000 0692 	.long0x692
 849 068b 0E        	.uleb128 0xe
 850 068c 0000 0048 	.long0x48
 851 0690 00        	.byte0
 852 0691 00        	.byte0
 853 0692 0A        	.uleb128 0xa
 854 0693 0000 0000 	.long.LASF102
 855 0697 07        	.byte0x7
 856 0698 011F      	.word0x11f
 857 069a 0000 03A9 	.long0x3a9
 858 069e 1A        	.uleb128 0x1a
 859 069f 0000 0000 	.long.LASF103
 860 06a3 0C        	.byte0xc
 861 06a4 07        	.byte0x7
 862 06a5 0123      	.word0x123
 863 06a7 0000 06D3 	.long0x6d3
 864 06ab 18        	.uleb128 0x18
 865 06ac 0000 0000 	.long.LASF40
 866 06b0 07        	.byte0x7
 867 06b1 0125      	.word0x125
 868 06b3 0000 06D3 	.long0x6d3
 869 06b7 00        	.byte0
 870 06b8 18        	.uleb128 0x18
 871 06b9 0000 0000 	.long.LASF104
 872 06bd 07        	.byte0x7
 873 06be 0126      	.word0x126
 874 06c0 0000 0085 	.long0x85
 875 06c4 04        	.byte0x4
 876 06c5 18        	.uleb128 0x18
 877 06c6 0000 0000 	.long.LASF105
 878 06ca 07        	.byte0x7
 879 06cb 0127      	.word0x127
 880 06cd 0000 06D9 	.long0x6d9
 881 06d1 08        	.byte0x8
 882 06d2 00        	.byte0
 883 06d3 08        	.uleb128 0x8
 884 06d4 04        	.byte0x4
 885 06d5 0000 069E 	.long0x69e
 886 06d9 08        	.uleb128 0x8
 887 06da 04        	.byte0x4
 888 06db 0000 0692 	.long0x692
 889 06df 1A        	.uleb128 0x1a
 890 06e0 0000 0000 	.long.LASF106
 891 06e4 0E        	.byte0xe
 892 06e5 07        	.byte0x7
 893 06e6 013F      	.word0x13f
 894 06e8 0000 0714 	.long0x714
 895 06ec 18        	.uleb128 0x18
 896 06ed 0000 0000 	.long.LASF107
 897 06f1 07        	.byte0x7
68K GAS   			page 18


 898 06f2 0140      	.word0x140
 899 06f4 0000 0714 	.long0x714
 900 06f8 00        	.byte0
 901 06f9 18        	.uleb128 0x18
 902 06fa 0000 0000 	.long.LASF108
 903 06fe 07        	.byte0x7
 904 06ff 0141      	.word0x141
 905 0701 0000 0714 	.long0x714
 906 0705 06        	.byte0x6
 907 0706 18        	.uleb128 0x18
 908 0707 0000 0000 	.long.LASF109
 909 070b 07        	.byte0x7
 910 070c 0142      	.word0x142
 911 070e 0000 003A 	.long0x3a
 912 0712 0C        	.byte0xc
 913 0713 00        	.byte0
 914 0714 0D        	.uleb128 0xd
 915 0715 0000 003A 	.long0x3a
 916 0719 0000 0724 	.long0x724
 917 071d 0E        	.uleb128 0xe
 918 071e 0000 0048 	.long0x48
 919 0722 02        	.byte0x2
 920 0723 00        	.byte0
 921 0724 1B        	.uleb128 0x1b
 922 0725 CC        	.byte0xcc
 923 0726 07        	.byte0x7
 924 0727 0259      	.word0x259
 925 0729 0000 0825 	.long0x825
 926 072d 18        	.uleb128 0x18
 927 072e 0000 0000 	.long.LASF110
 928 0732 07        	.byte0x7
 929 0733 025B      	.word0x25b
 930 0735 0000 00B1 	.long0xb1
 931 0739 00        	.byte0
 932 073a 18        	.uleb128 0x18
 933 073b 0000 0000 	.long.LASF111
 934 073f 07        	.byte0x7
 935 0740 025C      	.word0x25c
 936 0742 0000 0604 	.long0x604
 937 0746 04        	.byte0x4
 938 0747 18        	.uleb128 0x18
 939 0748 0000 0000 	.long.LASF112
 940 074c 07        	.byte0x7
 941 074d 025D      	.word0x25d
 942 074f 0000 0825 	.long0x825
 943 0753 08        	.byte0x8
 944 0754 18        	.uleb128 0x18
 945 0755 0000 0000 	.long.LASF113
 946 0759 07        	.byte0x7
 947 075a 025E      	.word0x25e
 948 075c 0000 025A 	.long0x25a
 949 0760 24        	.byte0x24
 950 0761 18        	.uleb128 0x18
 951 0762 0000 0000 	.long.LASF114
 952 0766 07        	.byte0x7
 953 0767 025F      	.word0x25f
 954 0769 0000 0085 	.long0x85
68K GAS   			page 19


 955 076d 48        	.byte0x48
 956 076e 18        	.uleb128 0x18
 957 076f 0000 0000 	.long.LASF115
 958 0773 07        	.byte0x7
 959 0774 0260      	.word0x260
 960 0776 0000 0061 	.long0x61
 961 077a 4C        	.byte0x4c
 962 077b 18        	.uleb128 0x18
 963 077c 0000 0000 	.long.LASF116
 964 0780 07        	.byte0x7
 965 0781 0261      	.word0x261
 966 0783 0000 06DF 	.long0x6df
 967 0787 54        	.byte0x54
 968 0788 18        	.uleb128 0x18
 969 0789 0000 0000 	.long.LASF117
 970 078d 07        	.byte0x7
 971 078e 0262      	.word0x262
 972 0790 0000 01CE 	.long0x1ce
 973 0794 64        	.byte0x64
 974 0795 18        	.uleb128 0x18
 975 0796 0000 0000 	.long.LASF118
 976 079a 07        	.byte0x7
 977 079b 0263      	.word0x263
 978 079d 0000 01CE 	.long0x1ce
 979 07a1 6C        	.byte0x6c
 980 07a2 18        	.uleb128 0x18
 981 07a3 0000 0000 	.long.LASF119
 982 07a7 07        	.byte0x7
 983 07a8 0264      	.word0x264
 984 07aa 0000 01CE 	.long0x1ce
 985 07ae 74        	.byte0x74
 986 07af 18        	.uleb128 0x18
 987 07b0 0000 0000 	.long.LASF120
 988 07b4 07        	.byte0x7
 989 07b5 0265      	.word0x265
 990 07b7 0000 0835 	.long0x835
 991 07bb 7C        	.byte0x7c
 992 07bc 18        	.uleb128 0x18
 993 07bd 0000 0000 	.long.LASF121
 994 07c1 07        	.byte0x7
 995 07c2 0266      	.word0x266
 996 07c4 0000 0845 	.long0x845
 997 07c8 84        	.byte0x84
 998 07c9 18        	.uleb128 0x18
 999 07ca 0000 0000 	.long.LASF122
 1000 07ce 07        	.byte0x7
 1001 07cf 0267      	.word0x267
 1002 07d1 0000 0085 	.long0x85
 1003 07d5 9C        	.byte0x9c
 1004 07d6 18        	.uleb128 0x18
 1005 07d7 0000 0000 	.long.LASF123
 1006 07db 07        	.byte0x7
 1007 07dc 0268      	.word0x268
 1008 07de 0000 01CE 	.long0x1ce
 1009 07e2 A0        	.byte0xa0
 1010 07e3 18        	.uleb128 0x18
 1011 07e4 0000 0000 	.long.LASF124
68K GAS   			page 20


 1012 07e8 07        	.byte0x7
 1013 07e9 0269      	.word0x269
 1014 07eb 0000 01CE 	.long0x1ce
 1015 07ef A8        	.byte0xa8
 1016 07f0 18        	.uleb128 0x18
 1017 07f1 0000 0000 	.long.LASF125
 1018 07f5 07        	.byte0x7
 1019 07f6 026A      	.word0x26a
 1020 07f8 0000 01CE 	.long0x1ce
 1021 07fc B0        	.byte0xb0
 1022 07fd 18        	.uleb128 0x18
 1023 07fe 0000 0000 	.long.LASF126
 1024 0802 07        	.byte0x7
 1025 0803 026B      	.word0x26b
 1026 0805 0000 01CE 	.long0x1ce
 1027 0809 B8        	.byte0xb8
 1028 080a 18        	.uleb128 0x18
 1029 080b 0000 0000 	.long.LASF127
 1030 080f 07        	.byte0x7
 1031 0810 026C      	.word0x26c
 1032 0812 0000 01CE 	.long0x1ce
 1033 0816 C0        	.byte0xc0
 1034 0817 18        	.uleb128 0x18
 1035 0818 0000 0000 	.long.LASF128
 1036 081c 07        	.byte0x7
 1037 081d 026D      	.word0x26d
 1038 081f 0000 0085 	.long0x85
 1039 0823 C8        	.byte0xc8
 1040 0824 00        	.byte0
 1041 0825 0D        	.uleb128 0xd
 1042 0826 0000 0111 	.long0x111
 1043 082a 0000 0835 	.long0x835
 1044 082e 0E        	.uleb128 0xe
 1045 082f 0000 0048 	.long0x48
 1046 0833 19        	.byte0x19
 1047 0834 00        	.byte0
 1048 0835 0D        	.uleb128 0xd
 1049 0836 0000 0111 	.long0x111
 1050 083a 0000 0845 	.long0x845
 1051 083e 0E        	.uleb128 0xe
 1052 083f 0000 0048 	.long0x48
 1053 0843 07        	.byte0x7
 1054 0844 00        	.byte0
 1055 0845 0D        	.uleb128 0xd
 1056 0846 0000 0111 	.long0x111
 1057 084a 0000 0855 	.long0x855
 1058 084e 0E        	.uleb128 0xe
 1059 084f 0000 0048 	.long0x48
 1060 0853 17        	.byte0x17
 1061 0854 00        	.byte0
 1062 0855 1B        	.uleb128 0x1b
 1063 0856 F0        	.byte0xf0
 1064 0857 07        	.byte0x7
 1065 0858 0272      	.word0x272
 1066 085a 0000 0879 	.long0x879
 1067 085e 18        	.uleb128 0x18
 1068 085f 0000 0000 	.long.LASF129
68K GAS   			page 21


 1069 0863 07        	.byte0x7
 1070 0864 0275      	.word0x275
 1071 0866 0000 0879 	.long0x879
 1072 086a 00        	.byte0
 1073 086b 18        	.uleb128 0x18
 1074 086c 0000 0000 	.long.LASF130
 1075 0870 07        	.byte0x7
 1076 0871 0276      	.word0x276
 1077 0873 0000 0889 	.long0x889
 1078 0877 78        	.byte0x78
 1079 0878 00        	.byte0
 1080 0879 0D        	.uleb128 0xd
 1081 087a 0000 03A3 	.long0x3a3
 1082 087e 0000 0889 	.long0x889
 1083 0882 0E        	.uleb128 0xe
 1084 0883 0000 0048 	.long0x48
 1085 0887 1D        	.byte0x1d
 1086 0888 00        	.byte0
 1087 0889 0D        	.uleb128 0xd
 1088 088a 0000 00B1 	.long0xb1
 1089 088e 0000 0899 	.long0x899
 1090 0892 0E        	.uleb128 0xe
 1091 0893 0000 0048 	.long0x48
 1092 0897 1D        	.byte0x1d
 1093 0898 00        	.byte0
 1094 0899 1C        	.uleb128 0x1c
 1095 089a F0        	.byte0xf0
 1096 089b 07        	.byte0x7
 1097 089c 0257      	.word0x257
 1098 089e 0000 08BB 	.long0x8bb
 1099 08a2 1D        	.uleb128 0x1d
 1100 08a3 0000 0000 	.long.LASF82
 1101 08a7 07        	.byte0x7
 1102 08a8 026E      	.word0x26e
 1103 08aa 0000 0724 	.long0x724
 1104 08ae 1D        	.uleb128 0x1d
 1105 08af 0000 0000 	.long.LASF131
 1106 08b3 07        	.byte0x7
 1107 08b4 0277      	.word0x277
 1108 08b6 0000 0855 	.long0x855
 1109 08ba 00        	.byte0
 1110 08bb 0D        	.uleb128 0xd
 1111 08bc 0000 0111 	.long0x111
 1112 08c0 0000 08CB 	.long0x8cb
 1113 08c4 0E        	.uleb128 0xe
 1114 08c5 0000 0048 	.long0x48
 1115 08c9 18        	.byte0x18
 1116 08ca 00        	.byte0
 1117 08cb 07        	.uleb128 0x7
 1118 08cc 0000 0000 	.long.LASF132
 1119 08d0 08        	.uleb128 0x8
 1120 08d1 04        	.byte0x4
 1121 08d2 0000 08CB 	.long0x8cb
 1122 08d6 1E        	.uleb128 0x1e
 1123 08d7 0000 08E1 	.long0x8e1
 1124 08db 16        	.uleb128 0x16
 1125 08dc 0000 04F1 	.long0x4f1
68K GAS   			page 22


 1126 08e0 00        	.byte0
 1127 08e1 08        	.uleb128 0x8
 1128 08e2 04        	.byte0x4
 1129 08e3 0000 08D6 	.long0x8d6
 1130 08e7 08        	.uleb128 0x8
 1131 08e8 04        	.byte0x4
 1132 08e9 0000 0244 	.long0x244
 1133 08ed 1E        	.uleb128 0x1e
 1134 08ee 0000 08F8 	.long0x8f8
 1135 08f2 16        	.uleb128 0x16
 1136 08f3 0000 0085 	.long0x85
 1137 08f7 00        	.byte0
 1138 08f8 08        	.uleb128 0x8
 1139 08f9 04        	.byte0x4
 1140 08fa 0000 08FE 	.long0x8fe
 1141 08fe 08        	.uleb128 0x8
 1142 08ff 04        	.byte0x4
 1143 0900 0000 08ED 	.long0x8ed
 1144 0904 0D        	.uleb128 0xd
 1145 0905 0000 0692 	.long0x692
 1146 0909 0000 0914 	.long0x914
 1147 090d 0E        	.uleb128 0xe
 1148 090e 0000 0048 	.long0x48
 1149 0912 02        	.byte0x2
 1150 0913 00        	.byte0
 1151 0914 1F        	.uleb128 0x1f
 1152 0915 0000 0000 	.long.LASF133
 1153 0919 07        	.byte0x7
 1154 091a 028D      	.word0x28d
 1155 091c 0000 0904 	.long0x904
 1156 0920 1F        	.uleb128 0x1f
 1157 0921 0000 0000 	.long.LASF134
 1158 0925 07        	.byte0x7
 1159 0926 0307      	.word0x307
 1160 0928 0000 04F1 	.long0x4f1
 1161 092c 1F        	.uleb128 0x1f
 1162 092d 0000 0000 	.long.LASF135
 1163 0931 07        	.byte0x7
 1164 0932 0308      	.word0x308
 1165 0934 0000 04F7 	.long0x4f7
 1166 0938 1F        	.uleb128 0x1f
 1167 0939 0000 0000 	.long.LASF136
 1168 093d 07        	.byte0x7
 1169 093e 031A      	.word0x31a
 1170 0940 0000 0361 	.long0x361
 1171 0944 20        	.uleb128 0x20
 1172 0945 0000 0000 	.long.LASF137
 1173 0949 08        	.byte0x8
 1174 094a 63        	.byte0x63
 1175 094b 0000 0604 	.long0x604
 1176 094f 03        	.uleb128 0x3
 1177 0950 0000 0000 	.long.LASF138
 1178 0954 09        	.byte0x9
 1179 0955 E9        	.byte0xe9
 1180 0956 0000 0041 	.long0x41
 1181 095a 03        	.uleb128 0x3
 1182 095b 0000 0000 	.long.LASF139
68K GAS   			page 23


 1183 095f 09        	.byte0x9
 1184 0960 EB        	.byte0xeb
 1185 0961 0000 002C 	.long0x2c
 1186 0965 03        	.uleb128 0x3
 1187 0966 0000 0000 	.long.LASF140
 1188 096a 09        	.byte0x9
 1189 096b ED        	.byte0xed
 1190 096c 0000 0048 	.long0x48
 1191 0970 20        	.uleb128 0x20
 1192 0971 0000 0000 	.long.LASF141
 1193 0975 0A        	.byte0xa
 1194 0976 9A        	.byte0x9a
 1195 0977 0000 0041 	.long0x41
 1196 097b 20        	.uleb128 0x20
 1197 097c 0000 0000 	.long.LASF142
 1198 0980 0A        	.byte0xa
 1199 0981 9B        	.byte0x9b
 1200 0982 0000 0085 	.long0x85
 1201 0986 0D        	.uleb128 0xd
 1202 0987 0000 0604 	.long0x604
 1203 098b 0000 0996 	.long0x996
 1204 098f 0E        	.uleb128 0xe
 1205 0990 0000 0048 	.long0x48
 1206 0994 01        	.byte0x1
 1207 0995 00        	.byte0
 1208 0996 20        	.uleb128 0x20
 1209 0997 0000 0000 	.long.LASF143
 1210 099b 0A        	.byte0xa
 1211 099c 9E        	.byte0x9e
 1212 099d 0000 0986 	.long0x986
 1213 09a1 21        	.uleb128 0x21
 1214 09a2 0034 A810 	.long0x34a810
 1215 09a6 0B        	.byte0xb
 1216 09a7 25        	.byte0x25
 1217 09a8 0000 0A16 	.long0xa16
 1218 09ac 06        	.uleb128 0x6
 1219 09ad 0000 0000 	.long.LASF144
 1220 09b1 0B        	.byte0xb
 1221 09b2 27        	.byte0x27
 1222 09b3 0000 0965 	.long0x965
 1223 09b7 00        	.byte0
 1224 09b8 06        	.uleb128 0x6
 1225 09b9 0000 0000 	.long.LASF145
 1226 09bd 0B        	.byte0xb
 1227 09be 28        	.byte0x28
 1228 09bf 0000 0965 	.long0x965
 1229 09c3 04        	.byte0x4
 1230 09c4 06        	.uleb128 0x6
 1231 09c5 0000 0000 	.long.LASF146
 1232 09c9 0B        	.byte0xb
 1233 09ca 29        	.byte0x29
 1234 09cb 0000 0965 	.long0x965
 1235 09cf 08        	.byte0x8
 1236 09d0 06        	.uleb128 0x6
 1237 09d1 0000 0000 	.long.LASF147
 1238 09d5 0B        	.byte0xb
 1239 09d6 2A        	.byte0x2a
68K GAS   			page 24


 1240 09d7 0000 0965 	.long0x965
 1241 09db 0C        	.byte0xc
 1242 09dc 06        	.uleb128 0x6
 1243 09dd 0000 0000 	.long.LASF148
 1244 09e1 0B        	.byte0xb
 1245 09e2 2B        	.byte0x2b
 1246 09e3 0000 0A16 	.long0xa16
 1247 09e7 10        	.byte0x10
 1248 09e8 22        	.uleb128 0x22
 1249 09e9 0000 0000 	.long.LASF149
 1250 09ed 0B        	.byte0xb
 1251 09ee 2C        	.byte0x2c
 1252 09ef 0000 0A29 	.long0xa29
 1253 09f3 0002 A810 	.long0x2a810
 1254 09f7 22        	.uleb128 0x22
 1255 09f8 0000 0000 	.long.LASF150
 1256 09fc 0B        	.byte0xb
 1257 09fd 2D        	.byte0x2d
 1258 09fe 0000 0A3C 	.long0xa3c
 1259 0a02 0022 A810 	.long0x22a810
 1260 0a06 22        	.uleb128 0x22
 1261 0a07 0000 0000 	.long.LASF151
 1262 0a0b 0B        	.byte0xb
 1263 0a0c 2E        	.byte0x2e
 1264 0a0d 0000 0A4F 	.long0xa4f
 1265 0a11 0024 A810 	.long0x24a810
 1266 0a15 00        	.byte0
 1267 0a16 0D        	.uleb128 0xd
 1268 0a17 0000 095A 	.long0x95a
 1269 0a1b 0000 0A29 	.long0xa29
 1270 0a1f 23        	.uleb128 0x23
 1271 0a20 0000 0048 	.long0x48
 1272 0a24 0002 A7FF 	.long0x2a7ff
 1273 0a28 00        	.byte0
 1274 0a29 0D        	.uleb128 0xd
 1275 0a2a 0000 095A 	.long0x95a
 1276 0a2e 0000 0A3C 	.long0xa3c
 1277 0a32 23        	.uleb128 0x23
 1278 0a33 0000 0048 	.long0x48
 1279 0a37 001F FFFF 	.long0x1fffff
 1280 0a3b 00        	.byte0
 1281 0a3c 0D        	.uleb128 0xd
 1282 0a3d 0000 095A 	.long0x95a
 1283 0a41 0000 0A4F 	.long0xa4f
 1284 0a45 23        	.uleb128 0x23
 1285 0a46 0000 0048 	.long0x48
 1286 0a4a 0001 FFFF 	.long0x1ffff
 1287 0a4e 00        	.byte0
 1288 0a4f 0D        	.uleb128 0xd
 1289 0a50 0000 095A 	.long0x95a
 1290 0a54 0000 0A62 	.long0xa62
 1291 0a58 23        	.uleb128 0x23
 1292 0a59 0000 0048 	.long0x48
 1293 0a5d 000F FFFF 	.long0xfffff
 1294 0a61 00        	.byte0
 1295 0a62 03        	.uleb128 0x3
 1296 0a63 0000 0000 	.long.LASF152
68K GAS   			page 25


 1297 0a67 0B        	.byte0xb
 1298 0a68 30        	.byte0x30
 1299 0a69 0000 09A1 	.long0x9a1
 1300 0a6d 20        	.uleb128 0x20
 1301 0a6e 0000 0000 	.long.LASF153
 1302 0a72 0B        	.byte0xb
 1303 0a73 3A        	.byte0x3a
 1304 0a74 0000 0A78 	.long0xa78
 1305 0a78 08        	.uleb128 0x8
 1306 0a79 04        	.byte0x4
 1307 0a7a 0000 0A62 	.long0xa62
 1308 0a7e 24        	.uleb128 0x24
 1309 0a7f 0000 0000 	.long.LASF159
 1310 0a83 01        	.byte0x1
 1311 0a84 40        	.byte0x40
 1312 0a85 0000 094F 	.long0x94f
 1313 0a89 0000 0000 	.long.LFB59
 1314 0a8d 0000 000A 	.long.LFE59-.LFB59
 1315 0a91 01        	.uleb128 0x1
 1316 0a92 9C        	.byte0x9c
 1317 0a93 25        	.uleb128 0x25
 1318 0a94 6275 7300 	.string"bus"
 1319 0a98 01        	.byte0x1
 1320 0a99 40        	.byte0x40
 1321 0a9a 0000 0965 	.long0x965
 1322 0a9e 02        	.uleb128 0x2
 1323 0a9f 91        	.byte0x91
 1324 0aa0 00        	.sleb128 0
 1325 0aa1 26        	.uleb128 0x26
 1326 0aa2 0000 0000 	.long.LASF154
 1327 0aa6 01        	.byte0x1
 1328 0aa7 40        	.byte0x40
 1329 0aa8 0000 0965 	.long0x965
 1330 0aac 02        	.uleb128 0x2
 1331 0aad 91        	.byte0x91
 1332 0aae 04        	.sleb128 4
 1333 0aaf 26        	.uleb128 0x26
 1334 0ab0 0000 0000 	.long.LASF155
 1335 0ab4 01        	.byte0x1
 1336 0ab5 40        	.byte0x40
 1337 0ab6 0000 0604 	.long0x604
 1338 0aba 02        	.uleb128 0x2
 1339 0abb 91        	.byte0x91
 1340 0abc 08        	.sleb128 8
 1341 0abd 27        	.uleb128 0x27
 1342 0abe 0000 0000 	.long.LASF160
 1343 0ac2 01        	.byte0x1
 1344 0ac3 42        	.byte0x42
 1345 0ac4 0000 094F 	.long0x94f
 1346 0ac8 02        	.uleb128 0x2
 1347 0ac9 91        	.byte0x91
 1348 0aca 78        	.sleb128 -8
 1349 0acb 00        	.byte0
 1350 0acc 00        	.byte0
 1351               	.section.debug_abbrev,"",@progbits
 1352               	.Ldebug_abbrev0:
 1353 0000 01        	.uleb128 0x1
68K GAS   			page 26


 1354 0001 11        	.uleb128 0x11
 1355 0002 01        	.byte0x1
 1356 0003 25        	.uleb128 0x25
 1357 0004 0E        	.uleb128 0xe
 1358 0005 13        	.uleb128 0x13
 1359 0006 0B        	.uleb128 0xb
 1360 0007 03        	.uleb128 0x3
 1361 0008 0E        	.uleb128 0xe
 1362 0009 1B        	.uleb128 0x1b
 1363 000a 0E        	.uleb128 0xe
 1364 000b 11        	.uleb128 0x11
 1365 000c 01        	.uleb128 0x1
 1366 000d 12        	.uleb128 0x12
 1367 000e 06        	.uleb128 0x6
 1368 000f 10        	.uleb128 0x10
 1369 0010 17        	.uleb128 0x17
 1370 0011 00        	.byte0
 1371 0012 00        	.byte0
 1372 0013 02        	.uleb128 0x2
 1373 0014 24        	.uleb128 0x24
 1374 0015 00        	.byte0
 1375 0016 0B        	.uleb128 0xb
 1376 0017 0B        	.uleb128 0xb
 1377 0018 3E        	.uleb128 0x3e
 1378 0019 0B        	.uleb128 0xb
 1379 001a 03        	.uleb128 0x3
 1380 001b 0E        	.uleb128 0xe
 1381 001c 00        	.byte0
 1382 001d 00        	.byte0
 1383 001e 03        	.uleb128 0x3
 1384 001f 16        	.uleb128 0x16
 1385 0020 00        	.byte0
 1386 0021 03        	.uleb128 0x3
 1387 0022 0E        	.uleb128 0xe
 1388 0023 3A        	.uleb128 0x3a
 1389 0024 0B        	.uleb128 0xb
 1390 0025 3B        	.uleb128 0x3b
 1391 0026 0B        	.uleb128 0xb
 1392 0027 49        	.uleb128 0x49
 1393 0028 13        	.uleb128 0x13
 1394 0029 00        	.byte0
 1395 002a 00        	.byte0
 1396 002b 04        	.uleb128 0x4
 1397 002c 24        	.uleb128 0x24
 1398 002d 00        	.byte0
 1399 002e 0B        	.uleb128 0xb
 1400 002f 0B        	.uleb128 0xb
 1401 0030 3E        	.uleb128 0x3e
 1402 0031 0B        	.uleb128 0xb
 1403 0032 03        	.uleb128 0x3
 1404 0033 08        	.uleb128 0x8
 1405 0034 00        	.byte0
 1406 0035 00        	.byte0
 1407 0036 05        	.uleb128 0x5
 1408 0037 13        	.uleb128 0x13
 1409 0038 01        	.byte0x1
 1410 0039 03        	.uleb128 0x3
68K GAS   			page 27


 1411 003a 0E        	.uleb128 0xe
 1412 003b 0B        	.uleb128 0xb
 1413 003c 0B        	.uleb128 0xb
 1414 003d 3A        	.uleb128 0x3a
 1415 003e 0B        	.uleb128 0xb
 1416 003f 3B        	.uleb128 0x3b
 1417 0040 0B        	.uleb128 0xb
 1418 0041 01        	.uleb128 0x1
 1419 0042 13        	.uleb128 0x13
 1420 0043 00        	.byte0
 1421 0044 00        	.byte0
 1422 0045 06        	.uleb128 0x6
 1423 0046 0D        	.uleb128 0xd
 1424 0047 00        	.byte0
 1425 0048 03        	.uleb128 0x3
 1426 0049 0E        	.uleb128 0xe
 1427 004a 3A        	.uleb128 0x3a
 1428 004b 0B        	.uleb128 0xb
 1429 004c 3B        	.uleb128 0x3b
 1430 004d 0B        	.uleb128 0xb
 1431 004e 49        	.uleb128 0x49
 1432 004f 13        	.uleb128 0x13
 1433 0050 38        	.uleb128 0x38
 1434 0051 0B        	.uleb128 0xb
 1435 0052 00        	.byte0
 1436 0053 00        	.byte0
 1437 0054 07        	.uleb128 0x7
 1438 0055 13        	.uleb128 0x13
 1439 0056 00        	.byte0
 1440 0057 03        	.uleb128 0x3
 1441 0058 0E        	.uleb128 0xe
 1442 0059 3C        	.uleb128 0x3c
 1443 005a 19        	.uleb128 0x19
 1444 005b 00        	.byte0
 1445 005c 00        	.byte0
 1446 005d 08        	.uleb128 0x8
 1447 005e 0F        	.uleb128 0xf
 1448 005f 00        	.byte0
 1449 0060 0B        	.uleb128 0xb
 1450 0061 0B        	.uleb128 0xb
 1451 0062 49        	.uleb128 0x49
 1452 0063 13        	.uleb128 0x13
 1453 0064 00        	.byte0
 1454 0065 00        	.byte0
 1455 0066 09        	.uleb128 0x9
 1456 0067 26        	.uleb128 0x26
 1457 0068 00        	.byte0
 1458 0069 49        	.uleb128 0x49
 1459 006a 13        	.uleb128 0x13
 1460 006b 00        	.byte0
 1461 006c 00        	.byte0
 1462 006d 0A        	.uleb128 0xa
 1463 006e 16        	.uleb128 0x16
 1464 006f 00        	.byte0
 1465 0070 03        	.uleb128 0x3
 1466 0071 0E        	.uleb128 0xe
 1467 0072 3A        	.uleb128 0x3a
68K GAS   			page 28


 1468 0073 0B        	.uleb128 0xb
 1469 0074 3B        	.uleb128 0x3b
 1470 0075 05        	.uleb128 0x5
 1471 0076 49        	.uleb128 0x49
 1472 0077 13        	.uleb128 0x13
 1473 0078 00        	.byte0
 1474 0079 00        	.byte0
 1475 007a 0B        	.uleb128 0xb
 1476 007b 17        	.uleb128 0x17
 1477 007c 01        	.byte0x1
 1478 007d 0B        	.uleb128 0xb
 1479 007e 0B        	.uleb128 0xb
 1480 007f 3A        	.uleb128 0x3a
 1481 0080 0B        	.uleb128 0xb
 1482 0081 3B        	.uleb128 0x3b
 1483 0082 0B        	.uleb128 0xb
 1484 0083 01        	.uleb128 0x1
 1485 0084 13        	.uleb128 0x13
 1486 0085 00        	.byte0
 1487 0086 00        	.byte0
 1488 0087 0C        	.uleb128 0xc
 1489 0088 0D        	.uleb128 0xd
 1490 0089 00        	.byte0
 1491 008a 03        	.uleb128 0x3
 1492 008b 0E        	.uleb128 0xe
 1493 008c 3A        	.uleb128 0x3a
 1494 008d 0B        	.uleb128 0xb
 1495 008e 3B        	.uleb128 0x3b
 1496 008f 0B        	.uleb128 0xb
 1497 0090 49        	.uleb128 0x49
 1498 0091 13        	.uleb128 0x13
 1499 0092 00        	.byte0
 1500 0093 00        	.byte0
 1501 0094 0D        	.uleb128 0xd
 1502 0095 01        	.uleb128 0x1
 1503 0096 01        	.byte0x1
 1504 0097 49        	.uleb128 0x49
 1505 0098 13        	.uleb128 0x13
 1506 0099 01        	.uleb128 0x1
 1507 009a 13        	.uleb128 0x13
 1508 009b 00        	.byte0
 1509 009c 00        	.byte0
 1510 009d 0E        	.uleb128 0xe
 1511 009e 21        	.uleb128 0x21
 1512 009f 00        	.byte0
 1513 00a0 49        	.uleb128 0x49
 1514 00a1 13        	.uleb128 0x13
 1515 00a2 2F        	.uleb128 0x2f
 1516 00a3 0B        	.uleb128 0xb
 1517 00a4 00        	.byte0
 1518 00a5 00        	.byte0
 1519 00a6 0F        	.uleb128 0xf
 1520 00a7 13        	.uleb128 0x13
 1521 00a8 01        	.byte0x1
 1522 00a9 0B        	.uleb128 0xb
 1523 00aa 0B        	.uleb128 0xb
 1524 00ab 3A        	.uleb128 0x3a
68K GAS   			page 29


 1525 00ac 0B        	.uleb128 0xb
 1526 00ad 3B        	.uleb128 0x3b
 1527 00ae 0B        	.uleb128 0xb
 1528 00af 01        	.uleb128 0x1
 1529 00b0 13        	.uleb128 0x13
 1530 00b1 00        	.byte0
 1531 00b2 00        	.byte0
 1532 00b3 10        	.uleb128 0x10
 1533 00b4 0F        	.uleb128 0xf
 1534 00b5 00        	.byte0
 1535 00b6 0B        	.uleb128 0xb
 1536 00b7 0B        	.uleb128 0xb
 1537 00b8 00        	.byte0
 1538 00b9 00        	.byte0
 1539 00ba 11        	.uleb128 0x11
 1540 00bb 0D        	.uleb128 0xd
 1541 00bc 00        	.byte0
 1542 00bd 03        	.uleb128 0x3
 1543 00be 08        	.uleb128 0x8
 1544 00bf 3A        	.uleb128 0x3a
 1545 00c0 0B        	.uleb128 0xb
 1546 00c1 3B        	.uleb128 0x3b
 1547 00c2 0B        	.uleb128 0xb
 1548 00c3 49        	.uleb128 0x49
 1549 00c4 13        	.uleb128 0x13
 1550 00c5 38        	.uleb128 0x38
 1551 00c6 0B        	.uleb128 0xb
 1552 00c7 00        	.byte0
 1553 00c8 00        	.byte0
 1554 00c9 12        	.uleb128 0x12
 1555 00ca 13        	.uleb128 0x13
 1556 00cb 01        	.byte0x1
 1557 00cc 03        	.uleb128 0x3
 1558 00cd 0E        	.uleb128 0xe
 1559 00ce 0B        	.uleb128 0xb
 1560 00cf 05        	.uleb128 0x5
 1561 00d0 3A        	.uleb128 0x3a
 1562 00d1 0B        	.uleb128 0xb
 1563 00d2 3B        	.uleb128 0x3b
 1564 00d3 0B        	.uleb128 0xb
 1565 00d4 01        	.uleb128 0x1
 1566 00d5 13        	.uleb128 0x13
 1567 00d6 00        	.byte0
 1568 00d7 00        	.byte0
 1569 00d8 13        	.uleb128 0x13
 1570 00d9 0D        	.uleb128 0xd
 1571 00da 00        	.byte0
 1572 00db 03        	.uleb128 0x3
 1573 00dc 0E        	.uleb128 0xe
 1574 00dd 3A        	.uleb128 0x3a
 1575 00de 0B        	.uleb128 0xb
 1576 00df 3B        	.uleb128 0x3b
 1577 00e0 0B        	.uleb128 0xb
 1578 00e1 49        	.uleb128 0x49
 1579 00e2 13        	.uleb128 0x13
 1580 00e3 38        	.uleb128 0x38
 1581 00e4 05        	.uleb128 0x5
68K GAS   			page 30


 1582 00e5 00        	.byte0
 1583 00e6 00        	.byte0
 1584 00e7 14        	.uleb128 0x14
 1585 00e8 15        	.uleb128 0x15
 1586 00e9 00        	.byte0
 1587 00ea 27        	.uleb128 0x27
 1588 00eb 19        	.uleb128 0x19
 1589 00ec 00        	.byte0
 1590 00ed 00        	.byte0
 1591 00ee 15        	.uleb128 0x15
 1592 00ef 15        	.uleb128 0x15
 1593 00f0 01        	.byte0x1
 1594 00f1 27        	.uleb128 0x27
 1595 00f2 19        	.uleb128 0x19
 1596 00f3 49        	.uleb128 0x49
 1597 00f4 13        	.uleb128 0x13
 1598 00f5 01        	.uleb128 0x1
 1599 00f6 13        	.uleb128 0x13
 1600 00f7 00        	.byte0
 1601 00f8 00        	.byte0
 1602 00f9 16        	.uleb128 0x16
 1603 00fa 05        	.uleb128 0x5
 1604 00fb 00        	.byte0
 1605 00fc 49        	.uleb128 0x49
 1606 00fd 13        	.uleb128 0x13
 1607 00fe 00        	.byte0
 1608 00ff 00        	.byte0
 1609 0100 17        	.uleb128 0x17
 1610 0101 13        	.uleb128 0x13
 1611 0102 01        	.byte0x1
 1612 0103 03        	.uleb128 0x3
 1613 0104 0E        	.uleb128 0xe
 1614 0105 0B        	.uleb128 0xb
 1615 0106 05        	.uleb128 0x5
 1616 0107 3A        	.uleb128 0x3a
 1617 0108 0B        	.uleb128 0xb
 1618 0109 3B        	.uleb128 0x3b
 1619 010a 05        	.uleb128 0x5
 1620 010b 01        	.uleb128 0x1
 1621 010c 13        	.uleb128 0x13
 1622 010d 00        	.byte0
 1623 010e 00        	.byte0
 1624 010f 18        	.uleb128 0x18
 1625 0110 0D        	.uleb128 0xd
 1626 0111 00        	.byte0
 1627 0112 03        	.uleb128 0x3
 1628 0113 0E        	.uleb128 0xe
 1629 0114 3A        	.uleb128 0x3a
 1630 0115 0B        	.uleb128 0xb
 1631 0116 3B        	.uleb128 0x3b
 1632 0117 05        	.uleb128 0x5
 1633 0118 49        	.uleb128 0x49
 1634 0119 13        	.uleb128 0x13
 1635 011a 38        	.uleb128 0x38
 1636 011b 0B        	.uleb128 0xb
 1637 011c 00        	.byte0
 1638 011d 00        	.byte0
68K GAS   			page 31


 1639 011e 19        	.uleb128 0x19
 1640 011f 0D        	.uleb128 0xd
 1641 0120 00        	.byte0
 1642 0121 03        	.uleb128 0x3
 1643 0122 0E        	.uleb128 0xe
 1644 0123 3A        	.uleb128 0x3a
 1645 0124 0B        	.uleb128 0xb
 1646 0125 3B        	.uleb128 0x3b
 1647 0126 05        	.uleb128 0x5
 1648 0127 49        	.uleb128 0x49
 1649 0128 13        	.uleb128 0x13
 1650 0129 38        	.uleb128 0x38
 1651 012a 05        	.uleb128 0x5
 1652 012b 00        	.byte0
 1653 012c 00        	.byte0
 1654 012d 1A        	.uleb128 0x1a
 1655 012e 13        	.uleb128 0x13
 1656 012f 01        	.byte0x1
 1657 0130 03        	.uleb128 0x3
 1658 0131 0E        	.uleb128 0xe
 1659 0132 0B        	.uleb128 0xb
 1660 0133 0B        	.uleb128 0xb
 1661 0134 3A        	.uleb128 0x3a
 1662 0135 0B        	.uleb128 0xb
 1663 0136 3B        	.uleb128 0x3b
 1664 0137 05        	.uleb128 0x5
 1665 0138 01        	.uleb128 0x1
 1666 0139 13        	.uleb128 0x13
 1667 013a 00        	.byte0
 1668 013b 00        	.byte0
 1669 013c 1B        	.uleb128 0x1b
 1670 013d 13        	.uleb128 0x13
 1671 013e 01        	.byte0x1
 1672 013f 0B        	.uleb128 0xb
 1673 0140 0B        	.uleb128 0xb
 1674 0141 3A        	.uleb128 0x3a
 1675 0142 0B        	.uleb128 0xb
 1676 0143 3B        	.uleb128 0x3b
 1677 0144 05        	.uleb128 0x5
 1678 0145 01        	.uleb128 0x1
 1679 0146 13        	.uleb128 0x13
 1680 0147 00        	.byte0
 1681 0148 00        	.byte0
 1682 0149 1C        	.uleb128 0x1c
 1683 014a 17        	.uleb128 0x17
 1684 014b 01        	.byte0x1
 1685 014c 0B        	.uleb128 0xb
 1686 014d 0B        	.uleb128 0xb
 1687 014e 3A        	.uleb128 0x3a
 1688 014f 0B        	.uleb128 0xb
 1689 0150 3B        	.uleb128 0x3b
 1690 0151 05        	.uleb128 0x5
 1691 0152 01        	.uleb128 0x1
 1692 0153 13        	.uleb128 0x13
 1693 0154 00        	.byte0
 1694 0155 00        	.byte0
 1695 0156 1D        	.uleb128 0x1d
68K GAS   			page 32


 1696 0157 0D        	.uleb128 0xd
 1697 0158 00        	.byte0
 1698 0159 03        	.uleb128 0x3
 1699 015a 0E        	.uleb128 0xe
 1700 015b 3A        	.uleb128 0x3a
 1701 015c 0B        	.uleb128 0xb
 1702 015d 3B        	.uleb128 0x3b
 1703 015e 05        	.uleb128 0x5
 1704 015f 49        	.uleb128 0x49
 1705 0160 13        	.uleb128 0x13
 1706 0161 00        	.byte0
 1707 0162 00        	.byte0
 1708 0163 1E        	.uleb128 0x1e
 1709 0164 15        	.uleb128 0x15
 1710 0165 01        	.byte0x1
 1711 0166 27        	.uleb128 0x27
 1712 0167 19        	.uleb128 0x19
 1713 0168 01        	.uleb128 0x1
 1714 0169 13        	.uleb128 0x13
 1715 016a 00        	.byte0
 1716 016b 00        	.byte0
 1717 016c 1F        	.uleb128 0x1f
 1718 016d 34        	.uleb128 0x34
 1719 016e 00        	.byte0
 1720 016f 03        	.uleb128 0x3
 1721 0170 0E        	.uleb128 0xe
 1722 0171 3A        	.uleb128 0x3a
 1723 0172 0B        	.uleb128 0xb
 1724 0173 3B        	.uleb128 0x3b
 1725 0174 05        	.uleb128 0x5
 1726 0175 49        	.uleb128 0x49
 1727 0176 13        	.uleb128 0x13
 1728 0177 3F        	.uleb128 0x3f
 1729 0178 19        	.uleb128 0x19
 1730 0179 3C        	.uleb128 0x3c
 1731 017a 19        	.uleb128 0x19
 1732 017b 00        	.byte0
 1733 017c 00        	.byte0
 1734 017d 20        	.uleb128 0x20
 1735 017e 34        	.uleb128 0x34
 1736 017f 00        	.byte0
 1737 0180 03        	.uleb128 0x3
 1738 0181 0E        	.uleb128 0xe
 1739 0182 3A        	.uleb128 0x3a
 1740 0183 0B        	.uleb128 0xb
 1741 0184 3B        	.uleb128 0x3b
 1742 0185 0B        	.uleb128 0xb
 1743 0186 49        	.uleb128 0x49
 1744 0187 13        	.uleb128 0x13
 1745 0188 3F        	.uleb128 0x3f
 1746 0189 19        	.uleb128 0x19
 1747 018a 3C        	.uleb128 0x3c
 1748 018b 19        	.uleb128 0x19
 1749 018c 00        	.byte0
 1750 018d 00        	.byte0
 1751 018e 21        	.uleb128 0x21
 1752 018f 13        	.uleb128 0x13
68K GAS   			page 33


 1753 0190 01        	.byte0x1
 1754 0191 0B        	.uleb128 0xb
 1755 0192 06        	.uleb128 0x6
 1756 0193 3A        	.uleb128 0x3a
 1757 0194 0B        	.uleb128 0xb
 1758 0195 3B        	.uleb128 0x3b
 1759 0196 0B        	.uleb128 0xb
 1760 0197 01        	.uleb128 0x1
 1761 0198 13        	.uleb128 0x13
 1762 0199 00        	.byte0
 1763 019a 00        	.byte0
 1764 019b 22        	.uleb128 0x22
 1765 019c 0D        	.uleb128 0xd
 1766 019d 00        	.byte0
 1767 019e 03        	.uleb128 0x3
 1768 019f 0E        	.uleb128 0xe
 1769 01a0 3A        	.uleb128 0x3a
 1770 01a1 0B        	.uleb128 0xb
 1771 01a2 3B        	.uleb128 0x3b
 1772 01a3 0B        	.uleb128 0xb
 1773 01a4 49        	.uleb128 0x49
 1774 01a5 13        	.uleb128 0x13
 1775 01a6 38        	.uleb128 0x38
 1776 01a7 06        	.uleb128 0x6
 1777 01a8 00        	.byte0
 1778 01a9 00        	.byte0
 1779 01aa 23        	.uleb128 0x23
 1780 01ab 21        	.uleb128 0x21
 1781 01ac 00        	.byte0
 1782 01ad 49        	.uleb128 0x49
 1783 01ae 13        	.uleb128 0x13
 1784 01af 2F        	.uleb128 0x2f
 1785 01b0 06        	.uleb128 0x6
 1786 01b1 00        	.byte0
 1787 01b2 00        	.byte0
 1788 01b3 24        	.uleb128 0x24
 1789 01b4 2E        	.uleb128 0x2e
 1790 01b5 01        	.byte0x1
 1791 01b6 3F        	.uleb128 0x3f
 1792 01b7 19        	.uleb128 0x19
 1793 01b8 03        	.uleb128 0x3
 1794 01b9 0E        	.uleb128 0xe
 1795 01ba 3A        	.uleb128 0x3a
 1796 01bb 0B        	.uleb128 0xb
 1797 01bc 3B        	.uleb128 0x3b
 1798 01bd 0B        	.uleb128 0xb
 1799 01be 27        	.uleb128 0x27
 1800 01bf 19        	.uleb128 0x19
 1801 01c0 49        	.uleb128 0x49
 1802 01c1 13        	.uleb128 0x13
 1803 01c2 11        	.uleb128 0x11
 1804 01c3 01        	.uleb128 0x1
 1805 01c4 12        	.uleb128 0x12
 1806 01c5 06        	.uleb128 0x6
 1807 01c6 40        	.uleb128 0x40
 1808 01c7 18        	.uleb128 0x18
 1809 01c8 9742      	.uleb128 0x2117
68K GAS   			page 34


 1810 01ca 19        	.uleb128 0x19
 1811 01cb 00        	.byte0
 1812 01cc 00        	.byte0
 1813 01cd 25        	.uleb128 0x25
 1814 01ce 05        	.uleb128 0x5
 1815 01cf 00        	.byte0
 1816 01d0 03        	.uleb128 0x3
 1817 01d1 08        	.uleb128 0x8
 1818 01d2 3A        	.uleb128 0x3a
 1819 01d3 0B        	.uleb128 0xb
 1820 01d4 3B        	.uleb128 0x3b
 1821 01d5 0B        	.uleb128 0xb
 1822 01d6 49        	.uleb128 0x49
 1823 01d7 13        	.uleb128 0x13
 1824 01d8 02        	.uleb128 0x2
 1825 01d9 18        	.uleb128 0x18
 1826 01da 00        	.byte0
 1827 01db 00        	.byte0
 1828 01dc 26        	.uleb128 0x26
 1829 01dd 05        	.uleb128 0x5
 1830 01de 00        	.byte0
 1831 01df 03        	.uleb128 0x3
 1832 01e0 0E        	.uleb128 0xe
 1833 01e1 3A        	.uleb128 0x3a
 1834 01e2 0B        	.uleb128 0xb
 1835 01e3 3B        	.uleb128 0x3b
 1836 01e4 0B        	.uleb128 0xb
 1837 01e5 49        	.uleb128 0x49
 1838 01e6 13        	.uleb128 0x13
 1839 01e7 02        	.uleb128 0x2
 1840 01e8 18        	.uleb128 0x18
 1841 01e9 00        	.byte0
 1842 01ea 00        	.byte0
 1843 01eb 27        	.uleb128 0x27
 1844 01ec 34        	.uleb128 0x34
 1845 01ed 00        	.byte0
 1846 01ee 03        	.uleb128 0x3
 1847 01ef 0E        	.uleb128 0xe
 1848 01f0 3A        	.uleb128 0x3a
 1849 01f1 0B        	.uleb128 0xb
 1850 01f2 3B        	.uleb128 0x3b
 1851 01f3 0B        	.uleb128 0xb
 1852 01f4 49        	.uleb128 0x49
 1853 01f5 13        	.uleb128 0x13
 1854 01f6 02        	.uleb128 0x2
 1855 01f7 18        	.uleb128 0x18
 1856 01f8 00        	.byte0
 1857 01f9 00        	.byte0
 1858 01fa 00        	.byte0
 1859               	.section.debug_aranges,"",@progbits
 1860 0000 0000 001C 	.long0x1c
 1861 0004 0002      	.word0x2
 1862 0006 0000 0000 	.long.Ldebug_info0
 1863 000a 04        	.byte0x4
 1864 000b 00        	.byte0
 1865 000c 0000      	.word0
 1866 000e 0000      	.word0
68K GAS   			page 35


 1867 0010 0000 0000 	.long.Ltext0
 1868 0014 0000 000A 	.long.Letext0-.Ltext0
 1869 0018 0000 0000 	.long0
 1870 001c 0000 0000 	.long0
 1871               	.section.debug_line,"",@progbits
 1872               	.Ldebug_line0:
 1873 0000 0000 0228 	.section.debug_str,"MS",@progbits,1
 1873      0002 0000 
 1873      020F 0201 
 1873      FB0E 0D00 
 1873      0101 0101 
 1874               	.LASF20:
 1875 0000 5F6E 616D 	.string"_name"
 1875      6500 
 1876               	.LASF54:
 1877 0006 5F6F 6E5F 	.string"_on_exit_args"
 1877      6578 6974 
 1877      5F61 7267 
 1877      7300 
 1878               	.LASF21:
 1879 0014 5F54 6872 	.string"_Thread_queue_Heads"
 1879      6561 645F 
 1879      7175 6575 
 1879      655F 4865 
 1879      6164 7300 
 1880               	.LASF142:
 1881 0028 5F64 6179 	.string"_daylight"
 1881      6C69 6768 
 1881      7400 
 1882               	.LASF119:
 1883 0032 5F77 6374 	.string"_wctomb_state"
 1883      6F6D 625F 
 1883      7374 6174 
 1883      6500 
 1884               	.LASF116:
 1885 0040 5F72 3438 	.string"_r48"
 1885      00
 1886               	.LASF160:
 1887 0045 5265 7475 	.string"ReturnCode"
 1887      726E 436F 
 1887      6465 00
 1888               	.LASF121:
 1889 0050 5F73 6967 	.string"_signal_buf"
 1889      6E61 6C5F 
 1889      6275 6600 
 1890               	.LASF14:
 1891 005c 756E 7369 	.string"unsigned int"
 1891      676E 6564 
 1891      2069 6E74 
 1891      00
 1892               	.LASF68:
 1893 0069 5F6C 6266 	.string"_lbfsize"
 1893      7369 7A65 
 1893      00
 1894               	.LASF66:
 1895 0072 5F66 6C61 	.string"_flags"
 1895      6773 00
68K GAS   			page 36


 1896               	.LASF25:
 1897 0079 5F51 7565 	.string"_Queue"
 1897      7565 00
 1898               	.LASF83:
 1899 0080 5F65 7272 	.string"_errno"
 1899      6E6F 00
 1900               	.LASF29:
 1901 0087 5F4C 4F43 	.string"_LOCK_RECURSIVE_T"
 1901      4B5F 5245 
 1901      4355 5253 
 1901      4956 455F 
 1901      5400 
 1902               	.LASF70:
 1903 0099 5F72 6561 	.string"_read"
 1903      6400 
 1904               	.LASF123:
 1905 009f 5F6D 6272 	.string"_mbrlen_state"
 1905      6C65 6E5F 
 1905      7374 6174 
 1905      6500 
 1906               	.LASF156:
 1907 00ad 474E 5520 	.string"GNU C11 7.3.0 20180125 (RTEMS 5, RSB d2b25d131d55adcb38219f2cd8cbec2436ee78ab, Newlib 3.0.0) -malign-int -mcpu=528x -g -O0 -fomit-frame-pointer"
 1907      4331 3120 
 1907      372E 332E 
 1907      3020 3230 
 1907      3138 3031 
 1908               	.LASF85:
 1909 013d 5F73 7464 	.string"_stdout"
 1909      6F75 7400 
 1910               	.LASF75:
 1911 0145 5F6E 6275 	.string"_nbuf"
 1911      6600 
 1912               	.LASF18:
 1913 014b 5F68 6561 	.string"_heads"
 1913      6473 00
 1914               	.LASF11:
 1915 0152 5F66 706F 	.string"_fpos_t"
 1915      735F 7400 
 1916               	.LASF61:
 1917 015a 5F66 6E73 	.string"_fns"
 1917      00
 1918               	.LASF69:
 1919 015f 5F63 6F6F 	.string"_cookie"
 1919      6B69 6500 
 1920               	.LASF150:
 1921 0167 4344 534D 	.string"CDSMemory"
 1921      656D 6F72 
 1921      7900 
 1922               	.LASF39:
 1923 0171 5F42 6967 	.string"_Bigint"
 1923      696E 7400 
 1924               	.LASF139:
 1925 0179 7569 6E74 	.string"uint8"
 1925      3800 
 1926               	.LASF51:
 1927 017f 5F5F 746D 	.string"__tm_wday"
 1927      5F77 6461 
68K GAS   			page 37


 1927      7900 
 1928               	.LASF93:
 1929 0189 5F72 6573 	.string"_result"
 1929      756C 7400 
 1930               	.LASF154:
 1931 0191 6465 7669 	.string"device"
 1931      6365 00
 1932               	.LASF47:
 1933 0198 5F5F 746D 	.string"__tm_hour"
 1933      5F68 6F75 
 1933      7200 
 1934               	.LASF153:
 1935 01a2 4346 455F 	.string"CFE_PSP_ReservedMemoryPtr"
 1935      5053 505F 
 1935      5265 7365 
 1935      7276 6564 
 1935      4D65 6D6F 
 1936               	.LASF34:
 1937 01bc 5F5F 636F 	.string"__count"
 1937      756E 7400 
 1938               	.LASF46:
 1939 01c4 5F5F 746D 	.string"__tm_min"
 1939      5F6D 696E 
 1939      00
 1940               	.LASF134:
 1941 01cd 5F69 6D70 	.string"_impure_ptr"
 1941      7572 655F 
 1941      7074 7200 
 1942               	.LASF138:
 1943 01d9 696E 7433 	.string"int32"
 1943      3200 
 1944               	.LASF129:
 1945 01df 5F6E 6578 	.string"_nextf"
 1945      7466 00
 1946               	.LASF155:
 1947 01e6 4465 7669 	.string"DeviceName"
 1947      6365 4E61 
 1947      6D65 00
 1948               	.LASF106:
 1949 01f1 5F72 616E 	.string"_rand48"
 1949      6434 3800 
 1950               	.LASF26:
 1951 01f9 5F4D 7574 	.string"_Mutex_recursive_Control"
 1951      6578 5F72 
 1951      6563 7572 
 1951      7369 7665 
 1951      5F43 6F6E 
 1952               	.LASF94:
 1953 0212 5F72 6573 	.string"_result_k"
 1953      756C 745F 
 1953      6B00 
 1954               	.LASF7:
 1955 021c 6C6F 6E67 	.string"long long unsigned int"
 1955      206C 6F6E 
 1955      6720 756E 
 1955      7369 676E 
 1955      6564 2069 
68K GAS   			page 38


 1956               	.LASF112:
 1957 0233 5F61 7363 	.string"_asctime_buf"
 1957      7469 6D65 
 1957      5F62 7566 
 1957      00
 1958               	.LASF65:
 1959 0240 5F5F 7346 	.string"__sFILE"
 1959      494C 4500 
 1960               	.LASF43:
 1961 0248 5F77 6473 	.string"_wds"
 1961      00
 1962               	.LASF102:
 1963 024d 5F5F 4649 	.string"__FILE"
 1963      4C45 00
 1964               	.LASF77:
 1965 0254 5F6F 6666 	.string"_offset"
 1965      7365 7400 
 1966               	.LASF88:
 1967 025c 5F65 6D65 	.string"_emergency"
 1967      7267 656E 
 1967      6379 00
 1968               	.LASF24:
 1969 0267 5F4D 7574 	.string"_Mutex_Control"
 1969      6578 5F43 
 1969      6F6E 7472 
 1969      6F6C 00
 1970               	.LASF17:
 1971 0276 5F4C 6F63 	.string"_Lock"
 1971      6B00 
 1972               	.LASF19:
 1973 027c 5F6F 776E 	.string"_owner"
 1973      6572 00
 1974               	.LASF45:
 1975 0283 5F5F 746D 	.string"__tm_sec"
 1975      5F73 6563 
 1975      00
 1976               	.LASF137:
 1977 028c 7375 626F 	.string"suboptarg"
 1977      7074 6172 
 1977      6700 
 1978               	.LASF52:
 1979 0296 5F5F 746D 	.string"__tm_yday"
 1979      5F79 6461 
 1979      7900 
 1980               	.LASF87:
 1981 02a0 5F69 6E63 	.string"_inc"
 1981      00
 1982               	.LASF60:
 1983 02a5 5F69 6E64 	.string"_ind"
 1983      00
 1984               	.LASF40:
 1985 02aa 5F6E 6578 	.string"_next"
 1985      7400 
 1986               	.LASF125:
 1987 02b0 5F6D 6273 	.string"_mbsrtowcs_state"
 1987      7274 6F77 
 1987      6373 5F73 
68K GAS   			page 39


 1987      7461 7465 
 1987      00
 1988               	.LASF143:
 1989 02c1 5F74 7A6E 	.string"_tzname"
 1989      616D 6500 
 1990               	.LASF35:
 1991 02c9 5F5F 7661 	.string"__value"
 1991      6C75 6500 
 1992               	.LASF95:
 1993 02d1 5F70 3573 	.string"_p5s"
 1993      00
 1994               	.LASF127:
 1995 02d6 5F77 6373 	.string"_wcsrtombs_state"
 1995      7274 6F6D 
 1995      6273 5F73 
 1995      7461 7465 
 1995      00
 1996               	.LASF117:
 1997 02e7 5F6D 626C 	.string"_mblen_state"
 1997      656E 5F73 
 1997      7461 7465 
 1997      00
 1998               	.LASF27:
 1999 02f4 5F4D 7574 	.string"_Mutex"
 1999      6578 00
 2000               	.LASF23:
 2001 02fb 6368 6172 	.string"char"
 2001      00
 2002               	.LASF48:
 2003 0300 5F5F 746D 	.string"__tm_mday"
 2003      5F6D 6461 
 2003      7900 
 2004               	.LASF100:
 2005 030a 5F73 6967 	.string"_sig_func"
 2005      5F66 756E 
 2005      6300 
 2006               	.LASF124:
 2007 0314 5F6D 6272 	.string"_mbrtowc_state"
 2007      746F 7763 
 2007      5F73 7461 
 2007      7465 00
 2008               	.LASF37:
 2009 0323 5F66 6C6F 	.string"_flock_t"
 2009      636B 5F74 
 2009      00
 2010               	.LASF32:
 2011 032c 5F5F 7763 	.string"__wch"
 2011      6800 
 2012               	.LASF105:
 2013 0332 5F69 6F62 	.string"_iobs"
 2013      7300 
 2014               	.LASF73:
 2015 0338 5F63 6C6F 	.string"_close"
 2015      7365 00
 2016               	.LASF91:
 2017 033f 5F5F 7364 	.string"__sdidinit"
 2017      6964 696E 
68K GAS   			page 40


 2017      6974 00
 2018               	.LASF141:
 2019 034a 5F74 696D 	.string"_timezone"
 2019      657A 6F6E 
 2019      6500 
 2020               	.LASF84:
 2021 0354 5F73 7464 	.string"_stdin"
 2021      696E 00
 2022               	.LASF114:
 2023 035b 5F67 616D 	.string"_gamma_signgam"
 2023      6D61 5F73 
 2023      6967 6E67 
 2023      616D 00
 2024               	.LASF6:
 2025 036a 6C6F 6E67 	.string"long long int"
 2025      206C 6F6E 
 2025      6720 696E 
 2025      7400 
 2026               	.LASF15:
 2027 0378 5F54 6963 	.string"_Ticket_lock_Control"
 2027      6B65 745F 
 2027      6C6F 636B 
 2027      5F43 6F6E 
 2027      7472 6F6C 
 2028               	.LASF63:
 2029 038d 5F62 6173 	.string"_base"
 2029      6500 
 2030               	.LASF96:
 2031 0393 5F66 7265 	.string"_freelist"
 2031      656C 6973 
 2031      7400 
 2032               	.LASF108:
 2033 039d 5F6D 756C 	.string"_mult"
 2033      7400 
 2034               	.LASF38:
 2035 03a3 5F5F 554C 	.string"__ULong"
 2035      6F6E 6700 
 2036               	.LASF159:
 2037 03ab 4346 455F 	.string"CFE_PSP_InitSSR"
 2037      5053 505F 
 2037      496E 6974 
 2037      5353 5200 
 2038               	.LASF144:
 2039 03bb 6273 705F 	.string"bsp_reset_type"
 2039      7265 7365 
 2039      745F 7479 
 2039      7065 00
 2040               	.LASF126:
 2041 03ca 5F77 6372 	.string"_wcrtomb_state"
 2041      746F 6D62 
 2041      5F73 7461 
 2041      7465 00
 2042               	.LASF67:
 2043 03d9 5F66 696C 	.string"_file"
 2043      6500 
 2044               	.LASF28:
 2045 03df 5F6E 6573 	.string"_nest_level"
68K GAS   			page 41


 2045      745F 6C65 
 2045      7665 6C00 
 2046               	.LASF158:
 2047 03eb 2F68 6F6D 	.string"/home/simulink/cFS_FreeRTOS_seL4/build/cpu1/cfe/psp"
 2047      652F 7369 
 2047      6D75 6C69 
 2047      6E6B 2F63 
 2047      4653 5F46 
 2048               	.LASF92:
 2049 041f 5F5F 636C 	.string"__cleanup"
 2049      6561 6E75 
 2049      7000 
 2050               	.LASF36:
 2051 0429 5F6D 6273 	.string"_mbstate_t"
 2051      7461 7465 
 2051      5F74 00
 2052               	.LASF55:
 2053 0434 5F66 6E61 	.string"_fnargs"
 2053      7267 7300 
 2054               	.LASF140:
 2055 043c 7569 6E74 	.string"uint32"
 2055      3332 00
 2056               	.LASF53:
 2057 0443 5F5F 746D 	.string"__tm_isdst"
 2057      5F69 7364 
 2057      7374 00
 2058               	.LASF136:
 2059 044e 5F67 6C6F 	.string"_global_atexit"
 2059      6261 6C5F 
 2059      6174 6578 
 2059      6974 00
 2060               	.LASF128:
 2061 045d 5F68 5F65 	.string"_h_errno"
 2061      7272 6E6F 
 2061      00
 2062               	.LASF157:
 2063 0466 2F68 6F6D 	.string"/home/simulink/cFS_FreeRTOS_seL4/psp/fsw/mcf5235-rtems/src/cfe_psp_ssr.c"
 2063      652F 7369 
 2063      6D75 6C69 
 2063      6E6B 2F63 
 2063      4653 5F46 
 2064               	.LASF49:
 2065 04af 5F5F 746D 	.string"__tm_mon"
 2065      5F6D 6F6E 
 2065      00
 2066               	.LASF9:
 2067 04b8 5F5F 696E 	.string"__int64_t"
 2067      7436 345F 
 2067      7400 
 2068               	.LASF8:
 2069 04c2 6C6F 6E67 	.string"long double"
 2069      2064 6F75 
 2069      626C 6500 
 2070               	.LASF22:
 2071 04ce 5F54 6872 	.string"_Thread_Control"
 2071      6561 645F 
 2071      436F 6E74 
68K GAS   			page 42


 2071      726F 6C00 
 2072               	.LASF152:
 2073 04de 4346 455F 	.string"CFE_PSP_ReservedMemory_t"
 2073      5053 505F 
 2073      5265 7365 
 2073      7276 6564 
 2073      4D65 6D6F 
 2074               	.LASF71:
 2075 04f7 5F77 7269 	.string"_write"
 2075      7465 00
 2076               	.LASF149:
 2077 04fe 566F 6C61 	.string"VolatileDiskMemory"
 2077      7469 6C65 
 2077      4469 736B 
 2077      4D65 6D6F 
 2077      7279 00
 2078               	.LASF59:
 2079 0511 5F61 7465 	.string"_atexit"
 2079      7869 7400 
 2080               	.LASF80:
 2081 0519 5F6D 6273 	.string"_mbstate"
 2081      7461 7465 
 2081      00
 2082               	.LASF2:
 2083 0522 7368 6F72 	.string"short int"
 2083      7420 696E 
 2083      7400 
 2084               	.LASF4:
 2085 052c 6C6F 6E67 	.string"long int"
 2085      2069 6E74 
 2085      00
 2086               	.LASF133:
 2087 0535 5F5F 7366 	.string"__sf"
 2087      00
 2088               	.LASF42:
 2089 053a 5F73 6967 	.string"_sign"
 2089      6E00 
 2090               	.LASF78:
 2091 0540 5F64 6174 	.string"_data"
 2091      6100 
 2092               	.LASF33:
 2093 0546 5F5F 7763 	.string"__wchb"
 2093      6862 00
 2094               	.LASF135:
 2095 054d 5F67 6C6F 	.string"_global_impure_ptr"
 2095      6261 6C5F 
 2095      696D 7075 
 2095      7265 5F70 
 2095      7472 00
 2096               	.LASF50:
 2097 0560 5F5F 746D 	.string"__tm_year"
 2097      5F79 6561 
 2097      7200 
 2098               	.LASF113:
 2099 056a 5F6C 6F63 	.string"_localtime_buf"
 2099      616C 7469 
 2099      6D65 5F62 
68K GAS   			page 43


 2099      7566 00
 2100               	.LASF131:
 2101 0579 5F75 6E75 	.string"_unused"
 2101      7365 6400 
 2102               	.LASF99:
 2103 0581 5F6E 6577 	.string"_new"
 2103      00
 2104               	.LASF97:
 2105 0586 5F63 7674 	.string"_cvtlen"
 2105      6C65 6E00 
 2106               	.LASF41:
 2107 058e 5F6D 6178 	.string"_maxwds"
 2107      7764 7300 
 2108               	.LASF120:
 2109 0596 5F6C 3634 	.string"_l64a_buf"
 2109      615F 6275 
 2109      6600 
 2110               	.LASF76:
 2111 05a0 5F62 6C6B 	.string"_blksize"
 2111      7369 7A65 
 2111      00
 2112               	.LASF44:
 2113 05a9 5F5F 746D 	.string"__tm"
 2113      00
 2114               	.LASF79:
 2115 05ae 5F6C 6F63 	.string"_lock"
 2115      6B00 
 2116               	.LASF5:
 2117 05b4 6C6F 6E67 	.string"long unsigned int"
 2117      2075 6E73 
 2117      6967 6E65 
 2117      6420 696E 
 2117      7400 
 2118               	.LASF104:
 2119 05c6 5F6E 696F 	.string"_niobs"
 2119      6273 00
 2120               	.LASF31:
 2121 05cd 7769 6E74 	.string"wint_t"
 2121      5F74 00
 2122               	.LASF56:
 2123 05d4 5F64 736F 	.string"_dso_handle"
 2123      5F68 616E 
 2123      646C 6500 
 2124               	.LASF16:
 2125 05e0 5F54 6872 	.string"_Thread_queue_Queue"
 2125      6561 645F 
 2125      7175 6575 
 2125      655F 5175 
 2125      6575 6500 
 2126               	.LASF98:
 2127 05f4 5F63 7674 	.string"_cvtbuf"
 2127      6275 6600 
 2128               	.LASF1:
 2129 05fc 756E 7369 	.string"unsigned char"
 2129      676E 6564 
 2129      2063 6861 
 2129      7200 
68K GAS   			page 44


 2130               	.LASF122:
 2131 060a 5F67 6574 	.string"_getdate_err"
 2131      6461 7465 
 2131      5F65 7272 
 2131      00
 2132               	.LASF109:
 2133 0617 5F61 6464 	.string"_add"
 2133      00
 2134               	.LASF62:
 2135 061c 5F5F 7362 	.string"__sbuf"
 2135      7566 00
 2136               	.LASF103:
 2137 0623 5F67 6C75 	.string"_glue"
 2137      6500 
 2138               	.LASF101:
 2139 0629 5F5F 7367 	.string"__sglue"
 2139      6C75 6500 
 2140               	.LASF111:
 2141 0631 5F73 7472 	.string"_strtok_last"
 2141      746F 6B5F 
 2141      6C61 7374 
 2141      00
 2142               	.LASF118:
 2143 063e 5F6D 6274 	.string"_mbtowc_state"
 2143      6F77 635F 
 2143      7374 6174 
 2143      6500 
 2144               	.LASF12:
 2145 064c 5F6E 6578 	.string"_next_ticket"
 2145      745F 7469 
 2145      636B 6574 
 2145      00
 2146               	.LASF90:
 2147 0659 5F6C 6F63 	.string"_locale"
 2147      616C 6500 
 2148               	.LASF148:
 2149 0661 5265 7365 	.string"ResetMemory"
 2149      744D 656D 
 2149      6F72 7900 
 2150               	.LASF30:
 2151 066d 5F73 7369 	.string"_ssize_t"
 2151      7A65 5F74 
 2151      00
 2152               	.LASF0:
 2153 0676 7369 676E 	.string"signed char"
 2153      6564 2063 
 2153      6861 7200 
 2154               	.LASF82:
 2155 0682 5F72 6565 	.string"_reent"
 2155      6E74 00
 2156               	.LASF3:
 2157 0689 7368 6F72 	.string"short unsigned int"
 2157      7420 756E 
 2157      7369 676E 
 2157      6564 2069 
 2157      6E74 00
 2158               	.LASF151:
68K GAS   			page 45


 2159 069c 5573 6572 	.string"UserReservedMemory"
 2159      5265 7365 
 2159      7276 6564 
 2159      4D65 6D6F 
 2159      7279 00
 2160               	.LASF57:
 2161 06af 5F66 6E74 	.string"_fntypes"
 2161      7970 6573 
 2161      00
 2162               	.LASF64:
 2163 06b8 5F73 697A 	.string"_size"
 2163      6500 
 2164               	.LASF145:
 2165 06be 7370 6172 	.string"spare1"
 2165      6531 00
 2166               	.LASF146:
 2167 06c5 7370 6172 	.string"spare2"
 2167      6532 00
 2168               	.LASF147:
 2169 06cc 7370 6172 	.string"spare3"
 2169      6533 00
 2170               	.LASF10:
 2171 06d3 5F6F 6666 	.string"_off_t"
 2171      5F74 00
 2172               	.LASF13:
 2173 06da 5F6E 6F77 	.string"_now_serving"
 2173      5F73 6572 
 2173      7669 6E67 
 2173      00
 2174               	.LASF110:
 2175 06e7 5F75 6E75 	.string"_unused_rand"
 2175      7365 645F 
 2175      7261 6E64 
 2175      00
 2176               	.LASF89:
 2177 06f4 5F75 6E73 	.string"_unspecified_locale_info"
 2177      7065 6369 
 2177      6669 6564 
 2177      5F6C 6F63 
 2177      616C 655F 
 2178               	.LASF81:
 2179 070d 5F66 6C61 	.string"_flags2"
 2179      6773 3200 
 2180               	.LASF58:
 2181 0715 5F69 735F 	.string"_is_cxa"
 2181      6378 6100 
 2182               	.LASF107:
 2183 071d 5F73 6565 	.string"_seed"
 2183      6400 
 2184               	.LASF115:
 2185 0723 5F72 616E 	.string"_rand_next"
 2185      645F 6E65 
 2185      7874 00
 2186               	.LASF132:
 2187 072e 5F5F 6C6F 	.string"__locale_t"
 2187      6361 6C65 
 2187      5F74 00
68K GAS   			page 46


 2188               	.LASF72:
 2189 0739 5F73 6565 	.string"_seek"
 2189      6B00 
 2190               	.LASF86:
 2191 073f 5F73 7464 	.string"_stderr"
 2191      6572 7200 
 2192               	.LASF130:
 2193 0747 5F6E 6D61 	.string"_nmalloc"
 2193      6C6C 6F63 
 2193      00
 2194               	.LASF74:
 2195 0750 5F75 6275 	.string"_ubuf"
 2195      6600 
 2196               	.ident"GCC: (GNU) 7.3.0 20180125 (RTEMS 5, RSB d2b25d131d55adcb38219f2cd8cbec2436ee78ab, Newlib 3.0.0)"
68K GAS   			page 47


DEFINED SYMBOLS
                            *ABS*:0000000000000000 cfe_psp_ssr.c
    {standard input}:9      .text:0000000000000000 CFE_PSP_InitSSR

NO UNDEFINED SYMBOLS
