68K GAS   			page 1


   1               	
   2               	.file"cfe_psp_memutils.c"
   3               	.text
   4               	.Ltext0:
   5               	.cfi_sections.debug_frame
   6               	.align2
   7               	.globlCFE_PSP_MemCpy
   8               	.typeCFE_PSP_MemCpy, @function
   9               	CFE_PSP_MemCpy:
  10               	.LFB58:
  11               	.file 1 "/home/simulink/cFS_FreeRTOS_seL4/psp/fsw/shared/cfe_psp_memutils.c"
   1:/home/simulink/cFS_FreeRTOS_seL4/psp/fsw/shared/cfe_psp_memutils.c **** /*
   2:/home/simulink/cFS_FreeRTOS_seL4/psp/fsw/shared/cfe_psp_memutils.c **** ** File   :	cfe_psp_memutils.c
   3:/home/simulink/cFS_FreeRTOS_seL4/psp/fsw/shared/cfe_psp_memutils.c **** **
   4:/home/simulink/cFS_FreeRTOS_seL4/psp/fsw/shared/cfe_psp_memutils.c **** **
   5:/home/simulink/cFS_FreeRTOS_seL4/psp/fsw/shared/cfe_psp_memutils.c **** **      Copyright (c) 2004-2011, United States Government as represented by 
   6:/home/simulink/cFS_FreeRTOS_seL4/psp/fsw/shared/cfe_psp_memutils.c **** **      Administrator for The National Aeronautics and Space Administration. 
   7:/home/simulink/cFS_FreeRTOS_seL4/psp/fsw/shared/cfe_psp_memutils.c **** **      All Rights Reserved.
   8:/home/simulink/cFS_FreeRTOS_seL4/psp/fsw/shared/cfe_psp_memutils.c **** **
   9:/home/simulink/cFS_FreeRTOS_seL4/psp/fsw/shared/cfe_psp_memutils.c **** **      This is governed by the NASA Open Source Agreement and may be used,
  10:/home/simulink/cFS_FreeRTOS_seL4/psp/fsw/shared/cfe_psp_memutils.c **** **      distributed and modified only pursuant to the terms of that agreement. 
  11:/home/simulink/cFS_FreeRTOS_seL4/psp/fsw/shared/cfe_psp_memutils.c **** **
  12:/home/simulink/cFS_FreeRTOS_seL4/psp/fsw/shared/cfe_psp_memutils.c **** ** Author :	Ezra Yeheskeli
  13:/home/simulink/cFS_FreeRTOS_seL4/psp/fsw/shared/cfe_psp_memutils.c **** **
  14:/home/simulink/cFS_FreeRTOS_seL4/psp/fsw/shared/cfe_psp_memutils.c **** ** Purpose:
  15:/home/simulink/cFS_FreeRTOS_seL4/psp/fsw/shared/cfe_psp_memutils.c **** **		   This file  contains some of the cFE Platform Support Layer.
  16:/home/simulink/cFS_FreeRTOS_seL4/psp/fsw/shared/cfe_psp_memutils.c **** **        It contains the processor architecture specific calls.
  17:/home/simulink/cFS_FreeRTOS_seL4/psp/fsw/shared/cfe_psp_memutils.c **** **
  18:/home/simulink/cFS_FreeRTOS_seL4/psp/fsw/shared/cfe_psp_memutils.c **** **
  19:/home/simulink/cFS_FreeRTOS_seL4/psp/fsw/shared/cfe_psp_memutils.c **** */
  20:/home/simulink/cFS_FreeRTOS_seL4/psp/fsw/shared/cfe_psp_memutils.c **** 
  21:/home/simulink/cFS_FreeRTOS_seL4/psp/fsw/shared/cfe_psp_memutils.c **** /*
  22:/home/simulink/cFS_FreeRTOS_seL4/psp/fsw/shared/cfe_psp_memutils.c **** ** Include section
  23:/home/simulink/cFS_FreeRTOS_seL4/psp/fsw/shared/cfe_psp_memutils.c **** */
  24:/home/simulink/cFS_FreeRTOS_seL4/psp/fsw/shared/cfe_psp_memutils.c **** 
  25:/home/simulink/cFS_FreeRTOS_seL4/psp/fsw/shared/cfe_psp_memutils.c **** #include <sys/types.h>
  26:/home/simulink/cFS_FreeRTOS_seL4/psp/fsw/shared/cfe_psp_memutils.c **** #include <unistd.h>
  27:/home/simulink/cFS_FreeRTOS_seL4/psp/fsw/shared/cfe_psp_memutils.c **** #include <string.h>
  28:/home/simulink/cFS_FreeRTOS_seL4/psp/fsw/shared/cfe_psp_memutils.c **** 
  29:/home/simulink/cFS_FreeRTOS_seL4/psp/fsw/shared/cfe_psp_memutils.c **** /*
  30:/home/simulink/cFS_FreeRTOS_seL4/psp/fsw/shared/cfe_psp_memutils.c **** ** User defined include files
  31:/home/simulink/cFS_FreeRTOS_seL4/psp/fsw/shared/cfe_psp_memutils.c **** */
  32:/home/simulink/cFS_FreeRTOS_seL4/psp/fsw/shared/cfe_psp_memutils.c **** 
  33:/home/simulink/cFS_FreeRTOS_seL4/psp/fsw/shared/cfe_psp_memutils.c **** #include "cfe_psp.h"
  34:/home/simulink/cFS_FreeRTOS_seL4/psp/fsw/shared/cfe_psp_memutils.c **** /*
  35:/home/simulink/cFS_FreeRTOS_seL4/psp/fsw/shared/cfe_psp_memutils.c **** ** global memory
  36:/home/simulink/cFS_FreeRTOS_seL4/psp/fsw/shared/cfe_psp_memutils.c **** */
  37:/home/simulink/cFS_FreeRTOS_seL4/psp/fsw/shared/cfe_psp_memutils.c **** 
  38:/home/simulink/cFS_FreeRTOS_seL4/psp/fsw/shared/cfe_psp_memutils.c **** /*
  39:/home/simulink/cFS_FreeRTOS_seL4/psp/fsw/shared/cfe_psp_memutils.c **** ** Name: CFE_PSP_MemCpy
  40:/home/simulink/cFS_FreeRTOS_seL4/psp/fsw/shared/cfe_psp_memutils.c **** **
  41:/home/simulink/cFS_FreeRTOS_seL4/psp/fsw/shared/cfe_psp_memutils.c **** ** Purpose:
  42:/home/simulink/cFS_FreeRTOS_seL4/psp/fsw/shared/cfe_psp_memutils.c **** **	Copies 'size' byte from memory address pointed by 'src' to memory
  43:/home/simulink/cFS_FreeRTOS_seL4/psp/fsw/shared/cfe_psp_memutils.c **** **  address pointed by ' dst' For now we are using the standard c library
  44:/home/simulink/cFS_FreeRTOS_seL4/psp/fsw/shared/cfe_psp_memutils.c **** **  call 'memcpy' but if we find we need to make it more efficient then
  45:/home/simulink/cFS_FreeRTOS_seL4/psp/fsw/shared/cfe_psp_memutils.c **** **  we'll implement it in assembly.
  46:/home/simulink/cFS_FreeRTOS_seL4/psp/fsw/shared/cfe_psp_memutils.c **** **
68K GAS   			page 2


  47:/home/simulink/cFS_FreeRTOS_seL4/psp/fsw/shared/cfe_psp_memutils.c **** ** Assumptions and Notes:
  48:/home/simulink/cFS_FreeRTOS_seL4/psp/fsw/shared/cfe_psp_memutils.c **** **
  49:/home/simulink/cFS_FreeRTOS_seL4/psp/fsw/shared/cfe_psp_memutils.c **** ** Parameters:
  50:/home/simulink/cFS_FreeRTOS_seL4/psp/fsw/shared/cfe_psp_memutils.c **** **	dst : pointer to an address to copy to
  51:/home/simulink/cFS_FreeRTOS_seL4/psp/fsw/shared/cfe_psp_memutils.c **** **  src : pointer address to copy from
  52:/home/simulink/cFS_FreeRTOS_seL4/psp/fsw/shared/cfe_psp_memutils.c **** **
  53:/home/simulink/cFS_FreeRTOS_seL4/psp/fsw/shared/cfe_psp_memutils.c **** ** Global Inputs: None
  54:/home/simulink/cFS_FreeRTOS_seL4/psp/fsw/shared/cfe_psp_memutils.c **** **
  55:/home/simulink/cFS_FreeRTOS_seL4/psp/fsw/shared/cfe_psp_memutils.c **** ** Global Outputs: None
  56:/home/simulink/cFS_FreeRTOS_seL4/psp/fsw/shared/cfe_psp_memutils.c **** **
  57:/home/simulink/cFS_FreeRTOS_seL4/psp/fsw/shared/cfe_psp_memutils.c **** **
  58:/home/simulink/cFS_FreeRTOS_seL4/psp/fsw/shared/cfe_psp_memutils.c **** ** Return Values: CFE_PSP_SUCCESS
  59:/home/simulink/cFS_FreeRTOS_seL4/psp/fsw/shared/cfe_psp_memutils.c **** */
  60:/home/simulink/cFS_FreeRTOS_seL4/psp/fsw/shared/cfe_psp_memutils.c **** int32 CFE_PSP_MemCpy ( void *dst, void *src, uint32 size)
  61:/home/simulink/cFS_FreeRTOS_seL4/psp/fsw/shared/cfe_psp_memutils.c **** {
  12               	.loc 1 61 0
  13               	.cfi_startproc
  62:/home/simulink/cFS_FreeRTOS_seL4/psp/fsw/shared/cfe_psp_memutils.c **** 	memcpy( dst, src, size);
  14               	.loc 1 62 0
  15 0000 2F2F 000C 	move.l 12(%sp),-(%sp)
  16               	.cfi_def_cfa_offset 8
  17 0004 2F2F 000C 	move.l 12(%sp),-(%sp)
  18               	.cfi_def_cfa_offset 12
  19 0008 2F2F 000C 	move.l 12(%sp),-(%sp)
  20               	.cfi_def_cfa_offset 16
  21 000c 4EB9 0000 	jsr memcpy
  21      0000 
  22 0012 4FEF 000C 	lea (12,%sp),%sp
  23               	.cfi_def_cfa_offset 4
  63:/home/simulink/cFS_FreeRTOS_seL4/psp/fsw/shared/cfe_psp_memutils.c **** 	return(CFE_PSP_SUCCESS) ;
  24               	.loc 1 63 0
  25 0016 4280      	clr.l %d0
  64:/home/simulink/cFS_FreeRTOS_seL4/psp/fsw/shared/cfe_psp_memutils.c **** } 
  26               	.loc 1 64 0
  27 0018 4E75      	rts
  28               	.cfi_endproc
  29               	.LFE58:
  30               	.sizeCFE_PSP_MemCpy, .-CFE_PSP_MemCpy
  31               	.align2
  32               	.globlCFE_PSP_MemSet
  33               	.typeCFE_PSP_MemSet, @function
  34               	CFE_PSP_MemSet:
  35               	.LFB59:
  65:/home/simulink/cFS_FreeRTOS_seL4/psp/fsw/shared/cfe_psp_memutils.c **** 
  66:/home/simulink/cFS_FreeRTOS_seL4/psp/fsw/shared/cfe_psp_memutils.c **** 
  67:/home/simulink/cFS_FreeRTOS_seL4/psp/fsw/shared/cfe_psp_memutils.c **** 
  68:/home/simulink/cFS_FreeRTOS_seL4/psp/fsw/shared/cfe_psp_memutils.c **** /*
  69:/home/simulink/cFS_FreeRTOS_seL4/psp/fsw/shared/cfe_psp_memutils.c **** ** Name: CFE_PSP_MemSet
  70:/home/simulink/cFS_FreeRTOS_seL4/psp/fsw/shared/cfe_psp_memutils.c **** **
  71:/home/simulink/cFS_FreeRTOS_seL4/psp/fsw/shared/cfe_psp_memutils.c **** ** Purpose:
  72:/home/simulink/cFS_FreeRTOS_seL4/psp/fsw/shared/cfe_psp_memutils.c **** **	Copies 'size' number of byte of value 'value' to memory address pointed
  73:/home/simulink/cFS_FreeRTOS_seL4/psp/fsw/shared/cfe_psp_memutils.c **** **  by 'dst' .For now we are using the standard c library call 'memset'
  74:/home/simulink/cFS_FreeRTOS_seL4/psp/fsw/shared/cfe_psp_memutils.c **** **  but if we find we need to make it more efficient then we'll implement
  75:/home/simulink/cFS_FreeRTOS_seL4/psp/fsw/shared/cfe_psp_memutils.c **** **  it in assembly.
  76:/home/simulink/cFS_FreeRTOS_seL4/psp/fsw/shared/cfe_psp_memutils.c **** **
  77:/home/simulink/cFS_FreeRTOS_seL4/psp/fsw/shared/cfe_psp_memutils.c **** **
  78:/home/simulink/cFS_FreeRTOS_seL4/psp/fsw/shared/cfe_psp_memutils.c **** ** Assumptions and Notes:
68K GAS   			page 3


  79:/home/simulink/cFS_FreeRTOS_seL4/psp/fsw/shared/cfe_psp_memutils.c **** **
  80:/home/simulink/cFS_FreeRTOS_seL4/psp/fsw/shared/cfe_psp_memutils.c **** ** Parameters:
  81:/home/simulink/cFS_FreeRTOS_seL4/psp/fsw/shared/cfe_psp_memutils.c **** **
  82:/home/simulink/cFS_FreeRTOS_seL4/psp/fsw/shared/cfe_psp_memutils.c **** ** Global Inputs: None
  83:/home/simulink/cFS_FreeRTOS_seL4/psp/fsw/shared/cfe_psp_memutils.c **** **
  84:/home/simulink/cFS_FreeRTOS_seL4/psp/fsw/shared/cfe_psp_memutils.c **** ** Global Outputs: None
  85:/home/simulink/cFS_FreeRTOS_seL4/psp/fsw/shared/cfe_psp_memutils.c **** **
  86:/home/simulink/cFS_FreeRTOS_seL4/psp/fsw/shared/cfe_psp_memutils.c **** **
  87:/home/simulink/cFS_FreeRTOS_seL4/psp/fsw/shared/cfe_psp_memutils.c **** ** Return Values: CFE_PSP_SUCCESS
  88:/home/simulink/cFS_FreeRTOS_seL4/psp/fsw/shared/cfe_psp_memutils.c **** */
  89:/home/simulink/cFS_FreeRTOS_seL4/psp/fsw/shared/cfe_psp_memutils.c **** /*
  90:/home/simulink/cFS_FreeRTOS_seL4/psp/fsw/shared/cfe_psp_memutils.c **** ** CFE_PSP_MemSet
  91:/home/simulink/cFS_FreeRTOS_seL4/psp/fsw/shared/cfe_psp_memutils.c **** */
  92:/home/simulink/cFS_FreeRTOS_seL4/psp/fsw/shared/cfe_psp_memutils.c **** int32 CFE_PSP_MemSet ( void *dst, uint8 value , uint32 size)
  93:/home/simulink/cFS_FreeRTOS_seL4/psp/fsw/shared/cfe_psp_memutils.c **** {
  36               	.loc 1 93 0
  37               	.cfi_startproc
  38 001a 598F      	subq.l #4,%sp
  39               	.cfi_def_cfa_offset 8
  40 001c 202F 000C 	move.l 12(%sp),%d0
  41 0020 1000      	move.b %d0,%d0
  42 0022 1E80      	move.b %d0,(%sp)
  94:/home/simulink/cFS_FreeRTOS_seL4/psp/fsw/shared/cfe_psp_memutils.c ****     memset( dst, (int)value, (size_t)size);
  43               	.loc 1 94 0
  44 0024 4280      	clr.l %d0
  45 0026 1017      	move.b (%sp),%d0
  46 0028 2F2F 0010 	move.l 16(%sp),-(%sp)
  47               	.cfi_def_cfa_offset 12
  48 002c 2F00      	move.l %d0,-(%sp)
  49               	.cfi_def_cfa_offset 16
  50 002e 2F2F 0010 	move.l 16(%sp),-(%sp)
  51               	.cfi_def_cfa_offset 20
  52 0032 4EB9 0000 	jsr memset
  52      0000 
  53 0038 4FEF 000C 	lea (12,%sp),%sp
  54               	.cfi_def_cfa_offset 8
  95:/home/simulink/cFS_FreeRTOS_seL4/psp/fsw/shared/cfe_psp_memutils.c **** 	 return(CFE_PSP_SUCCESS) ;
  55               	.loc 1 95 0
  56 003c 4280      	clr.l %d0
  96:/home/simulink/cFS_FreeRTOS_seL4/psp/fsw/shared/cfe_psp_memutils.c **** } 
  57               	.loc 1 96 0
  58 003e 588F      	addq.l #4,%sp
  59 0040 4E75      	rts
  60               	.cfi_endproc
  61               	.LFE59:
  62               	.sizeCFE_PSP_MemSet, .-CFE_PSP_MemSet
  63               	.Letext0:
  64               	.file 2 "/home/simulink/development/rtems/5/m68k-rtems5/include/machine/_default_types.h"
  65               	.file 3 "/home/simulink/development/rtems/5/lib/gcc/m68k-rtems5/7.3.0/include/stddef.h"
  66               	.file 4 "/home/simulink/development/rtems/5/m68k-rtems5/include/machine/_types.h"
  67               	.file 5 "/home/simulink/development/rtems/5/m68k-rtems5/include/sys/lock.h"
  68               	.file 6 "/home/simulink/development/rtems/5/m68k-rtems5/include/sys/_types.h"
  69               	.file 7 "/home/simulink/development/rtems/5/m68k-rtems5/include/sys/unistd.h"
  70               	.file 8 "/home/simulink/development/rtems/5/m68k-rtems5/include/sys/reent.h"
  71               	.file 9 "/home/simulink/cFS_FreeRTOS_seL4/osal/src/os/inc/common_types.h"
  72               	.file 10 "/home/simulink/development/rtems/5/m68k-rtems5/include/stdlib.h"
  73               	.file 11 "/home/simulink/development/rtems/5/m68k-rtems5/include/time.h"
68K GAS   			page 4


  74               	.section.debug_info,"",@progbits
  75               	.Ldebug_info0:
  76 0000 0000 0A75 	.long0xa75
  77 0004 0004      	.word0x4
  78 0006 0000 0000 	.long.Ldebug_abbrev0
  79 000a 04        	.byte0x4
  80 000b 01        	.uleb128 0x1
  81 000c 0000 0000 	.long.LASF153
  82 0010 0C        	.byte0xc
  83 0011 0000 0000 	.long.LASF154
  84 0015 0000 0000 	.long.LASF155
  85 0019 0000 0000 	.long.Ltext0
  86 001d 0000 0042 	.long.Letext0-.Ltext0
  87 0021 0000 0000 	.long.Ldebug_line0
  88 0025 02        	.uleb128 0x2
  89 0026 01        	.byte0x1
  90 0027 06        	.byte0x6
  91 0028 0000 0000 	.long.LASF0
  92 002c 02        	.uleb128 0x2
  93 002d 01        	.byte0x1
  94 002e 08        	.byte0x8
  95 002f 0000 0000 	.long.LASF1
  96 0033 02        	.uleb128 0x2
  97 0034 02        	.byte0x2
  98 0035 05        	.byte0x5
  99 0036 0000 0000 	.long.LASF2
 100 003a 02        	.uleb128 0x2
 101 003b 02        	.byte0x2
 102 003c 07        	.byte0x7
 103 003d 0000 0000 	.long.LASF3
 104 0041 02        	.uleb128 0x2
 105 0042 04        	.byte0x4
 106 0043 05        	.byte0x5
 107 0044 0000 0000 	.long.LASF4
 108 0048 02        	.uleb128 0x2
 109 0049 04        	.byte0x4
 110 004a 07        	.byte0x7
 111 004b 0000 0000 	.long.LASF5
 112 004f 03        	.uleb128 0x3
 113 0050 0000 0000 	.long.LASF8
 114 0054 02        	.byte0x2
 115 0055 67        	.byte0x67
 116 0056 0000 005A 	.long0x5a
 117 005a 02        	.uleb128 0x2
 118 005b 08        	.byte0x8
 119 005c 05        	.byte0x5
 120 005d 0000 0000 	.long.LASF6
 121 0061 02        	.uleb128 0x2
 122 0062 08        	.byte0x8
 123 0063 07        	.byte0x7
 124 0064 0000 0000 	.long.LASF7
 125 0068 03        	.uleb128 0x3
 126 0069 0000 0000 	.long.LASF9
 127 006d 03        	.byte0x3
 128 006e D8        	.byte0xd8
 129 006f 0000 0048 	.long0x48
 130 0073 02        	.uleb128 0x2
68K GAS   			page 5


 131 0074 08        	.byte0x8
 132 0075 04        	.byte0x4
 133 0076 0000 0000 	.long.LASF10
 134 007a 03        	.uleb128 0x3
 135 007b 0000 0000 	.long.LASF11
 136 007f 04        	.byte0x4
 137 0080 10        	.byte0x10
 138 0081 0000 004F 	.long0x4f
 139 0085 03        	.uleb128 0x3
 140 0086 0000 0000 	.long.LASF12
 141 008a 04        	.byte0x4
 142 008b 16        	.byte0x16
 143 008c 0000 007A 	.long0x7a
 144 0090 04        	.uleb128 0x4
 145 0091 04        	.byte0x4
 146 0092 05        	.byte0x5
 147 0093 696E 7400 	.string"int"
 148 0097 05        	.uleb128 0x5
 149 0098 0000 0000 	.long.LASF16
 150 009c 08        	.byte0x8
 151 009d 05        	.byte0x5
 152 009e 28        	.byte0x28
 153 009f 0000 00BC 	.long0xbc
 154 00a3 06        	.uleb128 0x6
 155 00a4 0000 0000 	.long.LASF13
 156 00a8 05        	.byte0x5
 157 00a9 29        	.byte0x29
 158 00aa 0000 00BC 	.long0xbc
 159 00ae 00        	.byte0
 160 00af 06        	.uleb128 0x6
 161 00b0 0000 0000 	.long.LASF14
 162 00b4 05        	.byte0x5
 163 00b5 2A        	.byte0x2a
 164 00b6 0000 00BC 	.long0xbc
 165 00ba 04        	.byte0x4
 166 00bb 00        	.byte0
 167 00bc 02        	.uleb128 0x2
 168 00bd 04        	.byte0x4
 169 00be 07        	.byte0x7
 170 00bf 0000 0000 	.long.LASF15
 171 00c3 05        	.uleb128 0x5
 172 00c4 0000 0000 	.long.LASF17
 173 00c8 14        	.byte0x14
 174 00c9 05        	.byte0x5
 175 00ca 2D        	.byte0x2d
 176 00cb 0000 0100 	.long0x100
 177 00cf 06        	.uleb128 0x6
 178 00d0 0000 0000 	.long.LASF18
 179 00d4 05        	.byte0x5
 180 00d5 2E        	.byte0x2e
 181 00d6 0000 0097 	.long0x97
 182 00da 00        	.byte0
 183 00db 06        	.uleb128 0x6
 184 00dc 0000 0000 	.long.LASF19
 185 00e0 05        	.byte0x5
 186 00e1 2F        	.byte0x2f
 187 00e2 0000 0105 	.long0x105
68K GAS   			page 6


 188 00e6 08        	.byte0x8
 189 00e7 06        	.uleb128 0x6
 190 00e8 0000 0000 	.long.LASF20
 191 00ec 05        	.byte0x5
 192 00ed 30        	.byte0x30
 193 00ee 0000 0110 	.long0x110
 194 00f2 0C        	.byte0xc
 195 00f3 06        	.uleb128 0x6
 196 00f4 0000 0000 	.long.LASF21
 197 00f8 05        	.byte0x5
 198 00f9 31        	.byte0x31
 199 00fa 0000 0116 	.long0x116
 200 00fe 10        	.byte0x10
 201 00ff 00        	.byte0
 202 0100 07        	.uleb128 0x7
 203 0101 0000 0000 	.long.LASF22
 204 0105 08        	.uleb128 0x8
 205 0106 04        	.byte0x4
 206 0107 0000 0100 	.long0x100
 207 010b 07        	.uleb128 0x7
 208 010c 0000 0000 	.long.LASF23
 209 0110 08        	.uleb128 0x8
 210 0111 04        	.byte0x4
 211 0112 0000 010B 	.long0x10b
 212 0116 08        	.uleb128 0x8
 213 0117 04        	.byte0x4
 214 0118 0000 0123 	.long0x123
 215 011c 02        	.uleb128 0x2
 216 011d 01        	.byte0x1
 217 011e 06        	.byte0x6
 218 011f 0000 0000 	.long.LASF24
 219 0123 09        	.uleb128 0x9
 220 0124 0000 011C 	.long0x11c
 221 0128 05        	.uleb128 0x5
 222 0129 0000 0000 	.long.LASF25
 223 012d 14        	.byte0x14
 224 012e 05        	.byte0x5
 225 012f 34        	.byte0x34
 226 0130 0000 0141 	.long0x141
 227 0134 06        	.uleb128 0x6
 228 0135 0000 0000 	.long.LASF26
 229 0139 05        	.byte0x5
 230 013a 35        	.byte0x35
 231 013b 0000 00C3 	.long0xc3
 232 013f 00        	.byte0
 233 0140 00        	.byte0
 234 0141 05        	.uleb128 0x5
 235 0142 0000 0000 	.long.LASF27
 236 0146 18        	.byte0x18
 237 0147 05        	.byte0x5
 238 0148 38        	.byte0x38
 239 0149 0000 0166 	.long0x166
 240 014d 06        	.uleb128 0x6
 241 014e 0000 0000 	.long.LASF28
 242 0152 05        	.byte0x5
 243 0153 39        	.byte0x39
 244 0154 0000 0128 	.long0x128
68K GAS   			page 7


 245 0158 00        	.byte0
 246 0159 06        	.uleb128 0x6
 247 015a 0000 0000 	.long.LASF29
 248 015e 05        	.byte0x5
 249 015f 3A        	.byte0x3a
 250 0160 0000 00BC 	.long0xbc
 251 0164 14        	.byte0x14
 252 0165 00        	.byte0
 253 0166 0A        	.uleb128 0xa
 254 0167 0000 0000 	.long.LASF30
 255 016b 05        	.byte0x5
 256 016c 0171      	.word0x171
 257 016e 0000 0141 	.long0x141
 258 0172 03        	.uleb128 0x3
 259 0173 0000 0000 	.long.LASF31
 260 0177 06        	.byte0x6
 261 0178 91        	.byte0x91
 262 0179 0000 0041 	.long0x41
 263 017d 0A        	.uleb128 0xa
 264 017e 0000 0000 	.long.LASF32
 265 0182 03        	.byte0x3
 266 0183 0165      	.word0x165
 267 0185 0000 00BC 	.long0xbc
 268 0189 0B        	.uleb128 0xb
 269 018a 04        	.byte0x4
 270 018b 06        	.byte0x6
 271 018c A6        	.byte0xa6
 272 018d 0000 01A8 	.long0x1a8
 273 0191 0C        	.uleb128 0xc
 274 0192 0000 0000 	.long.LASF33
 275 0196 06        	.byte0x6
 276 0197 A8        	.byte0xa8
 277 0198 0000 017D 	.long0x17d
 278 019c 0C        	.uleb128 0xc
 279 019d 0000 0000 	.long.LASF34
 280 01a1 06        	.byte0x6
 281 01a2 A9        	.byte0xa9
 282 01a3 0000 01A8 	.long0x1a8
 283 01a7 00        	.byte0
 284 01a8 0D        	.uleb128 0xd
 285 01a9 0000 002C 	.long0x2c
 286 01ad 0000 01B8 	.long0x1b8
 287 01b1 0E        	.uleb128 0xe
 288 01b2 0000 0048 	.long0x48
 289 01b6 03        	.byte0x3
 290 01b7 00        	.byte0
 291 01b8 0F        	.uleb128 0xf
 292 01b9 08        	.byte0x8
 293 01ba 06        	.byte0x6
 294 01bb A3        	.byte0xa3
 295 01bc 0000 01D9 	.long0x1d9
 296 01c0 06        	.uleb128 0x6
 297 01c1 0000 0000 	.long.LASF35
 298 01c5 06        	.byte0x6
 299 01c6 A5        	.byte0xa5
 300 01c7 0000 0090 	.long0x90
 301 01cb 00        	.byte0
68K GAS   			page 8


 302 01cc 06        	.uleb128 0x6
 303 01cd 0000 0000 	.long.LASF36
 304 01d1 06        	.byte0x6
 305 01d2 AA        	.byte0xaa
 306 01d3 0000 0189 	.long0x189
 307 01d7 04        	.byte0x4
 308 01d8 00        	.byte0
 309 01d9 03        	.uleb128 0x3
 310 01da 0000 0000 	.long.LASF37
 311 01de 06        	.byte0x6
 312 01df AB        	.byte0xab
 313 01e0 0000 01B8 	.long0x1b8
 314 01e4 03        	.uleb128 0x3
 315 01e5 0000 0000 	.long.LASF38
 316 01e9 06        	.byte0x6
 317 01ea AF        	.byte0xaf
 318 01eb 0000 0166 	.long0x166
 319 01ef 10        	.uleb128 0x10
 320 01f0 04        	.byte0x4
 321 01f1 08        	.uleb128 0x8
 322 01f2 04        	.byte0x4
 323 01f3 0000 011C 	.long0x11c
 324 01f7 11        	.uleb128 0x11
 325 01f8 0000 0000 	.long.LASF39
 326 01fc 07        	.byte0x7
 327 01fd 10        	.byte0x10
 328 01fe 0000 0202 	.long0x202
 329 0202 08        	.uleb128 0x8
 330 0203 04        	.byte0x4
 331 0204 0000 01F1 	.long0x1f1
 332 0208 11        	.uleb128 0x11
 333 0209 0000 0000 	.long.LASF40
 334 020d 07        	.byte0x7
 335 020e FC        	.byte0xfc
 336 020f 0000 01F1 	.long0x1f1
 337 0213 11        	.uleb128 0x11
 338 0214 0000 0000 	.long.LASF41
 339 0218 07        	.byte0x7
 340 0219 FD        	.byte0xfd
 341 021a 0000 0090 	.long0x90
 342 021e 11        	.uleb128 0x11
 343 021f 0000 0000 	.long.LASF42
 344 0223 07        	.byte0x7
 345 0224 FD        	.byte0xfd
 346 0225 0000 0090 	.long0x90
 347 0229 11        	.uleb128 0x11
 348 022a 0000 0000 	.long.LASF43
 349 022e 07        	.byte0x7
 350 022f FD        	.byte0xfd
 351 0230 0000 0090 	.long0x90
 352 0234 11        	.uleb128 0x11
 353 0235 0000 0000 	.long.LASF44
 354 0239 07        	.byte0x7
 355 023a FF        	.byte0xff
 356 023b 0000 0090 	.long0x90
 357 023f 03        	.uleb128 0x3
 358 0240 0000 0000 	.long.LASF45
68K GAS   			page 9


 359 0244 08        	.byte0x8
 360 0245 16        	.byte0x16
 361 0246 0000 0048 	.long0x48
 362 024a 05        	.uleb128 0x5
 363 024b 0000 0000 	.long.LASF46
 364 024f 18        	.byte0x18
 365 0250 08        	.byte0x8
 366 0251 2F        	.byte0x2f
 367 0252 0000 029D 	.long0x29d
 368 0256 06        	.uleb128 0x6
 369 0257 0000 0000 	.long.LASF47
 370 025b 08        	.byte0x8
 371 025c 31        	.byte0x31
 372 025d 0000 029D 	.long0x29d
 373 0261 00        	.byte0
 374 0262 12        	.uleb128 0x12
 375 0263 5F6B 00   	.string"_k"
 376 0266 08        	.byte0x8
 377 0267 32        	.byte0x32
 378 0268 0000 0090 	.long0x90
 379 026c 04        	.byte0x4
 380 026d 06        	.uleb128 0x6
 381 026e 0000 0000 	.long.LASF48
 382 0272 08        	.byte0x8
 383 0273 32        	.byte0x32
 384 0274 0000 0090 	.long0x90
 385 0278 08        	.byte0x8
 386 0279 06        	.uleb128 0x6
 387 027a 0000 0000 	.long.LASF49
 388 027e 08        	.byte0x8
 389 027f 32        	.byte0x32
 390 0280 0000 0090 	.long0x90
 391 0284 0C        	.byte0xc
 392 0285 06        	.uleb128 0x6
 393 0286 0000 0000 	.long.LASF50
 394 028a 08        	.byte0x8
 395 028b 32        	.byte0x32
 396 028c 0000 0090 	.long0x90
 397 0290 10        	.byte0x10
 398 0291 12        	.uleb128 0x12
 399 0292 5F78 00   	.string"_x"
 400 0295 08        	.byte0x8
 401 0296 33        	.byte0x33
 402 0297 0000 02A3 	.long0x2a3
 403 029b 14        	.byte0x14
 404 029c 00        	.byte0
 405 029d 08        	.uleb128 0x8
 406 029e 04        	.byte0x4
 407 029f 0000 024A 	.long0x24a
 408 02a3 0D        	.uleb128 0xd
 409 02a4 0000 023F 	.long0x23f
 410 02a8 0000 02B3 	.long0x2b3
 411 02ac 0E        	.uleb128 0xe
 412 02ad 0000 0048 	.long0x48
 413 02b1 00        	.byte0
 414 02b2 00        	.byte0
 415 02b3 05        	.uleb128 0x5
68K GAS   			page 10


 416 02b4 0000 0000 	.long.LASF51
 417 02b8 24        	.byte0x24
 418 02b9 08        	.byte0x8
 419 02ba 37        	.byte0x37
 420 02bb 0000 032C 	.long0x32c
 421 02bf 06        	.uleb128 0x6
 422 02c0 0000 0000 	.long.LASF52
 423 02c4 08        	.byte0x8
 424 02c5 39        	.byte0x39
 425 02c6 0000 0090 	.long0x90
 426 02ca 00        	.byte0
 427 02cb 06        	.uleb128 0x6
 428 02cc 0000 0000 	.long.LASF53
 429 02d0 08        	.byte0x8
 430 02d1 3A        	.byte0x3a
 431 02d2 0000 0090 	.long0x90
 432 02d6 04        	.byte0x4
 433 02d7 06        	.uleb128 0x6
 434 02d8 0000 0000 	.long.LASF54
 435 02dc 08        	.byte0x8
 436 02dd 3B        	.byte0x3b
 437 02de 0000 0090 	.long0x90
 438 02e2 08        	.byte0x8
 439 02e3 06        	.uleb128 0x6
 440 02e4 0000 0000 	.long.LASF55
 441 02e8 08        	.byte0x8
 442 02e9 3C        	.byte0x3c
 443 02ea 0000 0090 	.long0x90
 444 02ee 0C        	.byte0xc
 445 02ef 06        	.uleb128 0x6
 446 02f0 0000 0000 	.long.LASF56
 447 02f4 08        	.byte0x8
 448 02f5 3D        	.byte0x3d
 449 02f6 0000 0090 	.long0x90
 450 02fa 10        	.byte0x10
 451 02fb 06        	.uleb128 0x6
 452 02fc 0000 0000 	.long.LASF57
 453 0300 08        	.byte0x8
 454 0301 3E        	.byte0x3e
 455 0302 0000 0090 	.long0x90
 456 0306 14        	.byte0x14
 457 0307 06        	.uleb128 0x6
 458 0308 0000 0000 	.long.LASF58
 459 030c 08        	.byte0x8
 460 030d 3F        	.byte0x3f
 461 030e 0000 0090 	.long0x90
 462 0312 18        	.byte0x18
 463 0313 06        	.uleb128 0x6
 464 0314 0000 0000 	.long.LASF59
 465 0318 08        	.byte0x8
 466 0319 40        	.byte0x40
 467 031a 0000 0090 	.long0x90
 468 031e 1C        	.byte0x1c
 469 031f 06        	.uleb128 0x6
 470 0320 0000 0000 	.long.LASF60
 471 0324 08        	.byte0x8
 472 0325 41        	.byte0x41
68K GAS   			page 11


 473 0326 0000 0090 	.long0x90
 474 032a 20        	.byte0x20
 475 032b 00        	.byte0
 476 032c 13        	.uleb128 0x13
 477 032d 0000 0000 	.long.LASF61
 478 0331 0108      	.word0x108
 479 0333 08        	.byte0x8
 480 0334 4A        	.byte0x4a
 481 0335 0000 036C 	.long0x36c
 482 0339 06        	.uleb128 0x6
 483 033a 0000 0000 	.long.LASF62
 484 033e 08        	.byte0x8
 485 033f 4B        	.byte0x4b
 486 0340 0000 036C 	.long0x36c
 487 0344 00        	.byte0
 488 0345 06        	.uleb128 0x6
 489 0346 0000 0000 	.long.LASF63
 490 034a 08        	.byte0x8
 491 034b 4C        	.byte0x4c
 492 034c 0000 036C 	.long0x36c
 493 0350 80        	.byte0x80
 494 0351 14        	.uleb128 0x14
 495 0352 0000 0000 	.long.LASF64
 496 0356 08        	.byte0x8
 497 0357 4E        	.byte0x4e
 498 0358 0000 023F 	.long0x23f
 499 035c 0100      	.word0x100
 500 035e 14        	.uleb128 0x14
 501 035f 0000 0000 	.long.LASF65
 502 0363 08        	.byte0x8
 503 0364 51        	.byte0x51
 504 0365 0000 023F 	.long0x23f
 505 0369 0104      	.word0x104
 506 036b 00        	.byte0
 507 036c 0D        	.uleb128 0xd
 508 036d 0000 01EF 	.long0x1ef
 509 0371 0000 037C 	.long0x37c
 510 0375 0E        	.uleb128 0xe
 511 0376 0000 0048 	.long0x48
 512 037a 1F        	.byte0x1f
 513 037b 00        	.byte0
 514 037c 13        	.uleb128 0x13
 515 037d 0000 0000 	.long.LASF66
 516 0381 0190      	.word0x190
 517 0383 08        	.byte0x8
 518 0384 5D        	.byte0x5d
 519 0385 0000 03BA 	.long0x3ba
 520 0389 06        	.uleb128 0x6
 521 038a 0000 0000 	.long.LASF47
 522 038e 08        	.byte0x8
 523 038f 5E        	.byte0x5e
 524 0390 0000 03BA 	.long0x3ba
 525 0394 00        	.byte0
 526 0395 06        	.uleb128 0x6
 527 0396 0000 0000 	.long.LASF67
 528 039a 08        	.byte0x8
 529 039b 5F        	.byte0x5f
68K GAS   			page 12


 530 039c 0000 0090 	.long0x90
 531 03a0 04        	.byte0x4
 532 03a1 06        	.uleb128 0x6
 533 03a2 0000 0000 	.long.LASF68
 534 03a6 08        	.byte0x8
 535 03a7 61        	.byte0x61
 536 03a8 0000 03C0 	.long0x3c0
 537 03ac 08        	.byte0x8
 538 03ad 06        	.uleb128 0x6
 539 03ae 0000 0000 	.long.LASF61
 540 03b2 08        	.byte0x8
 541 03b3 62        	.byte0x62
 542 03b4 0000 032C 	.long0x32c
 543 03b8 88        	.byte0x88
 544 03b9 00        	.byte0
 545 03ba 08        	.uleb128 0x8
 546 03bb 04        	.byte0x4
 547 03bc 0000 037C 	.long0x37c
 548 03c0 0D        	.uleb128 0xd
 549 03c1 0000 03D0 	.long0x3d0
 550 03c5 0000 03D0 	.long0x3d0
 551 03c9 0E        	.uleb128 0xe
 552 03ca 0000 0048 	.long0x48
 553 03ce 1F        	.byte0x1f
 554 03cf 00        	.byte0
 555 03d0 08        	.uleb128 0x8
 556 03d1 04        	.byte0x4
 557 03d2 0000 03D6 	.long0x3d6
 558 03d6 15        	.uleb128 0x15
 559 03d7 05        	.uleb128 0x5
 560 03d8 0000 0000 	.long.LASF69
 561 03dc 08        	.byte0x8
 562 03dd 08        	.byte0x8
 563 03de 75        	.byte0x75
 564 03df 0000 03FC 	.long0x3fc
 565 03e3 06        	.uleb128 0x6
 566 03e4 0000 0000 	.long.LASF70
 567 03e8 08        	.byte0x8
 568 03e9 76        	.byte0x76
 569 03ea 0000 03FC 	.long0x3fc
 570 03ee 00        	.byte0
 571 03ef 06        	.uleb128 0x6
 572 03f0 0000 0000 	.long.LASF71
 573 03f4 08        	.byte0x8
 574 03f5 77        	.byte0x77
 575 03f6 0000 0090 	.long0x90
 576 03fa 04        	.byte0x4
 577 03fb 00        	.byte0
 578 03fc 08        	.uleb128 0x8
 579 03fd 04        	.byte0x4
 580 03fe 0000 002C 	.long0x2c
 581 0402 05        	.uleb128 0x5
 582 0403 0000 0000 	.long.LASF72
 583 0407 80        	.byte0x80
 584 0408 08        	.byte0x8
 585 0409 B5        	.byte0xb5
 586 040a 0000 052C 	.long0x52c
68K GAS   			page 13


 587 040e 12        	.uleb128 0x12
 588 040f 5F70 00   	.string"_p"
 589 0412 08        	.byte0x8
 590 0413 B6        	.byte0xb6
 591 0414 0000 03FC 	.long0x3fc
 592 0418 00        	.byte0
 593 0419 12        	.uleb128 0x12
 594 041a 5F72 00   	.string"_r"
 595 041d 08        	.byte0x8
 596 041e B7        	.byte0xb7
 597 041f 0000 0090 	.long0x90
 598 0423 04        	.byte0x4
 599 0424 12        	.uleb128 0x12
 600 0425 5F77 00   	.string"_w"
 601 0428 08        	.byte0x8
 602 0429 B8        	.byte0xb8
 603 042a 0000 0090 	.long0x90
 604 042e 08        	.byte0x8
 605 042f 06        	.uleb128 0x6
 606 0430 0000 0000 	.long.LASF73
 607 0434 08        	.byte0x8
 608 0435 B9        	.byte0xb9
 609 0436 0000 0033 	.long0x33
 610 043a 0C        	.byte0xc
 611 043b 06        	.uleb128 0x6
 612 043c 0000 0000 	.long.LASF74
 613 0440 08        	.byte0x8
 614 0441 BA        	.byte0xba
 615 0442 0000 0033 	.long0x33
 616 0446 0E        	.byte0xe
 617 0447 12        	.uleb128 0x12
 618 0448 5F62 6600 	.string"_bf"
 619 044c 08        	.byte0x8
 620 044d BB        	.byte0xbb
 621 044e 0000 03D7 	.long0x3d7
 622 0452 10        	.byte0x10
 623 0453 06        	.uleb128 0x6
 624 0454 0000 0000 	.long.LASF75
 625 0458 08        	.byte0x8
 626 0459 BC        	.byte0xbc
 627 045a 0000 0090 	.long0x90
 628 045e 18        	.byte0x18
 629 045f 06        	.uleb128 0x6
 630 0460 0000 0000 	.long.LASF76
 631 0464 08        	.byte0x8
 632 0465 C3        	.byte0xc3
 633 0466 0000 01EF 	.long0x1ef
 634 046a 1C        	.byte0x1c
 635 046b 06        	.uleb128 0x6
 636 046c 0000 0000 	.long.LASF77
 637 0470 08        	.byte0x8
 638 0471 C5        	.byte0xc5
 639 0472 0000 065D 	.long0x65d
 640 0476 20        	.byte0x20
 641 0477 06        	.uleb128 0x6
 642 0478 0000 0000 	.long.LASF78
 643 047c 08        	.byte0x8
68K GAS   			page 14


 644 047d C7        	.byte0xc7
 645 047e 0000 0681 	.long0x681
 646 0482 24        	.byte0x24
 647 0483 06        	.uleb128 0x6
 648 0484 0000 0000 	.long.LASF79
 649 0488 08        	.byte0x8
 650 0489 CA        	.byte0xca
 651 048a 0000 06A5 	.long0x6a5
 652 048e 28        	.byte0x28
 653 048f 06        	.uleb128 0x6
 654 0490 0000 0000 	.long.LASF80
 655 0494 08        	.byte0x8
 656 0495 CB        	.byte0xcb
 657 0496 0000 06BF 	.long0x6bf
 658 049a 2C        	.byte0x2c
 659 049b 12        	.uleb128 0x12
 660 049c 5F75 6200 	.string"_ub"
 661 04a0 08        	.byte0x8
 662 04a1 CE        	.byte0xce
 663 04a2 0000 03D7 	.long0x3d7
 664 04a6 30        	.byte0x30
 665 04a7 12        	.uleb128 0x12
 666 04a8 5F75 7000 	.string"_up"
 667 04ac 08        	.byte0x8
 668 04ad CF        	.byte0xcf
 669 04ae 0000 03FC 	.long0x3fc
 670 04b2 38        	.byte0x38
 671 04b3 12        	.uleb128 0x12
 672 04b4 5F75 7200 	.string"_ur"
 673 04b8 08        	.byte0x8
 674 04b9 D0        	.byte0xd0
 675 04ba 0000 0090 	.long0x90
 676 04be 3C        	.byte0x3c
 677 04bf 06        	.uleb128 0x6
 678 04c0 0000 0000 	.long.LASF81
 679 04c4 08        	.byte0x8
 680 04c5 D3        	.byte0xd3
 681 04c6 0000 06C5 	.long0x6c5
 682 04ca 40        	.byte0x40
 683 04cb 06        	.uleb128 0x6
 684 04cc 0000 0000 	.long.LASF82
 685 04d0 08        	.byte0x8
 686 04d1 D4        	.byte0xd4
 687 04d2 0000 06D5 	.long0x6d5
 688 04d6 43        	.byte0x43
 689 04d7 12        	.uleb128 0x12
 690 04d8 5F6C 6200 	.string"_lb"
 691 04dc 08        	.byte0x8
 692 04dd D7        	.byte0xd7
 693 04de 0000 03D7 	.long0x3d7
 694 04e2 44        	.byte0x44
 695 04e3 06        	.uleb128 0x6
 696 04e4 0000 0000 	.long.LASF83
 697 04e8 08        	.byte0x8
 698 04e9 DA        	.byte0xda
 699 04ea 0000 0090 	.long0x90
 700 04ee 4C        	.byte0x4c
68K GAS   			page 15


 701 04ef 06        	.uleb128 0x6
 702 04f0 0000 0000 	.long.LASF84
 703 04f4 08        	.byte0x8
 704 04f5 DB        	.byte0xdb
 705 04f6 0000 007A 	.long0x7a
 706 04fa 50        	.byte0x50
 707 04fb 06        	.uleb128 0x6
 708 04fc 0000 0000 	.long.LASF85
 709 0500 08        	.byte0x8
 710 0501 DE        	.byte0xde
 711 0502 0000 054A 	.long0x54a
 712 0506 58        	.byte0x58
 713 0507 06        	.uleb128 0x6
 714 0508 0000 0000 	.long.LASF86
 715 050c 08        	.byte0x8
 716 050d E2        	.byte0xe2
 717 050e 0000 01E4 	.long0x1e4
 718 0512 5C        	.byte0x5c
 719 0513 06        	.uleb128 0x6
 720 0514 0000 0000 	.long.LASF87
 721 0518 08        	.byte0x8
 722 0519 E4        	.byte0xe4
 723 051a 0000 01D9 	.long0x1d9
 724 051e 74        	.byte0x74
 725 051f 06        	.uleb128 0x6
 726 0520 0000 0000 	.long.LASF88
 727 0524 08        	.byte0x8
 728 0525 E5        	.byte0xe5
 729 0526 0000 0090 	.long0x90
 730 052a 7C        	.byte0x7c
 731 052b 00        	.byte0
 732 052c 16        	.uleb128 0x16
 733 052d 0000 0172 	.long0x172
 734 0531 0000 054A 	.long0x54a
 735 0535 17        	.uleb128 0x17
 736 0536 0000 054A 	.long0x54a
 737 053a 17        	.uleb128 0x17
 738 053b 0000 01EF 	.long0x1ef
 739 053f 17        	.uleb128 0x17
 740 0540 0000 01F1 	.long0x1f1
 741 0544 17        	.uleb128 0x17
 742 0545 0000 0090 	.long0x90
 743 0549 00        	.byte0
 744 054a 08        	.uleb128 0x8
 745 054b 04        	.byte0x4
 746 054c 0000 0555 	.long0x555
 747 0550 09        	.uleb128 0x9
 748 0551 0000 054A 	.long0x54a
 749 0555 18        	.uleb128 0x18
 750 0556 0000 0000 	.long.LASF89
 751 055a 0158      	.word0x158
 752 055c 08        	.byte0x8
 753 055d 0239      	.word0x239
 754 055f 0000 065D 	.long0x65d
 755 0563 19        	.uleb128 0x19
 756 0564 0000 0000 	.long.LASF90
 757 0568 08        	.byte0x8
68K GAS   			page 16


 758 0569 023B      	.word0x23b
 759 056b 0000 0090 	.long0x90
 760 056f 00        	.byte0
 761 0570 19        	.uleb128 0x19
 762 0571 0000 0000 	.long.LASF91
 763 0575 08        	.byte0x8
 764 0576 0240      	.word0x240
 765 0578 0000 072C 	.long0x72c
 766 057c 04        	.byte0x4
 767 057d 19        	.uleb128 0x19
 768 057e 0000 0000 	.long.LASF92
 769 0582 08        	.byte0x8
 770 0583 0240      	.word0x240
 771 0585 0000 072C 	.long0x72c
 772 0589 08        	.byte0x8
 773 058a 19        	.uleb128 0x19
 774 058b 0000 0000 	.long.LASF93
 775 058f 08        	.byte0x8
 776 0590 0240      	.word0x240
 777 0592 0000 072C 	.long0x72c
 778 0596 0C        	.byte0xc
 779 0597 19        	.uleb128 0x19
 780 0598 0000 0000 	.long.LASF94
 781 059c 08        	.byte0x8
 782 059d 0242      	.word0x242
 783 059f 0000 0090 	.long0x90
 784 05a3 10        	.byte0x10
 785 05a4 19        	.uleb128 0x19
 786 05a5 0000 0000 	.long.LASF95
 787 05a9 08        	.byte0x8
 788 05aa 0243      	.word0x243
 789 05ac 0000 090E 	.long0x90e
 790 05b0 14        	.byte0x14
 791 05b1 19        	.uleb128 0x19
 792 05b2 0000 0000 	.long.LASF96
 793 05b6 08        	.byte0x8
 794 05b7 0246      	.word0x246
 795 05b9 0000 0090 	.long0x90
 796 05bd 30        	.byte0x30
 797 05be 19        	.uleb128 0x19
 798 05bf 0000 0000 	.long.LASF97
 799 05c3 08        	.byte0x8
 800 05c4 0247      	.word0x247
 801 05c6 0000 0923 	.long0x923
 802 05ca 34        	.byte0x34
 803 05cb 19        	.uleb128 0x19
 804 05cc 0000 0000 	.long.LASF98
 805 05d0 08        	.byte0x8
 806 05d1 0249      	.word0x249
 807 05d3 0000 0090 	.long0x90
 808 05d7 38        	.byte0x38
 809 05d8 19        	.uleb128 0x19
 810 05d9 0000 0000 	.long.LASF99
 811 05dd 08        	.byte0x8
 812 05de 024B      	.word0x24b
 813 05e0 0000 0934 	.long0x934
 814 05e4 3C        	.byte0x3c
68K GAS   			page 17


 815 05e5 19        	.uleb128 0x19
 816 05e6 0000 0000 	.long.LASF100
 817 05ea 08        	.byte0x8
 818 05eb 024E      	.word0x24e
 819 05ed 0000 029D 	.long0x29d
 820 05f1 40        	.byte0x40
 821 05f2 19        	.uleb128 0x19
 822 05f3 0000 0000 	.long.LASF101
 823 05f7 08        	.byte0x8
 824 05f8 024F      	.word0x24f
 825 05fa 0000 0090 	.long0x90
 826 05fe 44        	.byte0x44
 827 05ff 19        	.uleb128 0x19
 828 0600 0000 0000 	.long.LASF102
 829 0604 08        	.byte0x8
 830 0605 0250      	.word0x250
 831 0607 0000 029D 	.long0x29d
 832 060b 48        	.byte0x48
 833 060c 19        	.uleb128 0x19
 834 060d 0000 0000 	.long.LASF103
 835 0611 08        	.byte0x8
 836 0612 0251      	.word0x251
 837 0614 0000 093A 	.long0x93a
 838 0618 4C        	.byte0x4c
 839 0619 19        	.uleb128 0x19
 840 061a 0000 0000 	.long.LASF104
 841 061e 08        	.byte0x8
 842 061f 0254      	.word0x254
 843 0621 0000 0090 	.long0x90
 844 0625 50        	.byte0x50
 845 0626 19        	.uleb128 0x19
 846 0627 0000 0000 	.long.LASF105
 847 062b 08        	.byte0x8
 848 062c 0255      	.word0x255
 849 062e 0000 01F1 	.long0x1f1
 850 0632 54        	.byte0x54
 851 0633 19        	.uleb128 0x19
 852 0634 0000 0000 	.long.LASF106
 853 0638 08        	.byte0x8
 854 0639 0278      	.word0x278
 855 063b 0000 08EC 	.long0x8ec
 856 063f 58        	.byte0x58
 857 0640 1A        	.uleb128 0x1a
 858 0641 0000 0000 	.long.LASF107
 859 0645 08        	.byte0x8
 860 0646 0281      	.word0x281
 861 0648 0000 094B 	.long0x94b
 862 064c 0148      	.word0x148
 863 064e 1A        	.uleb128 0x1a
 864 064f 0000 0000 	.long.LASF108
 865 0653 08        	.byte0x8
 866 0654 0286      	.word0x286
 867 0656 0000 06F1 	.long0x6f1
 868 065a 014C      	.word0x14c
 869 065c 00        	.byte0
 870 065d 08        	.uleb128 0x8
 871 065e 04        	.byte0x4
68K GAS   			page 18


 872 065f 0000 052C 	.long0x52c
 873 0663 16        	.uleb128 0x16
 874 0664 0000 0172 	.long0x172
 875 0668 0000 0681 	.long0x681
 876 066c 17        	.uleb128 0x17
 877 066d 0000 054A 	.long0x54a
 878 0671 17        	.uleb128 0x17
 879 0672 0000 01EF 	.long0x1ef
 880 0676 17        	.uleb128 0x17
 881 0677 0000 0116 	.long0x116
 882 067b 17        	.uleb128 0x17
 883 067c 0000 0090 	.long0x90
 884 0680 00        	.byte0
 885 0681 08        	.uleb128 0x8
 886 0682 04        	.byte0x4
 887 0683 0000 0663 	.long0x663
 888 0687 16        	.uleb128 0x16
 889 0688 0000 0085 	.long0x85
 890 068c 0000 06A5 	.long0x6a5
 891 0690 17        	.uleb128 0x17
 892 0691 0000 054A 	.long0x54a
 893 0695 17        	.uleb128 0x17
 894 0696 0000 01EF 	.long0x1ef
 895 069a 17        	.uleb128 0x17
 896 069b 0000 0085 	.long0x85
 897 069f 17        	.uleb128 0x17
 898 06a0 0000 0090 	.long0x90
 899 06a4 00        	.byte0
 900 06a5 08        	.uleb128 0x8
 901 06a6 04        	.byte0x4
 902 06a7 0000 0687 	.long0x687
 903 06ab 16        	.uleb128 0x16
 904 06ac 0000 0090 	.long0x90
 905 06b0 0000 06BF 	.long0x6bf
 906 06b4 17        	.uleb128 0x17
 907 06b5 0000 054A 	.long0x54a
 908 06b9 17        	.uleb128 0x17
 909 06ba 0000 01EF 	.long0x1ef
 910 06be 00        	.byte0
 911 06bf 08        	.uleb128 0x8
 912 06c0 04        	.byte0x4
 913 06c1 0000 06AB 	.long0x6ab
 914 06c5 0D        	.uleb128 0xd
 915 06c6 0000 002C 	.long0x2c
 916 06ca 0000 06D5 	.long0x6d5
 917 06ce 0E        	.uleb128 0xe
 918 06cf 0000 0048 	.long0x48
 919 06d3 02        	.byte0x2
 920 06d4 00        	.byte0
 921 06d5 0D        	.uleb128 0xd
 922 06d6 0000 002C 	.long0x2c
 923 06da 0000 06E5 	.long0x6e5
 924 06de 0E        	.uleb128 0xe
 925 06df 0000 0048 	.long0x48
 926 06e3 00        	.byte0
 927 06e4 00        	.byte0
 928 06e5 0A        	.uleb128 0xa
68K GAS   			page 19


 929 06e6 0000 0000 	.long.LASF109
 930 06ea 08        	.byte0x8
 931 06eb 011F      	.word0x11f
 932 06ed 0000 0402 	.long0x402
 933 06f1 1B        	.uleb128 0x1b
 934 06f2 0000 0000 	.long.LASF110
 935 06f6 0C        	.byte0xc
 936 06f7 08        	.byte0x8
 937 06f8 0123      	.word0x123
 938 06fa 0000 0726 	.long0x726
 939 06fe 19        	.uleb128 0x19
 940 06ff 0000 0000 	.long.LASF47
 941 0703 08        	.byte0x8
 942 0704 0125      	.word0x125
 943 0706 0000 0726 	.long0x726
 944 070a 00        	.byte0
 945 070b 19        	.uleb128 0x19
 946 070c 0000 0000 	.long.LASF111
 947 0710 08        	.byte0x8
 948 0711 0126      	.word0x126
 949 0713 0000 0090 	.long0x90
 950 0717 04        	.byte0x4
 951 0718 19        	.uleb128 0x19
 952 0719 0000 0000 	.long.LASF112
 953 071d 08        	.byte0x8
 954 071e 0127      	.word0x127
 955 0720 0000 072C 	.long0x72c
 956 0724 08        	.byte0x8
 957 0725 00        	.byte0
 958 0726 08        	.uleb128 0x8
 959 0727 04        	.byte0x4
 960 0728 0000 06F1 	.long0x6f1
 961 072c 08        	.uleb128 0x8
 962 072d 04        	.byte0x4
 963 072e 0000 06E5 	.long0x6e5
 964 0732 1B        	.uleb128 0x1b
 965 0733 0000 0000 	.long.LASF113
 966 0737 0E        	.byte0xe
 967 0738 08        	.byte0x8
 968 0739 013F      	.word0x13f
 969 073b 0000 0767 	.long0x767
 970 073f 19        	.uleb128 0x19
 971 0740 0000 0000 	.long.LASF114
 972 0744 08        	.byte0x8
 973 0745 0140      	.word0x140
 974 0747 0000 0767 	.long0x767
 975 074b 00        	.byte0
 976 074c 19        	.uleb128 0x19
 977 074d 0000 0000 	.long.LASF115
 978 0751 08        	.byte0x8
 979 0752 0141      	.word0x141
 980 0754 0000 0767 	.long0x767
 981 0758 06        	.byte0x6
 982 0759 19        	.uleb128 0x19
 983 075a 0000 0000 	.long.LASF116
 984 075e 08        	.byte0x8
 985 075f 0142      	.word0x142
68K GAS   			page 20


 986 0761 0000 003A 	.long0x3a
 987 0765 0C        	.byte0xc
 988 0766 00        	.byte0
 989 0767 0D        	.uleb128 0xd
 990 0768 0000 003A 	.long0x3a
 991 076c 0000 0777 	.long0x777
 992 0770 0E        	.uleb128 0xe
 993 0771 0000 0048 	.long0x48
 994 0775 02        	.byte0x2
 995 0776 00        	.byte0
 996 0777 1C        	.uleb128 0x1c
 997 0778 CC        	.byte0xcc
 998 0779 08        	.byte0x8
 999 077a 0259      	.word0x259
 1000 077c 0000 0878 	.long0x878
 1001 0780 19        	.uleb128 0x19
 1002 0781 0000 0000 	.long.LASF117
 1003 0785 08        	.byte0x8
 1004 0786 025B      	.word0x25b
 1005 0788 0000 00BC 	.long0xbc
 1006 078c 00        	.byte0
 1007 078d 19        	.uleb128 0x19
 1008 078e 0000 0000 	.long.LASF118
 1009 0792 08        	.byte0x8
 1010 0793 025C      	.word0x25c
 1011 0795 0000 01F1 	.long0x1f1
 1012 0799 04        	.byte0x4
 1013 079a 19        	.uleb128 0x19
 1014 079b 0000 0000 	.long.LASF119
 1015 079f 08        	.byte0x8
 1016 07a0 025D      	.word0x25d
 1017 07a2 0000 0878 	.long0x878
 1018 07a6 08        	.byte0x8
 1019 07a7 19        	.uleb128 0x19
 1020 07a8 0000 0000 	.long.LASF120
 1021 07ac 08        	.byte0x8
 1022 07ad 025E      	.word0x25e
 1023 07af 0000 02B3 	.long0x2b3
 1024 07b3 24        	.byte0x24
 1025 07b4 19        	.uleb128 0x19
 1026 07b5 0000 0000 	.long.LASF121
 1027 07b9 08        	.byte0x8
 1028 07ba 025F      	.word0x25f
 1029 07bc 0000 0090 	.long0x90
 1030 07c0 48        	.byte0x48
 1031 07c1 19        	.uleb128 0x19
 1032 07c2 0000 0000 	.long.LASF122
 1033 07c6 08        	.byte0x8
 1034 07c7 0260      	.word0x260
 1035 07c9 0000 0061 	.long0x61
 1036 07cd 4C        	.byte0x4c
 1037 07ce 19        	.uleb128 0x19
 1038 07cf 0000 0000 	.long.LASF123
 1039 07d3 08        	.byte0x8
 1040 07d4 0261      	.word0x261
 1041 07d6 0000 0732 	.long0x732
 1042 07da 54        	.byte0x54
68K GAS   			page 21


 1043 07db 19        	.uleb128 0x19
 1044 07dc 0000 0000 	.long.LASF124
 1045 07e0 08        	.byte0x8
 1046 07e1 0262      	.word0x262
 1047 07e3 0000 01D9 	.long0x1d9
 1048 07e7 64        	.byte0x64
 1049 07e8 19        	.uleb128 0x19
 1050 07e9 0000 0000 	.long.LASF125
 1051 07ed 08        	.byte0x8
 1052 07ee 0263      	.word0x263
 1053 07f0 0000 01D9 	.long0x1d9
 1054 07f4 6C        	.byte0x6c
 1055 07f5 19        	.uleb128 0x19
 1056 07f6 0000 0000 	.long.LASF126
 1057 07fa 08        	.byte0x8
 1058 07fb 0264      	.word0x264
 1059 07fd 0000 01D9 	.long0x1d9
 1060 0801 74        	.byte0x74
 1061 0802 19        	.uleb128 0x19
 1062 0803 0000 0000 	.long.LASF127
 1063 0807 08        	.byte0x8
 1064 0808 0265      	.word0x265
 1065 080a 0000 0888 	.long0x888
 1066 080e 7C        	.byte0x7c
 1067 080f 19        	.uleb128 0x19
 1068 0810 0000 0000 	.long.LASF128
 1069 0814 08        	.byte0x8
 1070 0815 0266      	.word0x266
 1071 0817 0000 0898 	.long0x898
 1072 081b 84        	.byte0x84
 1073 081c 19        	.uleb128 0x19
 1074 081d 0000 0000 	.long.LASF129
 1075 0821 08        	.byte0x8
 1076 0822 0267      	.word0x267
 1077 0824 0000 0090 	.long0x90
 1078 0828 9C        	.byte0x9c
 1079 0829 19        	.uleb128 0x19
 1080 082a 0000 0000 	.long.LASF130
 1081 082e 08        	.byte0x8
 1082 082f 0268      	.word0x268
 1083 0831 0000 01D9 	.long0x1d9
 1084 0835 A0        	.byte0xa0
 1085 0836 19        	.uleb128 0x19
 1086 0837 0000 0000 	.long.LASF131
 1087 083b 08        	.byte0x8
 1088 083c 0269      	.word0x269
 1089 083e 0000 01D9 	.long0x1d9
 1090 0842 A8        	.byte0xa8
 1091 0843 19        	.uleb128 0x19
 1092 0844 0000 0000 	.long.LASF132
 1093 0848 08        	.byte0x8
 1094 0849 026A      	.word0x26a
 1095 084b 0000 01D9 	.long0x1d9
 1096 084f B0        	.byte0xb0
 1097 0850 19        	.uleb128 0x19
 1098 0851 0000 0000 	.long.LASF133
 1099 0855 08        	.byte0x8
68K GAS   			page 22


 1100 0856 026B      	.word0x26b
 1101 0858 0000 01D9 	.long0x1d9
 1102 085c B8        	.byte0xb8
 1103 085d 19        	.uleb128 0x19
 1104 085e 0000 0000 	.long.LASF134
 1105 0862 08        	.byte0x8
 1106 0863 026C      	.word0x26c
 1107 0865 0000 01D9 	.long0x1d9
 1108 0869 C0        	.byte0xc0
 1109 086a 19        	.uleb128 0x19
 1110 086b 0000 0000 	.long.LASF135
 1111 086f 08        	.byte0x8
 1112 0870 026D      	.word0x26d
 1113 0872 0000 0090 	.long0x90
 1114 0876 C8        	.byte0xc8
 1115 0877 00        	.byte0
 1116 0878 0D        	.uleb128 0xd
 1117 0879 0000 011C 	.long0x11c
 1118 087d 0000 0888 	.long0x888
 1119 0881 0E        	.uleb128 0xe
 1120 0882 0000 0048 	.long0x48
 1121 0886 19        	.byte0x19
 1122 0887 00        	.byte0
 1123 0888 0D        	.uleb128 0xd
 1124 0889 0000 011C 	.long0x11c
 1125 088d 0000 0898 	.long0x898
 1126 0891 0E        	.uleb128 0xe
 1127 0892 0000 0048 	.long0x48
 1128 0896 07        	.byte0x7
 1129 0897 00        	.byte0
 1130 0898 0D        	.uleb128 0xd
 1131 0899 0000 011C 	.long0x11c
 1132 089d 0000 08A8 	.long0x8a8
 1133 08a1 0E        	.uleb128 0xe
 1134 08a2 0000 0048 	.long0x48
 1135 08a6 17        	.byte0x17
 1136 08a7 00        	.byte0
 1137 08a8 1C        	.uleb128 0x1c
 1138 08a9 F0        	.byte0xf0
 1139 08aa 08        	.byte0x8
 1140 08ab 0272      	.word0x272
 1141 08ad 0000 08CC 	.long0x8cc
 1142 08b1 19        	.uleb128 0x19
 1143 08b2 0000 0000 	.long.LASF136
 1144 08b6 08        	.byte0x8
 1145 08b7 0275      	.word0x275
 1146 08b9 0000 08CC 	.long0x8cc
 1147 08bd 00        	.byte0
 1148 08be 19        	.uleb128 0x19
 1149 08bf 0000 0000 	.long.LASF137
 1150 08c3 08        	.byte0x8
 1151 08c4 0276      	.word0x276
 1152 08c6 0000 08DC 	.long0x8dc
 1153 08ca 78        	.byte0x78
 1154 08cb 00        	.byte0
 1155 08cc 0D        	.uleb128 0xd
 1156 08cd 0000 03FC 	.long0x3fc
68K GAS   			page 23


 1157 08d1 0000 08DC 	.long0x8dc
 1158 08d5 0E        	.uleb128 0xe
 1159 08d6 0000 0048 	.long0x48
 1160 08da 1D        	.byte0x1d
 1161 08db 00        	.byte0
 1162 08dc 0D        	.uleb128 0xd
 1163 08dd 0000 00BC 	.long0xbc
 1164 08e1 0000 08EC 	.long0x8ec
 1165 08e5 0E        	.uleb128 0xe
 1166 08e6 0000 0048 	.long0x48
 1167 08ea 1D        	.byte0x1d
 1168 08eb 00        	.byte0
 1169 08ec 1D        	.uleb128 0x1d
 1170 08ed F0        	.byte0xf0
 1171 08ee 08        	.byte0x8
 1172 08ef 0257      	.word0x257
 1173 08f1 0000 090E 	.long0x90e
 1174 08f5 1E        	.uleb128 0x1e
 1175 08f6 0000 0000 	.long.LASF89
 1176 08fa 08        	.byte0x8
 1177 08fb 026E      	.word0x26e
 1178 08fd 0000 0777 	.long0x777
 1179 0901 1E        	.uleb128 0x1e
 1180 0902 0000 0000 	.long.LASF138
 1181 0906 08        	.byte0x8
 1182 0907 0277      	.word0x277
 1183 0909 0000 08A8 	.long0x8a8
 1184 090d 00        	.byte0
 1185 090e 0D        	.uleb128 0xd
 1186 090f 0000 011C 	.long0x11c
 1187 0913 0000 091E 	.long0x91e
 1188 0917 0E        	.uleb128 0xe
 1189 0918 0000 0048 	.long0x48
 1190 091c 18        	.byte0x18
 1191 091d 00        	.byte0
 1192 091e 07        	.uleb128 0x7
 1193 091f 0000 0000 	.long.LASF139
 1194 0923 08        	.uleb128 0x8
 1195 0924 04        	.byte0x4
 1196 0925 0000 091E 	.long0x91e
 1197 0929 1F        	.uleb128 0x1f
 1198 092a 0000 0934 	.long0x934
 1199 092e 17        	.uleb128 0x17
 1200 092f 0000 054A 	.long0x54a
 1201 0933 00        	.byte0
 1202 0934 08        	.uleb128 0x8
 1203 0935 04        	.byte0x4
 1204 0936 0000 0929 	.long0x929
 1205 093a 08        	.uleb128 0x8
 1206 093b 04        	.byte0x4
 1207 093c 0000 029D 	.long0x29d
 1208 0940 1F        	.uleb128 0x1f
 1209 0941 0000 094B 	.long0x94b
 1210 0945 17        	.uleb128 0x17
 1211 0946 0000 0090 	.long0x90
 1212 094a 00        	.byte0
 1213 094b 08        	.uleb128 0x8
68K GAS   			page 24


 1214 094c 04        	.byte0x4
 1215 094d 0000 0951 	.long0x951
 1216 0951 08        	.uleb128 0x8
 1217 0952 04        	.byte0x4
 1218 0953 0000 0940 	.long0x940
 1219 0957 0D        	.uleb128 0xd
 1220 0958 0000 06E5 	.long0x6e5
 1221 095c 0000 0967 	.long0x967
 1222 0960 0E        	.uleb128 0xe
 1223 0961 0000 0048 	.long0x48
 1224 0965 02        	.byte0x2
 1225 0966 00        	.byte0
 1226 0967 20        	.uleb128 0x20
 1227 0968 0000 0000 	.long.LASF140
 1228 096c 08        	.byte0x8
 1229 096d 028D      	.word0x28d
 1230 096f 0000 0957 	.long0x957
 1231 0973 20        	.uleb128 0x20
 1232 0974 0000 0000 	.long.LASF141
 1233 0978 08        	.byte0x8
 1234 0979 0307      	.word0x307
 1235 097b 0000 054A 	.long0x54a
 1236 097f 20        	.uleb128 0x20
 1237 0980 0000 0000 	.long.LASF142
 1238 0984 08        	.byte0x8
 1239 0985 0308      	.word0x308
 1240 0987 0000 0550 	.long0x550
 1241 098b 20        	.uleb128 0x20
 1242 098c 0000 0000 	.long.LASF143
 1243 0990 08        	.byte0x8
 1244 0991 031A      	.word0x31a
 1245 0993 0000 03BA 	.long0x3ba
 1246 0997 03        	.uleb128 0x3
 1247 0998 0000 0000 	.long.LASF144
 1248 099c 09        	.byte0x9
 1249 099d E9        	.byte0xe9
 1250 099e 0000 0041 	.long0x41
 1251 09a2 03        	.uleb128 0x3
 1252 09a3 0000 0000 	.long.LASF145
 1253 09a7 09        	.byte0x9
 1254 09a8 EB        	.byte0xeb
 1255 09a9 0000 002C 	.long0x2c
 1256 09ad 03        	.uleb128 0x3
 1257 09ae 0000 0000 	.long.LASF146
 1258 09b2 09        	.byte0x9
 1259 09b3 ED        	.byte0xed
 1260 09b4 0000 0048 	.long0x48
 1261 09b8 11        	.uleb128 0x11
 1262 09b9 0000 0000 	.long.LASF147
 1263 09bd 0A        	.byte0xa
 1264 09be 63        	.byte0x63
 1265 09bf 0000 01F1 	.long0x1f1
 1266 09c3 11        	.uleb128 0x11
 1267 09c4 0000 0000 	.long.LASF148
 1268 09c8 0B        	.byte0xb
 1269 09c9 9A        	.byte0x9a
 1270 09ca 0000 0041 	.long0x41
68K GAS   			page 25


 1271 09ce 11        	.uleb128 0x11
 1272 09cf 0000 0000 	.long.LASF149
 1273 09d3 0B        	.byte0xb
 1274 09d4 9B        	.byte0x9b
 1275 09d5 0000 0090 	.long0x90
 1276 09d9 0D        	.uleb128 0xd
 1277 09da 0000 01F1 	.long0x1f1
 1278 09de 0000 09E9 	.long0x9e9
 1279 09e2 0E        	.uleb128 0xe
 1280 09e3 0000 0048 	.long0x48
 1281 09e7 01        	.byte0x1
 1282 09e8 00        	.byte0
 1283 09e9 11        	.uleb128 0x11
 1284 09ea 0000 0000 	.long.LASF150
 1285 09ee 0B        	.byte0xb
 1286 09ef 9E        	.byte0x9e
 1287 09f0 0000 09D9 	.long0x9d9
 1288 09f4 21        	.uleb128 0x21
 1289 09f5 0000 0000 	.long.LASF156
 1290 09f9 01        	.byte0x1
 1291 09fa 5C        	.byte0x5c
 1292 09fb 0000 0997 	.long0x997
 1293 09ff 0000 0000 	.long.LFB59
 1294 0a03 0000 0028 	.long.LFE59-.LFB59
 1295 0a07 01        	.uleb128 0x1
 1296 0a08 9C        	.byte0x9c
 1297 0a09 0000 0A38 	.long0xa38
 1298 0a0d 22        	.uleb128 0x22
 1299 0a0e 6473 7400 	.string"dst"
 1300 0a12 01        	.byte0x1
 1301 0a13 5C        	.byte0x5c
 1302 0a14 0000 01EF 	.long0x1ef
 1303 0a18 02        	.uleb128 0x2
 1304 0a19 91        	.byte0x91
 1305 0a1a 00        	.sleb128 0
 1306 0a1b 23        	.uleb128 0x23
 1307 0a1c 0000 0000 	.long.LASF151
 1308 0a20 01        	.byte0x1
 1309 0a21 5C        	.byte0x5c
 1310 0a22 0000 09A2 	.long0x9a2
 1311 0a26 02        	.uleb128 0x2
 1312 0a27 91        	.byte0x91
 1313 0a28 78        	.sleb128 -8
 1314 0a29 23        	.uleb128 0x23
 1315 0a2a 0000 0000 	.long.LASF152
 1316 0a2e 01        	.byte0x1
 1317 0a2f 5C        	.byte0x5c
 1318 0a30 0000 09AD 	.long0x9ad
 1319 0a34 02        	.uleb128 0x2
 1320 0a35 91        	.byte0x91
 1321 0a36 08        	.sleb128 8
 1322 0a37 00        	.byte0
 1323 0a38 24        	.uleb128 0x24
 1324 0a39 0000 0000 	.long.LASF157
 1325 0a3d 01        	.byte0x1
 1326 0a3e 3C        	.byte0x3c
 1327 0a3f 0000 0997 	.long0x997
68K GAS   			page 26


 1328 0a43 0000 0000 	.long.LFB58
 1329 0a47 0000 001A 	.long.LFE58-.LFB58
 1330 0a4b 01        	.uleb128 0x1
 1331 0a4c 9C        	.byte0x9c
 1332 0a4d 22        	.uleb128 0x22
 1333 0a4e 6473 7400 	.string"dst"
 1334 0a52 01        	.byte0x1
 1335 0a53 3C        	.byte0x3c
 1336 0a54 0000 01EF 	.long0x1ef
 1337 0a58 02        	.uleb128 0x2
 1338 0a59 91        	.byte0x91
 1339 0a5a 00        	.sleb128 0
 1340 0a5b 22        	.uleb128 0x22
 1341 0a5c 7372 6300 	.string"src"
 1342 0a60 01        	.byte0x1
 1343 0a61 3C        	.byte0x3c
 1344 0a62 0000 01EF 	.long0x1ef
 1345 0a66 02        	.uleb128 0x2
 1346 0a67 91        	.byte0x91
 1347 0a68 04        	.sleb128 4
 1348 0a69 23        	.uleb128 0x23
 1349 0a6a 0000 0000 	.long.LASF152
 1350 0a6e 01        	.byte0x1
 1351 0a6f 3C        	.byte0x3c
 1352 0a70 0000 09AD 	.long0x9ad
 1353 0a74 02        	.uleb128 0x2
 1354 0a75 91        	.byte0x91
 1355 0a76 08        	.sleb128 8
 1356 0a77 00        	.byte0
 1357 0a78 00        	.byte0
 1358               	.section.debug_abbrev,"",@progbits
 1359               	.Ldebug_abbrev0:
 1360 0000 01        	.uleb128 0x1
 1361 0001 11        	.uleb128 0x11
 1362 0002 01        	.byte0x1
 1363 0003 25        	.uleb128 0x25
 1364 0004 0E        	.uleb128 0xe
 1365 0005 13        	.uleb128 0x13
 1366 0006 0B        	.uleb128 0xb
 1367 0007 03        	.uleb128 0x3
 1368 0008 0E        	.uleb128 0xe
 1369 0009 1B        	.uleb128 0x1b
 1370 000a 0E        	.uleb128 0xe
 1371 000b 11        	.uleb128 0x11
 1372 000c 01        	.uleb128 0x1
 1373 000d 12        	.uleb128 0x12
 1374 000e 06        	.uleb128 0x6
 1375 000f 10        	.uleb128 0x10
 1376 0010 17        	.uleb128 0x17
 1377 0011 00        	.byte0
 1378 0012 00        	.byte0
 1379 0013 02        	.uleb128 0x2
 1380 0014 24        	.uleb128 0x24
 1381 0015 00        	.byte0
 1382 0016 0B        	.uleb128 0xb
 1383 0017 0B        	.uleb128 0xb
 1384 0018 3E        	.uleb128 0x3e
68K GAS   			page 27


 1385 0019 0B        	.uleb128 0xb
 1386 001a 03        	.uleb128 0x3
 1387 001b 0E        	.uleb128 0xe
 1388 001c 00        	.byte0
 1389 001d 00        	.byte0
 1390 001e 03        	.uleb128 0x3
 1391 001f 16        	.uleb128 0x16
 1392 0020 00        	.byte0
 1393 0021 03        	.uleb128 0x3
 1394 0022 0E        	.uleb128 0xe
 1395 0023 3A        	.uleb128 0x3a
 1396 0024 0B        	.uleb128 0xb
 1397 0025 3B        	.uleb128 0x3b
 1398 0026 0B        	.uleb128 0xb
 1399 0027 49        	.uleb128 0x49
 1400 0028 13        	.uleb128 0x13
 1401 0029 00        	.byte0
 1402 002a 00        	.byte0
 1403 002b 04        	.uleb128 0x4
 1404 002c 24        	.uleb128 0x24
 1405 002d 00        	.byte0
 1406 002e 0B        	.uleb128 0xb
 1407 002f 0B        	.uleb128 0xb
 1408 0030 3E        	.uleb128 0x3e
 1409 0031 0B        	.uleb128 0xb
 1410 0032 03        	.uleb128 0x3
 1411 0033 08        	.uleb128 0x8
 1412 0034 00        	.byte0
 1413 0035 00        	.byte0
 1414 0036 05        	.uleb128 0x5
 1415 0037 13        	.uleb128 0x13
 1416 0038 01        	.byte0x1
 1417 0039 03        	.uleb128 0x3
 1418 003a 0E        	.uleb128 0xe
 1419 003b 0B        	.uleb128 0xb
 1420 003c 0B        	.uleb128 0xb
 1421 003d 3A        	.uleb128 0x3a
 1422 003e 0B        	.uleb128 0xb
 1423 003f 3B        	.uleb128 0x3b
 1424 0040 0B        	.uleb128 0xb
 1425 0041 01        	.uleb128 0x1
 1426 0042 13        	.uleb128 0x13
 1427 0043 00        	.byte0
 1428 0044 00        	.byte0
 1429 0045 06        	.uleb128 0x6
 1430 0046 0D        	.uleb128 0xd
 1431 0047 00        	.byte0
 1432 0048 03        	.uleb128 0x3
 1433 0049 0E        	.uleb128 0xe
 1434 004a 3A        	.uleb128 0x3a
 1435 004b 0B        	.uleb128 0xb
 1436 004c 3B        	.uleb128 0x3b
 1437 004d 0B        	.uleb128 0xb
 1438 004e 49        	.uleb128 0x49
 1439 004f 13        	.uleb128 0x13
 1440 0050 38        	.uleb128 0x38
 1441 0051 0B        	.uleb128 0xb
68K GAS   			page 28


 1442 0052 00        	.byte0
 1443 0053 00        	.byte0
 1444 0054 07        	.uleb128 0x7
 1445 0055 13        	.uleb128 0x13
 1446 0056 00        	.byte0
 1447 0057 03        	.uleb128 0x3
 1448 0058 0E        	.uleb128 0xe
 1449 0059 3C        	.uleb128 0x3c
 1450 005a 19        	.uleb128 0x19
 1451 005b 00        	.byte0
 1452 005c 00        	.byte0
 1453 005d 08        	.uleb128 0x8
 1454 005e 0F        	.uleb128 0xf
 1455 005f 00        	.byte0
 1456 0060 0B        	.uleb128 0xb
 1457 0061 0B        	.uleb128 0xb
 1458 0062 49        	.uleb128 0x49
 1459 0063 13        	.uleb128 0x13
 1460 0064 00        	.byte0
 1461 0065 00        	.byte0
 1462 0066 09        	.uleb128 0x9
 1463 0067 26        	.uleb128 0x26
 1464 0068 00        	.byte0
 1465 0069 49        	.uleb128 0x49
 1466 006a 13        	.uleb128 0x13
 1467 006b 00        	.byte0
 1468 006c 00        	.byte0
 1469 006d 0A        	.uleb128 0xa
 1470 006e 16        	.uleb128 0x16
 1471 006f 00        	.byte0
 1472 0070 03        	.uleb128 0x3
 1473 0071 0E        	.uleb128 0xe
 1474 0072 3A        	.uleb128 0x3a
 1475 0073 0B        	.uleb128 0xb
 1476 0074 3B        	.uleb128 0x3b
 1477 0075 05        	.uleb128 0x5
 1478 0076 49        	.uleb128 0x49
 1479 0077 13        	.uleb128 0x13
 1480 0078 00        	.byte0
 1481 0079 00        	.byte0
 1482 007a 0B        	.uleb128 0xb
 1483 007b 17        	.uleb128 0x17
 1484 007c 01        	.byte0x1
 1485 007d 0B        	.uleb128 0xb
 1486 007e 0B        	.uleb128 0xb
 1487 007f 3A        	.uleb128 0x3a
 1488 0080 0B        	.uleb128 0xb
 1489 0081 3B        	.uleb128 0x3b
 1490 0082 0B        	.uleb128 0xb
 1491 0083 01        	.uleb128 0x1
 1492 0084 13        	.uleb128 0x13
 1493 0085 00        	.byte0
 1494 0086 00        	.byte0
 1495 0087 0C        	.uleb128 0xc
 1496 0088 0D        	.uleb128 0xd
 1497 0089 00        	.byte0
 1498 008a 03        	.uleb128 0x3
68K GAS   			page 29


 1499 008b 0E        	.uleb128 0xe
 1500 008c 3A        	.uleb128 0x3a
 1501 008d 0B        	.uleb128 0xb
 1502 008e 3B        	.uleb128 0x3b
 1503 008f 0B        	.uleb128 0xb
 1504 0090 49        	.uleb128 0x49
 1505 0091 13        	.uleb128 0x13
 1506 0092 00        	.byte0
 1507 0093 00        	.byte0
 1508 0094 0D        	.uleb128 0xd
 1509 0095 01        	.uleb128 0x1
 1510 0096 01        	.byte0x1
 1511 0097 49        	.uleb128 0x49
 1512 0098 13        	.uleb128 0x13
 1513 0099 01        	.uleb128 0x1
 1514 009a 13        	.uleb128 0x13
 1515 009b 00        	.byte0
 1516 009c 00        	.byte0
 1517 009d 0E        	.uleb128 0xe
 1518 009e 21        	.uleb128 0x21
 1519 009f 00        	.byte0
 1520 00a0 49        	.uleb128 0x49
 1521 00a1 13        	.uleb128 0x13
 1522 00a2 2F        	.uleb128 0x2f
 1523 00a3 0B        	.uleb128 0xb
 1524 00a4 00        	.byte0
 1525 00a5 00        	.byte0
 1526 00a6 0F        	.uleb128 0xf
 1527 00a7 13        	.uleb128 0x13
 1528 00a8 01        	.byte0x1
 1529 00a9 0B        	.uleb128 0xb
 1530 00aa 0B        	.uleb128 0xb
 1531 00ab 3A        	.uleb128 0x3a
 1532 00ac 0B        	.uleb128 0xb
 1533 00ad 3B        	.uleb128 0x3b
 1534 00ae 0B        	.uleb128 0xb
 1535 00af 01        	.uleb128 0x1
 1536 00b0 13        	.uleb128 0x13
 1537 00b1 00        	.byte0
 1538 00b2 00        	.byte0
 1539 00b3 10        	.uleb128 0x10
 1540 00b4 0F        	.uleb128 0xf
 1541 00b5 00        	.byte0
 1542 00b6 0B        	.uleb128 0xb
 1543 00b7 0B        	.uleb128 0xb
 1544 00b8 00        	.byte0
 1545 00b9 00        	.byte0
 1546 00ba 11        	.uleb128 0x11
 1547 00bb 34        	.uleb128 0x34
 1548 00bc 00        	.byte0
 1549 00bd 03        	.uleb128 0x3
 1550 00be 0E        	.uleb128 0xe
 1551 00bf 3A        	.uleb128 0x3a
 1552 00c0 0B        	.uleb128 0xb
 1553 00c1 3B        	.uleb128 0x3b
 1554 00c2 0B        	.uleb128 0xb
 1555 00c3 49        	.uleb128 0x49
68K GAS   			page 30


 1556 00c4 13        	.uleb128 0x13
 1557 00c5 3F        	.uleb128 0x3f
 1558 00c6 19        	.uleb128 0x19
 1559 00c7 3C        	.uleb128 0x3c
 1560 00c8 19        	.uleb128 0x19
 1561 00c9 00        	.byte0
 1562 00ca 00        	.byte0
 1563 00cb 12        	.uleb128 0x12
 1564 00cc 0D        	.uleb128 0xd
 1565 00cd 00        	.byte0
 1566 00ce 03        	.uleb128 0x3
 1567 00cf 08        	.uleb128 0x8
 1568 00d0 3A        	.uleb128 0x3a
 1569 00d1 0B        	.uleb128 0xb
 1570 00d2 3B        	.uleb128 0x3b
 1571 00d3 0B        	.uleb128 0xb
 1572 00d4 49        	.uleb128 0x49
 1573 00d5 13        	.uleb128 0x13
 1574 00d6 38        	.uleb128 0x38
 1575 00d7 0B        	.uleb128 0xb
 1576 00d8 00        	.byte0
 1577 00d9 00        	.byte0
 1578 00da 13        	.uleb128 0x13
 1579 00db 13        	.uleb128 0x13
 1580 00dc 01        	.byte0x1
 1581 00dd 03        	.uleb128 0x3
 1582 00de 0E        	.uleb128 0xe
 1583 00df 0B        	.uleb128 0xb
 1584 00e0 05        	.uleb128 0x5
 1585 00e1 3A        	.uleb128 0x3a
 1586 00e2 0B        	.uleb128 0xb
 1587 00e3 3B        	.uleb128 0x3b
 1588 00e4 0B        	.uleb128 0xb
 1589 00e5 01        	.uleb128 0x1
 1590 00e6 13        	.uleb128 0x13
 1591 00e7 00        	.byte0
 1592 00e8 00        	.byte0
 1593 00e9 14        	.uleb128 0x14
 1594 00ea 0D        	.uleb128 0xd
 1595 00eb 00        	.byte0
 1596 00ec 03        	.uleb128 0x3
 1597 00ed 0E        	.uleb128 0xe
 1598 00ee 3A        	.uleb128 0x3a
 1599 00ef 0B        	.uleb128 0xb
 1600 00f0 3B        	.uleb128 0x3b
 1601 00f1 0B        	.uleb128 0xb
 1602 00f2 49        	.uleb128 0x49
 1603 00f3 13        	.uleb128 0x13
 1604 00f4 38        	.uleb128 0x38
 1605 00f5 05        	.uleb128 0x5
 1606 00f6 00        	.byte0
 1607 00f7 00        	.byte0
 1608 00f8 15        	.uleb128 0x15
 1609 00f9 15        	.uleb128 0x15
 1610 00fa 00        	.byte0
 1611 00fb 27        	.uleb128 0x27
 1612 00fc 19        	.uleb128 0x19
68K GAS   			page 31


 1613 00fd 00        	.byte0
 1614 00fe 00        	.byte0
 1615 00ff 16        	.uleb128 0x16
 1616 0100 15        	.uleb128 0x15
 1617 0101 01        	.byte0x1
 1618 0102 27        	.uleb128 0x27
 1619 0103 19        	.uleb128 0x19
 1620 0104 49        	.uleb128 0x49
 1621 0105 13        	.uleb128 0x13
 1622 0106 01        	.uleb128 0x1
 1623 0107 13        	.uleb128 0x13
 1624 0108 00        	.byte0
 1625 0109 00        	.byte0
 1626 010a 17        	.uleb128 0x17
 1627 010b 05        	.uleb128 0x5
 1628 010c 00        	.byte0
 1629 010d 49        	.uleb128 0x49
 1630 010e 13        	.uleb128 0x13
 1631 010f 00        	.byte0
 1632 0110 00        	.byte0
 1633 0111 18        	.uleb128 0x18
 1634 0112 13        	.uleb128 0x13
 1635 0113 01        	.byte0x1
 1636 0114 03        	.uleb128 0x3
 1637 0115 0E        	.uleb128 0xe
 1638 0116 0B        	.uleb128 0xb
 1639 0117 05        	.uleb128 0x5
 1640 0118 3A        	.uleb128 0x3a
 1641 0119 0B        	.uleb128 0xb
 1642 011a 3B        	.uleb128 0x3b
 1643 011b 05        	.uleb128 0x5
 1644 011c 01        	.uleb128 0x1
 1645 011d 13        	.uleb128 0x13
 1646 011e 00        	.byte0
 1647 011f 00        	.byte0
 1648 0120 19        	.uleb128 0x19
 1649 0121 0D        	.uleb128 0xd
 1650 0122 00        	.byte0
 1651 0123 03        	.uleb128 0x3
 1652 0124 0E        	.uleb128 0xe
 1653 0125 3A        	.uleb128 0x3a
 1654 0126 0B        	.uleb128 0xb
 1655 0127 3B        	.uleb128 0x3b
 1656 0128 05        	.uleb128 0x5
 1657 0129 49        	.uleb128 0x49
 1658 012a 13        	.uleb128 0x13
 1659 012b 38        	.uleb128 0x38
 1660 012c 0B        	.uleb128 0xb
 1661 012d 00        	.byte0
 1662 012e 00        	.byte0
 1663 012f 1A        	.uleb128 0x1a
 1664 0130 0D        	.uleb128 0xd
 1665 0131 00        	.byte0
 1666 0132 03        	.uleb128 0x3
 1667 0133 0E        	.uleb128 0xe
 1668 0134 3A        	.uleb128 0x3a
 1669 0135 0B        	.uleb128 0xb
68K GAS   			page 32


 1670 0136 3B        	.uleb128 0x3b
 1671 0137 05        	.uleb128 0x5
 1672 0138 49        	.uleb128 0x49
 1673 0139 13        	.uleb128 0x13
 1674 013a 38        	.uleb128 0x38
 1675 013b 05        	.uleb128 0x5
 1676 013c 00        	.byte0
 1677 013d 00        	.byte0
 1678 013e 1B        	.uleb128 0x1b
 1679 013f 13        	.uleb128 0x13
 1680 0140 01        	.byte0x1
 1681 0141 03        	.uleb128 0x3
 1682 0142 0E        	.uleb128 0xe
 1683 0143 0B        	.uleb128 0xb
 1684 0144 0B        	.uleb128 0xb
 1685 0145 3A        	.uleb128 0x3a
 1686 0146 0B        	.uleb128 0xb
 1687 0147 3B        	.uleb128 0x3b
 1688 0148 05        	.uleb128 0x5
 1689 0149 01        	.uleb128 0x1
 1690 014a 13        	.uleb128 0x13
 1691 014b 00        	.byte0
 1692 014c 00        	.byte0
 1693 014d 1C        	.uleb128 0x1c
 1694 014e 13        	.uleb128 0x13
 1695 014f 01        	.byte0x1
 1696 0150 0B        	.uleb128 0xb
 1697 0151 0B        	.uleb128 0xb
 1698 0152 3A        	.uleb128 0x3a
 1699 0153 0B        	.uleb128 0xb
 1700 0154 3B        	.uleb128 0x3b
 1701 0155 05        	.uleb128 0x5
 1702 0156 01        	.uleb128 0x1
 1703 0157 13        	.uleb128 0x13
 1704 0158 00        	.byte0
 1705 0159 00        	.byte0
 1706 015a 1D        	.uleb128 0x1d
 1707 015b 17        	.uleb128 0x17
 1708 015c 01        	.byte0x1
 1709 015d 0B        	.uleb128 0xb
 1710 015e 0B        	.uleb128 0xb
 1711 015f 3A        	.uleb128 0x3a
 1712 0160 0B        	.uleb128 0xb
 1713 0161 3B        	.uleb128 0x3b
 1714 0162 05        	.uleb128 0x5
 1715 0163 01        	.uleb128 0x1
 1716 0164 13        	.uleb128 0x13
 1717 0165 00        	.byte0
 1718 0166 00        	.byte0
 1719 0167 1E        	.uleb128 0x1e
 1720 0168 0D        	.uleb128 0xd
 1721 0169 00        	.byte0
 1722 016a 03        	.uleb128 0x3
 1723 016b 0E        	.uleb128 0xe
 1724 016c 3A        	.uleb128 0x3a
 1725 016d 0B        	.uleb128 0xb
 1726 016e 3B        	.uleb128 0x3b
68K GAS   			page 33


 1727 016f 05        	.uleb128 0x5
 1728 0170 49        	.uleb128 0x49
 1729 0171 13        	.uleb128 0x13
 1730 0172 00        	.byte0
 1731 0173 00        	.byte0
 1732 0174 1F        	.uleb128 0x1f
 1733 0175 15        	.uleb128 0x15
 1734 0176 01        	.byte0x1
 1735 0177 27        	.uleb128 0x27
 1736 0178 19        	.uleb128 0x19
 1737 0179 01        	.uleb128 0x1
 1738 017a 13        	.uleb128 0x13
 1739 017b 00        	.byte0
 1740 017c 00        	.byte0
 1741 017d 20        	.uleb128 0x20
 1742 017e 34        	.uleb128 0x34
 1743 017f 00        	.byte0
 1744 0180 03        	.uleb128 0x3
 1745 0181 0E        	.uleb128 0xe
 1746 0182 3A        	.uleb128 0x3a
 1747 0183 0B        	.uleb128 0xb
 1748 0184 3B        	.uleb128 0x3b
 1749 0185 05        	.uleb128 0x5
 1750 0186 49        	.uleb128 0x49
 1751 0187 13        	.uleb128 0x13
 1752 0188 3F        	.uleb128 0x3f
 1753 0189 19        	.uleb128 0x19
 1754 018a 3C        	.uleb128 0x3c
 1755 018b 19        	.uleb128 0x19
 1756 018c 00        	.byte0
 1757 018d 00        	.byte0
 1758 018e 21        	.uleb128 0x21
 1759 018f 2E        	.uleb128 0x2e
 1760 0190 01        	.byte0x1
 1761 0191 3F        	.uleb128 0x3f
 1762 0192 19        	.uleb128 0x19
 1763 0193 03        	.uleb128 0x3
 1764 0194 0E        	.uleb128 0xe
 1765 0195 3A        	.uleb128 0x3a
 1766 0196 0B        	.uleb128 0xb
 1767 0197 3B        	.uleb128 0x3b
 1768 0198 0B        	.uleb128 0xb
 1769 0199 27        	.uleb128 0x27
 1770 019a 19        	.uleb128 0x19
 1771 019b 49        	.uleb128 0x49
 1772 019c 13        	.uleb128 0x13
 1773 019d 11        	.uleb128 0x11
 1774 019e 01        	.uleb128 0x1
 1775 019f 12        	.uleb128 0x12
 1776 01a0 06        	.uleb128 0x6
 1777 01a1 40        	.uleb128 0x40
 1778 01a2 18        	.uleb128 0x18
 1779 01a3 9642      	.uleb128 0x2116
 1780 01a5 19        	.uleb128 0x19
 1781 01a6 01        	.uleb128 0x1
 1782 01a7 13        	.uleb128 0x13
 1783 01a8 00        	.byte0
68K GAS   			page 34


 1784 01a9 00        	.byte0
 1785 01aa 22        	.uleb128 0x22
 1786 01ab 05        	.uleb128 0x5
 1787 01ac 00        	.byte0
 1788 01ad 03        	.uleb128 0x3
 1789 01ae 08        	.uleb128 0x8
 1790 01af 3A        	.uleb128 0x3a
 1791 01b0 0B        	.uleb128 0xb
 1792 01b1 3B        	.uleb128 0x3b
 1793 01b2 0B        	.uleb128 0xb
 1794 01b3 49        	.uleb128 0x49
 1795 01b4 13        	.uleb128 0x13
 1796 01b5 02        	.uleb128 0x2
 1797 01b6 18        	.uleb128 0x18
 1798 01b7 00        	.byte0
 1799 01b8 00        	.byte0
 1800 01b9 23        	.uleb128 0x23
 1801 01ba 05        	.uleb128 0x5
 1802 01bb 00        	.byte0
 1803 01bc 03        	.uleb128 0x3
 1804 01bd 0E        	.uleb128 0xe
 1805 01be 3A        	.uleb128 0x3a
 1806 01bf 0B        	.uleb128 0xb
 1807 01c0 3B        	.uleb128 0x3b
 1808 01c1 0B        	.uleb128 0xb
 1809 01c2 49        	.uleb128 0x49
 1810 01c3 13        	.uleb128 0x13
 1811 01c4 02        	.uleb128 0x2
 1812 01c5 18        	.uleb128 0x18
 1813 01c6 00        	.byte0
 1814 01c7 00        	.byte0
 1815 01c8 24        	.uleb128 0x24
 1816 01c9 2E        	.uleb128 0x2e
 1817 01ca 01        	.byte0x1
 1818 01cb 3F        	.uleb128 0x3f
 1819 01cc 19        	.uleb128 0x19
 1820 01cd 03        	.uleb128 0x3
 1821 01ce 0E        	.uleb128 0xe
 1822 01cf 3A        	.uleb128 0x3a
 1823 01d0 0B        	.uleb128 0xb
 1824 01d1 3B        	.uleb128 0x3b
 1825 01d2 0B        	.uleb128 0xb
 1826 01d3 27        	.uleb128 0x27
 1827 01d4 19        	.uleb128 0x19
 1828 01d5 49        	.uleb128 0x49
 1829 01d6 13        	.uleb128 0x13
 1830 01d7 11        	.uleb128 0x11
 1831 01d8 01        	.uleb128 0x1
 1832 01d9 12        	.uleb128 0x12
 1833 01da 06        	.uleb128 0x6
 1834 01db 40        	.uleb128 0x40
 1835 01dc 18        	.uleb128 0x18
 1836 01dd 9642      	.uleb128 0x2116
 1837 01df 19        	.uleb128 0x19
 1838 01e0 00        	.byte0
 1839 01e1 00        	.byte0
 1840 01e2 00        	.byte0
68K GAS   			page 35


 1841               	.section.debug_aranges,"",@progbits
 1842 0000 0000 001C 	.long0x1c
 1843 0004 0002      	.word0x2
 1844 0006 0000 0000 	.long.Ldebug_info0
 1845 000a 04        	.byte0x4
 1846 000b 00        	.byte0
 1847 000c 0000      	.word0
 1848 000e 0000      	.word0
 1849 0010 0000 0000 	.long.Ltext0
 1850 0014 0000 0042 	.long.Letext0-.Ltext0
 1851 0018 0000 0000 	.long0
 1852 001c 0000 0000 	.long0
 1853               	.section.debug_line,"",@progbits
 1854               	.Ldebug_line0:
 1855 0000 0000 021F 	.section.debug_str,"MS",@progbits,1
 1855      0002 0000 
 1855      0201 0201 
 1855      FB0E 0D00 
 1855      0101 0101 
 1856               	.LASF154:
 1857 0000 2F68 6F6D 	.string"/home/simulink/cFS_FreeRTOS_seL4/psp/fsw/shared/cfe_psp_memutils.c"
 1857      652F 7369 
 1857      6D75 6C69 
 1857      6E6B 2F63 
 1857      4653 5F46 
 1858               	.LASF21:
 1859 0043 5F6E 616D 	.string"_name"
 1859      6500 
 1860               	.LASF61:
 1861 0049 5F6F 6E5F 	.string"_on_exit_args"
 1861      6578 6974 
 1861      5F61 7267 
 1861      7300 
 1862               	.LASF22:
 1863 0057 5F54 6872 	.string"_Thread_queue_Heads"
 1863      6561 645F 
 1863      7175 6575 
 1863      655F 4865 
 1863      6164 7300 
 1864               	.LASF149:
 1865 006b 5F64 6179 	.string"_daylight"
 1865      6C69 6768 
 1865      7400 
 1866               	.LASF126:
 1867 0075 5F77 6374 	.string"_wctomb_state"
 1867      6F6D 625F 
 1867      7374 6174 
 1867      6500 
 1868               	.LASF43:
 1869 0083 6F70 746F 	.string"optopt"
 1869      7074 00
 1870               	.LASF123:
 1871 008a 5F72 3438 	.string"_r48"
 1871      00
 1872               	.LASF128:
 1873 008f 5F73 6967 	.string"_signal_buf"
 1873      6E61 6C5F 
68K GAS   			page 36


 1873      6275 6600 
 1874               	.LASF15:
 1875 009b 756E 7369 	.string"unsigned int"
 1875      676E 6564 
 1875      2069 6E74 
 1875      00
 1876               	.LASF75:
 1877 00a8 5F6C 6266 	.string"_lbfsize"
 1877      7369 7A65 
 1877      00
 1878               	.LASF73:
 1879 00b1 5F66 6C61 	.string"_flags"
 1879      6773 00
 1880               	.LASF26:
 1881 00b8 5F51 7565 	.string"_Queue"
 1881      7565 00
 1882               	.LASF90:
 1883 00bf 5F65 7272 	.string"_errno"
 1883      6E6F 00
 1884               	.LASF30:
 1885 00c6 5F4C 4F43 	.string"_LOCK_RECURSIVE_T"
 1885      4B5F 5245 
 1885      4355 5253 
 1885      4956 455F 
 1885      5400 
 1886               	.LASF77:
 1887 00d8 5F72 6561 	.string"_read"
 1887      6400 
 1888               	.LASF130:
 1889 00de 5F6D 6272 	.string"_mbrlen_state"
 1889      6C65 6E5F 
 1889      7374 6174 
 1889      6500 
 1890               	.LASF153:
 1891 00ec 474E 5520 	.string"GNU C11 7.3.0 20180125 (RTEMS 5, RSB d2b25d131d55adcb38219f2cd8cbec2436ee78ab, Newlib 3.0.0) -malign-int -mcpu=528x -g -O0 -fomit-frame-pointer"
 1891      4331 3120 
 1891      372E 332E 
 1891      3020 3230 
 1891      3138 3031 
 1892               	.LASF92:
 1893 017c 5F73 7464 	.string"_stdout"
 1893      6F75 7400 
 1894               	.LASF82:
 1895 0184 5F6E 6275 	.string"_nbuf"
 1895      6600 
 1896               	.LASF19:
 1897 018a 5F68 6561 	.string"_heads"
 1897      6473 00
 1898               	.LASF12:
 1899 0191 5F66 706F 	.string"_fpos_t"
 1899      735F 7400 
 1900               	.LASF68:
 1901 0199 5F66 6E73 	.string"_fns"
 1901      00
 1902               	.LASF76:
 1903 019e 5F63 6F6F 	.string"_cookie"
 1903      6B69 6500 
68K GAS   			page 37


 1904               	.LASF46:
 1905 01a6 5F42 6967 	.string"_Bigint"
 1905      696E 7400 
 1906               	.LASF145:
 1907 01ae 7569 6E74 	.string"uint8"
 1907      3800 
 1908               	.LASF58:
 1909 01b4 5F5F 746D 	.string"__tm_wday"
 1909      5F77 6461 
 1909      7900 
 1910               	.LASF100:
 1911 01be 5F72 6573 	.string"_result"
 1911      756C 7400 
 1912               	.LASF54:
 1913 01c6 5F5F 746D 	.string"__tm_hour"
 1913      5F68 6F75 
 1913      7200 
 1914               	.LASF35:
 1915 01d0 5F5F 636F 	.string"__count"
 1915      756E 7400 
 1916               	.LASF42:
 1917 01d8 6F70 7465 	.string"opterr"
 1917      7272 00
 1918               	.LASF53:
 1919 01df 5F5F 746D 	.string"__tm_min"
 1919      5F6D 696E 
 1919      00
 1920               	.LASF141:
 1921 01e8 5F69 6D70 	.string"_impure_ptr"
 1921      7572 655F 
 1921      7074 7200 
 1922               	.LASF144:
 1923 01f4 696E 7433 	.string"int32"
 1923      3200 
 1924               	.LASF136:
 1925 01fa 5F6E 6578 	.string"_nextf"
 1925      7466 00
 1926               	.LASF113:
 1927 0201 5F72 616E 	.string"_rand48"
 1927      6434 3800 
 1928               	.LASF27:
 1929 0209 5F4D 7574 	.string"_Mutex_recursive_Control"
 1929      6578 5F72 
 1929      6563 7572 
 1929      7369 7665 
 1929      5F43 6F6E 
 1930               	.LASF101:
 1931 0222 5F72 6573 	.string"_result_k"
 1931      756C 745F 
 1931      6B00 
 1932               	.LASF7:
 1933 022c 6C6F 6E67 	.string"long long unsigned int"
 1933      206C 6F6E 
 1933      6720 756E 
 1933      7369 676E 
 1933      6564 2069 
 1934               	.LASF119:
68K GAS   			page 38


 1935 0243 5F61 7363 	.string"_asctime_buf"
 1935      7469 6D65 
 1935      5F62 7566 
 1935      00
 1936               	.LASF72:
 1937 0250 5F5F 7346 	.string"__sFILE"
 1937      494C 4500 
 1938               	.LASF50:
 1939 0258 5F77 6473 	.string"_wds"
 1939      00
 1940               	.LASF109:
 1941 025d 5F5F 4649 	.string"__FILE"
 1941      4C45 00
 1942               	.LASF135:
 1943 0264 5F68 5F65 	.string"_h_errno"
 1943      7272 6E6F 
 1943      00
 1944               	.LASF84:
 1945 026d 5F6F 6666 	.string"_offset"
 1945      7365 7400 
 1946               	.LASF151:
 1947 0275 7661 6C75 	.string"value"
 1947      6500 
 1948               	.LASF95:
 1949 027b 5F65 6D65 	.string"_emergency"
 1949      7267 656E 
 1949      6379 00
 1950               	.LASF25:
 1951 0286 5F4D 7574 	.string"_Mutex_Control"
 1951      6578 5F43 
 1951      6F6E 7472 
 1951      6F6C 00
 1952               	.LASF18:
 1953 0295 5F4C 6F63 	.string"_Lock"
 1953      6B00 
 1954               	.LASF9:
 1955 029b 7369 7A65 	.string"size_t"
 1955      5F74 00
 1956               	.LASF20:
 1957 02a2 5F6F 776E 	.string"_owner"
 1957      6572 00
 1958               	.LASF52:
 1959 02a9 5F5F 746D 	.string"__tm_sec"
 1959      5F73 6563 
 1959      00
 1960               	.LASF147:
 1961 02b2 7375 626F 	.string"suboptarg"
 1961      7074 6172 
 1961      6700 
 1962               	.LASF59:
 1963 02bc 5F5F 746D 	.string"__tm_yday"
 1963      5F79 6461 
 1963      7900 
 1964               	.LASF94:
 1965 02c6 5F69 6E63 	.string"_inc"
 1965      00
 1966               	.LASF44:
68K GAS   			page 39


 1967 02cb 6F70 7472 	.string"optreset"
 1967      6573 6574 
 1967      00
 1968               	.LASF156:
 1969 02d4 4346 455F 	.string"CFE_PSP_MemSet"
 1969      5053 505F 
 1969      4D65 6D53 
 1969      6574 00
 1970               	.LASF47:
 1971 02e3 5F6E 6578 	.string"_next"
 1971      7400 
 1972               	.LASF132:
 1973 02e9 5F6D 6273 	.string"_mbsrtowcs_state"
 1973      7274 6F77 
 1973      6373 5F73 
 1973      7461 7465 
 1973      00
 1974               	.LASF150:
 1975 02fa 5F74 7A6E 	.string"_tzname"
 1975      616D 6500 
 1976               	.LASF36:
 1977 0302 5F5F 7661 	.string"__value"
 1977      6C75 6500 
 1978               	.LASF102:
 1979 030a 5F70 3573 	.string"_p5s"
 1979      00
 1980               	.LASF134:
 1981 030f 5F77 6373 	.string"_wcsrtombs_state"
 1981      7274 6F6D 
 1981      6273 5F73 
 1981      7461 7465 
 1981      00
 1982               	.LASF124:
 1983 0320 5F6D 626C 	.string"_mblen_state"
 1983      656E 5F73 
 1983      7461 7465 
 1983      00
 1984               	.LASF28:
 1985 032d 5F4D 7574 	.string"_Mutex"
 1985      6578 00
 1986               	.LASF24:
 1987 0334 6368 6172 	.string"char"
 1987      00
 1988               	.LASF55:
 1989 0339 5F5F 746D 	.string"__tm_mday"
 1989      5F6D 6461 
 1989      7900 
 1990               	.LASF107:
 1991 0343 5F73 6967 	.string"_sig_func"
 1991      5F66 756E 
 1991      6300 
 1992               	.LASF131:
 1993 034d 5F6D 6272 	.string"_mbrtowc_state"
 1993      746F 7763 
 1993      5F73 7461 
 1993      7465 00
 1994               	.LASF39:
68K GAS   			page 40


 1995 035c 656E 7669 	.string"environ"
 1995      726F 6E00 
 1996               	.LASF38:
 1997 0364 5F66 6C6F 	.string"_flock_t"
 1997      636B 5F74 
 1997      00
 1998               	.LASF33:
 1999 036d 5F5F 7763 	.string"__wch"
 1999      6800 
 2000               	.LASF112:
 2001 0373 5F69 6F62 	.string"_iobs"
 2001      7300 
 2002               	.LASF80:
 2003 0379 5F63 6C6F 	.string"_close"
 2003      7365 00
 2004               	.LASF98:
 2005 0380 5F5F 7364 	.string"__sdidinit"
 2005      6964 696E 
 2005      6974 00
 2006               	.LASF148:
 2007 038b 5F74 696D 	.string"_timezone"
 2007      657A 6F6E 
 2007      6500 
 2008               	.LASF91:
 2009 0395 5F73 7464 	.string"_stdin"
 2009      696E 00
 2010               	.LASF121:
 2011 039c 5F67 616D 	.string"_gamma_signgam"
 2011      6D61 5F73 
 2011      6967 6E67 
 2011      616D 00
 2012               	.LASF6:
 2013 03ab 6C6F 6E67 	.string"long long int"
 2013      206C 6F6E 
 2013      6720 696E 
 2013      7400 
 2014               	.LASF16:
 2015 03b9 5F54 6963 	.string"_Ticket_lock_Control"
 2015      6B65 745F 
 2015      6C6F 636B 
 2015      5F43 6F6E 
 2015      7472 6F6C 
 2016               	.LASF70:
 2017 03ce 5F62 6173 	.string"_base"
 2017      6500 
 2018               	.LASF103:
 2019 03d4 5F66 7265 	.string"_freelist"
 2019      656C 6973 
 2019      7400 
 2020               	.LASF115:
 2021 03de 5F6D 756C 	.string"_mult"
 2021      7400 
 2022               	.LASF45:
 2023 03e4 5F5F 554C 	.string"__ULong"
 2023      6F6E 6700 
 2024               	.LASF133:
 2025 03ec 5F77 6372 	.string"_wcrtomb_state"
68K GAS   			page 41


 2025      746F 6D62 
 2025      5F73 7461 
 2025      7465 00
 2026               	.LASF74:
 2027 03fb 5F66 696C 	.string"_file"
 2027      6500 
 2028               	.LASF41:
 2029 0401 6F70 7469 	.string"optind"
 2029      6E64 00
 2030               	.LASF29:
 2031 0408 5F6E 6573 	.string"_nest_level"
 2031      745F 6C65 
 2031      7665 6C00 
 2032               	.LASF155:
 2033 0414 2F68 6F6D 	.string"/home/simulink/cFS_FreeRTOS_seL4/build/cpu1/cfe/psp"
 2033      652F 7369 
 2033      6D75 6C69 
 2033      6E6B 2F63 
 2033      4653 5F46 
 2034               	.LASF99:
 2035 0448 5F5F 636C 	.string"__cleanup"
 2035      6561 6E75 
 2035      7000 
 2036               	.LASF37:
 2037 0452 5F6D 6273 	.string"_mbstate_t"
 2037      7461 7465 
 2037      5F74 00
 2038               	.LASF62:
 2039 045d 5F66 6E61 	.string"_fnargs"
 2039      7267 7300 
 2040               	.LASF152:
 2041 0465 7369 7A65 	.string"size"
 2041      00
 2042               	.LASF146:
 2043 046a 7569 6E74 	.string"uint32"
 2043      3332 00
 2044               	.LASF60:
 2045 0471 5F5F 746D 	.string"__tm_isdst"
 2045      5F69 7364 
 2045      7374 00
 2046               	.LASF143:
 2047 047c 5F67 6C6F 	.string"_global_atexit"
 2047      6261 6C5F 
 2047      6174 6578 
 2047      6974 00
 2048               	.LASF67:
 2049 048b 5F69 6E64 	.string"_ind"
 2049      00
 2050               	.LASF56:
 2051 0490 5F5F 746D 	.string"__tm_mon"
 2051      5F6D 6F6E 
 2051      00
 2052               	.LASF40:
 2053 0499 6F70 7461 	.string"optarg"
 2053      7267 00
 2054               	.LASF8:
 2055 04a0 5F5F 696E 	.string"__int64_t"
68K GAS   			page 42


 2055      7436 345F 
 2055      7400 
 2056               	.LASF10:
 2057 04aa 6C6F 6E67 	.string"long double"
 2057      2064 6F75 
 2057      626C 6500 
 2058               	.LASF23:
 2059 04b6 5F54 6872 	.string"_Thread_Control"
 2059      6561 645F 
 2059      436F 6E74 
 2059      726F 6C00 
 2060               	.LASF78:
 2061 04c6 5F77 7269 	.string"_write"
 2061      7465 00
 2062               	.LASF66:
 2063 04cd 5F61 7465 	.string"_atexit"
 2063      7869 7400 
 2064               	.LASF87:
 2065 04d5 5F6D 6273 	.string"_mbstate"
 2065      7461 7465 
 2065      00
 2066               	.LASF2:
 2067 04de 7368 6F72 	.string"short int"
 2067      7420 696E 
 2067      7400 
 2068               	.LASF4:
 2069 04e8 6C6F 6E67 	.string"long int"
 2069      2069 6E74 
 2069      00
 2070               	.LASF157:
 2071 04f1 4346 455F 	.string"CFE_PSP_MemCpy"
 2071      5053 505F 
 2071      4D65 6D43 
 2071      7079 00
 2072               	.LASF140:
 2073 0500 5F5F 7366 	.string"__sf"
 2073      00
 2074               	.LASF49:
 2075 0505 5F73 6967 	.string"_sign"
 2075      6E00 
 2076               	.LASF85:
 2077 050b 5F64 6174 	.string"_data"
 2077      6100 
 2078               	.LASF34:
 2079 0511 5F5F 7763 	.string"__wchb"
 2079      6862 00
 2080               	.LASF142:
 2081 0518 5F67 6C6F 	.string"_global_impure_ptr"
 2081      6261 6C5F 
 2081      696D 7075 
 2081      7265 5F70 
 2081      7472 00
 2082               	.LASF57:
 2083 052b 5F5F 746D 	.string"__tm_year"
 2083      5F79 6561 
 2083      7200 
 2084               	.LASF120:
68K GAS   			page 43


 2085 0535 5F6C 6F63 	.string"_localtime_buf"
 2085      616C 7469 
 2085      6D65 5F62 
 2085      7566 00
 2086               	.LASF138:
 2087 0544 5F75 6E75 	.string"_unused"
 2087      7365 6400 
 2088               	.LASF106:
 2089 054c 5F6E 6577 	.string"_new"
 2089      00
 2090               	.LASF104:
 2091 0551 5F63 7674 	.string"_cvtlen"
 2091      6C65 6E00 
 2092               	.LASF48:
 2093 0559 5F6D 6178 	.string"_maxwds"
 2093      7764 7300 
 2094               	.LASF127:
 2095 0561 5F6C 3634 	.string"_l64a_buf"
 2095      615F 6275 
 2095      6600 
 2096               	.LASF83:
 2097 056b 5F62 6C6B 	.string"_blksize"
 2097      7369 7A65 
 2097      00
 2098               	.LASF51:
 2099 0574 5F5F 746D 	.string"__tm"
 2099      00
 2100               	.LASF86:
 2101 0579 5F6C 6F63 	.string"_lock"
 2101      6B00 
 2102               	.LASF5:
 2103 057f 6C6F 6E67 	.string"long unsigned int"
 2103      2075 6E73 
 2103      6967 6E65 
 2103      6420 696E 
 2103      7400 
 2104               	.LASF111:
 2105 0591 5F6E 696F 	.string"_niobs"
 2105      6273 00
 2106               	.LASF32:
 2107 0598 7769 6E74 	.string"wint_t"
 2107      5F74 00
 2108               	.LASF63:
 2109 059f 5F64 736F 	.string"_dso_handle"
 2109      5F68 616E 
 2109      646C 6500 
 2110               	.LASF17:
 2111 05ab 5F54 6872 	.string"_Thread_queue_Queue"
 2111      6561 645F 
 2111      7175 6575 
 2111      655F 5175 
 2111      6575 6500 
 2112               	.LASF105:
 2113 05bf 5F63 7674 	.string"_cvtbuf"
 2113      6275 6600 
 2114               	.LASF1:
 2115 05c7 756E 7369 	.string"unsigned char"
68K GAS   			page 44


 2115      676E 6564 
 2115      2063 6861 
 2115      7200 
 2116               	.LASF129:
 2117 05d5 5F67 6574 	.string"_getdate_err"
 2117      6461 7465 
 2117      5F65 7272 
 2117      00
 2118               	.LASF116:
 2119 05e2 5F61 6464 	.string"_add"
 2119      00
 2120               	.LASF69:
 2121 05e7 5F5F 7362 	.string"__sbuf"
 2121      7566 00
 2122               	.LASF110:
 2123 05ee 5F67 6C75 	.string"_glue"
 2123      6500 
 2124               	.LASF108:
 2125 05f4 5F5F 7367 	.string"__sglue"
 2125      6C75 6500 
 2126               	.LASF118:
 2127 05fc 5F73 7472 	.string"_strtok_last"
 2127      746F 6B5F 
 2127      6C61 7374 
 2127      00
 2128               	.LASF125:
 2129 0609 5F6D 6274 	.string"_mbtowc_state"
 2129      6F77 635F 
 2129      7374 6174 
 2129      6500 
 2130               	.LASF13:
 2131 0617 5F6E 6578 	.string"_next_ticket"
 2131      745F 7469 
 2131      636B 6574 
 2131      00
 2132               	.LASF97:
 2133 0624 5F6C 6F63 	.string"_locale"
 2133      616C 6500 
 2134               	.LASF31:
 2135 062c 5F73 7369 	.string"_ssize_t"
 2135      7A65 5F74 
 2135      00
 2136               	.LASF0:
 2137 0635 7369 676E 	.string"signed char"
 2137      6564 2063 
 2137      6861 7200 
 2138               	.LASF89:
 2139 0641 5F72 6565 	.string"_reent"
 2139      6E74 00
 2140               	.LASF3:
 2141 0648 7368 6F72 	.string"short unsigned int"
 2141      7420 756E 
 2141      7369 676E 
 2141      6564 2069 
 2141      6E74 00
 2142               	.LASF64:
 2143 065b 5F66 6E74 	.string"_fntypes"
68K GAS   			page 45


 2143      7970 6573 
 2143      00
 2144               	.LASF71:
 2145 0664 5F73 697A 	.string"_size"
 2145      6500 
 2146               	.LASF11:
 2147 066a 5F6F 6666 	.string"_off_t"
 2147      5F74 00
 2148               	.LASF14:
 2149 0671 5F6E 6F77 	.string"_now_serving"
 2149      5F73 6572 
 2149      7669 6E67 
 2149      00
 2150               	.LASF117:
 2151 067e 5F75 6E75 	.string"_unused_rand"
 2151      7365 645F 
 2151      7261 6E64 
 2151      00
 2152               	.LASF96:
 2153 068b 5F75 6E73 	.string"_unspecified_locale_info"
 2153      7065 6369 
 2153      6669 6564 
 2153      5F6C 6F63 
 2153      616C 655F 
 2154               	.LASF88:
 2155 06a4 5F66 6C61 	.string"_flags2"
 2155      6773 3200 
 2156               	.LASF65:
 2157 06ac 5F69 735F 	.string"_is_cxa"
 2157      6378 6100 
 2158               	.LASF114:
 2159 06b4 5F73 6565 	.string"_seed"
 2159      6400 
 2160               	.LASF122:
 2161 06ba 5F72 616E 	.string"_rand_next"
 2161      645F 6E65 
 2161      7874 00
 2162               	.LASF139:
 2163 06c5 5F5F 6C6F 	.string"__locale_t"
 2163      6361 6C65 
 2163      5F74 00
 2164               	.LASF79:
 2165 06d0 5F73 6565 	.string"_seek"
 2165      6B00 
 2166               	.LASF93:
 2167 06d6 5F73 7464 	.string"_stderr"
 2167      6572 7200 
 2168               	.LASF137:
 2169 06de 5F6E 6D61 	.string"_nmalloc"
 2169      6C6C 6F63 
 2169      00
 2170               	.LASF81:
 2171 06e7 5F75 6275 	.string"_ubuf"
 2171      6600 
 2172               	.ident"GCC: (GNU) 7.3.0 20180125 (RTEMS 5, RSB d2b25d131d55adcb38219f2cd8cbec2436ee78ab, Newlib 3.0.0)"
68K GAS   			page 46


DEFINED SYMBOLS
                            *ABS*:0000000000000000 cfe_psp_memutils.c
    {standard input}:9      .text:0000000000000000 CFE_PSP_MemCpy
    {standard input}:34     .text:000000000000001a CFE_PSP_MemSet

UNDEFINED SYMBOLS
memcpy
memset
