68K GAS   			page 1


   1               	
   2               	.file"cfe_psp_voltab.c"
   3               	.text
   4               	.Ltext0:
   5               	.cfi_sections.debug_frame
   6               	.globlOS_VolumeTable
   7               	.data
   8               	.align4
   9               	.typeOS_VolumeTable, @object
  10               	.sizeOS_VolumeTable, 2856
  11               	OS_VolumeTable:
  12 0000 2F72 616D 	.string"/ramdev0"
  12      6465 7630 
  12      00
  13 0009 0000 0000 	.zero23
  13      0000 0000 
  13      0000 0000 
  13      0000 0000 
  13      0000 0000 
  14 0020 2F64 6576 	.string"/dev/nvda"
  14      2F6E 7664 
  14      6100 
  15 002a 0000 0000 	.zero54
  15      0000 0000 
  15      0000 0000 
  15      0000 0000 
  15      0000 0000 
  16 0060 0000 0001 	.long1
  17 0064 01        	.byte1
  18 0065 01        	.byte1
  19 0066 00        	.byte0
  20 0067 2000      	.string" "
  21 0069 0000 0000 	.zero30
  21      0000 0000 
  21      0000 0000 
  21      0000 0000 
  21      0000 0000 
  22 0087 2000      	.string" "
  23 0089 0000 0000 	.zero62
  23      0000 0000 
  23      0000 0000 
  23      0000 0000 
  23      0000 0000 
  24 00c7 00        	.zero1
  25 00c8 0000 0200 	.long512
  26 00cc 2F65 6564 	.string"/eedev0"
  26      6576 3000 
  27 00d4 0000 0000 	.zero24
  27      0000 0000 
  27      0000 0000 
  27      0000 0000 
  27      0000 0000 
  28 00ec 2F65 6570 	.string"/eeprom"
  28      726F 6D00 
  29 00f4 0000 0000 	.zero56
  29      0000 0000 
  29      0000 0000 
68K GAS   			page 2


  29      0000 0000 
  29      0000 0000 
  30 012c 0000 0000 	.long0
  31 0130 00        	.byte0
  32 0131 00        	.byte0
  33 0132 01        	.byte1
  34 0133 4346 00   	.string"CF"
  35 0136 0000 0000 	.zero29
  35      0000 0000 
  35      0000 0000 
  35      0000 0000 
  35      0000 0000 
  36 0153 2F65 6570 	.string"/eeprom"
  36      726F 6D00 
  37 015b 0000 0000 	.zero56
  37      0000 0000 
  37      0000 0000 
  37      0000 0000 
  37      0000 0000 
  38 0193 00        	.zero1
  39 0194 0000 0200 	.long512
  40 0198 2F72 616D 	.string"/ramdev1"
  40      6465 7631 
  40      00
  41 01a1 0000 0000 	.zero23
  41      0000 0000 
  41      0000 0000 
  41      0000 0000 
  41      0000 0000 
  42 01b8 2F72 616D 	.string"/ram1"
  42      3100 
  43 01be 0000 0000 	.zero58
  43      0000 0000 
  43      0000 0000 
  43      0000 0000 
  43      0000 0000 
  44 01f8 0000 0000 	.long0
  45 01fc 01        	.byte1
  46 01fd 01        	.byte1
  47 01fe 00        	.byte0
  48 01ff 2000      	.string" "
  49 0201 0000 0000 	.zero30
  49      0000 0000 
  49      0000 0000 
  49      0000 0000 
  49      0000 0000 
  50 021f 2000      	.string" "
  51 0221 0000 0000 	.zero62
  51      0000 0000 
  51      0000 0000 
  51      0000 0000 
  51      0000 0000 
  52 025f 00        	.zero1
  53 0260 0000 0000 	.long0
  54 0264 2F72 616D 	.string"/ramdev2"
  54      6465 7632 
  54      00
68K GAS   			page 3


  55 026d 0000 0000 	.zero23
  55      0000 0000 
  55      0000 0000 
  55      0000 0000 
  55      0000 0000 
  56 0284 2F72 616D 	.string"/ram2"
  56      3200 
  57 028a 0000 0000 	.zero58
  57      0000 0000 
  57      0000 0000 
  57      0000 0000 
  57      0000 0000 
  58 02c4 0000 0000 	.long0
  59 02c8 01        	.byte1
  60 02c9 01        	.byte1
  61 02ca 00        	.byte0
  62 02cb 2000      	.string" "
  63 02cd 0000 0000 	.zero30
  63      0000 0000 
  63      0000 0000 
  63      0000 0000 
  63      0000 0000 
  64 02eb 2000      	.string" "
  65 02ed 0000 0000 	.zero62
  65      0000 0000 
  65      0000 0000 
  65      0000 0000 
  65      0000 0000 
  66 032b 00        	.zero1
  67 032c 0000 0000 	.long0
  68 0330 2F72 616D 	.string"/ramdev3"
  68      6465 7633 
  68      00
  69 0339 0000 0000 	.zero23
  69      0000 0000 
  69      0000 0000 
  69      0000 0000 
  69      0000 0000 
  70 0350 2F72 616D 	.string"/ram3"
  70      3300 
  71 0356 0000 0000 	.zero58
  71      0000 0000 
  71      0000 0000 
  71      0000 0000 
  71      0000 0000 
  72 0390 0000 0000 	.long0
  73 0394 01        	.byte1
  74 0395 01        	.byte1
  75 0396 00        	.byte0
  76 0397 2000      	.string" "
  77 0399 0000 0000 	.zero30
  77      0000 0000 
  77      0000 0000 
  77      0000 0000 
  77      0000 0000 
  78 03b7 2000      	.string" "
  79 03b9 0000 0000 	.zero62
68K GAS   			page 4


  79      0000 0000 
  79      0000 0000 
  79      0000 0000 
  79      0000 0000 
  80 03f7 00        	.zero1
  81 03f8 0000 0000 	.long0
  82 03fc 2F72 616D 	.string"/ramdev4"
  82      6465 7634 
  82      00
  83 0405 0000 0000 	.zero23
  83      0000 0000 
  83      0000 0000 
  83      0000 0000 
  83      0000 0000 
  84 041c 2F72 616D 	.string"/ram4"
  84      3400 
  85 0422 0000 0000 	.zero58
  85      0000 0000 
  85      0000 0000 
  85      0000 0000 
  85      0000 0000 
  86 045c 0000 0000 	.long0
  87 0460 01        	.byte1
  88 0461 01        	.byte1
  89 0462 00        	.byte0
  90 0463 2000      	.string" "
  91 0465 0000 0000 	.zero30
  91      0000 0000 
  91      0000 0000 
  91      0000 0000 
  91      0000 0000 
  92 0483 2000      	.string" "
  93 0485 0000 0000 	.zero62
  93      0000 0000 
  93      0000 0000 
  93      0000 0000 
  93      0000 0000 
  94 04c3 00        	.zero1
  95 04c4 0000 0000 	.long0
  96 04c8 2F72 616D 	.string"/ramdev5"
  96      6465 7635 
  96      00
  97 04d1 0000 0000 	.zero23
  97      0000 0000 
  97      0000 0000 
  97      0000 0000 
  97      0000 0000 
  98 04e8 2F72 616D 	.string"/ram5"
  98      3500 
  99 04ee 0000 0000 	.zero58
  99      0000 0000 
  99      0000 0000 
  99      0000 0000 
  99      0000 0000 
 100 0528 0000 0000 	.long0
 101 052c 01        	.byte1
 102 052d 01        	.byte1
68K GAS   			page 5


 103 052e 00        	.byte0
 104 052f 2000      	.string" "
 105 0531 0000 0000 	.zero30
 105      0000 0000 
 105      0000 0000 
 105      0000 0000 
 105      0000 0000 
 106 054f 2000      	.string" "
 107 0551 0000 0000 	.zero62
 107      0000 0000 
 107      0000 0000 
 107      0000 0000 
 107      0000 0000 
 108 058f 00        	.zero1
 109 0590 0000 0000 	.long0
 110 0594 2F73 7372 	.string"/ssrdev0"
 110      6465 7630 
 110      00
 111 059d 0000 0000 	.zero23
 111      0000 0000 
 111      0000 0000 
 111      0000 0000 
 111      0000 0000 
 112 05b4 2F73 7372 	.string"/ssr"
 112      00
 113 05b9 0000 0000 	.zero59
 113      0000 0000 
 113      0000 0000 
 113      0000 0000 
 113      0000 0000 
 114 05f4 0000 0000 	.long0
 115 05f8 01        	.byte1
 116 05f9 00        	.byte0
 117 05fa 01        	.byte1
 118 05fb 5353 5200 	.string"SSR"
 119 05ff 0000 0000 	.zero28
 119      0000 0000 
 119      0000 0000 
 119      0000 0000 
 119      0000 0000 
 120 061b 2F4F 312F 	.string"/O1/ssr"
 120      7373 7200 
 121 0623 0000 0000 	.zero56
 121      0000 0000 
 121      0000 0000 
 121      0000 0000 
 121      0000 0000 
 122 065b 00        	.zero1
 123 065c 0000 0200 	.long512
 124 0660 2F73 7372 	.string"/ssrdev1"
 124      6465 7631 
 124      00
 125 0669 0000 0000 	.zero23
 125      0000 0000 
 125      0000 0000 
 125      0000 0000 
 125      0000 0000 
68K GAS   			page 6


 126 0680 2F73 7372 	.string"/ssr2"
 126      3200 
 127 0686 0000 0000 	.zero58
 127      0000 0000 
 127      0000 0000 
 127      0000 0000 
 127      0000 0000 
 128 06c0 0000 0000 	.long0
 129 06c4 01        	.byte1
 130 06c5 01        	.byte1
 131 06c6 00        	.byte0
 132 06c7 2000      	.string" "
 133 06c9 0000 0000 	.zero30
 133      0000 0000 
 133      0000 0000 
 133      0000 0000 
 133      0000 0000 
 134 06e7 2000      	.string" "
 135 06e9 0000 0000 	.zero62
 135      0000 0000 
 135      0000 0000 
 135      0000 0000 
 135      0000 0000 
 136 0727 00        	.zero1
 137 0728 0000 0000 	.long0
 138 072c 2F73 7372 	.string"/ssrdev2"
 138      6465 7632 
 138      00
 139 0735 0000 0000 	.zero23
 139      0000 0000 
 139      0000 0000 
 139      0000 0000 
 139      0000 0000 
 140 074c 2F73 7372 	.string"/ssr3"
 140      3300 
 141 0752 0000 0000 	.zero58
 141      0000 0000 
 141      0000 0000 
 141      0000 0000 
 141      0000 0000 
 142 078c 0000 0000 	.long0
 143 0790 01        	.byte1
 144 0791 01        	.byte1
 145 0792 00        	.byte0
 146 0793 2000      	.string" "
 147 0795 0000 0000 	.zero30
 147      0000 0000 
 147      0000 0000 
 147      0000 0000 
 147      0000 0000 
 148 07b3 2000      	.string" "
 149 07b5 0000 0000 	.zero62
 149      0000 0000 
 149      0000 0000 
 149      0000 0000 
 149      0000 0000 
 150 07f3 00        	.zero1
68K GAS   			page 7


 151 07f4 0000 0000 	.long0
 152 07f8 756E 7573 	.string"unused"
 152      6564 00
 153 07ff 0000 0000 	.zero25
 153      0000 0000 
 153      0000 0000 
 153      0000 0000 
 153      0000 0000 
 154 0818 756E 7573 	.string"unused"
 154      6564 00
 155 081f 0000 0000 	.zero57
 155      0000 0000 
 155      0000 0000 
 155      0000 0000 
 155      0000 0000 
 156 0858 0000 0000 	.long0
 157 085c 01        	.byte1
 158 085d 01        	.byte1
 159 085e 00        	.byte0
 160 085f 2000      	.string" "
 161 0861 0000 0000 	.zero30
 161      0000 0000 
 161      0000 0000 
 161      0000 0000 
 161      0000 0000 
 162 087f 2000      	.string" "
 163 0881 0000 0000 	.zero62
 163      0000 0000 
 163      0000 0000 
 163      0000 0000 
 163      0000 0000 
 164 08bf 00        	.zero1
 165 08c0 0000 0000 	.long0
 166 08c4 756E 7573 	.string"unused"
 166      6564 00
 167 08cb 0000 0000 	.zero25
 167      0000 0000 
 167      0000 0000 
 167      0000 0000 
 167      0000 0000 
 168 08e4 756E 7573 	.string"unused"
 168      6564 00
 169 08eb 0000 0000 	.zero57
 169      0000 0000 
 169      0000 0000 
 169      0000 0000 
 169      0000 0000 
 170 0924 0000 0000 	.long0
 171 0928 01        	.byte1
 172 0929 01        	.byte1
 173 092a 00        	.byte0
 174 092b 2000      	.string" "
 175 092d 0000 0000 	.zero30
 175      0000 0000 
 175      0000 0000 
 175      0000 0000 
 175      0000 0000 
68K GAS   			page 8


 176 094b 2000      	.string" "
 177 094d 0000 0000 	.zero62
 177      0000 0000 
 177      0000 0000 
 177      0000 0000 
 177      0000 0000 
 178 098b 00        	.zero1
 179 098c 0000 0000 	.long0
 180 0990 756E 7573 	.string"unused"
 180      6564 00
 181 0997 0000 0000 	.zero25
 181      0000 0000 
 181      0000 0000 
 181      0000 0000 
 181      0000 0000 
 182 09b0 756E 7573 	.string"unused"
 182      6564 00
 183 09b7 0000 0000 	.zero57
 183      0000 0000 
 183      0000 0000 
 183      0000 0000 
 183      0000 0000 
 184 09f0 0000 0000 	.long0
 185 09f4 01        	.byte1
 186 09f5 01        	.byte1
 187 09f6 00        	.byte0
 188 09f7 2000      	.string" "
 189 09f9 0000 0000 	.zero30
 189      0000 0000 
 189      0000 0000 
 189      0000 0000 
 189      0000 0000 
 190 0a17 2000      	.string" "
 191 0a19 0000 0000 	.zero62
 191      0000 0000 
 191      0000 0000 
 191      0000 0000 
 191      0000 0000 
 192 0a57 00        	.zero1
 193 0a58 0000 0000 	.long0
 194 0a5c 756E 7573 	.string"unused"
 194      6564 00
 195 0a63 0000 0000 	.zero25
 195      0000 0000 
 195      0000 0000 
 195      0000 0000 
 195      0000 0000 
 196 0a7c 756E 7573 	.string"unused"
 196      6564 00
 197 0a83 0000 0000 	.zero57
 197      0000 0000 
 197      0000 0000 
 197      0000 0000 
 197      0000 0000 
 198 0abc 0000 0000 	.long0
 199 0ac0 01        	.byte1
 200 0ac1 01        	.byte1
68K GAS   			page 9


 201 0ac2 00        	.byte0
 202 0ac3 2000      	.string" "
 203 0ac5 0000 0000 	.zero30
 203      0000 0000 
 203      0000 0000 
 203      0000 0000 
 203      0000 0000 
 204 0ae3 2000      	.string" "
 205 0ae5 0000 0000 	.zero62
 205      0000 0000 
 205      0000 0000 
 205      0000 0000 
 205      0000 0000 
 206 0b23 00        	.zero1
 207 0b24 0000 0000 	.long0
 208               	.text
 209               	.Letext0:
 210               	.file 1 "/home/simulink/cFS_FreeRTOS_seL4/osal/src/os/inc/common_types.h"
 211               	.file 2 "/home/simulink/development/rtems/5/m68k-rtems5/include/machine/_default_types.h"
 212               	.file 3 "/home/simulink/development/rtems/5/m68k-rtems5/include/machine/_types.h"
 213               	.file 4 "/home/simulink/development/rtems/5/m68k-rtems5/include/sys/lock.h"
 214               	.file 5 "/home/simulink/development/rtems/5/m68k-rtems5/include/sys/_types.h"
 215               	.file 6 "/home/simulink/development/rtems/5/lib/gcc/m68k-rtems5/7.3.0/include/stddef.h"
 216               	.file 7 "/home/simulink/development/rtems/5/m68k-rtems5/include/sys/reent.h"
 217               	.file 8 "/home/simulink/development/rtems/5/m68k-rtems5/include/stdlib.h"
 218               	.file 9 "/home/simulink/development/rtems/5/m68k-rtems5/include/time.h"
 219               	.file 10 "/home/simulink/cFS_FreeRTOS_seL4/osal/src/os/inc/osapi-os-filesys.h"
 220               	.file 11 "/home/simulink/cFS_FreeRTOS_seL4/psp/fsw/mcf5235-rtems/src/cfe_psp_voltab.c"
 221               	.section.debug_info,"",@progbits
 222               	.Ldebug_info0:
 223 0000 0000 0A4C 	.long0xa4c
 224 0004 0004      	.word0x4
 225 0006 0000 0000 	.long.Ldebug_abbrev0
 226 000a 04        	.byte0x4
 227 000b 01        	.uleb128 0x1
 228 000c 0000 0000 	.long.LASF154
 229 0010 0C        	.byte0xc
 230 0011 0000 0000 	.long.LASF155
 231 0015 0000 0000 	.long.LASF156
 232 0019 0000 0000 	.long.Ldebug_line0
 233 001d 02        	.uleb128 0x2
 234 001e 01        	.byte0x1
 235 001f 08        	.byte0x8
 236 0020 0000 0000 	.long.LASF0
 237 0024 02        	.uleb128 0x2
 238 0025 01        	.byte0x1
 239 0026 06        	.byte0x6
 240 0027 0000 0000 	.long.LASF1
 241 002b 02        	.uleb128 0x2
 242 002c 02        	.byte0x2
 243 002d 05        	.byte0x5
 244 002e 0000 0000 	.long.LASF2
 245 0032 02        	.uleb128 0x2
 246 0033 04        	.byte0x4
 247 0034 05        	.byte0x5
 248 0035 0000 0000 	.long.LASF3
 249 0039 02        	.uleb128 0x2
68K GAS   			page 10


 250 003a 08        	.byte0x8
 251 003b 05        	.byte0x5
 252 003c 0000 0000 	.long.LASF4
 253 0040 03        	.uleb128 0x3
 254 0041 0000 0000 	.long.LASF6
 255 0045 01        	.byte0x1
 256 0046 EB        	.byte0xeb
 257 0047 0000 001D 	.long0x1d
 258 004b 02        	.uleb128 0x2
 259 004c 02        	.byte0x2
 260 004d 07        	.byte0x7
 261 004e 0000 0000 	.long.LASF5
 262 0052 03        	.uleb128 0x3
 263 0053 0000 0000 	.long.LASF7
 264 0057 01        	.byte0x1
 265 0058 ED        	.byte0xed
 266 0059 0000 005D 	.long0x5d
 267 005d 02        	.uleb128 0x2
 268 005e 04        	.byte0x4
 269 005f 07        	.byte0x7
 270 0060 0000 0000 	.long.LASF8
 271 0064 02        	.uleb128 0x2
 272 0065 08        	.byte0x8
 273 0066 07        	.byte0x7
 274 0067 0000 0000 	.long.LASF9
 275 006b 02        	.uleb128 0x2
 276 006c 01        	.byte0x1
 277 006d 06        	.byte0x6
 278 006e 0000 0000 	.long.LASF10
 279 0072 04        	.uleb128 0x4
 280 0073 0000 006B 	.long0x6b
 281 0077 05        	.uleb128 0x5
 282 0078 04        	.byte0x4
 283 0079 03        	.uleb128 0x3
 284 007a 0000 0000 	.long.LASF11
 285 007e 02        	.byte0x2
 286 007f 67        	.byte0x67
 287 0080 0000 0039 	.long0x39
 288 0084 02        	.uleb128 0x2
 289 0085 08        	.byte0x8
 290 0086 04        	.byte0x4
 291 0087 0000 0000 	.long.LASF12
 292 008b 03        	.uleb128 0x3
 293 008c 0000 0000 	.long.LASF13
 294 0090 03        	.byte0x3
 295 0091 10        	.byte0x10
 296 0092 0000 0079 	.long0x79
 297 0096 03        	.uleb128 0x3
 298 0097 0000 0000 	.long.LASF14
 299 009b 03        	.byte0x3
 300 009c 16        	.byte0x16
 301 009d 0000 008B 	.long0x8b
 302 00a1 06        	.uleb128 0x6
 303 00a2 04        	.byte0x4
 304 00a3 05        	.byte0x5
 305 00a4 696E 7400 	.string"int"
 306 00a8 07        	.uleb128 0x7
68K GAS   			page 11


 307 00a9 0000 0000 	.long.LASF18
 308 00ad 08        	.byte0x8
 309 00ae 04        	.byte0x4
 310 00af 28        	.byte0x28
 311 00b0 0000 00CD 	.long0xcd
 312 00b4 08        	.uleb128 0x8
 313 00b5 0000 0000 	.long.LASF15
 314 00b9 04        	.byte0x4
 315 00ba 29        	.byte0x29
 316 00bb 0000 00CD 	.long0xcd
 317 00bf 00        	.byte0
 318 00c0 08        	.uleb128 0x8
 319 00c1 0000 0000 	.long.LASF16
 320 00c5 04        	.byte0x4
 321 00c6 2A        	.byte0x2a
 322 00c7 0000 00CD 	.long0xcd
 323 00cb 04        	.byte0x4
 324 00cc 00        	.byte0
 325 00cd 02        	.uleb128 0x2
 326 00ce 04        	.byte0x4
 327 00cf 07        	.byte0x7
 328 00d0 0000 0000 	.long.LASF17
 329 00d4 07        	.uleb128 0x7
 330 00d5 0000 0000 	.long.LASF19
 331 00d9 14        	.byte0x14
 332 00da 04        	.byte0x4
 333 00db 2D        	.byte0x2d
 334 00dc 0000 0111 	.long0x111
 335 00e0 08        	.uleb128 0x8
 336 00e1 0000 0000 	.long.LASF20
 337 00e5 04        	.byte0x4
 338 00e6 2E        	.byte0x2e
 339 00e7 0000 00A8 	.long0xa8
 340 00eb 00        	.byte0
 341 00ec 08        	.uleb128 0x8
 342 00ed 0000 0000 	.long.LASF21
 343 00f1 04        	.byte0x4
 344 00f2 2F        	.byte0x2f
 345 00f3 0000 0116 	.long0x116
 346 00f7 08        	.byte0x8
 347 00f8 08        	.uleb128 0x8
 348 00f9 0000 0000 	.long.LASF22
 349 00fd 04        	.byte0x4
 350 00fe 30        	.byte0x30
 351 00ff 0000 0121 	.long0x121
 352 0103 0C        	.byte0xc
 353 0104 08        	.uleb128 0x8
 354 0105 0000 0000 	.long.LASF23
 355 0109 04        	.byte0x4
 356 010a 31        	.byte0x31
 357 010b 0000 0127 	.long0x127
 358 010f 10        	.byte0x10
 359 0110 00        	.byte0
 360 0111 09        	.uleb128 0x9
 361 0112 0000 0000 	.long.LASF24
 362 0116 0A        	.uleb128 0xa
 363 0117 04        	.byte0x4
68K GAS   			page 12


 364 0118 0000 0111 	.long0x111
 365 011c 09        	.uleb128 0x9
 366 011d 0000 0000 	.long.LASF25
 367 0121 0A        	.uleb128 0xa
 368 0122 04        	.byte0x4
 369 0123 0000 011C 	.long0x11c
 370 0127 0A        	.uleb128 0xa
 371 0128 04        	.byte0x4
 372 0129 0000 0072 	.long0x72
 373 012d 07        	.uleb128 0x7
 374 012e 0000 0000 	.long.LASF26
 375 0132 14        	.byte0x14
 376 0133 04        	.byte0x4
 377 0134 34        	.byte0x34
 378 0135 0000 0146 	.long0x146
 379 0139 08        	.uleb128 0x8
 380 013a 0000 0000 	.long.LASF27
 381 013e 04        	.byte0x4
 382 013f 35        	.byte0x35
 383 0140 0000 00D4 	.long0xd4
 384 0144 00        	.byte0
 385 0145 00        	.byte0
 386 0146 07        	.uleb128 0x7
 387 0147 0000 0000 	.long.LASF28
 388 014b 18        	.byte0x18
 389 014c 04        	.byte0x4
 390 014d 38        	.byte0x38
 391 014e 0000 016B 	.long0x16b
 392 0152 08        	.uleb128 0x8
 393 0153 0000 0000 	.long.LASF29
 394 0157 04        	.byte0x4
 395 0158 39        	.byte0x39
 396 0159 0000 012D 	.long0x12d
 397 015d 00        	.byte0
 398 015e 08        	.uleb128 0x8
 399 015f 0000 0000 	.long.LASF30
 400 0163 04        	.byte0x4
 401 0164 3A        	.byte0x3a
 402 0165 0000 00CD 	.long0xcd
 403 0169 14        	.byte0x14
 404 016a 00        	.byte0
 405 016b 0B        	.uleb128 0xb
 406 016c 0000 0000 	.long.LASF31
 407 0170 04        	.byte0x4
 408 0171 0171      	.word0x171
 409 0173 0000 0146 	.long0x146
 410 0177 03        	.uleb128 0x3
 411 0178 0000 0000 	.long.LASF32
 412 017c 05        	.byte0x5
 413 017d 91        	.byte0x91
 414 017e 0000 0032 	.long0x32
 415 0182 0B        	.uleb128 0xb
 416 0183 0000 0000 	.long.LASF33
 417 0187 06        	.byte0x6
 418 0188 0165      	.word0x165
 419 018a 0000 00CD 	.long0xcd
 420 018e 0C        	.uleb128 0xc
68K GAS   			page 13


 421 018f 04        	.byte0x4
 422 0190 05        	.byte0x5
 423 0191 A6        	.byte0xa6
 424 0192 0000 01AD 	.long0x1ad
 425 0196 0D        	.uleb128 0xd
 426 0197 0000 0000 	.long.LASF34
 427 019b 05        	.byte0x5
 428 019c A8        	.byte0xa8
 429 019d 0000 0182 	.long0x182
 430 01a1 0D        	.uleb128 0xd
 431 01a2 0000 0000 	.long.LASF35
 432 01a6 05        	.byte0x5
 433 01a7 A9        	.byte0xa9
 434 01a8 0000 01AD 	.long0x1ad
 435 01ac 00        	.byte0
 436 01ad 0E        	.uleb128 0xe
 437 01ae 0000 001D 	.long0x1d
 438 01b2 0000 01BD 	.long0x1bd
 439 01b6 0F        	.uleb128 0xf
 440 01b7 0000 005D 	.long0x5d
 441 01bb 03        	.byte0x3
 442 01bc 00        	.byte0
 443 01bd 10        	.uleb128 0x10
 444 01be 08        	.byte0x8
 445 01bf 05        	.byte0x5
 446 01c0 A3        	.byte0xa3
 447 01c1 0000 01DE 	.long0x1de
 448 01c5 08        	.uleb128 0x8
 449 01c6 0000 0000 	.long.LASF36
 450 01ca 05        	.byte0x5
 451 01cb A5        	.byte0xa5
 452 01cc 0000 00A1 	.long0xa1
 453 01d0 00        	.byte0
 454 01d1 08        	.uleb128 0x8
 455 01d2 0000 0000 	.long.LASF37
 456 01d6 05        	.byte0x5
 457 01d7 AA        	.byte0xaa
 458 01d8 0000 018E 	.long0x18e
 459 01dc 04        	.byte0x4
 460 01dd 00        	.byte0
 461 01de 03        	.uleb128 0x3
 462 01df 0000 0000 	.long.LASF38
 463 01e3 05        	.byte0x5
 464 01e4 AB        	.byte0xab
 465 01e5 0000 01BD 	.long0x1bd
 466 01e9 03        	.uleb128 0x3
 467 01ea 0000 0000 	.long.LASF39
 468 01ee 05        	.byte0x5
 469 01ef AF        	.byte0xaf
 470 01f0 0000 016B 	.long0x16b
 471 01f4 03        	.uleb128 0x3
 472 01f5 0000 0000 	.long.LASF40
 473 01f9 07        	.byte0x7
 474 01fa 16        	.byte0x16
 475 01fb 0000 005D 	.long0x5d
 476 01ff 07        	.uleb128 0x7
 477 0200 0000 0000 	.long.LASF41
68K GAS   			page 14


 478 0204 18        	.byte0x18
 479 0205 07        	.byte0x7
 480 0206 2F        	.byte0x2f
 481 0207 0000 0252 	.long0x252
 482 020b 08        	.uleb128 0x8
 483 020c 0000 0000 	.long.LASF42
 484 0210 07        	.byte0x7
 485 0211 31        	.byte0x31
 486 0212 0000 0252 	.long0x252
 487 0216 00        	.byte0
 488 0217 11        	.uleb128 0x11
 489 0218 5F6B 00   	.string"_k"
 490 021b 07        	.byte0x7
 491 021c 32        	.byte0x32
 492 021d 0000 00A1 	.long0xa1
 493 0221 04        	.byte0x4
 494 0222 08        	.uleb128 0x8
 495 0223 0000 0000 	.long.LASF43
 496 0227 07        	.byte0x7
 497 0228 32        	.byte0x32
 498 0229 0000 00A1 	.long0xa1
 499 022d 08        	.byte0x8
 500 022e 08        	.uleb128 0x8
 501 022f 0000 0000 	.long.LASF44
 502 0233 07        	.byte0x7
 503 0234 32        	.byte0x32
 504 0235 0000 00A1 	.long0xa1
 505 0239 0C        	.byte0xc
 506 023a 08        	.uleb128 0x8
 507 023b 0000 0000 	.long.LASF45
 508 023f 07        	.byte0x7
 509 0240 32        	.byte0x32
 510 0241 0000 00A1 	.long0xa1
 511 0245 10        	.byte0x10
 512 0246 11        	.uleb128 0x11
 513 0247 5F78 00   	.string"_x"
 514 024a 07        	.byte0x7
 515 024b 33        	.byte0x33
 516 024c 0000 0258 	.long0x258
 517 0250 14        	.byte0x14
 518 0251 00        	.byte0
 519 0252 0A        	.uleb128 0xa
 520 0253 04        	.byte0x4
 521 0254 0000 01FF 	.long0x1ff
 522 0258 0E        	.uleb128 0xe
 523 0259 0000 01F4 	.long0x1f4
 524 025d 0000 0268 	.long0x268
 525 0261 0F        	.uleb128 0xf
 526 0262 0000 005D 	.long0x5d
 527 0266 00        	.byte0
 528 0267 00        	.byte0
 529 0268 07        	.uleb128 0x7
 530 0269 0000 0000 	.long.LASF46
 531 026d 24        	.byte0x24
 532 026e 07        	.byte0x7
 533 026f 37        	.byte0x37
 534 0270 0000 02E1 	.long0x2e1
68K GAS   			page 15


 535 0274 08        	.uleb128 0x8
 536 0275 0000 0000 	.long.LASF47
 537 0279 07        	.byte0x7
 538 027a 39        	.byte0x39
 539 027b 0000 00A1 	.long0xa1
 540 027f 00        	.byte0
 541 0280 08        	.uleb128 0x8
 542 0281 0000 0000 	.long.LASF48
 543 0285 07        	.byte0x7
 544 0286 3A        	.byte0x3a
 545 0287 0000 00A1 	.long0xa1
 546 028b 04        	.byte0x4
 547 028c 08        	.uleb128 0x8
 548 028d 0000 0000 	.long.LASF49
 549 0291 07        	.byte0x7
 550 0292 3B        	.byte0x3b
 551 0293 0000 00A1 	.long0xa1
 552 0297 08        	.byte0x8
 553 0298 08        	.uleb128 0x8
 554 0299 0000 0000 	.long.LASF50
 555 029d 07        	.byte0x7
 556 029e 3C        	.byte0x3c
 557 029f 0000 00A1 	.long0xa1
 558 02a3 0C        	.byte0xc
 559 02a4 08        	.uleb128 0x8
 560 02a5 0000 0000 	.long.LASF51
 561 02a9 07        	.byte0x7
 562 02aa 3D        	.byte0x3d
 563 02ab 0000 00A1 	.long0xa1
 564 02af 10        	.byte0x10
 565 02b0 08        	.uleb128 0x8
 566 02b1 0000 0000 	.long.LASF52
 567 02b5 07        	.byte0x7
 568 02b6 3E        	.byte0x3e
 569 02b7 0000 00A1 	.long0xa1
 570 02bb 14        	.byte0x14
 571 02bc 08        	.uleb128 0x8
 572 02bd 0000 0000 	.long.LASF53
 573 02c1 07        	.byte0x7
 574 02c2 3F        	.byte0x3f
 575 02c3 0000 00A1 	.long0xa1
 576 02c7 18        	.byte0x18
 577 02c8 08        	.uleb128 0x8
 578 02c9 0000 0000 	.long.LASF54
 579 02cd 07        	.byte0x7
 580 02ce 40        	.byte0x40
 581 02cf 0000 00A1 	.long0xa1
 582 02d3 1C        	.byte0x1c
 583 02d4 08        	.uleb128 0x8
 584 02d5 0000 0000 	.long.LASF55
 585 02d9 07        	.byte0x7
 586 02da 41        	.byte0x41
 587 02db 0000 00A1 	.long0xa1
 588 02df 20        	.byte0x20
 589 02e0 00        	.byte0
 590 02e1 12        	.uleb128 0x12
 591 02e2 0000 0000 	.long.LASF56
68K GAS   			page 16


 592 02e6 0108      	.word0x108
 593 02e8 07        	.byte0x7
 594 02e9 4A        	.byte0x4a
 595 02ea 0000 0321 	.long0x321
 596 02ee 08        	.uleb128 0x8
 597 02ef 0000 0000 	.long.LASF57
 598 02f3 07        	.byte0x7
 599 02f4 4B        	.byte0x4b
 600 02f5 0000 0321 	.long0x321
 601 02f9 00        	.byte0
 602 02fa 08        	.uleb128 0x8
 603 02fb 0000 0000 	.long.LASF58
 604 02ff 07        	.byte0x7
 605 0300 4C        	.byte0x4c
 606 0301 0000 0321 	.long0x321
 607 0305 80        	.byte0x80
 608 0306 13        	.uleb128 0x13
 609 0307 0000 0000 	.long.LASF59
 610 030b 07        	.byte0x7
 611 030c 4E        	.byte0x4e
 612 030d 0000 01F4 	.long0x1f4
 613 0311 0100      	.word0x100
 614 0313 13        	.uleb128 0x13
 615 0314 0000 0000 	.long.LASF60
 616 0318 07        	.byte0x7
 617 0319 51        	.byte0x51
 618 031a 0000 01F4 	.long0x1f4
 619 031e 0104      	.word0x104
 620 0320 00        	.byte0
 621 0321 0E        	.uleb128 0xe
 622 0322 0000 0077 	.long0x77
 623 0326 0000 0331 	.long0x331
 624 032a 0F        	.uleb128 0xf
 625 032b 0000 005D 	.long0x5d
 626 032f 1F        	.byte0x1f
 627 0330 00        	.byte0
 628 0331 12        	.uleb128 0x12
 629 0332 0000 0000 	.long.LASF61
 630 0336 0190      	.word0x190
 631 0338 07        	.byte0x7
 632 0339 5D        	.byte0x5d
 633 033a 0000 036F 	.long0x36f
 634 033e 08        	.uleb128 0x8
 635 033f 0000 0000 	.long.LASF42
 636 0343 07        	.byte0x7
 637 0344 5E        	.byte0x5e
 638 0345 0000 036F 	.long0x36f
 639 0349 00        	.byte0
 640 034a 08        	.uleb128 0x8
 641 034b 0000 0000 	.long.LASF62
 642 034f 07        	.byte0x7
 643 0350 5F        	.byte0x5f
 644 0351 0000 00A1 	.long0xa1
 645 0355 04        	.byte0x4
 646 0356 08        	.uleb128 0x8
 647 0357 0000 0000 	.long.LASF63
 648 035b 07        	.byte0x7
68K GAS   			page 17


 649 035c 61        	.byte0x61
 650 035d 0000 0375 	.long0x375
 651 0361 08        	.byte0x8
 652 0362 08        	.uleb128 0x8
 653 0363 0000 0000 	.long.LASF56
 654 0367 07        	.byte0x7
 655 0368 62        	.byte0x62
 656 0369 0000 02E1 	.long0x2e1
 657 036d 88        	.byte0x88
 658 036e 00        	.byte0
 659 036f 0A        	.uleb128 0xa
 660 0370 04        	.byte0x4
 661 0371 0000 0331 	.long0x331
 662 0375 0E        	.uleb128 0xe
 663 0376 0000 0385 	.long0x385
 664 037a 0000 0385 	.long0x385
 665 037e 0F        	.uleb128 0xf
 666 037f 0000 005D 	.long0x5d
 667 0383 1F        	.byte0x1f
 668 0384 00        	.byte0
 669 0385 0A        	.uleb128 0xa
 670 0386 04        	.byte0x4
 671 0387 0000 038B 	.long0x38b
 672 038b 14        	.uleb128 0x14
 673 038c 07        	.uleb128 0x7
 674 038d 0000 0000 	.long.LASF64
 675 0391 08        	.byte0x8
 676 0392 07        	.byte0x7
 677 0393 75        	.byte0x75
 678 0394 0000 03B1 	.long0x3b1
 679 0398 08        	.uleb128 0x8
 680 0399 0000 0000 	.long.LASF65
 681 039d 07        	.byte0x7
 682 039e 76        	.byte0x76
 683 039f 0000 03B1 	.long0x3b1
 684 03a3 00        	.byte0
 685 03a4 08        	.uleb128 0x8
 686 03a5 0000 0000 	.long.LASF66
 687 03a9 07        	.byte0x7
 688 03aa 77        	.byte0x77
 689 03ab 0000 00A1 	.long0xa1
 690 03af 04        	.byte0x4
 691 03b0 00        	.byte0
 692 03b1 0A        	.uleb128 0xa
 693 03b2 04        	.byte0x4
 694 03b3 0000 001D 	.long0x1d
 695 03b7 07        	.uleb128 0x7
 696 03b8 0000 0000 	.long.LASF67
 697 03bc 80        	.byte0x80
 698 03bd 07        	.byte0x7
 699 03be B5        	.byte0xb5
 700 03bf 0000 04E1 	.long0x4e1
 701 03c3 11        	.uleb128 0x11
 702 03c4 5F70 00   	.string"_p"
 703 03c7 07        	.byte0x7
 704 03c8 B6        	.byte0xb6
 705 03c9 0000 03B1 	.long0x3b1
68K GAS   			page 18


 706 03cd 00        	.byte0
 707 03ce 11        	.uleb128 0x11
 708 03cf 5F72 00   	.string"_r"
 709 03d2 07        	.byte0x7
 710 03d3 B7        	.byte0xb7
 711 03d4 0000 00A1 	.long0xa1
 712 03d8 04        	.byte0x4
 713 03d9 11        	.uleb128 0x11
 714 03da 5F77 00   	.string"_w"
 715 03dd 07        	.byte0x7
 716 03de B8        	.byte0xb8
 717 03df 0000 00A1 	.long0xa1
 718 03e3 08        	.byte0x8
 719 03e4 08        	.uleb128 0x8
 720 03e5 0000 0000 	.long.LASF68
 721 03e9 07        	.byte0x7
 722 03ea B9        	.byte0xb9
 723 03eb 0000 002B 	.long0x2b
 724 03ef 0C        	.byte0xc
 725 03f0 08        	.uleb128 0x8
 726 03f1 0000 0000 	.long.LASF69
 727 03f5 07        	.byte0x7
 728 03f6 BA        	.byte0xba
 729 03f7 0000 002B 	.long0x2b
 730 03fb 0E        	.byte0xe
 731 03fc 11        	.uleb128 0x11
 732 03fd 5F62 6600 	.string"_bf"
 733 0401 07        	.byte0x7
 734 0402 BB        	.byte0xbb
 735 0403 0000 038C 	.long0x38c
 736 0407 10        	.byte0x10
 737 0408 08        	.uleb128 0x8
 738 0409 0000 0000 	.long.LASF70
 739 040d 07        	.byte0x7
 740 040e BC        	.byte0xbc
 741 040f 0000 00A1 	.long0xa1
 742 0413 18        	.byte0x18
 743 0414 08        	.uleb128 0x8
 744 0415 0000 0000 	.long.LASF71
 745 0419 07        	.byte0x7
 746 041a C3        	.byte0xc3
 747 041b 0000 0077 	.long0x77
 748 041f 1C        	.byte0x1c
 749 0420 08        	.uleb128 0x8
 750 0421 0000 0000 	.long.LASF72
 751 0425 07        	.byte0x7
 752 0426 C5        	.byte0xc5
 753 0427 0000 0618 	.long0x618
 754 042b 20        	.byte0x20
 755 042c 08        	.uleb128 0x8
 756 042d 0000 0000 	.long.LASF73
 757 0431 07        	.byte0x7
 758 0432 C7        	.byte0xc7
 759 0433 0000 063C 	.long0x63c
 760 0437 24        	.byte0x24
 761 0438 08        	.uleb128 0x8
 762 0439 0000 0000 	.long.LASF74
68K GAS   			page 19


 763 043d 07        	.byte0x7
 764 043e CA        	.byte0xca
 765 043f 0000 0660 	.long0x660
 766 0443 28        	.byte0x28
 767 0444 08        	.uleb128 0x8
 768 0445 0000 0000 	.long.LASF75
 769 0449 07        	.byte0x7
 770 044a CB        	.byte0xcb
 771 044b 0000 067A 	.long0x67a
 772 044f 2C        	.byte0x2c
 773 0450 11        	.uleb128 0x11
 774 0451 5F75 6200 	.string"_ub"
 775 0455 07        	.byte0x7
 776 0456 CE        	.byte0xce
 777 0457 0000 038C 	.long0x38c
 778 045b 30        	.byte0x30
 779 045c 11        	.uleb128 0x11
 780 045d 5F75 7000 	.string"_up"
 781 0461 07        	.byte0x7
 782 0462 CF        	.byte0xcf
 783 0463 0000 03B1 	.long0x3b1
 784 0467 38        	.byte0x38
 785 0468 11        	.uleb128 0x11
 786 0469 5F75 7200 	.string"_ur"
 787 046d 07        	.byte0x7
 788 046e D0        	.byte0xd0
 789 046f 0000 00A1 	.long0xa1
 790 0473 3C        	.byte0x3c
 791 0474 08        	.uleb128 0x8
 792 0475 0000 0000 	.long.LASF76
 793 0479 07        	.byte0x7
 794 047a D3        	.byte0xd3
 795 047b 0000 0680 	.long0x680
 796 047f 40        	.byte0x40
 797 0480 08        	.uleb128 0x8
 798 0481 0000 0000 	.long.LASF77
 799 0485 07        	.byte0x7
 800 0486 D4        	.byte0xd4
 801 0487 0000 0690 	.long0x690
 802 048b 43        	.byte0x43
 803 048c 11        	.uleb128 0x11
 804 048d 5F6C 6200 	.string"_lb"
 805 0491 07        	.byte0x7
 806 0492 D7        	.byte0xd7
 807 0493 0000 038C 	.long0x38c
 808 0497 44        	.byte0x44
 809 0498 08        	.uleb128 0x8
 810 0499 0000 0000 	.long.LASF78
 811 049d 07        	.byte0x7
 812 049e DA        	.byte0xda
 813 049f 0000 00A1 	.long0xa1
 814 04a3 4C        	.byte0x4c
 815 04a4 08        	.uleb128 0x8
 816 04a5 0000 0000 	.long.LASF79
 817 04a9 07        	.byte0x7
 818 04aa DB        	.byte0xdb
 819 04ab 0000 008B 	.long0x8b
68K GAS   			page 20


 820 04af 50        	.byte0x50
 821 04b0 08        	.uleb128 0x8
 822 04b1 0000 0000 	.long.LASF80
 823 04b5 07        	.byte0x7
 824 04b6 DE        	.byte0xde
 825 04b7 0000 04FF 	.long0x4ff
 826 04bb 58        	.byte0x58
 827 04bc 08        	.uleb128 0x8
 828 04bd 0000 0000 	.long.LASF81
 829 04c1 07        	.byte0x7
 830 04c2 E2        	.byte0xe2
 831 04c3 0000 01E9 	.long0x1e9
 832 04c7 5C        	.byte0x5c
 833 04c8 08        	.uleb128 0x8
 834 04c9 0000 0000 	.long.LASF82
 835 04cd 07        	.byte0x7
 836 04ce E4        	.byte0xe4
 837 04cf 0000 01DE 	.long0x1de
 838 04d3 74        	.byte0x74
 839 04d4 08        	.uleb128 0x8
 840 04d5 0000 0000 	.long.LASF83
 841 04d9 07        	.byte0x7
 842 04da E5        	.byte0xe5
 843 04db 0000 00A1 	.long0xa1
 844 04df 7C        	.byte0x7c
 845 04e0 00        	.byte0
 846 04e1 15        	.uleb128 0x15
 847 04e2 0000 0177 	.long0x177
 848 04e6 0000 04FF 	.long0x4ff
 849 04ea 16        	.uleb128 0x16
 850 04eb 0000 04FF 	.long0x4ff
 851 04ef 16        	.uleb128 0x16
 852 04f0 0000 0077 	.long0x77
 853 04f4 16        	.uleb128 0x16
 854 04f5 0000 0612 	.long0x612
 855 04f9 16        	.uleb128 0x16
 856 04fa 0000 00A1 	.long0xa1
 857 04fe 00        	.byte0
 858 04ff 0A        	.uleb128 0xa
 859 0500 04        	.byte0x4
 860 0501 0000 050A 	.long0x50a
 861 0505 04        	.uleb128 0x4
 862 0506 0000 04FF 	.long0x4ff
 863 050a 17        	.uleb128 0x17
 864 050b 0000 0000 	.long.LASF84
 865 050f 0158      	.word0x158
 866 0511 07        	.byte0x7
 867 0512 0239      	.word0x239
 868 0514 0000 0612 	.long0x612
 869 0518 18        	.uleb128 0x18
 870 0519 0000 0000 	.long.LASF85
 871 051d 07        	.byte0x7
 872 051e 023B      	.word0x23b
 873 0520 0000 00A1 	.long0xa1
 874 0524 00        	.byte0
 875 0525 18        	.uleb128 0x18
 876 0526 0000 0000 	.long.LASF86
68K GAS   			page 21


 877 052a 07        	.byte0x7
 878 052b 0240      	.word0x240
 879 052d 0000 06E7 	.long0x6e7
 880 0531 04        	.byte0x4
 881 0532 18        	.uleb128 0x18
 882 0533 0000 0000 	.long.LASF87
 883 0537 07        	.byte0x7
 884 0538 0240      	.word0x240
 885 053a 0000 06E7 	.long0x6e7
 886 053e 08        	.byte0x8
 887 053f 18        	.uleb128 0x18
 888 0540 0000 0000 	.long.LASF88
 889 0544 07        	.byte0x7
 890 0545 0240      	.word0x240
 891 0547 0000 06E7 	.long0x6e7
 892 054b 0C        	.byte0xc
 893 054c 18        	.uleb128 0x18
 894 054d 0000 0000 	.long.LASF89
 895 0551 07        	.byte0x7
 896 0552 0242      	.word0x242
 897 0554 0000 00A1 	.long0xa1
 898 0558 10        	.byte0x10
 899 0559 18        	.uleb128 0x18
 900 055a 0000 0000 	.long.LASF90
 901 055e 07        	.byte0x7
 902 055f 0243      	.word0x243
 903 0561 0000 08C9 	.long0x8c9
 904 0565 14        	.byte0x14
 905 0566 18        	.uleb128 0x18
 906 0567 0000 0000 	.long.LASF91
 907 056b 07        	.byte0x7
 908 056c 0246      	.word0x246
 909 056e 0000 00A1 	.long0xa1
 910 0572 30        	.byte0x30
 911 0573 18        	.uleb128 0x18
 912 0574 0000 0000 	.long.LASF92
 913 0578 07        	.byte0x7
 914 0579 0247      	.word0x247
 915 057b 0000 08DE 	.long0x8de
 916 057f 34        	.byte0x34
 917 0580 18        	.uleb128 0x18
 918 0581 0000 0000 	.long.LASF93
 919 0585 07        	.byte0x7
 920 0586 0249      	.word0x249
 921 0588 0000 00A1 	.long0xa1
 922 058c 38        	.byte0x38
 923 058d 18        	.uleb128 0x18
 924 058e 0000 0000 	.long.LASF94
 925 0592 07        	.byte0x7
 926 0593 024B      	.word0x24b
 927 0595 0000 08EF 	.long0x8ef
 928 0599 3C        	.byte0x3c
 929 059a 18        	.uleb128 0x18
 930 059b 0000 0000 	.long.LASF95
 931 059f 07        	.byte0x7
 932 05a0 024E      	.word0x24e
 933 05a2 0000 0252 	.long0x252
68K GAS   			page 22


 934 05a6 40        	.byte0x40
 935 05a7 18        	.uleb128 0x18
 936 05a8 0000 0000 	.long.LASF96
 937 05ac 07        	.byte0x7
 938 05ad 024F      	.word0x24f
 939 05af 0000 00A1 	.long0xa1
 940 05b3 44        	.byte0x44
 941 05b4 18        	.uleb128 0x18
 942 05b5 0000 0000 	.long.LASF97
 943 05b9 07        	.byte0x7
 944 05ba 0250      	.word0x250
 945 05bc 0000 0252 	.long0x252
 946 05c0 48        	.byte0x48
 947 05c1 18        	.uleb128 0x18
 948 05c2 0000 0000 	.long.LASF98
 949 05c6 07        	.byte0x7
 950 05c7 0251      	.word0x251
 951 05c9 0000 08F5 	.long0x8f5
 952 05cd 4C        	.byte0x4c
 953 05ce 18        	.uleb128 0x18
 954 05cf 0000 0000 	.long.LASF99
 955 05d3 07        	.byte0x7
 956 05d4 0254      	.word0x254
 957 05d6 0000 00A1 	.long0xa1
 958 05da 50        	.byte0x50
 959 05db 18        	.uleb128 0x18
 960 05dc 0000 0000 	.long.LASF100
 961 05e0 07        	.byte0x7
 962 05e1 0255      	.word0x255
 963 05e3 0000 0612 	.long0x612
 964 05e7 54        	.byte0x54
 965 05e8 18        	.uleb128 0x18
 966 05e9 0000 0000 	.long.LASF101
 967 05ed 07        	.byte0x7
 968 05ee 0278      	.word0x278
 969 05f0 0000 08A7 	.long0x8a7
 970 05f4 58        	.byte0x58
 971 05f5 19        	.uleb128 0x19
 972 05f6 0000 0000 	.long.LASF102
 973 05fa 07        	.byte0x7
 974 05fb 0281      	.word0x281
 975 05fd 0000 0906 	.long0x906
 976 0601 0148      	.word0x148
 977 0603 19        	.uleb128 0x19
 978 0604 0000 0000 	.long.LASF103
 979 0608 07        	.byte0x7
 980 0609 0286      	.word0x286
 981 060b 0000 06AC 	.long0x6ac
 982 060f 014C      	.word0x14c
 983 0611 00        	.byte0
 984 0612 0A        	.uleb128 0xa
 985 0613 04        	.byte0x4
 986 0614 0000 006B 	.long0x6b
 987 0618 0A        	.uleb128 0xa
 988 0619 04        	.byte0x4
 989 061a 0000 04E1 	.long0x4e1
 990 061e 15        	.uleb128 0x15
68K GAS   			page 23


 991 061f 0000 0177 	.long0x177
 992 0623 0000 063C 	.long0x63c
 993 0627 16        	.uleb128 0x16
 994 0628 0000 04FF 	.long0x4ff
 995 062c 16        	.uleb128 0x16
 996 062d 0000 0077 	.long0x77
 997 0631 16        	.uleb128 0x16
 998 0632 0000 0127 	.long0x127
 999 0636 16        	.uleb128 0x16
 1000 0637 0000 00A1 	.long0xa1
 1001 063b 00        	.byte0
 1002 063c 0A        	.uleb128 0xa
 1003 063d 04        	.byte0x4
 1004 063e 0000 061E 	.long0x61e
 1005 0642 15        	.uleb128 0x15
 1006 0643 0000 0096 	.long0x96
 1007 0647 0000 0660 	.long0x660
 1008 064b 16        	.uleb128 0x16
 1009 064c 0000 04FF 	.long0x4ff
 1010 0650 16        	.uleb128 0x16
 1011 0651 0000 0077 	.long0x77
 1012 0655 16        	.uleb128 0x16
 1013 0656 0000 0096 	.long0x96
 1014 065a 16        	.uleb128 0x16
 1015 065b 0000 00A1 	.long0xa1
 1016 065f 00        	.byte0
 1017 0660 0A        	.uleb128 0xa
 1018 0661 04        	.byte0x4
 1019 0662 0000 0642 	.long0x642
 1020 0666 15        	.uleb128 0x15
 1021 0667 0000 00A1 	.long0xa1
 1022 066b 0000 067A 	.long0x67a
 1023 066f 16        	.uleb128 0x16
 1024 0670 0000 04FF 	.long0x4ff
 1025 0674 16        	.uleb128 0x16
 1026 0675 0000 0077 	.long0x77
 1027 0679 00        	.byte0
 1028 067a 0A        	.uleb128 0xa
 1029 067b 04        	.byte0x4
 1030 067c 0000 0666 	.long0x666
 1031 0680 0E        	.uleb128 0xe
 1032 0681 0000 001D 	.long0x1d
 1033 0685 0000 0690 	.long0x690
 1034 0689 0F        	.uleb128 0xf
 1035 068a 0000 005D 	.long0x5d
 1036 068e 02        	.byte0x2
 1037 068f 00        	.byte0
 1038 0690 0E        	.uleb128 0xe
 1039 0691 0000 001D 	.long0x1d
 1040 0695 0000 06A0 	.long0x6a0
 1041 0699 0F        	.uleb128 0xf
 1042 069a 0000 005D 	.long0x5d
 1043 069e 00        	.byte0
 1044 069f 00        	.byte0
 1045 06a0 0B        	.uleb128 0xb
 1046 06a1 0000 0000 	.long.LASF104
 1047 06a5 07        	.byte0x7
68K GAS   			page 24


 1048 06a6 011F      	.word0x11f
 1049 06a8 0000 03B7 	.long0x3b7
 1050 06ac 1A        	.uleb128 0x1a
 1051 06ad 0000 0000 	.long.LASF105
 1052 06b1 0C        	.byte0xc
 1053 06b2 07        	.byte0x7
 1054 06b3 0123      	.word0x123
 1055 06b5 0000 06E1 	.long0x6e1
 1056 06b9 18        	.uleb128 0x18
 1057 06ba 0000 0000 	.long.LASF42
 1058 06be 07        	.byte0x7
 1059 06bf 0125      	.word0x125
 1060 06c1 0000 06E1 	.long0x6e1
 1061 06c5 00        	.byte0
 1062 06c6 18        	.uleb128 0x18
 1063 06c7 0000 0000 	.long.LASF106
 1064 06cb 07        	.byte0x7
 1065 06cc 0126      	.word0x126
 1066 06ce 0000 00A1 	.long0xa1
 1067 06d2 04        	.byte0x4
 1068 06d3 18        	.uleb128 0x18
 1069 06d4 0000 0000 	.long.LASF107
 1070 06d8 07        	.byte0x7
 1071 06d9 0127      	.word0x127
 1072 06db 0000 06E7 	.long0x6e7
 1073 06df 08        	.byte0x8
 1074 06e0 00        	.byte0
 1075 06e1 0A        	.uleb128 0xa
 1076 06e2 04        	.byte0x4
 1077 06e3 0000 06AC 	.long0x6ac
 1078 06e7 0A        	.uleb128 0xa
 1079 06e8 04        	.byte0x4
 1080 06e9 0000 06A0 	.long0x6a0
 1081 06ed 1A        	.uleb128 0x1a
 1082 06ee 0000 0000 	.long.LASF108
 1083 06f2 0E        	.byte0xe
 1084 06f3 07        	.byte0x7
 1085 06f4 013F      	.word0x13f
 1086 06f6 0000 0722 	.long0x722
 1087 06fa 18        	.uleb128 0x18
 1088 06fb 0000 0000 	.long.LASF109
 1089 06ff 07        	.byte0x7
 1090 0700 0140      	.word0x140
 1091 0702 0000 0722 	.long0x722
 1092 0706 00        	.byte0
 1093 0707 18        	.uleb128 0x18
 1094 0708 0000 0000 	.long.LASF110
 1095 070c 07        	.byte0x7
 1096 070d 0141      	.word0x141
 1097 070f 0000 0722 	.long0x722
 1098 0713 06        	.byte0x6
 1099 0714 18        	.uleb128 0x18
 1100 0715 0000 0000 	.long.LASF111
 1101 0719 07        	.byte0x7
 1102 071a 0142      	.word0x142
 1103 071c 0000 004B 	.long0x4b
 1104 0720 0C        	.byte0xc
68K GAS   			page 25


 1105 0721 00        	.byte0
 1106 0722 0E        	.uleb128 0xe
 1107 0723 0000 004B 	.long0x4b
 1108 0727 0000 0732 	.long0x732
 1109 072b 0F        	.uleb128 0xf
 1110 072c 0000 005D 	.long0x5d
 1111 0730 02        	.byte0x2
 1112 0731 00        	.byte0
 1113 0732 1B        	.uleb128 0x1b
 1114 0733 CC        	.byte0xcc
 1115 0734 07        	.byte0x7
 1116 0735 0259      	.word0x259
 1117 0737 0000 0833 	.long0x833
 1118 073b 18        	.uleb128 0x18
 1119 073c 0000 0000 	.long.LASF112
 1120 0740 07        	.byte0x7
 1121 0741 025B      	.word0x25b
 1122 0743 0000 00CD 	.long0xcd
 1123 0747 00        	.byte0
 1124 0748 18        	.uleb128 0x18
 1125 0749 0000 0000 	.long.LASF113
 1126 074d 07        	.byte0x7
 1127 074e 025C      	.word0x25c
 1128 0750 0000 0612 	.long0x612
 1129 0754 04        	.byte0x4
 1130 0755 18        	.uleb128 0x18
 1131 0756 0000 0000 	.long.LASF114
 1132 075a 07        	.byte0x7
 1133 075b 025D      	.word0x25d
 1134 075d 0000 0833 	.long0x833
 1135 0761 08        	.byte0x8
 1136 0762 18        	.uleb128 0x18
 1137 0763 0000 0000 	.long.LASF115
 1138 0767 07        	.byte0x7
 1139 0768 025E      	.word0x25e
 1140 076a 0000 0268 	.long0x268
 1141 076e 24        	.byte0x24
 1142 076f 18        	.uleb128 0x18
 1143 0770 0000 0000 	.long.LASF116
 1144 0774 07        	.byte0x7
 1145 0775 025F      	.word0x25f
 1146 0777 0000 00A1 	.long0xa1
 1147 077b 48        	.byte0x48
 1148 077c 18        	.uleb128 0x18
 1149 077d 0000 0000 	.long.LASF117
 1150 0781 07        	.byte0x7
 1151 0782 0260      	.word0x260
 1152 0784 0000 0064 	.long0x64
 1153 0788 4C        	.byte0x4c
 1154 0789 18        	.uleb128 0x18
 1155 078a 0000 0000 	.long.LASF118
 1156 078e 07        	.byte0x7
 1157 078f 0261      	.word0x261
 1158 0791 0000 06ED 	.long0x6ed
 1159 0795 54        	.byte0x54
 1160 0796 18        	.uleb128 0x18
 1161 0797 0000 0000 	.long.LASF119
68K GAS   			page 26


 1162 079b 07        	.byte0x7
 1163 079c 0262      	.word0x262
 1164 079e 0000 01DE 	.long0x1de
 1165 07a2 64        	.byte0x64
 1166 07a3 18        	.uleb128 0x18
 1167 07a4 0000 0000 	.long.LASF120
 1168 07a8 07        	.byte0x7
 1169 07a9 0263      	.word0x263
 1170 07ab 0000 01DE 	.long0x1de
 1171 07af 6C        	.byte0x6c
 1172 07b0 18        	.uleb128 0x18
 1173 07b1 0000 0000 	.long.LASF121
 1174 07b5 07        	.byte0x7
 1175 07b6 0264      	.word0x264
 1176 07b8 0000 01DE 	.long0x1de
 1177 07bc 74        	.byte0x74
 1178 07bd 18        	.uleb128 0x18
 1179 07be 0000 0000 	.long.LASF122
 1180 07c2 07        	.byte0x7
 1181 07c3 0265      	.word0x265
 1182 07c5 0000 0843 	.long0x843
 1183 07c9 7C        	.byte0x7c
 1184 07ca 18        	.uleb128 0x18
 1185 07cb 0000 0000 	.long.LASF123
 1186 07cf 07        	.byte0x7
 1187 07d0 0266      	.word0x266
 1188 07d2 0000 0853 	.long0x853
 1189 07d6 84        	.byte0x84
 1190 07d7 18        	.uleb128 0x18
 1191 07d8 0000 0000 	.long.LASF124
 1192 07dc 07        	.byte0x7
 1193 07dd 0267      	.word0x267
 1194 07df 0000 00A1 	.long0xa1
 1195 07e3 9C        	.byte0x9c
 1196 07e4 18        	.uleb128 0x18
 1197 07e5 0000 0000 	.long.LASF125
 1198 07e9 07        	.byte0x7
 1199 07ea 0268      	.word0x268
 1200 07ec 0000 01DE 	.long0x1de
 1201 07f0 A0        	.byte0xa0
 1202 07f1 18        	.uleb128 0x18
 1203 07f2 0000 0000 	.long.LASF126
 1204 07f6 07        	.byte0x7
 1205 07f7 0269      	.word0x269
 1206 07f9 0000 01DE 	.long0x1de
 1207 07fd A8        	.byte0xa8
 1208 07fe 18        	.uleb128 0x18
 1209 07ff 0000 0000 	.long.LASF127
 1210 0803 07        	.byte0x7
 1211 0804 026A      	.word0x26a
 1212 0806 0000 01DE 	.long0x1de
 1213 080a B0        	.byte0xb0
 1214 080b 18        	.uleb128 0x18
 1215 080c 0000 0000 	.long.LASF128
 1216 0810 07        	.byte0x7
 1217 0811 026B      	.word0x26b
 1218 0813 0000 01DE 	.long0x1de
68K GAS   			page 27


 1219 0817 B8        	.byte0xb8
 1220 0818 18        	.uleb128 0x18
 1221 0819 0000 0000 	.long.LASF129
 1222 081d 07        	.byte0x7
 1223 081e 026C      	.word0x26c
 1224 0820 0000 01DE 	.long0x1de
 1225 0824 C0        	.byte0xc0
 1226 0825 18        	.uleb128 0x18
 1227 0826 0000 0000 	.long.LASF130
 1228 082a 07        	.byte0x7
 1229 082b 026D      	.word0x26d
 1230 082d 0000 00A1 	.long0xa1
 1231 0831 C8        	.byte0xc8
 1232 0832 00        	.byte0
 1233 0833 0E        	.uleb128 0xe
 1234 0834 0000 006B 	.long0x6b
 1235 0838 0000 0843 	.long0x843
 1236 083c 0F        	.uleb128 0xf
 1237 083d 0000 005D 	.long0x5d
 1238 0841 19        	.byte0x19
 1239 0842 00        	.byte0
 1240 0843 0E        	.uleb128 0xe
 1241 0844 0000 006B 	.long0x6b
 1242 0848 0000 0853 	.long0x853
 1243 084c 0F        	.uleb128 0xf
 1244 084d 0000 005D 	.long0x5d
 1245 0851 07        	.byte0x7
 1246 0852 00        	.byte0
 1247 0853 0E        	.uleb128 0xe
 1248 0854 0000 006B 	.long0x6b
 1249 0858 0000 0863 	.long0x863
 1250 085c 0F        	.uleb128 0xf
 1251 085d 0000 005D 	.long0x5d
 1252 0861 17        	.byte0x17
 1253 0862 00        	.byte0
 1254 0863 1B        	.uleb128 0x1b
 1255 0864 F0        	.byte0xf0
 1256 0865 07        	.byte0x7
 1257 0866 0272      	.word0x272
 1258 0868 0000 0887 	.long0x887
 1259 086c 18        	.uleb128 0x18
 1260 086d 0000 0000 	.long.LASF131
 1261 0871 07        	.byte0x7
 1262 0872 0275      	.word0x275
 1263 0874 0000 0887 	.long0x887
 1264 0878 00        	.byte0
 1265 0879 18        	.uleb128 0x18
 1266 087a 0000 0000 	.long.LASF132
 1267 087e 07        	.byte0x7
 1268 087f 0276      	.word0x276
 1269 0881 0000 0897 	.long0x897
 1270 0885 78        	.byte0x78
 1271 0886 00        	.byte0
 1272 0887 0E        	.uleb128 0xe
 1273 0888 0000 03B1 	.long0x3b1
 1274 088c 0000 0897 	.long0x897
 1275 0890 0F        	.uleb128 0xf
68K GAS   			page 28


 1276 0891 0000 005D 	.long0x5d
 1277 0895 1D        	.byte0x1d
 1278 0896 00        	.byte0
 1279 0897 0E        	.uleb128 0xe
 1280 0898 0000 00CD 	.long0xcd
 1281 089c 0000 08A7 	.long0x8a7
 1282 08a0 0F        	.uleb128 0xf
 1283 08a1 0000 005D 	.long0x5d
 1284 08a5 1D        	.byte0x1d
 1285 08a6 00        	.byte0
 1286 08a7 1C        	.uleb128 0x1c
 1287 08a8 F0        	.byte0xf0
 1288 08a9 07        	.byte0x7
 1289 08aa 0257      	.word0x257
 1290 08ac 0000 08C9 	.long0x8c9
 1291 08b0 1D        	.uleb128 0x1d
 1292 08b1 0000 0000 	.long.LASF84
 1293 08b5 07        	.byte0x7
 1294 08b6 026E      	.word0x26e
 1295 08b8 0000 0732 	.long0x732
 1296 08bc 1D        	.uleb128 0x1d
 1297 08bd 0000 0000 	.long.LASF133
 1298 08c1 07        	.byte0x7
 1299 08c2 0277      	.word0x277
 1300 08c4 0000 0863 	.long0x863
 1301 08c8 00        	.byte0
 1302 08c9 0E        	.uleb128 0xe
 1303 08ca 0000 006B 	.long0x6b
 1304 08ce 0000 08D9 	.long0x8d9
 1305 08d2 0F        	.uleb128 0xf
 1306 08d3 0000 005D 	.long0x5d
 1307 08d7 18        	.byte0x18
 1308 08d8 00        	.byte0
 1309 08d9 09        	.uleb128 0x9
 1310 08da 0000 0000 	.long.LASF134
 1311 08de 0A        	.uleb128 0xa
 1312 08df 04        	.byte0x4
 1313 08e0 0000 08D9 	.long0x8d9
 1314 08e4 1E        	.uleb128 0x1e
 1315 08e5 0000 08EF 	.long0x8ef
 1316 08e9 16        	.uleb128 0x16
 1317 08ea 0000 04FF 	.long0x4ff
 1318 08ee 00        	.byte0
 1319 08ef 0A        	.uleb128 0xa
 1320 08f0 04        	.byte0x4
 1321 08f1 0000 08E4 	.long0x8e4
 1322 08f5 0A        	.uleb128 0xa
 1323 08f6 04        	.byte0x4
 1324 08f7 0000 0252 	.long0x252
 1325 08fb 1E        	.uleb128 0x1e
 1326 08fc 0000 0906 	.long0x906
 1327 0900 16        	.uleb128 0x16
 1328 0901 0000 00A1 	.long0xa1
 1329 0905 00        	.byte0
 1330 0906 0A        	.uleb128 0xa
 1331 0907 04        	.byte0x4
 1332 0908 0000 090C 	.long0x90c
68K GAS   			page 29


 1333 090c 0A        	.uleb128 0xa
 1334 090d 04        	.byte0x4
 1335 090e 0000 08FB 	.long0x8fb
 1336 0912 0E        	.uleb128 0xe
 1337 0913 0000 06A0 	.long0x6a0
 1338 0917 0000 0922 	.long0x922
 1339 091b 0F        	.uleb128 0xf
 1340 091c 0000 005D 	.long0x5d
 1341 0920 02        	.byte0x2
 1342 0921 00        	.byte0
 1343 0922 1F        	.uleb128 0x1f
 1344 0923 0000 0000 	.long.LASF135
 1345 0927 07        	.byte0x7
 1346 0928 028D      	.word0x28d
 1347 092a 0000 0912 	.long0x912
 1348 092e 1F        	.uleb128 0x1f
 1349 092f 0000 0000 	.long.LASF136
 1350 0933 07        	.byte0x7
 1351 0934 0307      	.word0x307
 1352 0936 0000 04FF 	.long0x4ff
 1353 093a 1F        	.uleb128 0x1f
 1354 093b 0000 0000 	.long.LASF137
 1355 093f 07        	.byte0x7
 1356 0940 0308      	.word0x308
 1357 0942 0000 0505 	.long0x505
 1358 0946 1F        	.uleb128 0x1f
 1359 0947 0000 0000 	.long.LASF138
 1360 094b 07        	.byte0x7
 1361 094c 031A      	.word0x31a
 1362 094e 0000 036F 	.long0x36f
 1363 0952 20        	.uleb128 0x20
 1364 0953 0000 0000 	.long.LASF139
 1365 0957 08        	.byte0x8
 1366 0958 63        	.byte0x63
 1367 0959 0000 0612 	.long0x612
 1368 095d 20        	.uleb128 0x20
 1369 095e 0000 0000 	.long.LASF140
 1370 0962 09        	.byte0x9
 1371 0963 9A        	.byte0x9a
 1372 0964 0000 0032 	.long0x32
 1373 0968 20        	.uleb128 0x20
 1374 0969 0000 0000 	.long.LASF141
 1375 096d 09        	.byte0x9
 1376 096e 9B        	.byte0x9b
 1377 096f 0000 00A1 	.long0xa1
 1378 0973 0E        	.uleb128 0xe
 1379 0974 0000 0612 	.long0x612
 1380 0978 0000 0983 	.long0x983
 1381 097c 0F        	.uleb128 0xf
 1382 097d 0000 005D 	.long0x5d
 1383 0981 01        	.byte0x1
 1384 0982 00        	.byte0
 1385 0983 20        	.uleb128 0x20
 1386 0984 0000 0000 	.long.LASF142
 1387 0988 09        	.byte0x9
 1388 0989 9E        	.byte0x9e
 1389 098a 0000 0973 	.long0x973
68K GAS   			page 30


 1390 098e 10        	.uleb128 0x10
 1391 098f CC        	.byte0xcc
 1392 0990 0A        	.byte0xa
 1393 0991 CC        	.byte0xcc
 1394 0992 0000 0A03 	.long0xa03
 1395 0996 08        	.uleb128 0x8
 1396 0997 0000 0000 	.long.LASF143
 1397 099b 0A        	.byte0xa
 1398 099c CE        	.byte0xce
 1399 099d 0000 0A03 	.long0xa03
 1400 09a1 00        	.byte0
 1401 09a2 08        	.uleb128 0x8
 1402 09a3 0000 0000 	.long.LASF144
 1403 09a7 0A        	.byte0xa
 1404 09a8 CF        	.byte0xcf
 1405 09a9 0000 0A13 	.long0xa13
 1406 09ad 20        	.byte0x20
 1407 09ae 08        	.uleb128 0x8
 1408 09af 0000 0000 	.long.LASF145
 1409 09b3 0A        	.byte0xa
 1410 09b4 D0        	.byte0xd0
 1411 09b5 0000 0052 	.long0x52
 1412 09b9 60        	.byte0x60
 1413 09ba 08        	.uleb128 0x8
 1414 09bb 0000 0000 	.long.LASF146
 1415 09bf 0A        	.byte0xa
 1416 09c0 D1        	.byte0xd1
 1417 09c1 0000 0040 	.long0x40
 1418 09c5 64        	.byte0x64
 1419 09c6 08        	.uleb128 0x8
 1420 09c7 0000 0000 	.long.LASF147
 1421 09cb 0A        	.byte0xa
 1422 09cc D2        	.byte0xd2
 1423 09cd 0000 0040 	.long0x40
 1424 09d1 65        	.byte0x65
 1425 09d2 08        	.uleb128 0x8
 1426 09d3 0000 0000 	.long.LASF148
 1427 09d7 0A        	.byte0xa
 1428 09d8 D3        	.byte0xd3
 1429 09d9 0000 0040 	.long0x40
 1430 09dd 66        	.byte0x66
 1431 09de 08        	.uleb128 0x8
 1432 09df 0000 0000 	.long.LASF149
 1433 09e3 0A        	.byte0xa
 1434 09e4 D4        	.byte0xd4
 1435 09e5 0000 0A03 	.long0xa03
 1436 09e9 67        	.byte0x67
 1437 09ea 08        	.uleb128 0x8
 1438 09eb 0000 0000 	.long.LASF150
 1439 09ef 0A        	.byte0xa
 1440 09f0 D5        	.byte0xd5
 1441 09f1 0000 0A13 	.long0xa13
 1442 09f5 87        	.byte0x87
 1443 09f6 08        	.uleb128 0x8
 1444 09f7 0000 0000 	.long.LASF151
 1445 09fb 0A        	.byte0xa
 1446 09fc D6        	.byte0xd6
68K GAS   			page 31


 1447 09fd 0000 0052 	.long0x52
 1448 0a01 C8        	.byte0xc8
 1449 0a02 00        	.byte0
 1450 0a03 0E        	.uleb128 0xe
 1451 0a04 0000 006B 	.long0x6b
 1452 0a08 0000 0A13 	.long0xa13
 1453 0a0c 0F        	.uleb128 0xf
 1454 0a0d 0000 005D 	.long0x5d
 1455 0a11 1F        	.byte0x1f
 1456 0a12 00        	.byte0
 1457 0a13 0E        	.uleb128 0xe
 1458 0a14 0000 006B 	.long0x6b
 1459 0a18 0000 0A23 	.long0xa23
 1460 0a1c 0F        	.uleb128 0xf
 1461 0a1d 0000 005D 	.long0x5d
 1462 0a21 3F        	.byte0x3f
 1463 0a22 00        	.byte0
 1464 0a23 03        	.uleb128 0x3
 1465 0a24 0000 0000 	.long.LASF152
 1466 0a28 0A        	.byte0xa
 1467 0a29 D8        	.byte0xd8
 1468 0a2a 0000 098E 	.long0x98e
 1469 0a2e 0E        	.uleb128 0xe
 1470 0a2f 0000 0A23 	.long0xa23
 1471 0a33 0000 0A3E 	.long0xa3e
 1472 0a37 0F        	.uleb128 0xf
 1473 0a38 0000 005D 	.long0x5d
 1474 0a3c 0D        	.byte0xd
 1475 0a3d 00        	.byte0
 1476 0a3e 21        	.uleb128 0x21
 1477 0a3f 0000 0000 	.long.LASF153
 1478 0a43 0B        	.byte0xb
 1479 0a44 1C        	.byte0x1c
 1480 0a45 0000 0A2E 	.long0xa2e
 1481 0a49 05        	.uleb128 0x5
 1482 0a4a 03        	.byte0x3
 1483 0a4b 0000 0000 	.longOS_VolumeTable
 1484 0a4f 00        	.byte0
 1485               	.section.debug_abbrev,"",@progbits
 1486               	.Ldebug_abbrev0:
 1487 0000 01        	.uleb128 0x1
 1488 0001 11        	.uleb128 0x11
 1489 0002 01        	.byte0x1
 1490 0003 25        	.uleb128 0x25
 1491 0004 0E        	.uleb128 0xe
 1492 0005 13        	.uleb128 0x13
 1493 0006 0B        	.uleb128 0xb
 1494 0007 03        	.uleb128 0x3
 1495 0008 0E        	.uleb128 0xe
 1496 0009 1B        	.uleb128 0x1b
 1497 000a 0E        	.uleb128 0xe
 1498 000b 10        	.uleb128 0x10
 1499 000c 17        	.uleb128 0x17
 1500 000d 00        	.byte0
 1501 000e 00        	.byte0
 1502 000f 02        	.uleb128 0x2
 1503 0010 24        	.uleb128 0x24
68K GAS   			page 32


 1504 0011 00        	.byte0
 1505 0012 0B        	.uleb128 0xb
 1506 0013 0B        	.uleb128 0xb
 1507 0014 3E        	.uleb128 0x3e
 1508 0015 0B        	.uleb128 0xb
 1509 0016 03        	.uleb128 0x3
 1510 0017 0E        	.uleb128 0xe
 1511 0018 00        	.byte0
 1512 0019 00        	.byte0
 1513 001a 03        	.uleb128 0x3
 1514 001b 16        	.uleb128 0x16
 1515 001c 00        	.byte0
 1516 001d 03        	.uleb128 0x3
 1517 001e 0E        	.uleb128 0xe
 1518 001f 3A        	.uleb128 0x3a
 1519 0020 0B        	.uleb128 0xb
 1520 0021 3B        	.uleb128 0x3b
 1521 0022 0B        	.uleb128 0xb
 1522 0023 49        	.uleb128 0x49
 1523 0024 13        	.uleb128 0x13
 1524 0025 00        	.byte0
 1525 0026 00        	.byte0
 1526 0027 04        	.uleb128 0x4
 1527 0028 26        	.uleb128 0x26
 1528 0029 00        	.byte0
 1529 002a 49        	.uleb128 0x49
 1530 002b 13        	.uleb128 0x13
 1531 002c 00        	.byte0
 1532 002d 00        	.byte0
 1533 002e 05        	.uleb128 0x5
 1534 002f 0F        	.uleb128 0xf
 1535 0030 00        	.byte0
 1536 0031 0B        	.uleb128 0xb
 1537 0032 0B        	.uleb128 0xb
 1538 0033 00        	.byte0
 1539 0034 00        	.byte0
 1540 0035 06        	.uleb128 0x6
 1541 0036 24        	.uleb128 0x24
 1542 0037 00        	.byte0
 1543 0038 0B        	.uleb128 0xb
 1544 0039 0B        	.uleb128 0xb
 1545 003a 3E        	.uleb128 0x3e
 1546 003b 0B        	.uleb128 0xb
 1547 003c 03        	.uleb128 0x3
 1548 003d 08        	.uleb128 0x8
 1549 003e 00        	.byte0
 1550 003f 00        	.byte0
 1551 0040 07        	.uleb128 0x7
 1552 0041 13        	.uleb128 0x13
 1553 0042 01        	.byte0x1
 1554 0043 03        	.uleb128 0x3
 1555 0044 0E        	.uleb128 0xe
 1556 0045 0B        	.uleb128 0xb
 1557 0046 0B        	.uleb128 0xb
 1558 0047 3A        	.uleb128 0x3a
 1559 0048 0B        	.uleb128 0xb
 1560 0049 3B        	.uleb128 0x3b
68K GAS   			page 33


 1561 004a 0B        	.uleb128 0xb
 1562 004b 01        	.uleb128 0x1
 1563 004c 13        	.uleb128 0x13
 1564 004d 00        	.byte0
 1565 004e 00        	.byte0
 1566 004f 08        	.uleb128 0x8
 1567 0050 0D        	.uleb128 0xd
 1568 0051 00        	.byte0
 1569 0052 03        	.uleb128 0x3
 1570 0053 0E        	.uleb128 0xe
 1571 0054 3A        	.uleb128 0x3a
 1572 0055 0B        	.uleb128 0xb
 1573 0056 3B        	.uleb128 0x3b
 1574 0057 0B        	.uleb128 0xb
 1575 0058 49        	.uleb128 0x49
 1576 0059 13        	.uleb128 0x13
 1577 005a 38        	.uleb128 0x38
 1578 005b 0B        	.uleb128 0xb
 1579 005c 00        	.byte0
 1580 005d 00        	.byte0
 1581 005e 09        	.uleb128 0x9
 1582 005f 13        	.uleb128 0x13
 1583 0060 00        	.byte0
 1584 0061 03        	.uleb128 0x3
 1585 0062 0E        	.uleb128 0xe
 1586 0063 3C        	.uleb128 0x3c
 1587 0064 19        	.uleb128 0x19
 1588 0065 00        	.byte0
 1589 0066 00        	.byte0
 1590 0067 0A        	.uleb128 0xa
 1591 0068 0F        	.uleb128 0xf
 1592 0069 00        	.byte0
 1593 006a 0B        	.uleb128 0xb
 1594 006b 0B        	.uleb128 0xb
 1595 006c 49        	.uleb128 0x49
 1596 006d 13        	.uleb128 0x13
 1597 006e 00        	.byte0
 1598 006f 00        	.byte0
 1599 0070 0B        	.uleb128 0xb
 1600 0071 16        	.uleb128 0x16
 1601 0072 00        	.byte0
 1602 0073 03        	.uleb128 0x3
 1603 0074 0E        	.uleb128 0xe
 1604 0075 3A        	.uleb128 0x3a
 1605 0076 0B        	.uleb128 0xb
 1606 0077 3B        	.uleb128 0x3b
 1607 0078 05        	.uleb128 0x5
 1608 0079 49        	.uleb128 0x49
 1609 007a 13        	.uleb128 0x13
 1610 007b 00        	.byte0
 1611 007c 00        	.byte0
 1612 007d 0C        	.uleb128 0xc
 1613 007e 17        	.uleb128 0x17
 1614 007f 01        	.byte0x1
 1615 0080 0B        	.uleb128 0xb
 1616 0081 0B        	.uleb128 0xb
 1617 0082 3A        	.uleb128 0x3a
68K GAS   			page 34


 1618 0083 0B        	.uleb128 0xb
 1619 0084 3B        	.uleb128 0x3b
 1620 0085 0B        	.uleb128 0xb
 1621 0086 01        	.uleb128 0x1
 1622 0087 13        	.uleb128 0x13
 1623 0088 00        	.byte0
 1624 0089 00        	.byte0
 1625 008a 0D        	.uleb128 0xd
 1626 008b 0D        	.uleb128 0xd
 1627 008c 00        	.byte0
 1628 008d 03        	.uleb128 0x3
 1629 008e 0E        	.uleb128 0xe
 1630 008f 3A        	.uleb128 0x3a
 1631 0090 0B        	.uleb128 0xb
 1632 0091 3B        	.uleb128 0x3b
 1633 0092 0B        	.uleb128 0xb
 1634 0093 49        	.uleb128 0x49
 1635 0094 13        	.uleb128 0x13
 1636 0095 00        	.byte0
 1637 0096 00        	.byte0
 1638 0097 0E        	.uleb128 0xe
 1639 0098 01        	.uleb128 0x1
 1640 0099 01        	.byte0x1
 1641 009a 49        	.uleb128 0x49
 1642 009b 13        	.uleb128 0x13
 1643 009c 01        	.uleb128 0x1
 1644 009d 13        	.uleb128 0x13
 1645 009e 00        	.byte0
 1646 009f 00        	.byte0
 1647 00a0 0F        	.uleb128 0xf
 1648 00a1 21        	.uleb128 0x21
 1649 00a2 00        	.byte0
 1650 00a3 49        	.uleb128 0x49
 1651 00a4 13        	.uleb128 0x13
 1652 00a5 2F        	.uleb128 0x2f
 1653 00a6 0B        	.uleb128 0xb
 1654 00a7 00        	.byte0
 1655 00a8 00        	.byte0
 1656 00a9 10        	.uleb128 0x10
 1657 00aa 13        	.uleb128 0x13
 1658 00ab 01        	.byte0x1
 1659 00ac 0B        	.uleb128 0xb
 1660 00ad 0B        	.uleb128 0xb
 1661 00ae 3A        	.uleb128 0x3a
 1662 00af 0B        	.uleb128 0xb
 1663 00b0 3B        	.uleb128 0x3b
 1664 00b1 0B        	.uleb128 0xb
 1665 00b2 01        	.uleb128 0x1
 1666 00b3 13        	.uleb128 0x13
 1667 00b4 00        	.byte0
 1668 00b5 00        	.byte0
 1669 00b6 11        	.uleb128 0x11
 1670 00b7 0D        	.uleb128 0xd
 1671 00b8 00        	.byte0
 1672 00b9 03        	.uleb128 0x3
 1673 00ba 08        	.uleb128 0x8
 1674 00bb 3A        	.uleb128 0x3a
68K GAS   			page 35


 1675 00bc 0B        	.uleb128 0xb
 1676 00bd 3B        	.uleb128 0x3b
 1677 00be 0B        	.uleb128 0xb
 1678 00bf 49        	.uleb128 0x49
 1679 00c0 13        	.uleb128 0x13
 1680 00c1 38        	.uleb128 0x38
 1681 00c2 0B        	.uleb128 0xb
 1682 00c3 00        	.byte0
 1683 00c4 00        	.byte0
 1684 00c5 12        	.uleb128 0x12
 1685 00c6 13        	.uleb128 0x13
 1686 00c7 01        	.byte0x1
 1687 00c8 03        	.uleb128 0x3
 1688 00c9 0E        	.uleb128 0xe
 1689 00ca 0B        	.uleb128 0xb
 1690 00cb 05        	.uleb128 0x5
 1691 00cc 3A        	.uleb128 0x3a
 1692 00cd 0B        	.uleb128 0xb
 1693 00ce 3B        	.uleb128 0x3b
 1694 00cf 0B        	.uleb128 0xb
 1695 00d0 01        	.uleb128 0x1
 1696 00d1 13        	.uleb128 0x13
 1697 00d2 00        	.byte0
 1698 00d3 00        	.byte0
 1699 00d4 13        	.uleb128 0x13
 1700 00d5 0D        	.uleb128 0xd
 1701 00d6 00        	.byte0
 1702 00d7 03        	.uleb128 0x3
 1703 00d8 0E        	.uleb128 0xe
 1704 00d9 3A        	.uleb128 0x3a
 1705 00da 0B        	.uleb128 0xb
 1706 00db 3B        	.uleb128 0x3b
 1707 00dc 0B        	.uleb128 0xb
 1708 00dd 49        	.uleb128 0x49
 1709 00de 13        	.uleb128 0x13
 1710 00df 38        	.uleb128 0x38
 1711 00e0 05        	.uleb128 0x5
 1712 00e1 00        	.byte0
 1713 00e2 00        	.byte0
 1714 00e3 14        	.uleb128 0x14
 1715 00e4 15        	.uleb128 0x15
 1716 00e5 00        	.byte0
 1717 00e6 27        	.uleb128 0x27
 1718 00e7 19        	.uleb128 0x19
 1719 00e8 00        	.byte0
 1720 00e9 00        	.byte0
 1721 00ea 15        	.uleb128 0x15
 1722 00eb 15        	.uleb128 0x15
 1723 00ec 01        	.byte0x1
 1724 00ed 27        	.uleb128 0x27
 1725 00ee 19        	.uleb128 0x19
 1726 00ef 49        	.uleb128 0x49
 1727 00f0 13        	.uleb128 0x13
 1728 00f1 01        	.uleb128 0x1
 1729 00f2 13        	.uleb128 0x13
 1730 00f3 00        	.byte0
 1731 00f4 00        	.byte0
68K GAS   			page 36


 1732 00f5 16        	.uleb128 0x16
 1733 00f6 05        	.uleb128 0x5
 1734 00f7 00        	.byte0
 1735 00f8 49        	.uleb128 0x49
 1736 00f9 13        	.uleb128 0x13
 1737 00fa 00        	.byte0
 1738 00fb 00        	.byte0
 1739 00fc 17        	.uleb128 0x17
 1740 00fd 13        	.uleb128 0x13
 1741 00fe 01        	.byte0x1
 1742 00ff 03        	.uleb128 0x3
 1743 0100 0E        	.uleb128 0xe
 1744 0101 0B        	.uleb128 0xb
 1745 0102 05        	.uleb128 0x5
 1746 0103 3A        	.uleb128 0x3a
 1747 0104 0B        	.uleb128 0xb
 1748 0105 3B        	.uleb128 0x3b
 1749 0106 05        	.uleb128 0x5
 1750 0107 01        	.uleb128 0x1
 1751 0108 13        	.uleb128 0x13
 1752 0109 00        	.byte0
 1753 010a 00        	.byte0
 1754 010b 18        	.uleb128 0x18
 1755 010c 0D        	.uleb128 0xd
 1756 010d 00        	.byte0
 1757 010e 03        	.uleb128 0x3
 1758 010f 0E        	.uleb128 0xe
 1759 0110 3A        	.uleb128 0x3a
 1760 0111 0B        	.uleb128 0xb
 1761 0112 3B        	.uleb128 0x3b
 1762 0113 05        	.uleb128 0x5
 1763 0114 49        	.uleb128 0x49
 1764 0115 13        	.uleb128 0x13
 1765 0116 38        	.uleb128 0x38
 1766 0117 0B        	.uleb128 0xb
 1767 0118 00        	.byte0
 1768 0119 00        	.byte0
 1769 011a 19        	.uleb128 0x19
 1770 011b 0D        	.uleb128 0xd
 1771 011c 00        	.byte0
 1772 011d 03        	.uleb128 0x3
 1773 011e 0E        	.uleb128 0xe
 1774 011f 3A        	.uleb128 0x3a
 1775 0120 0B        	.uleb128 0xb
 1776 0121 3B        	.uleb128 0x3b
 1777 0122 05        	.uleb128 0x5
 1778 0123 49        	.uleb128 0x49
 1779 0124 13        	.uleb128 0x13
 1780 0125 38        	.uleb128 0x38
 1781 0126 05        	.uleb128 0x5
 1782 0127 00        	.byte0
 1783 0128 00        	.byte0
 1784 0129 1A        	.uleb128 0x1a
 1785 012a 13        	.uleb128 0x13
 1786 012b 01        	.byte0x1
 1787 012c 03        	.uleb128 0x3
 1788 012d 0E        	.uleb128 0xe
68K GAS   			page 37


 1789 012e 0B        	.uleb128 0xb
 1790 012f 0B        	.uleb128 0xb
 1791 0130 3A        	.uleb128 0x3a
 1792 0131 0B        	.uleb128 0xb
 1793 0132 3B        	.uleb128 0x3b
 1794 0133 05        	.uleb128 0x5
 1795 0134 01        	.uleb128 0x1
 1796 0135 13        	.uleb128 0x13
 1797 0136 00        	.byte0
 1798 0137 00        	.byte0
 1799 0138 1B        	.uleb128 0x1b
 1800 0139 13        	.uleb128 0x13
 1801 013a 01        	.byte0x1
 1802 013b 0B        	.uleb128 0xb
 1803 013c 0B        	.uleb128 0xb
 1804 013d 3A        	.uleb128 0x3a
 1805 013e 0B        	.uleb128 0xb
 1806 013f 3B        	.uleb128 0x3b
 1807 0140 05        	.uleb128 0x5
 1808 0141 01        	.uleb128 0x1
 1809 0142 13        	.uleb128 0x13
 1810 0143 00        	.byte0
 1811 0144 00        	.byte0
 1812 0145 1C        	.uleb128 0x1c
 1813 0146 17        	.uleb128 0x17
 1814 0147 01        	.byte0x1
 1815 0148 0B        	.uleb128 0xb
 1816 0149 0B        	.uleb128 0xb
 1817 014a 3A        	.uleb128 0x3a
 1818 014b 0B        	.uleb128 0xb
 1819 014c 3B        	.uleb128 0x3b
 1820 014d 05        	.uleb128 0x5
 1821 014e 01        	.uleb128 0x1
 1822 014f 13        	.uleb128 0x13
 1823 0150 00        	.byte0
 1824 0151 00        	.byte0
 1825 0152 1D        	.uleb128 0x1d
 1826 0153 0D        	.uleb128 0xd
 1827 0154 00        	.byte0
 1828 0155 03        	.uleb128 0x3
 1829 0156 0E        	.uleb128 0xe
 1830 0157 3A        	.uleb128 0x3a
 1831 0158 0B        	.uleb128 0xb
 1832 0159 3B        	.uleb128 0x3b
 1833 015a 05        	.uleb128 0x5
 1834 015b 49        	.uleb128 0x49
 1835 015c 13        	.uleb128 0x13
 1836 015d 00        	.byte0
 1837 015e 00        	.byte0
 1838 015f 1E        	.uleb128 0x1e
 1839 0160 15        	.uleb128 0x15
 1840 0161 01        	.byte0x1
 1841 0162 27        	.uleb128 0x27
 1842 0163 19        	.uleb128 0x19
 1843 0164 01        	.uleb128 0x1
 1844 0165 13        	.uleb128 0x13
 1845 0166 00        	.byte0
68K GAS   			page 38


 1846 0167 00        	.byte0
 1847 0168 1F        	.uleb128 0x1f
 1848 0169 34        	.uleb128 0x34
 1849 016a 00        	.byte0
 1850 016b 03        	.uleb128 0x3
 1851 016c 0E        	.uleb128 0xe
 1852 016d 3A        	.uleb128 0x3a
 1853 016e 0B        	.uleb128 0xb
 1854 016f 3B        	.uleb128 0x3b
 1855 0170 05        	.uleb128 0x5
 1856 0171 49        	.uleb128 0x49
 1857 0172 13        	.uleb128 0x13
 1858 0173 3F        	.uleb128 0x3f
 1859 0174 19        	.uleb128 0x19
 1860 0175 3C        	.uleb128 0x3c
 1861 0176 19        	.uleb128 0x19
 1862 0177 00        	.byte0
 1863 0178 00        	.byte0
 1864 0179 20        	.uleb128 0x20
 1865 017a 34        	.uleb128 0x34
 1866 017b 00        	.byte0
 1867 017c 03        	.uleb128 0x3
 1868 017d 0E        	.uleb128 0xe
 1869 017e 3A        	.uleb128 0x3a
 1870 017f 0B        	.uleb128 0xb
 1871 0180 3B        	.uleb128 0x3b
 1872 0181 0B        	.uleb128 0xb
 1873 0182 49        	.uleb128 0x49
 1874 0183 13        	.uleb128 0x13
 1875 0184 3F        	.uleb128 0x3f
 1876 0185 19        	.uleb128 0x19
 1877 0186 3C        	.uleb128 0x3c
 1878 0187 19        	.uleb128 0x19
 1879 0188 00        	.byte0
 1880 0189 00        	.byte0
 1881 018a 21        	.uleb128 0x21
 1882 018b 34        	.uleb128 0x34
 1883 018c 00        	.byte0
 1884 018d 03        	.uleb128 0x3
 1885 018e 0E        	.uleb128 0xe
 1886 018f 3A        	.uleb128 0x3a
 1887 0190 0B        	.uleb128 0xb
 1888 0191 3B        	.uleb128 0x3b
 1889 0192 0B        	.uleb128 0xb
 1890 0193 49        	.uleb128 0x49
 1891 0194 13        	.uleb128 0x13
 1892 0195 3F        	.uleb128 0x3f
 1893 0196 19        	.uleb128 0x19
 1894 0197 02        	.uleb128 0x2
 1895 0198 18        	.uleb128 0x18
 1896 0199 00        	.byte0
 1897 019a 00        	.byte0
 1898 019b 00        	.byte0
 1899               	.section.debug_aranges,"",@progbits
 1900 0000 0000 0014 	.long0x14
 1901 0004 0002      	.word0x2
 1902 0006 0000 0000 	.long.Ldebug_info0
68K GAS   			page 39


 1903 000a 04        	.byte0x4
 1904 000b 00        	.byte0
 1905 000c 0000      	.word0
 1906 000e 0000      	.word0
 1907 0010 0000 0000 	.long0
 1908 0014 0000 0000 	.long0
 1909               	.section.debug_line,"",@progbits
 1910               	.Ldebug_line0:
 1911 0000 0000 021A 	.section.debug_str,"MS",@progbits,1
 1911      0002 0000 
 1911      0214 0201 
 1911      FB0E 0D00 
 1911      0101 0101 
 1912               	.LASF149:
 1913 0000 566F 6C75 	.string"VolumeName"
 1913      6D65 4E61 
 1913      6D65 00
 1914               	.LASF23:
 1915 000b 5F6E 616D 	.string"_name"
 1915      6500 
 1916               	.LASF56:
 1917 0011 5F6F 6E5F 	.string"_on_exit_args"
 1917      6578 6974 
 1917      5F61 7267 
 1917      7300 
 1918               	.LASF24:
 1919 001f 5F54 6872 	.string"_Thread_queue_Heads"
 1919      6561 645F 
 1919      7175 6575 
 1919      655F 4865 
 1919      6164 7300 
 1920               	.LASF141:
 1921 0033 5F64 6179 	.string"_daylight"
 1921      6C69 6768 
 1921      7400 
 1922               	.LASF121:
 1923 003d 5F77 6374 	.string"_wctomb_state"
 1923      6F6D 625F 
 1923      7374 6174 
 1923      6500 
 1924               	.LASF147:
 1925 004b 4672 6565 	.string"FreeFlag"
 1925      466C 6167 
 1925      00
 1926               	.LASF118:
 1927 0054 5F72 3438 	.string"_r48"
 1927      00
 1928               	.LASF123:
 1929 0059 5F73 6967 	.string"_signal_buf"
 1929      6E61 6C5F 
 1929      6275 6600 
 1930               	.LASF17:
 1931 0065 756E 7369 	.string"unsigned int"
 1931      676E 6564 
 1931      2069 6E74 
 1931      00
 1932               	.LASF66:
68K GAS   			page 40


 1933 0072 5F73 697A 	.string"_size"
 1933      6500 
 1934               	.LASF70:
 1935 0078 5F6C 6266 	.string"_lbfsize"
 1935      7369 7A65 
 1935      00
 1936               	.LASF68:
 1937 0081 5F66 6C61 	.string"_flags"
 1937      6773 00
 1938               	.LASF27:
 1939 0088 5F51 7565 	.string"_Queue"
 1939      7565 00
 1940               	.LASF85:
 1941 008f 5F65 7272 	.string"_errno"
 1941      6E6F 00
 1942               	.LASF146:
 1943 0096 566F 6C61 	.string"VolatileFlag"
 1943      7469 6C65 
 1943      466C 6167 
 1943      00
 1944               	.LASF31:
 1945 00a3 5F4C 4F43 	.string"_LOCK_RECURSIVE_T"
 1945      4B5F 5245 
 1945      4355 5253 
 1945      4956 455F 
 1945      5400 
 1946               	.LASF72:
 1947 00b5 5F72 6561 	.string"_read"
 1947      6400 
 1948               	.LASF125:
 1949 00bb 5F6D 6272 	.string"_mbrlen_state"
 1949      6C65 6E5F 
 1949      7374 6174 
 1949      6500 
 1950               	.LASF154:
 1951 00c9 474E 5520 	.string"GNU C11 7.3.0 20180125 (RTEMS 5, RSB d2b25d131d55adcb38219f2cd8cbec2436ee78ab, Newlib 3.0.0) -malign-int -mcpu=528x -g -O0 -fomit-frame-pointer"
 1951      4331 3120 
 1951      372E 332E 
 1951      3020 3230 
 1951      3138 3031 
 1952               	.LASF87:
 1953 0159 5F73 7464 	.string"_stdout"
 1953      6F75 7400 
 1954               	.LASF77:
 1955 0161 5F6E 6275 	.string"_nbuf"
 1955      6600 
 1956               	.LASF21:
 1957 0167 5F68 6561 	.string"_heads"
 1957      6473 00
 1958               	.LASF14:
 1959 016e 5F66 706F 	.string"_fpos_t"
 1959      735F 7400 
 1960               	.LASF63:
 1961 0176 5F66 6E73 	.string"_fns"
 1961      00
 1962               	.LASF71:
 1963 017b 5F63 6F6F 	.string"_cookie"
68K GAS   			page 41


 1963      6B69 6500 
 1964               	.LASF41:
 1965 0183 5F42 6967 	.string"_Bigint"
 1965      696E 7400 
 1966               	.LASF53:
 1967 018b 5F5F 746D 	.string"__tm_wday"
 1967      5F77 6461 
 1967      7900 
 1968               	.LASF95:
 1969 0195 5F72 6573 	.string"_result"
 1969      756C 7400 
 1970               	.LASF49:
 1971 019d 5F5F 746D 	.string"__tm_hour"
 1971      5F68 6F75 
 1971      7200 
 1972               	.LASF36:
 1973 01a7 5F5F 636F 	.string"__count"
 1973      756E 7400 
 1974               	.LASF48:
 1975 01af 5F5F 746D 	.string"__tm_min"
 1975      5F6D 696E 
 1975      00
 1976               	.LASF136:
 1977 01b8 5F69 6D70 	.string"_impure_ptr"
 1977      7572 655F 
 1977      7074 7200 
 1978               	.LASF131:
 1979 01c4 5F6E 6578 	.string"_nextf"
 1979      7466 00
 1980               	.LASF143:
 1981 01cb 4465 7669 	.string"DeviceName"
 1981      6365 4E61 
 1981      6D65 00
 1982               	.LASF108:
 1983 01d6 5F72 616E 	.string"_rand48"
 1983      6434 3800 
 1984               	.LASF28:
 1985 01de 5F4D 7574 	.string"_Mutex_recursive_Control"
 1985      6578 5F72 
 1985      6563 7572 
 1985      7369 7665 
 1985      5F43 6F6E 
 1986               	.LASF96:
 1987 01f7 5F72 6573 	.string"_result_k"
 1987      756C 745F 
 1987      6B00 
 1988               	.LASF9:
 1989 0201 6C6F 6E67 	.string"long long unsigned int"
 1989      206C 6F6E 
 1989      6720 756E 
 1989      7369 676E 
 1989      6564 2069 
 1990               	.LASF114:
 1991 0218 5F61 7363 	.string"_asctime_buf"
 1991      7469 6D65 
 1991      5F62 7566 
 1991      00
68K GAS   			page 42


 1992               	.LASF67:
 1993 0225 5F5F 7346 	.string"__sFILE"
 1993      494C 4500 
 1994               	.LASF45:
 1995 022d 5F77 6473 	.string"_wds"
 1995      00
 1996               	.LASF148:
 1997 0232 4973 4D6F 	.string"IsMounted"
 1997      756E 7465 
 1997      6400 
 1998               	.LASF104:
 1999 023c 5F5F 4649 	.string"__FILE"
 1999      4C45 00
 2000               	.LASF79:
 2001 0243 5F6F 6666 	.string"_offset"
 2001      7365 7400 
 2002               	.LASF90:
 2003 024b 5F65 6D65 	.string"_emergency"
 2003      7267 656E 
 2003      6379 00
 2004               	.LASF26:
 2005 0256 5F4D 7574 	.string"_Mutex_Control"
 2005      6578 5F43 
 2005      6F6E 7472 
 2005      6F6C 00
 2006               	.LASF20:
 2007 0265 5F4C 6F63 	.string"_Lock"
 2007      6B00 
 2008               	.LASF22:
 2009 026b 5F6F 776E 	.string"_owner"
 2009      6572 00
 2010               	.LASF47:
 2011 0272 5F5F 746D 	.string"__tm_sec"
 2011      5F73 6563 
 2011      00
 2012               	.LASF139:
 2013 027b 7375 626F 	.string"suboptarg"
 2013      7074 6172 
 2013      6700 
 2014               	.LASF54:
 2015 0285 5F5F 746D 	.string"__tm_yday"
 2015      5F79 6461 
 2015      7900 
 2016               	.LASF89:
 2017 028f 5F69 6E63 	.string"_inc"
 2017      00
 2018               	.LASF62:
 2019 0294 5F69 6E64 	.string"_ind"
 2019      00
 2020               	.LASF42:
 2021 0299 5F6E 6578 	.string"_next"
 2021      7400 
 2022               	.LASF127:
 2023 029f 5F6D 6273 	.string"_mbsrtowcs_state"
 2023      7274 6F77 
 2023      6373 5F73 
 2023      7461 7465 
68K GAS   			page 43


 2023      00
 2024               	.LASF142:
 2025 02b0 5F74 7A6E 	.string"_tzname"
 2025      616D 6500 
 2026               	.LASF37:
 2027 02b8 5F5F 7661 	.string"__value"
 2027      6C75 6500 
 2028               	.LASF97:
 2029 02c0 5F70 3573 	.string"_p5s"
 2029      00
 2030               	.LASF151:
 2031 02c5 426C 6F63 	.string"BlockSize"
 2031      6B53 697A 
 2031      6500 
 2032               	.LASF129:
 2033 02cf 5F77 6373 	.string"_wcsrtombs_state"
 2033      7274 6F6D 
 2033      6273 5F73 
 2033      7461 7465 
 2033      00
 2034               	.LASF119:
 2035 02e0 5F6D 626C 	.string"_mblen_state"
 2035      656E 5F73 
 2035      7461 7465 
 2035      00
 2036               	.LASF29:
 2037 02ed 5F4D 7574 	.string"_Mutex"
 2037      6578 00
 2038               	.LASF10:
 2039 02f4 6368 6172 	.string"char"
 2039      00
 2040               	.LASF50:
 2041 02f9 5F5F 746D 	.string"__tm_mday"
 2041      5F6D 6461 
 2041      7900 
 2042               	.LASF102:
 2043 0303 5F73 6967 	.string"_sig_func"
 2043      5F66 756E 
 2043      6300 
 2044               	.LASF126:
 2045 030d 5F6D 6272 	.string"_mbrtowc_state"
 2045      746F 7763 
 2045      5F73 7461 
 2045      7465 00
 2046               	.LASF39:
 2047 031c 5F66 6C6F 	.string"_flock_t"
 2047      636B 5F74 
 2047      00
 2048               	.LASF34:
 2049 0325 5F5F 7763 	.string"__wch"
 2049      6800 
 2050               	.LASF107:
 2051 032b 5F69 6F62 	.string"_iobs"
 2051      7300 
 2052               	.LASF75:
 2053 0331 5F63 6C6F 	.string"_close"
 2053      7365 00
68K GAS   			page 44


 2054               	.LASF93:
 2055 0338 5F5F 7364 	.string"__sdidinit"
 2055      6964 696E 
 2055      6974 00
 2056               	.LASF140:
 2057 0343 5F74 696D 	.string"_timezone"
 2057      657A 6F6E 
 2057      6500 
 2058               	.LASF155:
 2059 034d 2F68 6F6D 	.string"/home/simulink/cFS_FreeRTOS_seL4/psp/fsw/mcf5235-rtems/src/cfe_psp_voltab.c"
 2059      652F 7369 
 2059      6D75 6C69 
 2059      6E6B 2F63 
 2059      4653 5F46 
 2060               	.LASF86:
 2061 0399 5F73 7464 	.string"_stdin"
 2061      696E 00
 2062               	.LASF116:
 2063 03a0 5F67 616D 	.string"_gamma_signgam"
 2063      6D61 5F73 
 2063      6967 6E67 
 2063      616D 00
 2064               	.LASF4:
 2065 03af 6C6F 6E67 	.string"long long int"
 2065      206C 6F6E 
 2065      6720 696E 
 2065      7400 
 2066               	.LASF18:
 2067 03bd 5F54 6963 	.string"_Ticket_lock_Control"
 2067      6B65 745F 
 2067      6C6F 636B 
 2067      5F43 6F6E 
 2067      7472 6F6C 
 2068               	.LASF65:
 2069 03d2 5F62 6173 	.string"_base"
 2069      6500 
 2070               	.LASF98:
 2071 03d8 5F66 7265 	.string"_freelist"
 2071      656C 6973 
 2071      7400 
 2072               	.LASF110:
 2073 03e2 5F6D 756C 	.string"_mult"
 2073      7400 
 2074               	.LASF40:
 2075 03e8 5F5F 554C 	.string"__ULong"
 2075      6F6E 6700 
 2076               	.LASF128:
 2077 03f0 5F77 6372 	.string"_wcrtomb_state"
 2077      746F 6D62 
 2077      5F73 7461 
 2077      7465 00
 2078               	.LASF69:
 2079 03ff 5F66 696C 	.string"_file"
 2079      6500 
 2080               	.LASF150:
 2081 0405 4D6F 756E 	.string"MountPoint"
 2081      7450 6F69 
68K GAS   			page 45


 2081      6E74 00
 2082               	.LASF30:
 2083 0410 5F6E 6573 	.string"_nest_level"
 2083      745F 6C65 
 2083      7665 6C00 
 2084               	.LASF156:
 2085 041c 2F68 6F6D 	.string"/home/simulink/cFS_FreeRTOS_seL4/build/cpu1/cfe/psp"
 2085      652F 7369 
 2085      6D75 6C69 
 2085      6E6B 2F63 
 2085      4653 5F46 
 2086               	.LASF94:
 2087 0450 5F5F 636C 	.string"__cleanup"
 2087      6561 6E75 
 2087      7000 
 2088               	.LASF38:
 2089 045a 5F6D 6273 	.string"_mbstate_t"
 2089      7461 7465 
 2089      5F74 00
 2090               	.LASF57:
 2091 0465 5F66 6E61 	.string"_fnargs"
 2091      7267 7300 
 2092               	.LASF7:
 2093 046d 7569 6E74 	.string"uint32"
 2093      3332 00
 2094               	.LASF55:
 2095 0474 5F5F 746D 	.string"__tm_isdst"
 2095      5F69 7364 
 2095      7374 00
 2096               	.LASF138:
 2097 047f 5F67 6C6F 	.string"_global_atexit"
 2097      6261 6C5F 
 2097      6174 6578 
 2097      6974 00
 2098               	.LASF130:
 2099 048e 5F68 5F65 	.string"_h_errno"
 2099      7272 6E6F 
 2099      00
 2100               	.LASF51:
 2101 0497 5F5F 746D 	.string"__tm_mon"
 2101      5F6D 6F6E 
 2101      00
 2102               	.LASF11:
 2103 04a0 5F5F 696E 	.string"__int64_t"
 2103      7436 345F 
 2103      7400 
 2104               	.LASF12:
 2105 04aa 6C6F 6E67 	.string"long double"
 2105      2064 6F75 
 2105      626C 6500 
 2106               	.LASF25:
 2107 04b6 5F54 6872 	.string"_Thread_Control"
 2107      6561 645F 
 2107      436F 6E74 
 2107      726F 6C00 
 2108               	.LASF73:
 2109 04c6 5F77 7269 	.string"_write"
68K GAS   			page 46


 2109      7465 00
 2110               	.LASF61:
 2111 04cd 5F61 7465 	.string"_atexit"
 2111      7869 7400 
 2112               	.LASF82:
 2113 04d5 5F6D 6273 	.string"_mbstate"
 2113      7461 7465 
 2113      00
 2114               	.LASF145:
 2115 04de 566F 6C75 	.string"VolumeType"
 2115      6D65 5479 
 2115      7065 00
 2116               	.LASF2:
 2117 04e9 7368 6F72 	.string"short int"
 2117      7420 696E 
 2117      7400 
 2118               	.LASF3:
 2119 04f3 6C6F 6E67 	.string"long int"
 2119      2069 6E74 
 2119      00
 2120               	.LASF135:
 2121 04fc 5F5F 7366 	.string"__sf"
 2121      00
 2122               	.LASF44:
 2123 0501 5F73 6967 	.string"_sign"
 2123      6E00 
 2124               	.LASF80:
 2125 0507 5F64 6174 	.string"_data"
 2125      6100 
 2126               	.LASF35:
 2127 050d 5F5F 7763 	.string"__wchb"
 2127      6862 00
 2128               	.LASF137:
 2129 0514 5F67 6C6F 	.string"_global_impure_ptr"
 2129      6261 6C5F 
 2129      696D 7075 
 2129      7265 5F70 
 2129      7472 00
 2130               	.LASF52:
 2131 0527 5F5F 746D 	.string"__tm_year"
 2131      5F79 6561 
 2131      7200 
 2132               	.LASF144:
 2133 0531 5068 7973 	.string"PhysDevName"
 2133      4465 764E 
 2133      616D 6500 
 2134               	.LASF115:
 2135 053d 5F6C 6F63 	.string"_localtime_buf"
 2135      616C 7469 
 2135      6D65 5F62 
 2135      7566 00
 2136               	.LASF133:
 2137 054c 5F75 6E75 	.string"_unused"
 2137      7365 6400 
 2138               	.LASF101:
 2139 0554 5F6E 6577 	.string"_new"
 2139      00
68K GAS   			page 47


 2140               	.LASF99:
 2141 0559 5F63 7674 	.string"_cvtlen"
 2141      6C65 6E00 
 2142               	.LASF43:
 2143 0561 5F6D 6178 	.string"_maxwds"
 2143      7764 7300 
 2144               	.LASF122:
 2145 0569 5F6C 3634 	.string"_l64a_buf"
 2145      615F 6275 
 2145      6600 
 2146               	.LASF152:
 2147 0573 4F53 5F56 	.string"OS_VolumeInfo_t"
 2147      6F6C 756D 
 2147      6549 6E66 
 2147      6F5F 7400 
 2148               	.LASF78:
 2149 0583 5F62 6C6B 	.string"_blksize"
 2149      7369 7A65 
 2149      00
 2150               	.LASF46:
 2151 058c 5F5F 746D 	.string"__tm"
 2151      00
 2152               	.LASF81:
 2153 0591 5F6C 6F63 	.string"_lock"
 2153      6B00 
 2154               	.LASF8:
 2155 0597 6C6F 6E67 	.string"long unsigned int"
 2155      2075 6E73 
 2155      6967 6E65 
 2155      6420 696E 
 2155      7400 
 2156               	.LASF106:
 2157 05a9 5F6E 696F 	.string"_niobs"
 2157      6273 00
 2158               	.LASF33:
 2159 05b0 7769 6E74 	.string"wint_t"
 2159      5F74 00
 2160               	.LASF153:
 2161 05b7 4F53 5F56 	.string"OS_VolumeTable"
 2161      6F6C 756D 
 2161      6554 6162 
 2161      6C65 00
 2162               	.LASF58:
 2163 05c6 5F64 736F 	.string"_dso_handle"
 2163      5F68 616E 
 2163      646C 6500 
 2164               	.LASF19:
 2165 05d2 5F54 6872 	.string"_Thread_queue_Queue"
 2165      6561 645F 
 2165      7175 6575 
 2165      655F 5175 
 2165      6575 6500 
 2166               	.LASF100:
 2167 05e6 5F63 7674 	.string"_cvtbuf"
 2167      6275 6600 
 2168               	.LASF0:
 2169 05ee 756E 7369 	.string"unsigned char"
68K GAS   			page 48


 2169      676E 6564 
 2169      2063 6861 
 2169      7200 
 2170               	.LASF124:
 2171 05fc 5F67 6574 	.string"_getdate_err"
 2171      6461 7465 
 2171      5F65 7272 
 2171      00
 2172               	.LASF111:
 2173 0609 5F61 6464 	.string"_add"
 2173      00
 2174               	.LASF64:
 2175 060e 5F5F 7362 	.string"__sbuf"
 2175      7566 00
 2176               	.LASF105:
 2177 0615 5F67 6C75 	.string"_glue"
 2177      6500 
 2178               	.LASF103:
 2179 061b 5F5F 7367 	.string"__sglue"
 2179      6C75 6500 
 2180               	.LASF113:
 2181 0623 5F73 7472 	.string"_strtok_last"
 2181      746F 6B5F 
 2181      6C61 7374 
 2181      00
 2182               	.LASF120:
 2183 0630 5F6D 6274 	.string"_mbtowc_state"
 2183      6F77 635F 
 2183      7374 6174 
 2183      6500 
 2184               	.LASF15:
 2185 063e 5F6E 6578 	.string"_next_ticket"
 2185      745F 7469 
 2185      636B 6574 
 2185      00
 2186               	.LASF92:
 2187 064b 5F6C 6F63 	.string"_locale"
 2187      616C 6500 
 2188               	.LASF32:
 2189 0653 5F73 7369 	.string"_ssize_t"
 2189      7A65 5F74 
 2189      00
 2190               	.LASF1:
 2191 065c 7369 676E 	.string"signed char"
 2191      6564 2063 
 2191      6861 7200 
 2192               	.LASF84:
 2193 0668 5F72 6565 	.string"_reent"
 2193      6E74 00
 2194               	.LASF5:
 2195 066f 7368 6F72 	.string"short unsigned int"
 2195      7420 756E 
 2195      7369 676E 
 2195      6564 2069 
 2195      6E74 00
 2196               	.LASF59:
 2197 0682 5F66 6E74 	.string"_fntypes"
68K GAS   			page 49


 2197      7970 6573 
 2197      00
 2198               	.LASF6:
 2199 068b 7569 6E74 	.string"uint8"
 2199      3800 
 2200               	.LASF13:
 2201 0691 5F6F 6666 	.string"_off_t"
 2201      5F74 00
 2202               	.LASF16:
 2203 0698 5F6E 6F77 	.string"_now_serving"
 2203      5F73 6572 
 2203      7669 6E67 
 2203      00
 2204               	.LASF112:
 2205 06a5 5F75 6E75 	.string"_unused_rand"
 2205      7365 645F 
 2205      7261 6E64 
 2205      00
 2206               	.LASF91:
 2207 06b2 5F75 6E73 	.string"_unspecified_locale_info"
 2207      7065 6369 
 2207      6669 6564 
 2207      5F6C 6F63 
 2207      616C 655F 
 2208               	.LASF83:
 2209 06cb 5F66 6C61 	.string"_flags2"
 2209      6773 3200 
 2210               	.LASF60:
 2211 06d3 5F69 735F 	.string"_is_cxa"
 2211      6378 6100 
 2212               	.LASF109:
 2213 06db 5F73 6565 	.string"_seed"
 2213      6400 
 2214               	.LASF117:
 2215 06e1 5F72 616E 	.string"_rand_next"
 2215      645F 6E65 
 2215      7874 00
 2216               	.LASF134:
 2217 06ec 5F5F 6C6F 	.string"__locale_t"
 2217      6361 6C65 
 2217      5F74 00
 2218               	.LASF74:
 2219 06f7 5F73 6565 	.string"_seek"
 2219      6B00 
 2220               	.LASF88:
 2221 06fd 5F73 7464 	.string"_stderr"
 2221      6572 7200 
 2222               	.LASF132:
 2223 0705 5F6E 6D61 	.string"_nmalloc"
 2223      6C6C 6F63 
 2223      00
 2224               	.LASF76:
 2225 070e 5F75 6275 	.string"_ubuf"
 2225      6600 
 2226               	.ident"GCC: (GNU) 7.3.0 20180125 (RTEMS 5, RSB d2b25d131d55adcb38219f2cd8cbec2436ee78ab, Newlib 3.0.0)"
68K GAS   			page 50


DEFINED SYMBOLS
                            *ABS*:0000000000000000 cfe_psp_voltab.c
    {standard input}:11     .data:0000000000000000 OS_VolumeTable

NO UNDEFINED SYMBOLS
