68K GAS   			page 1


   1               	
   2               	.file"cfe_psp_memtab.c"
   3               	.text
   4               	.Ltext0:
   5               	.cfi_sections.debug_frame
   6               	.globlCFE_PSP_MemoryTable
   7               	.data
   8               	.align4
   9               	.typeCFE_PSP_MemoryTable, @object
  10               	.sizeCFE_PSP_MemoryTable, 200
  11               	CFE_PSP_MemoryTable:
  12 0000 0000 0001 	.long1
  13 0004 0000 0004 	.long4
  14 0008 0000 0000 	.long0
  15 000c 0100 0000 	.long16777216
  16 0010 0000 0003 	.long3
  17 0014 0000 0004 	.long4
  18 0018 0000 0000 	.long0
  19 001c 0000 0000 	.long0
  20 0020 0000 0000 	.long0
  21 0024 0000 0003 	.long3
  22 0028 0000 0004 	.long4
  23 002c 0000 0000 	.long0
  24 0030 0000 0000 	.long0
  25 0034 0000 0000 	.long0
  26 0038 0000 0003 	.long3
  27 003c 0000 0004 	.long4
  28 0040 0000 0000 	.long0
  29 0044 0000 0000 	.long0
  30 0048 0000 0000 	.long0
  31 004c 0000 0003 	.long3
  32 0050 0000 0004 	.long4
  33 0054 0000 0000 	.long0
  34 0058 0000 0000 	.long0
  35 005c 0000 0000 	.long0
  36 0060 0000 0003 	.long3
  37 0064 0000 0004 	.long4
  38 0068 0000 0000 	.long0
  39 006c 0000 0000 	.long0
  40 0070 0000 0000 	.long0
  41 0074 0000 0003 	.long3
  42 0078 0000 0004 	.long4
  43 007c 0000 0000 	.long0
  44 0080 0000 0000 	.long0
  45 0084 0000 0000 	.long0
  46 0088 0000 0003 	.long3
  47 008c 0000 0004 	.long4
  48 0090 0000 0000 	.long0
  49 0094 0000 0000 	.long0
  50 0098 0000 0000 	.long0
  51 009c 0000 0003 	.long3
  52 00a0 0000 0004 	.long4
  53 00a4 0000 0000 	.long0
  54 00a8 0000 0000 	.long0
  55 00ac 0000 0000 	.long0
  56 00b0 0000 0003 	.long3
  57 00b4 0000 0004 	.long4
68K GAS   			page 2


  58 00b8 0000 0000 	.long0
  59 00bc 0000 0000 	.long0
  60 00c0 0000 0000 	.long0
  61 00c4 0000 0003 	.long3
  62               	.text
  63               	.Letext0:
  64               	.file 1 "/home/simulink/cFS_FreeRTOS_seL4/osal/src/os/inc/common_types.h"
  65               	.file 2 "/home/simulink/development/rtems/5/m68k-rtems5/include/machine/_default_types.h"
  66               	.file 3 "/home/simulink/development/rtems/5/m68k-rtems5/include/machine/_types.h"
  67               	.file 4 "/home/simulink/development/rtems/5/m68k-rtems5/include/sys/lock.h"
  68               	.file 5 "/home/simulink/development/rtems/5/m68k-rtems5/include/sys/_types.h"
  69               	.file 6 "/home/simulink/development/rtems/5/lib/gcc/m68k-rtems5/7.3.0/include/stddef.h"
  70               	.file 7 "/home/simulink/development/rtems/5/m68k-rtems5/include/sys/reent.h"
  71               	.file 8 "/home/simulink/development/rtems/5/m68k-rtems5/include/stdlib.h"
  72               	.file 9 "/home/simulink/development/rtems/5/m68k-rtems5/include/time.h"
  73               	.file 10 "/home/simulink/cFS_FreeRTOS_seL4/psp/fsw/inc/cfe_psp.h"
  74               	.file 11 "/home/simulink/cFS_FreeRTOS_seL4/psp/fsw/mcf5235-rtems/src/cfe_psp_memtab.c"
  75               	.section.debug_info,"",@progbits
  76               	.Ldebug_info0:
  77 0000 0000 09FC 	.long0x9fc
  78 0004 0004      	.word0x4
  79 0006 0000 0000 	.long.Ldebug_abbrev0
  80 000a 04        	.byte0x4
  81 000b 01        	.uleb128 0x1
  82 000c 0000 0000 	.long.LASF150
  83 0010 0C        	.byte0xc
  84 0011 0000 0000 	.long.LASF151
  85 0015 0000 0000 	.long.LASF152
  86 0019 0000 0000 	.long.Ldebug_line0
  87 001d 02        	.uleb128 0x2
  88 001e 01        	.byte0x1
  89 001f 08        	.byte0x8
  90 0020 0000 0000 	.long.LASF0
  91 0024 02        	.uleb128 0x2
  92 0025 01        	.byte0x1
  93 0026 06        	.byte0x6
  94 0027 0000 0000 	.long.LASF1
  95 002b 02        	.uleb128 0x2
  96 002c 02        	.byte0x2
  97 002d 05        	.byte0x5
  98 002e 0000 0000 	.long.LASF2
  99 0032 02        	.uleb128 0x2
 100 0033 04        	.byte0x4
 101 0034 05        	.byte0x5
 102 0035 0000 0000 	.long.LASF3
 103 0039 02        	.uleb128 0x2
 104 003a 08        	.byte0x8
 105 003b 05        	.byte0x5
 106 003c 0000 0000 	.long.LASF4
 107 0040 02        	.uleb128 0x2
 108 0041 02        	.byte0x2
 109 0042 07        	.byte0x7
 110 0043 0000 0000 	.long.LASF5
 111 0047 03        	.uleb128 0x3
 112 0048 0000 0000 	.long.LASF8
 113 004c 01        	.byte0x1
 114 004d ED        	.byte0xed
68K GAS   			page 3


 115 004e 0000 0052 	.long0x52
 116 0052 02        	.uleb128 0x2
 117 0053 04        	.byte0x4
 118 0054 07        	.byte0x7
 119 0055 0000 0000 	.long.LASF6
 120 0059 02        	.uleb128 0x2
 121 005a 08        	.byte0x8
 122 005b 07        	.byte0x7
 123 005c 0000 0000 	.long.LASF7
 124 0060 03        	.uleb128 0x3
 125 0061 0000 0000 	.long.LASF9
 126 0065 01        	.byte0x1
 127 0066 F0        	.byte0xf0
 128 0067 0000 0052 	.long0x52
 129 006b 02        	.uleb128 0x2
 130 006c 01        	.byte0x1
 131 006d 06        	.byte0x6
 132 006e 0000 0000 	.long.LASF10
 133 0072 04        	.uleb128 0x4
 134 0073 0000 006B 	.long0x6b
 135 0077 05        	.uleb128 0x5
 136 0078 04        	.byte0x4
 137 0079 03        	.uleb128 0x3
 138 007a 0000 0000 	.long.LASF11
 139 007e 02        	.byte0x2
 140 007f 67        	.byte0x67
 141 0080 0000 0039 	.long0x39
 142 0084 02        	.uleb128 0x2
 143 0085 08        	.byte0x8
 144 0086 04        	.byte0x4
 145 0087 0000 0000 	.long.LASF12
 146 008b 03        	.uleb128 0x3
 147 008c 0000 0000 	.long.LASF13
 148 0090 03        	.byte0x3
 149 0091 10        	.byte0x10
 150 0092 0000 0079 	.long0x79
 151 0096 03        	.uleb128 0x3
 152 0097 0000 0000 	.long.LASF14
 153 009b 03        	.byte0x3
 154 009c 16        	.byte0x16
 155 009d 0000 008B 	.long0x8b
 156 00a1 06        	.uleb128 0x6
 157 00a2 04        	.byte0x4
 158 00a3 05        	.byte0x5
 159 00a4 696E 7400 	.string"int"
 160 00a8 07        	.uleb128 0x7
 161 00a9 0000 0000 	.long.LASF18
 162 00ad 08        	.byte0x8
 163 00ae 04        	.byte0x4
 164 00af 28        	.byte0x28
 165 00b0 0000 00CD 	.long0xcd
 166 00b4 08        	.uleb128 0x8
 167 00b5 0000 0000 	.long.LASF15
 168 00b9 04        	.byte0x4
 169 00ba 29        	.byte0x29
 170 00bb 0000 00CD 	.long0xcd
 171 00bf 00        	.byte0
68K GAS   			page 4


 172 00c0 08        	.uleb128 0x8
 173 00c1 0000 0000 	.long.LASF16
 174 00c5 04        	.byte0x4
 175 00c6 2A        	.byte0x2a
 176 00c7 0000 00CD 	.long0xcd
 177 00cb 04        	.byte0x4
 178 00cc 00        	.byte0
 179 00cd 02        	.uleb128 0x2
 180 00ce 04        	.byte0x4
 181 00cf 07        	.byte0x7
 182 00d0 0000 0000 	.long.LASF17
 183 00d4 07        	.uleb128 0x7
 184 00d5 0000 0000 	.long.LASF19
 185 00d9 14        	.byte0x14
 186 00da 04        	.byte0x4
 187 00db 2D        	.byte0x2d
 188 00dc 0000 0111 	.long0x111
 189 00e0 08        	.uleb128 0x8
 190 00e1 0000 0000 	.long.LASF20
 191 00e5 04        	.byte0x4
 192 00e6 2E        	.byte0x2e
 193 00e7 0000 00A8 	.long0xa8
 194 00eb 00        	.byte0
 195 00ec 08        	.uleb128 0x8
 196 00ed 0000 0000 	.long.LASF21
 197 00f1 04        	.byte0x4
 198 00f2 2F        	.byte0x2f
 199 00f3 0000 0116 	.long0x116
 200 00f7 08        	.byte0x8
 201 00f8 08        	.uleb128 0x8
 202 00f9 0000 0000 	.long.LASF22
 203 00fd 04        	.byte0x4
 204 00fe 30        	.byte0x30
 205 00ff 0000 0121 	.long0x121
 206 0103 0C        	.byte0xc
 207 0104 08        	.uleb128 0x8
 208 0105 0000 0000 	.long.LASF23
 209 0109 04        	.byte0x4
 210 010a 31        	.byte0x31
 211 010b 0000 0127 	.long0x127
 212 010f 10        	.byte0x10
 213 0110 00        	.byte0
 214 0111 09        	.uleb128 0x9
 215 0112 0000 0000 	.long.LASF24
 216 0116 0A        	.uleb128 0xa
 217 0117 04        	.byte0x4
 218 0118 0000 0111 	.long0x111
 219 011c 09        	.uleb128 0x9
 220 011d 0000 0000 	.long.LASF25
 221 0121 0A        	.uleb128 0xa
 222 0122 04        	.byte0x4
 223 0123 0000 011C 	.long0x11c
 224 0127 0A        	.uleb128 0xa
 225 0128 04        	.byte0x4
 226 0129 0000 0072 	.long0x72
 227 012d 07        	.uleb128 0x7
 228 012e 0000 0000 	.long.LASF26
68K GAS   			page 5


 229 0132 14        	.byte0x14
 230 0133 04        	.byte0x4
 231 0134 34        	.byte0x34
 232 0135 0000 0146 	.long0x146
 233 0139 08        	.uleb128 0x8
 234 013a 0000 0000 	.long.LASF27
 235 013e 04        	.byte0x4
 236 013f 35        	.byte0x35
 237 0140 0000 00D4 	.long0xd4
 238 0144 00        	.byte0
 239 0145 00        	.byte0
 240 0146 07        	.uleb128 0x7
 241 0147 0000 0000 	.long.LASF28
 242 014b 18        	.byte0x18
 243 014c 04        	.byte0x4
 244 014d 38        	.byte0x38
 245 014e 0000 016B 	.long0x16b
 246 0152 08        	.uleb128 0x8
 247 0153 0000 0000 	.long.LASF29
 248 0157 04        	.byte0x4
 249 0158 39        	.byte0x39
 250 0159 0000 012D 	.long0x12d
 251 015d 00        	.byte0
 252 015e 08        	.uleb128 0x8
 253 015f 0000 0000 	.long.LASF30
 254 0163 04        	.byte0x4
 255 0164 3A        	.byte0x3a
 256 0165 0000 00CD 	.long0xcd
 257 0169 14        	.byte0x14
 258 016a 00        	.byte0
 259 016b 0B        	.uleb128 0xb
 260 016c 0000 0000 	.long.LASF31
 261 0170 04        	.byte0x4
 262 0171 0171      	.word0x171
 263 0173 0000 0146 	.long0x146
 264 0177 03        	.uleb128 0x3
 265 0178 0000 0000 	.long.LASF32
 266 017c 05        	.byte0x5
 267 017d 91        	.byte0x91
 268 017e 0000 0032 	.long0x32
 269 0182 0B        	.uleb128 0xb
 270 0183 0000 0000 	.long.LASF33
 271 0187 06        	.byte0x6
 272 0188 0165      	.word0x165
 273 018a 0000 00CD 	.long0xcd
 274 018e 0C        	.uleb128 0xc
 275 018f 04        	.byte0x4
 276 0190 05        	.byte0x5
 277 0191 A6        	.byte0xa6
 278 0192 0000 01AD 	.long0x1ad
 279 0196 0D        	.uleb128 0xd
 280 0197 0000 0000 	.long.LASF34
 281 019b 05        	.byte0x5
 282 019c A8        	.byte0xa8
 283 019d 0000 0182 	.long0x182
 284 01a1 0D        	.uleb128 0xd
 285 01a2 0000 0000 	.long.LASF35
68K GAS   			page 6


 286 01a6 05        	.byte0x5
 287 01a7 A9        	.byte0xa9
 288 01a8 0000 01AD 	.long0x1ad
 289 01ac 00        	.byte0
 290 01ad 0E        	.uleb128 0xe
 291 01ae 0000 001D 	.long0x1d
 292 01b2 0000 01BD 	.long0x1bd
 293 01b6 0F        	.uleb128 0xf
 294 01b7 0000 0052 	.long0x52
 295 01bb 03        	.byte0x3
 296 01bc 00        	.byte0
 297 01bd 10        	.uleb128 0x10
 298 01be 08        	.byte0x8
 299 01bf 05        	.byte0x5
 300 01c0 A3        	.byte0xa3
 301 01c1 0000 01DE 	.long0x1de
 302 01c5 08        	.uleb128 0x8
 303 01c6 0000 0000 	.long.LASF36
 304 01ca 05        	.byte0x5
 305 01cb A5        	.byte0xa5
 306 01cc 0000 00A1 	.long0xa1
 307 01d0 00        	.byte0
 308 01d1 08        	.uleb128 0x8
 309 01d2 0000 0000 	.long.LASF37
 310 01d6 05        	.byte0x5
 311 01d7 AA        	.byte0xaa
 312 01d8 0000 018E 	.long0x18e
 313 01dc 04        	.byte0x4
 314 01dd 00        	.byte0
 315 01de 03        	.uleb128 0x3
 316 01df 0000 0000 	.long.LASF38
 317 01e3 05        	.byte0x5
 318 01e4 AB        	.byte0xab
 319 01e5 0000 01BD 	.long0x1bd
 320 01e9 03        	.uleb128 0x3
 321 01ea 0000 0000 	.long.LASF39
 322 01ee 05        	.byte0x5
 323 01ef AF        	.byte0xaf
 324 01f0 0000 016B 	.long0x16b
 325 01f4 03        	.uleb128 0x3
 326 01f5 0000 0000 	.long.LASF40
 327 01f9 07        	.byte0x7
 328 01fa 16        	.byte0x16
 329 01fb 0000 0052 	.long0x52
 330 01ff 07        	.uleb128 0x7
 331 0200 0000 0000 	.long.LASF41
 332 0204 18        	.byte0x18
 333 0205 07        	.byte0x7
 334 0206 2F        	.byte0x2f
 335 0207 0000 0252 	.long0x252
 336 020b 08        	.uleb128 0x8
 337 020c 0000 0000 	.long.LASF42
 338 0210 07        	.byte0x7
 339 0211 31        	.byte0x31
 340 0212 0000 0252 	.long0x252
 341 0216 00        	.byte0
 342 0217 11        	.uleb128 0x11
68K GAS   			page 7


 343 0218 5F6B 00   	.string"_k"
 344 021b 07        	.byte0x7
 345 021c 32        	.byte0x32
 346 021d 0000 00A1 	.long0xa1
 347 0221 04        	.byte0x4
 348 0222 08        	.uleb128 0x8
 349 0223 0000 0000 	.long.LASF43
 350 0227 07        	.byte0x7
 351 0228 32        	.byte0x32
 352 0229 0000 00A1 	.long0xa1
 353 022d 08        	.byte0x8
 354 022e 08        	.uleb128 0x8
 355 022f 0000 0000 	.long.LASF44
 356 0233 07        	.byte0x7
 357 0234 32        	.byte0x32
 358 0235 0000 00A1 	.long0xa1
 359 0239 0C        	.byte0xc
 360 023a 08        	.uleb128 0x8
 361 023b 0000 0000 	.long.LASF45
 362 023f 07        	.byte0x7
 363 0240 32        	.byte0x32
 364 0241 0000 00A1 	.long0xa1
 365 0245 10        	.byte0x10
 366 0246 11        	.uleb128 0x11
 367 0247 5F78 00   	.string"_x"
 368 024a 07        	.byte0x7
 369 024b 33        	.byte0x33
 370 024c 0000 0258 	.long0x258
 371 0250 14        	.byte0x14
 372 0251 00        	.byte0
 373 0252 0A        	.uleb128 0xa
 374 0253 04        	.byte0x4
 375 0254 0000 01FF 	.long0x1ff
 376 0258 0E        	.uleb128 0xe
 377 0259 0000 01F4 	.long0x1f4
 378 025d 0000 0268 	.long0x268
 379 0261 0F        	.uleb128 0xf
 380 0262 0000 0052 	.long0x52
 381 0266 00        	.byte0
 382 0267 00        	.byte0
 383 0268 07        	.uleb128 0x7
 384 0269 0000 0000 	.long.LASF46
 385 026d 24        	.byte0x24
 386 026e 07        	.byte0x7
 387 026f 37        	.byte0x37
 388 0270 0000 02E1 	.long0x2e1
 389 0274 08        	.uleb128 0x8
 390 0275 0000 0000 	.long.LASF47
 391 0279 07        	.byte0x7
 392 027a 39        	.byte0x39
 393 027b 0000 00A1 	.long0xa1
 394 027f 00        	.byte0
 395 0280 08        	.uleb128 0x8
 396 0281 0000 0000 	.long.LASF48
 397 0285 07        	.byte0x7
 398 0286 3A        	.byte0x3a
 399 0287 0000 00A1 	.long0xa1
68K GAS   			page 8


 400 028b 04        	.byte0x4
 401 028c 08        	.uleb128 0x8
 402 028d 0000 0000 	.long.LASF49
 403 0291 07        	.byte0x7
 404 0292 3B        	.byte0x3b
 405 0293 0000 00A1 	.long0xa1
 406 0297 08        	.byte0x8
 407 0298 08        	.uleb128 0x8
 408 0299 0000 0000 	.long.LASF50
 409 029d 07        	.byte0x7
 410 029e 3C        	.byte0x3c
 411 029f 0000 00A1 	.long0xa1
 412 02a3 0C        	.byte0xc
 413 02a4 08        	.uleb128 0x8
 414 02a5 0000 0000 	.long.LASF51
 415 02a9 07        	.byte0x7
 416 02aa 3D        	.byte0x3d
 417 02ab 0000 00A1 	.long0xa1
 418 02af 10        	.byte0x10
 419 02b0 08        	.uleb128 0x8
 420 02b1 0000 0000 	.long.LASF52
 421 02b5 07        	.byte0x7
 422 02b6 3E        	.byte0x3e
 423 02b7 0000 00A1 	.long0xa1
 424 02bb 14        	.byte0x14
 425 02bc 08        	.uleb128 0x8
 426 02bd 0000 0000 	.long.LASF53
 427 02c1 07        	.byte0x7
 428 02c2 3F        	.byte0x3f
 429 02c3 0000 00A1 	.long0xa1
 430 02c7 18        	.byte0x18
 431 02c8 08        	.uleb128 0x8
 432 02c9 0000 0000 	.long.LASF54
 433 02cd 07        	.byte0x7
 434 02ce 40        	.byte0x40
 435 02cf 0000 00A1 	.long0xa1
 436 02d3 1C        	.byte0x1c
 437 02d4 08        	.uleb128 0x8
 438 02d5 0000 0000 	.long.LASF55
 439 02d9 07        	.byte0x7
 440 02da 41        	.byte0x41
 441 02db 0000 00A1 	.long0xa1
 442 02df 20        	.byte0x20
 443 02e0 00        	.byte0
 444 02e1 12        	.uleb128 0x12
 445 02e2 0000 0000 	.long.LASF56
 446 02e6 0108      	.word0x108
 447 02e8 07        	.byte0x7
 448 02e9 4A        	.byte0x4a
 449 02ea 0000 0321 	.long0x321
 450 02ee 08        	.uleb128 0x8
 451 02ef 0000 0000 	.long.LASF57
 452 02f3 07        	.byte0x7
 453 02f4 4B        	.byte0x4b
 454 02f5 0000 0321 	.long0x321
 455 02f9 00        	.byte0
 456 02fa 08        	.uleb128 0x8
68K GAS   			page 9


 457 02fb 0000 0000 	.long.LASF58
 458 02ff 07        	.byte0x7
 459 0300 4C        	.byte0x4c
 460 0301 0000 0321 	.long0x321
 461 0305 80        	.byte0x80
 462 0306 13        	.uleb128 0x13
 463 0307 0000 0000 	.long.LASF59
 464 030b 07        	.byte0x7
 465 030c 4E        	.byte0x4e
 466 030d 0000 01F4 	.long0x1f4
 467 0311 0100      	.word0x100
 468 0313 13        	.uleb128 0x13
 469 0314 0000 0000 	.long.LASF60
 470 0318 07        	.byte0x7
 471 0319 51        	.byte0x51
 472 031a 0000 01F4 	.long0x1f4
 473 031e 0104      	.word0x104
 474 0320 00        	.byte0
 475 0321 0E        	.uleb128 0xe
 476 0322 0000 0077 	.long0x77
 477 0326 0000 0331 	.long0x331
 478 032a 0F        	.uleb128 0xf
 479 032b 0000 0052 	.long0x52
 480 032f 1F        	.byte0x1f
 481 0330 00        	.byte0
 482 0331 12        	.uleb128 0x12
 483 0332 0000 0000 	.long.LASF61
 484 0336 0190      	.word0x190
 485 0338 07        	.byte0x7
 486 0339 5D        	.byte0x5d
 487 033a 0000 036F 	.long0x36f
 488 033e 08        	.uleb128 0x8
 489 033f 0000 0000 	.long.LASF42
 490 0343 07        	.byte0x7
 491 0344 5E        	.byte0x5e
 492 0345 0000 036F 	.long0x36f
 493 0349 00        	.byte0
 494 034a 08        	.uleb128 0x8
 495 034b 0000 0000 	.long.LASF62
 496 034f 07        	.byte0x7
 497 0350 5F        	.byte0x5f
 498 0351 0000 00A1 	.long0xa1
 499 0355 04        	.byte0x4
 500 0356 08        	.uleb128 0x8
 501 0357 0000 0000 	.long.LASF63
 502 035b 07        	.byte0x7
 503 035c 61        	.byte0x61
 504 035d 0000 0375 	.long0x375
 505 0361 08        	.byte0x8
 506 0362 08        	.uleb128 0x8
 507 0363 0000 0000 	.long.LASF56
 508 0367 07        	.byte0x7
 509 0368 62        	.byte0x62
 510 0369 0000 02E1 	.long0x2e1
 511 036d 88        	.byte0x88
 512 036e 00        	.byte0
 513 036f 0A        	.uleb128 0xa
68K GAS   			page 10


 514 0370 04        	.byte0x4
 515 0371 0000 0331 	.long0x331
 516 0375 0E        	.uleb128 0xe
 517 0376 0000 0385 	.long0x385
 518 037a 0000 0385 	.long0x385
 519 037e 0F        	.uleb128 0xf
 520 037f 0000 0052 	.long0x52
 521 0383 1F        	.byte0x1f
 522 0384 00        	.byte0
 523 0385 0A        	.uleb128 0xa
 524 0386 04        	.byte0x4
 525 0387 0000 038B 	.long0x38b
 526 038b 14        	.uleb128 0x14
 527 038c 07        	.uleb128 0x7
 528 038d 0000 0000 	.long.LASF64
 529 0391 08        	.byte0x8
 530 0392 07        	.byte0x7
 531 0393 75        	.byte0x75
 532 0394 0000 03B1 	.long0x3b1
 533 0398 08        	.uleb128 0x8
 534 0399 0000 0000 	.long.LASF65
 535 039d 07        	.byte0x7
 536 039e 76        	.byte0x76
 537 039f 0000 03B1 	.long0x3b1
 538 03a3 00        	.byte0
 539 03a4 08        	.uleb128 0x8
 540 03a5 0000 0000 	.long.LASF66
 541 03a9 07        	.byte0x7
 542 03aa 77        	.byte0x77
 543 03ab 0000 00A1 	.long0xa1
 544 03af 04        	.byte0x4
 545 03b0 00        	.byte0
 546 03b1 0A        	.uleb128 0xa
 547 03b2 04        	.byte0x4
 548 03b3 0000 001D 	.long0x1d
 549 03b7 07        	.uleb128 0x7
 550 03b8 0000 0000 	.long.LASF67
 551 03bc 80        	.byte0x80
 552 03bd 07        	.byte0x7
 553 03be B5        	.byte0xb5
 554 03bf 0000 04E1 	.long0x4e1
 555 03c3 11        	.uleb128 0x11
 556 03c4 5F70 00   	.string"_p"
 557 03c7 07        	.byte0x7
 558 03c8 B6        	.byte0xb6
 559 03c9 0000 03B1 	.long0x3b1
 560 03cd 00        	.byte0
 561 03ce 11        	.uleb128 0x11
 562 03cf 5F72 00   	.string"_r"
 563 03d2 07        	.byte0x7
 564 03d3 B7        	.byte0xb7
 565 03d4 0000 00A1 	.long0xa1
 566 03d8 04        	.byte0x4
 567 03d9 11        	.uleb128 0x11
 568 03da 5F77 00   	.string"_w"
 569 03dd 07        	.byte0x7
 570 03de B8        	.byte0xb8
68K GAS   			page 11


 571 03df 0000 00A1 	.long0xa1
 572 03e3 08        	.byte0x8
 573 03e4 08        	.uleb128 0x8
 574 03e5 0000 0000 	.long.LASF68
 575 03e9 07        	.byte0x7
 576 03ea B9        	.byte0xb9
 577 03eb 0000 002B 	.long0x2b
 578 03ef 0C        	.byte0xc
 579 03f0 08        	.uleb128 0x8
 580 03f1 0000 0000 	.long.LASF69
 581 03f5 07        	.byte0x7
 582 03f6 BA        	.byte0xba
 583 03f7 0000 002B 	.long0x2b
 584 03fb 0E        	.byte0xe
 585 03fc 11        	.uleb128 0x11
 586 03fd 5F62 6600 	.string"_bf"
 587 0401 07        	.byte0x7
 588 0402 BB        	.byte0xbb
 589 0403 0000 038C 	.long0x38c
 590 0407 10        	.byte0x10
 591 0408 08        	.uleb128 0x8
 592 0409 0000 0000 	.long.LASF70
 593 040d 07        	.byte0x7
 594 040e BC        	.byte0xbc
 595 040f 0000 00A1 	.long0xa1
 596 0413 18        	.byte0x18
 597 0414 08        	.uleb128 0x8
 598 0415 0000 0000 	.long.LASF71
 599 0419 07        	.byte0x7
 600 041a C3        	.byte0xc3
 601 041b 0000 0077 	.long0x77
 602 041f 1C        	.byte0x1c
 603 0420 08        	.uleb128 0x8
 604 0421 0000 0000 	.long.LASF72
 605 0425 07        	.byte0x7
 606 0426 C5        	.byte0xc5
 607 0427 0000 0618 	.long0x618
 608 042b 20        	.byte0x20
 609 042c 08        	.uleb128 0x8
 610 042d 0000 0000 	.long.LASF73
 611 0431 07        	.byte0x7
 612 0432 C7        	.byte0xc7
 613 0433 0000 063C 	.long0x63c
 614 0437 24        	.byte0x24
 615 0438 08        	.uleb128 0x8
 616 0439 0000 0000 	.long.LASF74
 617 043d 07        	.byte0x7
 618 043e CA        	.byte0xca
 619 043f 0000 0660 	.long0x660
 620 0443 28        	.byte0x28
 621 0444 08        	.uleb128 0x8
 622 0445 0000 0000 	.long.LASF75
 623 0449 07        	.byte0x7
 624 044a CB        	.byte0xcb
 625 044b 0000 067A 	.long0x67a
 626 044f 2C        	.byte0x2c
 627 0450 11        	.uleb128 0x11
68K GAS   			page 12


 628 0451 5F75 6200 	.string"_ub"
 629 0455 07        	.byte0x7
 630 0456 CE        	.byte0xce
 631 0457 0000 038C 	.long0x38c
 632 045b 30        	.byte0x30
 633 045c 11        	.uleb128 0x11
 634 045d 5F75 7000 	.string"_up"
 635 0461 07        	.byte0x7
 636 0462 CF        	.byte0xcf
 637 0463 0000 03B1 	.long0x3b1
 638 0467 38        	.byte0x38
 639 0468 11        	.uleb128 0x11
 640 0469 5F75 7200 	.string"_ur"
 641 046d 07        	.byte0x7
 642 046e D0        	.byte0xd0
 643 046f 0000 00A1 	.long0xa1
 644 0473 3C        	.byte0x3c
 645 0474 08        	.uleb128 0x8
 646 0475 0000 0000 	.long.LASF76
 647 0479 07        	.byte0x7
 648 047a D3        	.byte0xd3
 649 047b 0000 0680 	.long0x680
 650 047f 40        	.byte0x40
 651 0480 08        	.uleb128 0x8
 652 0481 0000 0000 	.long.LASF77
 653 0485 07        	.byte0x7
 654 0486 D4        	.byte0xd4
 655 0487 0000 0690 	.long0x690
 656 048b 43        	.byte0x43
 657 048c 11        	.uleb128 0x11
 658 048d 5F6C 6200 	.string"_lb"
 659 0491 07        	.byte0x7
 660 0492 D7        	.byte0xd7
 661 0493 0000 038C 	.long0x38c
 662 0497 44        	.byte0x44
 663 0498 08        	.uleb128 0x8
 664 0499 0000 0000 	.long.LASF78
 665 049d 07        	.byte0x7
 666 049e DA        	.byte0xda
 667 049f 0000 00A1 	.long0xa1
 668 04a3 4C        	.byte0x4c
 669 04a4 08        	.uleb128 0x8
 670 04a5 0000 0000 	.long.LASF79
 671 04a9 07        	.byte0x7
 672 04aa DB        	.byte0xdb
 673 04ab 0000 008B 	.long0x8b
 674 04af 50        	.byte0x50
 675 04b0 08        	.uleb128 0x8
 676 04b1 0000 0000 	.long.LASF80
 677 04b5 07        	.byte0x7
 678 04b6 DE        	.byte0xde
 679 04b7 0000 04FF 	.long0x4ff
 680 04bb 58        	.byte0x58
 681 04bc 08        	.uleb128 0x8
 682 04bd 0000 0000 	.long.LASF81
 683 04c1 07        	.byte0x7
 684 04c2 E2        	.byte0xe2
68K GAS   			page 13


 685 04c3 0000 01E9 	.long0x1e9
 686 04c7 5C        	.byte0x5c
 687 04c8 08        	.uleb128 0x8
 688 04c9 0000 0000 	.long.LASF82
 689 04cd 07        	.byte0x7
 690 04ce E4        	.byte0xe4
 691 04cf 0000 01DE 	.long0x1de
 692 04d3 74        	.byte0x74
 693 04d4 08        	.uleb128 0x8
 694 04d5 0000 0000 	.long.LASF83
 695 04d9 07        	.byte0x7
 696 04da E5        	.byte0xe5
 697 04db 0000 00A1 	.long0xa1
 698 04df 7C        	.byte0x7c
 699 04e0 00        	.byte0
 700 04e1 15        	.uleb128 0x15
 701 04e2 0000 0177 	.long0x177
 702 04e6 0000 04FF 	.long0x4ff
 703 04ea 16        	.uleb128 0x16
 704 04eb 0000 04FF 	.long0x4ff
 705 04ef 16        	.uleb128 0x16
 706 04f0 0000 0077 	.long0x77
 707 04f4 16        	.uleb128 0x16
 708 04f5 0000 0612 	.long0x612
 709 04f9 16        	.uleb128 0x16
 710 04fa 0000 00A1 	.long0xa1
 711 04fe 00        	.byte0
 712 04ff 0A        	.uleb128 0xa
 713 0500 04        	.byte0x4
 714 0501 0000 050A 	.long0x50a
 715 0505 04        	.uleb128 0x4
 716 0506 0000 04FF 	.long0x4ff
 717 050a 17        	.uleb128 0x17
 718 050b 0000 0000 	.long.LASF84
 719 050f 0158      	.word0x158
 720 0511 07        	.byte0x7
 721 0512 0239      	.word0x239
 722 0514 0000 0612 	.long0x612
 723 0518 18        	.uleb128 0x18
 724 0519 0000 0000 	.long.LASF85
 725 051d 07        	.byte0x7
 726 051e 023B      	.word0x23b
 727 0520 0000 00A1 	.long0xa1
 728 0524 00        	.byte0
 729 0525 18        	.uleb128 0x18
 730 0526 0000 0000 	.long.LASF86
 731 052a 07        	.byte0x7
 732 052b 0240      	.word0x240
 733 052d 0000 06E7 	.long0x6e7
 734 0531 04        	.byte0x4
 735 0532 18        	.uleb128 0x18
 736 0533 0000 0000 	.long.LASF87
 737 0537 07        	.byte0x7
 738 0538 0240      	.word0x240
 739 053a 0000 06E7 	.long0x6e7
 740 053e 08        	.byte0x8
 741 053f 18        	.uleb128 0x18
68K GAS   			page 14


 742 0540 0000 0000 	.long.LASF88
 743 0544 07        	.byte0x7
 744 0545 0240      	.word0x240
 745 0547 0000 06E7 	.long0x6e7
 746 054b 0C        	.byte0xc
 747 054c 18        	.uleb128 0x18
 748 054d 0000 0000 	.long.LASF89
 749 0551 07        	.byte0x7
 750 0552 0242      	.word0x242
 751 0554 0000 00A1 	.long0xa1
 752 0558 10        	.byte0x10
 753 0559 18        	.uleb128 0x18
 754 055a 0000 0000 	.long.LASF90
 755 055e 07        	.byte0x7
 756 055f 0243      	.word0x243
 757 0561 0000 08C9 	.long0x8c9
 758 0565 14        	.byte0x14
 759 0566 18        	.uleb128 0x18
 760 0567 0000 0000 	.long.LASF91
 761 056b 07        	.byte0x7
 762 056c 0246      	.word0x246
 763 056e 0000 00A1 	.long0xa1
 764 0572 30        	.byte0x30
 765 0573 18        	.uleb128 0x18
 766 0574 0000 0000 	.long.LASF92
 767 0578 07        	.byte0x7
 768 0579 0247      	.word0x247
 769 057b 0000 08DE 	.long0x8de
 770 057f 34        	.byte0x34
 771 0580 18        	.uleb128 0x18
 772 0581 0000 0000 	.long.LASF93
 773 0585 07        	.byte0x7
 774 0586 0249      	.word0x249
 775 0588 0000 00A1 	.long0xa1
 776 058c 38        	.byte0x38
 777 058d 18        	.uleb128 0x18
 778 058e 0000 0000 	.long.LASF94
 779 0592 07        	.byte0x7
 780 0593 024B      	.word0x24b
 781 0595 0000 08EF 	.long0x8ef
 782 0599 3C        	.byte0x3c
 783 059a 18        	.uleb128 0x18
 784 059b 0000 0000 	.long.LASF95
 785 059f 07        	.byte0x7
 786 05a0 024E      	.word0x24e
 787 05a2 0000 0252 	.long0x252
 788 05a6 40        	.byte0x40
 789 05a7 18        	.uleb128 0x18
 790 05a8 0000 0000 	.long.LASF96
 791 05ac 07        	.byte0x7
 792 05ad 024F      	.word0x24f
 793 05af 0000 00A1 	.long0xa1
 794 05b3 44        	.byte0x44
 795 05b4 18        	.uleb128 0x18
 796 05b5 0000 0000 	.long.LASF97
 797 05b9 07        	.byte0x7
 798 05ba 0250      	.word0x250
68K GAS   			page 15


 799 05bc 0000 0252 	.long0x252
 800 05c0 48        	.byte0x48
 801 05c1 18        	.uleb128 0x18
 802 05c2 0000 0000 	.long.LASF98
 803 05c6 07        	.byte0x7
 804 05c7 0251      	.word0x251
 805 05c9 0000 08F5 	.long0x8f5
 806 05cd 4C        	.byte0x4c
 807 05ce 18        	.uleb128 0x18
 808 05cf 0000 0000 	.long.LASF99
 809 05d3 07        	.byte0x7
 810 05d4 0254      	.word0x254
 811 05d6 0000 00A1 	.long0xa1
 812 05da 50        	.byte0x50
 813 05db 18        	.uleb128 0x18
 814 05dc 0000 0000 	.long.LASF100
 815 05e0 07        	.byte0x7
 816 05e1 0255      	.word0x255
 817 05e3 0000 0612 	.long0x612
 818 05e7 54        	.byte0x54
 819 05e8 18        	.uleb128 0x18
 820 05e9 0000 0000 	.long.LASF101
 821 05ed 07        	.byte0x7
 822 05ee 0278      	.word0x278
 823 05f0 0000 08A7 	.long0x8a7
 824 05f4 58        	.byte0x58
 825 05f5 19        	.uleb128 0x19
 826 05f6 0000 0000 	.long.LASF102
 827 05fa 07        	.byte0x7
 828 05fb 0281      	.word0x281
 829 05fd 0000 0906 	.long0x906
 830 0601 0148      	.word0x148
 831 0603 19        	.uleb128 0x19
 832 0604 0000 0000 	.long.LASF103
 833 0608 07        	.byte0x7
 834 0609 0286      	.word0x286
 835 060b 0000 06AC 	.long0x6ac
 836 060f 014C      	.word0x14c
 837 0611 00        	.byte0
 838 0612 0A        	.uleb128 0xa
 839 0613 04        	.byte0x4
 840 0614 0000 006B 	.long0x6b
 841 0618 0A        	.uleb128 0xa
 842 0619 04        	.byte0x4
 843 061a 0000 04E1 	.long0x4e1
 844 061e 15        	.uleb128 0x15
 845 061f 0000 0177 	.long0x177
 846 0623 0000 063C 	.long0x63c
 847 0627 16        	.uleb128 0x16
 848 0628 0000 04FF 	.long0x4ff
 849 062c 16        	.uleb128 0x16
 850 062d 0000 0077 	.long0x77
 851 0631 16        	.uleb128 0x16
 852 0632 0000 0127 	.long0x127
 853 0636 16        	.uleb128 0x16
 854 0637 0000 00A1 	.long0xa1
 855 063b 00        	.byte0
68K GAS   			page 16


 856 063c 0A        	.uleb128 0xa
 857 063d 04        	.byte0x4
 858 063e 0000 061E 	.long0x61e
 859 0642 15        	.uleb128 0x15
 860 0643 0000 0096 	.long0x96
 861 0647 0000 0660 	.long0x660
 862 064b 16        	.uleb128 0x16
 863 064c 0000 04FF 	.long0x4ff
 864 0650 16        	.uleb128 0x16
 865 0651 0000 0077 	.long0x77
 866 0655 16        	.uleb128 0x16
 867 0656 0000 0096 	.long0x96
 868 065a 16        	.uleb128 0x16
 869 065b 0000 00A1 	.long0xa1
 870 065f 00        	.byte0
 871 0660 0A        	.uleb128 0xa
 872 0661 04        	.byte0x4
 873 0662 0000 0642 	.long0x642
 874 0666 15        	.uleb128 0x15
 875 0667 0000 00A1 	.long0xa1
 876 066b 0000 067A 	.long0x67a
 877 066f 16        	.uleb128 0x16
 878 0670 0000 04FF 	.long0x4ff
 879 0674 16        	.uleb128 0x16
 880 0675 0000 0077 	.long0x77
 881 0679 00        	.byte0
 882 067a 0A        	.uleb128 0xa
 883 067b 04        	.byte0x4
 884 067c 0000 0666 	.long0x666
 885 0680 0E        	.uleb128 0xe
 886 0681 0000 001D 	.long0x1d
 887 0685 0000 0690 	.long0x690
 888 0689 0F        	.uleb128 0xf
 889 068a 0000 0052 	.long0x52
 890 068e 02        	.byte0x2
 891 068f 00        	.byte0
 892 0690 0E        	.uleb128 0xe
 893 0691 0000 001D 	.long0x1d
 894 0695 0000 06A0 	.long0x6a0
 895 0699 0F        	.uleb128 0xf
 896 069a 0000 0052 	.long0x52
 897 069e 00        	.byte0
 898 069f 00        	.byte0
 899 06a0 0B        	.uleb128 0xb
 900 06a1 0000 0000 	.long.LASF104
 901 06a5 07        	.byte0x7
 902 06a6 011F      	.word0x11f
 903 06a8 0000 03B7 	.long0x3b7
 904 06ac 1A        	.uleb128 0x1a
 905 06ad 0000 0000 	.long.LASF105
 906 06b1 0C        	.byte0xc
 907 06b2 07        	.byte0x7
 908 06b3 0123      	.word0x123
 909 06b5 0000 06E1 	.long0x6e1
 910 06b9 18        	.uleb128 0x18
 911 06ba 0000 0000 	.long.LASF42
 912 06be 07        	.byte0x7
68K GAS   			page 17


 913 06bf 0125      	.word0x125
 914 06c1 0000 06E1 	.long0x6e1
 915 06c5 00        	.byte0
 916 06c6 18        	.uleb128 0x18
 917 06c7 0000 0000 	.long.LASF106
 918 06cb 07        	.byte0x7
 919 06cc 0126      	.word0x126
 920 06ce 0000 00A1 	.long0xa1
 921 06d2 04        	.byte0x4
 922 06d3 18        	.uleb128 0x18
 923 06d4 0000 0000 	.long.LASF107
 924 06d8 07        	.byte0x7
 925 06d9 0127      	.word0x127
 926 06db 0000 06E7 	.long0x6e7
 927 06df 08        	.byte0x8
 928 06e0 00        	.byte0
 929 06e1 0A        	.uleb128 0xa
 930 06e2 04        	.byte0x4
 931 06e3 0000 06AC 	.long0x6ac
 932 06e7 0A        	.uleb128 0xa
 933 06e8 04        	.byte0x4
 934 06e9 0000 06A0 	.long0x6a0
 935 06ed 1A        	.uleb128 0x1a
 936 06ee 0000 0000 	.long.LASF108
 937 06f2 0E        	.byte0xe
 938 06f3 07        	.byte0x7
 939 06f4 013F      	.word0x13f
 940 06f6 0000 0722 	.long0x722
 941 06fa 18        	.uleb128 0x18
 942 06fb 0000 0000 	.long.LASF109
 943 06ff 07        	.byte0x7
 944 0700 0140      	.word0x140
 945 0702 0000 0722 	.long0x722
 946 0706 00        	.byte0
 947 0707 18        	.uleb128 0x18
 948 0708 0000 0000 	.long.LASF110
 949 070c 07        	.byte0x7
 950 070d 0141      	.word0x141
 951 070f 0000 0722 	.long0x722
 952 0713 06        	.byte0x6
 953 0714 18        	.uleb128 0x18
 954 0715 0000 0000 	.long.LASF111
 955 0719 07        	.byte0x7
 956 071a 0142      	.word0x142
 957 071c 0000 0040 	.long0x40
 958 0720 0C        	.byte0xc
 959 0721 00        	.byte0
 960 0722 0E        	.uleb128 0xe
 961 0723 0000 0040 	.long0x40
 962 0727 0000 0732 	.long0x732
 963 072b 0F        	.uleb128 0xf
 964 072c 0000 0052 	.long0x52
 965 0730 02        	.byte0x2
 966 0731 00        	.byte0
 967 0732 1B        	.uleb128 0x1b
 968 0733 CC        	.byte0xcc
 969 0734 07        	.byte0x7
68K GAS   			page 18


 970 0735 0259      	.word0x259
 971 0737 0000 0833 	.long0x833
 972 073b 18        	.uleb128 0x18
 973 073c 0000 0000 	.long.LASF112
 974 0740 07        	.byte0x7
 975 0741 025B      	.word0x25b
 976 0743 0000 00CD 	.long0xcd
 977 0747 00        	.byte0
 978 0748 18        	.uleb128 0x18
 979 0749 0000 0000 	.long.LASF113
 980 074d 07        	.byte0x7
 981 074e 025C      	.word0x25c
 982 0750 0000 0612 	.long0x612
 983 0754 04        	.byte0x4
 984 0755 18        	.uleb128 0x18
 985 0756 0000 0000 	.long.LASF114
 986 075a 07        	.byte0x7
 987 075b 025D      	.word0x25d
 988 075d 0000 0833 	.long0x833
 989 0761 08        	.byte0x8
 990 0762 18        	.uleb128 0x18
 991 0763 0000 0000 	.long.LASF115
 992 0767 07        	.byte0x7
 993 0768 025E      	.word0x25e
 994 076a 0000 0268 	.long0x268
 995 076e 24        	.byte0x24
 996 076f 18        	.uleb128 0x18
 997 0770 0000 0000 	.long.LASF116
 998 0774 07        	.byte0x7
 999 0775 025F      	.word0x25f
 1000 0777 0000 00A1 	.long0xa1
 1001 077b 48        	.byte0x48
 1002 077c 18        	.uleb128 0x18
 1003 077d 0000 0000 	.long.LASF117
 1004 0781 07        	.byte0x7
 1005 0782 0260      	.word0x260
 1006 0784 0000 0059 	.long0x59
 1007 0788 4C        	.byte0x4c
 1008 0789 18        	.uleb128 0x18
 1009 078a 0000 0000 	.long.LASF118
 1010 078e 07        	.byte0x7
 1011 078f 0261      	.word0x261
 1012 0791 0000 06ED 	.long0x6ed
 1013 0795 54        	.byte0x54
 1014 0796 18        	.uleb128 0x18
 1015 0797 0000 0000 	.long.LASF119
 1016 079b 07        	.byte0x7
 1017 079c 0262      	.word0x262
 1018 079e 0000 01DE 	.long0x1de
 1019 07a2 64        	.byte0x64
 1020 07a3 18        	.uleb128 0x18
 1021 07a4 0000 0000 	.long.LASF120
 1022 07a8 07        	.byte0x7
 1023 07a9 0263      	.word0x263
 1024 07ab 0000 01DE 	.long0x1de
 1025 07af 6C        	.byte0x6c
 1026 07b0 18        	.uleb128 0x18
68K GAS   			page 19


 1027 07b1 0000 0000 	.long.LASF121
 1028 07b5 07        	.byte0x7
 1029 07b6 0264      	.word0x264
 1030 07b8 0000 01DE 	.long0x1de
 1031 07bc 74        	.byte0x74
 1032 07bd 18        	.uleb128 0x18
 1033 07be 0000 0000 	.long.LASF122
 1034 07c2 07        	.byte0x7
 1035 07c3 0265      	.word0x265
 1036 07c5 0000 0843 	.long0x843
 1037 07c9 7C        	.byte0x7c
 1038 07ca 18        	.uleb128 0x18
 1039 07cb 0000 0000 	.long.LASF123
 1040 07cf 07        	.byte0x7
 1041 07d0 0266      	.word0x266
 1042 07d2 0000 0853 	.long0x853
 1043 07d6 84        	.byte0x84
 1044 07d7 18        	.uleb128 0x18
 1045 07d8 0000 0000 	.long.LASF124
 1046 07dc 07        	.byte0x7
 1047 07dd 0267      	.word0x267
 1048 07df 0000 00A1 	.long0xa1
 1049 07e3 9C        	.byte0x9c
 1050 07e4 18        	.uleb128 0x18
 1051 07e5 0000 0000 	.long.LASF125
 1052 07e9 07        	.byte0x7
 1053 07ea 0268      	.word0x268
 1054 07ec 0000 01DE 	.long0x1de
 1055 07f0 A0        	.byte0xa0
 1056 07f1 18        	.uleb128 0x18
 1057 07f2 0000 0000 	.long.LASF126
 1058 07f6 07        	.byte0x7
 1059 07f7 0269      	.word0x269
 1060 07f9 0000 01DE 	.long0x1de
 1061 07fd A8        	.byte0xa8
 1062 07fe 18        	.uleb128 0x18
 1063 07ff 0000 0000 	.long.LASF127
 1064 0803 07        	.byte0x7
 1065 0804 026A      	.word0x26a
 1066 0806 0000 01DE 	.long0x1de
 1067 080a B0        	.byte0xb0
 1068 080b 18        	.uleb128 0x18
 1069 080c 0000 0000 	.long.LASF128
 1070 0810 07        	.byte0x7
 1071 0811 026B      	.word0x26b
 1072 0813 0000 01DE 	.long0x1de
 1073 0817 B8        	.byte0xb8
 1074 0818 18        	.uleb128 0x18
 1075 0819 0000 0000 	.long.LASF129
 1076 081d 07        	.byte0x7
 1077 081e 026C      	.word0x26c
 1078 0820 0000 01DE 	.long0x1de
 1079 0824 C0        	.byte0xc0
 1080 0825 18        	.uleb128 0x18
 1081 0826 0000 0000 	.long.LASF130
 1082 082a 07        	.byte0x7
 1083 082b 026D      	.word0x26d
68K GAS   			page 20


 1084 082d 0000 00A1 	.long0xa1
 1085 0831 C8        	.byte0xc8
 1086 0832 00        	.byte0
 1087 0833 0E        	.uleb128 0xe
 1088 0834 0000 006B 	.long0x6b
 1089 0838 0000 0843 	.long0x843
 1090 083c 0F        	.uleb128 0xf
 1091 083d 0000 0052 	.long0x52
 1092 0841 19        	.byte0x19
 1093 0842 00        	.byte0
 1094 0843 0E        	.uleb128 0xe
 1095 0844 0000 006B 	.long0x6b
 1096 0848 0000 0853 	.long0x853
 1097 084c 0F        	.uleb128 0xf
 1098 084d 0000 0052 	.long0x52
 1099 0851 07        	.byte0x7
 1100 0852 00        	.byte0
 1101 0853 0E        	.uleb128 0xe
 1102 0854 0000 006B 	.long0x6b
 1103 0858 0000 0863 	.long0x863
 1104 085c 0F        	.uleb128 0xf
 1105 085d 0000 0052 	.long0x52
 1106 0861 17        	.byte0x17
 1107 0862 00        	.byte0
 1108 0863 1B        	.uleb128 0x1b
 1109 0864 F0        	.byte0xf0
 1110 0865 07        	.byte0x7
 1111 0866 0272      	.word0x272
 1112 0868 0000 0887 	.long0x887
 1113 086c 18        	.uleb128 0x18
 1114 086d 0000 0000 	.long.LASF131
 1115 0871 07        	.byte0x7
 1116 0872 0275      	.word0x275
 1117 0874 0000 0887 	.long0x887
 1118 0878 00        	.byte0
 1119 0879 18        	.uleb128 0x18
 1120 087a 0000 0000 	.long.LASF132
 1121 087e 07        	.byte0x7
 1122 087f 0276      	.word0x276
 1123 0881 0000 0897 	.long0x897
 1124 0885 78        	.byte0x78
 1125 0886 00        	.byte0
 1126 0887 0E        	.uleb128 0xe
 1127 0888 0000 03B1 	.long0x3b1
 1128 088c 0000 0897 	.long0x897
 1129 0890 0F        	.uleb128 0xf
 1130 0891 0000 0052 	.long0x52
 1131 0895 1D        	.byte0x1d
 1132 0896 00        	.byte0
 1133 0897 0E        	.uleb128 0xe
 1134 0898 0000 00CD 	.long0xcd
 1135 089c 0000 08A7 	.long0x8a7
 1136 08a0 0F        	.uleb128 0xf
 1137 08a1 0000 0052 	.long0x52
 1138 08a5 1D        	.byte0x1d
 1139 08a6 00        	.byte0
 1140 08a7 1C        	.uleb128 0x1c
68K GAS   			page 21


 1141 08a8 F0        	.byte0xf0
 1142 08a9 07        	.byte0x7
 1143 08aa 0257      	.word0x257
 1144 08ac 0000 08C9 	.long0x8c9
 1145 08b0 1D        	.uleb128 0x1d
 1146 08b1 0000 0000 	.long.LASF84
 1147 08b5 07        	.byte0x7
 1148 08b6 026E      	.word0x26e
 1149 08b8 0000 0732 	.long0x732
 1150 08bc 1D        	.uleb128 0x1d
 1151 08bd 0000 0000 	.long.LASF133
 1152 08c1 07        	.byte0x7
 1153 08c2 0277      	.word0x277
 1154 08c4 0000 0863 	.long0x863
 1155 08c8 00        	.byte0
 1156 08c9 0E        	.uleb128 0xe
 1157 08ca 0000 006B 	.long0x6b
 1158 08ce 0000 08D9 	.long0x8d9
 1159 08d2 0F        	.uleb128 0xf
 1160 08d3 0000 0052 	.long0x52
 1161 08d7 18        	.byte0x18
 1162 08d8 00        	.byte0
 1163 08d9 09        	.uleb128 0x9
 1164 08da 0000 0000 	.long.LASF134
 1165 08de 0A        	.uleb128 0xa
 1166 08df 04        	.byte0x4
 1167 08e0 0000 08D9 	.long0x8d9
 1168 08e4 1E        	.uleb128 0x1e
 1169 08e5 0000 08EF 	.long0x8ef
 1170 08e9 16        	.uleb128 0x16
 1171 08ea 0000 04FF 	.long0x4ff
 1172 08ee 00        	.byte0
 1173 08ef 0A        	.uleb128 0xa
 1174 08f0 04        	.byte0x4
 1175 08f1 0000 08E4 	.long0x8e4
 1176 08f5 0A        	.uleb128 0xa
 1177 08f6 04        	.byte0x4
 1178 08f7 0000 0252 	.long0x252
 1179 08fb 1E        	.uleb128 0x1e
 1180 08fc 0000 0906 	.long0x906
 1181 0900 16        	.uleb128 0x16
 1182 0901 0000 00A1 	.long0xa1
 1183 0905 00        	.byte0
 1184 0906 0A        	.uleb128 0xa
 1185 0907 04        	.byte0x4
 1186 0908 0000 090C 	.long0x90c
 1187 090c 0A        	.uleb128 0xa
 1188 090d 04        	.byte0x4
 1189 090e 0000 08FB 	.long0x8fb
 1190 0912 0E        	.uleb128 0xe
 1191 0913 0000 06A0 	.long0x6a0
 1192 0917 0000 0922 	.long0x922
 1193 091b 0F        	.uleb128 0xf
 1194 091c 0000 0052 	.long0x52
 1195 0920 02        	.byte0x2
 1196 0921 00        	.byte0
 1197 0922 1F        	.uleb128 0x1f
68K GAS   			page 22


 1198 0923 0000 0000 	.long.LASF135
 1199 0927 07        	.byte0x7
 1200 0928 028D      	.word0x28d
 1201 092a 0000 0912 	.long0x912
 1202 092e 1F        	.uleb128 0x1f
 1203 092f 0000 0000 	.long.LASF136
 1204 0933 07        	.byte0x7
 1205 0934 0307      	.word0x307
 1206 0936 0000 04FF 	.long0x4ff
 1207 093a 1F        	.uleb128 0x1f
 1208 093b 0000 0000 	.long.LASF137
 1209 093f 07        	.byte0x7
 1210 0940 0308      	.word0x308
 1211 0942 0000 0505 	.long0x505
 1212 0946 1F        	.uleb128 0x1f
 1213 0947 0000 0000 	.long.LASF138
 1214 094b 07        	.byte0x7
 1215 094c 031A      	.word0x31a
 1216 094e 0000 036F 	.long0x36f
 1217 0952 20        	.uleb128 0x20
 1218 0953 0000 0000 	.long.LASF139
 1219 0957 08        	.byte0x8
 1220 0958 63        	.byte0x63
 1221 0959 0000 0612 	.long0x612
 1222 095d 20        	.uleb128 0x20
 1223 095e 0000 0000 	.long.LASF140
 1224 0962 09        	.byte0x9
 1225 0963 9A        	.byte0x9a
 1226 0964 0000 0032 	.long0x32
 1227 0968 20        	.uleb128 0x20
 1228 0969 0000 0000 	.long.LASF141
 1229 096d 09        	.byte0x9
 1230 096e 9B        	.byte0x9b
 1231 096f 0000 00A1 	.long0xa1
 1232 0973 0E        	.uleb128 0xe
 1233 0974 0000 0612 	.long0x612
 1234 0978 0000 0983 	.long0x983
 1235 097c 0F        	.uleb128 0xf
 1236 097d 0000 0052 	.long0x52
 1237 0981 01        	.byte0x1
 1238 0982 00        	.byte0
 1239 0983 20        	.uleb128 0x20
 1240 0984 0000 0000 	.long.LASF142
 1241 0988 09        	.byte0x9
 1242 0989 9E        	.byte0x9e
 1243 098a 0000 0973 	.long0x973
 1244 098e 10        	.uleb128 0x10
 1245 098f 14        	.byte0x14
 1246 0990 0A        	.byte0xa
 1247 0991 A4        	.byte0xa4
 1248 0992 0000 09D3 	.long0x9d3
 1249 0996 08        	.uleb128 0x8
 1250 0997 0000 0000 	.long.LASF143
 1251 099b 0A        	.byte0xa
 1252 099c A6        	.byte0xa6
 1253 099d 0000 0047 	.long0x47
 1254 09a1 00        	.byte0
68K GAS   			page 23


 1255 09a2 08        	.uleb128 0x8
 1256 09a3 0000 0000 	.long.LASF144
 1257 09a7 0A        	.byte0xa
 1258 09a8 A7        	.byte0xa7
 1259 09a9 0000 0047 	.long0x47
 1260 09ad 04        	.byte0x4
 1261 09ae 08        	.uleb128 0x8
 1262 09af 0000 0000 	.long.LASF145
 1263 09b3 0A        	.byte0xa
 1264 09b4 A8        	.byte0xa8
 1265 09b5 0000 0060 	.long0x60
 1266 09b9 08        	.byte0x8
 1267 09ba 08        	.uleb128 0x8
 1268 09bb 0000 0000 	.long.LASF146
 1269 09bf 0A        	.byte0xa
 1270 09c0 A9        	.byte0xa9
 1271 09c1 0000 0047 	.long0x47
 1272 09c5 0C        	.byte0xc
 1273 09c6 08        	.uleb128 0x8
 1274 09c7 0000 0000 	.long.LASF147
 1275 09cb 0A        	.byte0xa
 1276 09cc AA        	.byte0xaa
 1277 09cd 0000 0047 	.long0x47
 1278 09d1 10        	.byte0x10
 1279 09d2 00        	.byte0
 1280 09d3 03        	.uleb128 0x3
 1281 09d4 0000 0000 	.long.LASF148
 1282 09d8 0A        	.byte0xa
 1283 09d9 AB        	.byte0xab
 1284 09da 0000 098E 	.long0x98e
 1285 09de 0E        	.uleb128 0xe
 1286 09df 0000 09D3 	.long0x9d3
 1287 09e3 0000 09EE 	.long0x9ee
 1288 09e7 0F        	.uleb128 0xf
 1289 09e8 0000 0052 	.long0x52
 1290 09ec 09        	.byte0x9
 1291 09ed 00        	.byte0
 1292 09ee 21        	.uleb128 0x21
 1293 09ef 0000 0000 	.long.LASF149
 1294 09f3 0B        	.byte0xb
 1295 09f4 1D        	.byte0x1d
 1296 09f5 0000 09DE 	.long0x9de
 1297 09f9 05        	.uleb128 0x5
 1298 09fa 03        	.byte0x3
 1299 09fb 0000 0000 	.longCFE_PSP_MemoryTable
 1300 09ff 00        	.byte0
 1301               	.section.debug_abbrev,"",@progbits
 1302               	.Ldebug_abbrev0:
 1303 0000 01        	.uleb128 0x1
 1304 0001 11        	.uleb128 0x11
 1305 0002 01        	.byte0x1
 1306 0003 25        	.uleb128 0x25
 1307 0004 0E        	.uleb128 0xe
 1308 0005 13        	.uleb128 0x13
 1309 0006 0B        	.uleb128 0xb
 1310 0007 03        	.uleb128 0x3
 1311 0008 0E        	.uleb128 0xe
68K GAS   			page 24


 1312 0009 1B        	.uleb128 0x1b
 1313 000a 0E        	.uleb128 0xe
 1314 000b 10        	.uleb128 0x10
 1315 000c 17        	.uleb128 0x17
 1316 000d 00        	.byte0
 1317 000e 00        	.byte0
 1318 000f 02        	.uleb128 0x2
 1319 0010 24        	.uleb128 0x24
 1320 0011 00        	.byte0
 1321 0012 0B        	.uleb128 0xb
 1322 0013 0B        	.uleb128 0xb
 1323 0014 3E        	.uleb128 0x3e
 1324 0015 0B        	.uleb128 0xb
 1325 0016 03        	.uleb128 0x3
 1326 0017 0E        	.uleb128 0xe
 1327 0018 00        	.byte0
 1328 0019 00        	.byte0
 1329 001a 03        	.uleb128 0x3
 1330 001b 16        	.uleb128 0x16
 1331 001c 00        	.byte0
 1332 001d 03        	.uleb128 0x3
 1333 001e 0E        	.uleb128 0xe
 1334 001f 3A        	.uleb128 0x3a
 1335 0020 0B        	.uleb128 0xb
 1336 0021 3B        	.uleb128 0x3b
 1337 0022 0B        	.uleb128 0xb
 1338 0023 49        	.uleb128 0x49
 1339 0024 13        	.uleb128 0x13
 1340 0025 00        	.byte0
 1341 0026 00        	.byte0
 1342 0027 04        	.uleb128 0x4
 1343 0028 26        	.uleb128 0x26
 1344 0029 00        	.byte0
 1345 002a 49        	.uleb128 0x49
 1346 002b 13        	.uleb128 0x13
 1347 002c 00        	.byte0
 1348 002d 00        	.byte0
 1349 002e 05        	.uleb128 0x5
 1350 002f 0F        	.uleb128 0xf
 1351 0030 00        	.byte0
 1352 0031 0B        	.uleb128 0xb
 1353 0032 0B        	.uleb128 0xb
 1354 0033 00        	.byte0
 1355 0034 00        	.byte0
 1356 0035 06        	.uleb128 0x6
 1357 0036 24        	.uleb128 0x24
 1358 0037 00        	.byte0
 1359 0038 0B        	.uleb128 0xb
 1360 0039 0B        	.uleb128 0xb
 1361 003a 3E        	.uleb128 0x3e
 1362 003b 0B        	.uleb128 0xb
 1363 003c 03        	.uleb128 0x3
 1364 003d 08        	.uleb128 0x8
 1365 003e 00        	.byte0
 1366 003f 00        	.byte0
 1367 0040 07        	.uleb128 0x7
 1368 0041 13        	.uleb128 0x13
68K GAS   			page 25


 1369 0042 01        	.byte0x1
 1370 0043 03        	.uleb128 0x3
 1371 0044 0E        	.uleb128 0xe
 1372 0045 0B        	.uleb128 0xb
 1373 0046 0B        	.uleb128 0xb
 1374 0047 3A        	.uleb128 0x3a
 1375 0048 0B        	.uleb128 0xb
 1376 0049 3B        	.uleb128 0x3b
 1377 004a 0B        	.uleb128 0xb
 1378 004b 01        	.uleb128 0x1
 1379 004c 13        	.uleb128 0x13
 1380 004d 00        	.byte0
 1381 004e 00        	.byte0
 1382 004f 08        	.uleb128 0x8
 1383 0050 0D        	.uleb128 0xd
 1384 0051 00        	.byte0
 1385 0052 03        	.uleb128 0x3
 1386 0053 0E        	.uleb128 0xe
 1387 0054 3A        	.uleb128 0x3a
 1388 0055 0B        	.uleb128 0xb
 1389 0056 3B        	.uleb128 0x3b
 1390 0057 0B        	.uleb128 0xb
 1391 0058 49        	.uleb128 0x49
 1392 0059 13        	.uleb128 0x13
 1393 005a 38        	.uleb128 0x38
 1394 005b 0B        	.uleb128 0xb
 1395 005c 00        	.byte0
 1396 005d 00        	.byte0
 1397 005e 09        	.uleb128 0x9
 1398 005f 13        	.uleb128 0x13
 1399 0060 00        	.byte0
 1400 0061 03        	.uleb128 0x3
 1401 0062 0E        	.uleb128 0xe
 1402 0063 3C        	.uleb128 0x3c
 1403 0064 19        	.uleb128 0x19
 1404 0065 00        	.byte0
 1405 0066 00        	.byte0
 1406 0067 0A        	.uleb128 0xa
 1407 0068 0F        	.uleb128 0xf
 1408 0069 00        	.byte0
 1409 006a 0B        	.uleb128 0xb
 1410 006b 0B        	.uleb128 0xb
 1411 006c 49        	.uleb128 0x49
 1412 006d 13        	.uleb128 0x13
 1413 006e 00        	.byte0
 1414 006f 00        	.byte0
 1415 0070 0B        	.uleb128 0xb
 1416 0071 16        	.uleb128 0x16
 1417 0072 00        	.byte0
 1418 0073 03        	.uleb128 0x3
 1419 0074 0E        	.uleb128 0xe
 1420 0075 3A        	.uleb128 0x3a
 1421 0076 0B        	.uleb128 0xb
 1422 0077 3B        	.uleb128 0x3b
 1423 0078 05        	.uleb128 0x5
 1424 0079 49        	.uleb128 0x49
 1425 007a 13        	.uleb128 0x13
68K GAS   			page 26


 1426 007b 00        	.byte0
 1427 007c 00        	.byte0
 1428 007d 0C        	.uleb128 0xc
 1429 007e 17        	.uleb128 0x17
 1430 007f 01        	.byte0x1
 1431 0080 0B        	.uleb128 0xb
 1432 0081 0B        	.uleb128 0xb
 1433 0082 3A        	.uleb128 0x3a
 1434 0083 0B        	.uleb128 0xb
 1435 0084 3B        	.uleb128 0x3b
 1436 0085 0B        	.uleb128 0xb
 1437 0086 01        	.uleb128 0x1
 1438 0087 13        	.uleb128 0x13
 1439 0088 00        	.byte0
 1440 0089 00        	.byte0
 1441 008a 0D        	.uleb128 0xd
 1442 008b 0D        	.uleb128 0xd
 1443 008c 00        	.byte0
 1444 008d 03        	.uleb128 0x3
 1445 008e 0E        	.uleb128 0xe
 1446 008f 3A        	.uleb128 0x3a
 1447 0090 0B        	.uleb128 0xb
 1448 0091 3B        	.uleb128 0x3b
 1449 0092 0B        	.uleb128 0xb
 1450 0093 49        	.uleb128 0x49
 1451 0094 13        	.uleb128 0x13
 1452 0095 00        	.byte0
 1453 0096 00        	.byte0
 1454 0097 0E        	.uleb128 0xe
 1455 0098 01        	.uleb128 0x1
 1456 0099 01        	.byte0x1
 1457 009a 49        	.uleb128 0x49
 1458 009b 13        	.uleb128 0x13
 1459 009c 01        	.uleb128 0x1
 1460 009d 13        	.uleb128 0x13
 1461 009e 00        	.byte0
 1462 009f 00        	.byte0
 1463 00a0 0F        	.uleb128 0xf
 1464 00a1 21        	.uleb128 0x21
 1465 00a2 00        	.byte0
 1466 00a3 49        	.uleb128 0x49
 1467 00a4 13        	.uleb128 0x13
 1468 00a5 2F        	.uleb128 0x2f
 1469 00a6 0B        	.uleb128 0xb
 1470 00a7 00        	.byte0
 1471 00a8 00        	.byte0
 1472 00a9 10        	.uleb128 0x10
 1473 00aa 13        	.uleb128 0x13
 1474 00ab 01        	.byte0x1
 1475 00ac 0B        	.uleb128 0xb
 1476 00ad 0B        	.uleb128 0xb
 1477 00ae 3A        	.uleb128 0x3a
 1478 00af 0B        	.uleb128 0xb
 1479 00b0 3B        	.uleb128 0x3b
 1480 00b1 0B        	.uleb128 0xb
 1481 00b2 01        	.uleb128 0x1
 1482 00b3 13        	.uleb128 0x13
68K GAS   			page 27


 1483 00b4 00        	.byte0
 1484 00b5 00        	.byte0
 1485 00b6 11        	.uleb128 0x11
 1486 00b7 0D        	.uleb128 0xd
 1487 00b8 00        	.byte0
 1488 00b9 03        	.uleb128 0x3
 1489 00ba 08        	.uleb128 0x8
 1490 00bb 3A        	.uleb128 0x3a
 1491 00bc 0B        	.uleb128 0xb
 1492 00bd 3B        	.uleb128 0x3b
 1493 00be 0B        	.uleb128 0xb
 1494 00bf 49        	.uleb128 0x49
 1495 00c0 13        	.uleb128 0x13
 1496 00c1 38        	.uleb128 0x38
 1497 00c2 0B        	.uleb128 0xb
 1498 00c3 00        	.byte0
 1499 00c4 00        	.byte0
 1500 00c5 12        	.uleb128 0x12
 1501 00c6 13        	.uleb128 0x13
 1502 00c7 01        	.byte0x1
 1503 00c8 03        	.uleb128 0x3
 1504 00c9 0E        	.uleb128 0xe
 1505 00ca 0B        	.uleb128 0xb
 1506 00cb 05        	.uleb128 0x5
 1507 00cc 3A        	.uleb128 0x3a
 1508 00cd 0B        	.uleb128 0xb
 1509 00ce 3B        	.uleb128 0x3b
 1510 00cf 0B        	.uleb128 0xb
 1511 00d0 01        	.uleb128 0x1
 1512 00d1 13        	.uleb128 0x13
 1513 00d2 00        	.byte0
 1514 00d3 00        	.byte0
 1515 00d4 13        	.uleb128 0x13
 1516 00d5 0D        	.uleb128 0xd
 1517 00d6 00        	.byte0
 1518 00d7 03        	.uleb128 0x3
 1519 00d8 0E        	.uleb128 0xe
 1520 00d9 3A        	.uleb128 0x3a
 1521 00da 0B        	.uleb128 0xb
 1522 00db 3B        	.uleb128 0x3b
 1523 00dc 0B        	.uleb128 0xb
 1524 00dd 49        	.uleb128 0x49
 1525 00de 13        	.uleb128 0x13
 1526 00df 38        	.uleb128 0x38
 1527 00e0 05        	.uleb128 0x5
 1528 00e1 00        	.byte0
 1529 00e2 00        	.byte0
 1530 00e3 14        	.uleb128 0x14
 1531 00e4 15        	.uleb128 0x15
 1532 00e5 00        	.byte0
 1533 00e6 27        	.uleb128 0x27
 1534 00e7 19        	.uleb128 0x19
 1535 00e8 00        	.byte0
 1536 00e9 00        	.byte0
 1537 00ea 15        	.uleb128 0x15
 1538 00eb 15        	.uleb128 0x15
 1539 00ec 01        	.byte0x1
68K GAS   			page 28


 1540 00ed 27        	.uleb128 0x27
 1541 00ee 19        	.uleb128 0x19
 1542 00ef 49        	.uleb128 0x49
 1543 00f0 13        	.uleb128 0x13
 1544 00f1 01        	.uleb128 0x1
 1545 00f2 13        	.uleb128 0x13
 1546 00f3 00        	.byte0
 1547 00f4 00        	.byte0
 1548 00f5 16        	.uleb128 0x16
 1549 00f6 05        	.uleb128 0x5
 1550 00f7 00        	.byte0
 1551 00f8 49        	.uleb128 0x49
 1552 00f9 13        	.uleb128 0x13
 1553 00fa 00        	.byte0
 1554 00fb 00        	.byte0
 1555 00fc 17        	.uleb128 0x17
 1556 00fd 13        	.uleb128 0x13
 1557 00fe 01        	.byte0x1
 1558 00ff 03        	.uleb128 0x3
 1559 0100 0E        	.uleb128 0xe
 1560 0101 0B        	.uleb128 0xb
 1561 0102 05        	.uleb128 0x5
 1562 0103 3A        	.uleb128 0x3a
 1563 0104 0B        	.uleb128 0xb
 1564 0105 3B        	.uleb128 0x3b
 1565 0106 05        	.uleb128 0x5
 1566 0107 01        	.uleb128 0x1
 1567 0108 13        	.uleb128 0x13
 1568 0109 00        	.byte0
 1569 010a 00        	.byte0
 1570 010b 18        	.uleb128 0x18
 1571 010c 0D        	.uleb128 0xd
 1572 010d 00        	.byte0
 1573 010e 03        	.uleb128 0x3
 1574 010f 0E        	.uleb128 0xe
 1575 0110 3A        	.uleb128 0x3a
 1576 0111 0B        	.uleb128 0xb
 1577 0112 3B        	.uleb128 0x3b
 1578 0113 05        	.uleb128 0x5
 1579 0114 49        	.uleb128 0x49
 1580 0115 13        	.uleb128 0x13
 1581 0116 38        	.uleb128 0x38
 1582 0117 0B        	.uleb128 0xb
 1583 0118 00        	.byte0
 1584 0119 00        	.byte0
 1585 011a 19        	.uleb128 0x19
 1586 011b 0D        	.uleb128 0xd
 1587 011c 00        	.byte0
 1588 011d 03        	.uleb128 0x3
 1589 011e 0E        	.uleb128 0xe
 1590 011f 3A        	.uleb128 0x3a
 1591 0120 0B        	.uleb128 0xb
 1592 0121 3B        	.uleb128 0x3b
 1593 0122 05        	.uleb128 0x5
 1594 0123 49        	.uleb128 0x49
 1595 0124 13        	.uleb128 0x13
 1596 0125 38        	.uleb128 0x38
68K GAS   			page 29


 1597 0126 05        	.uleb128 0x5
 1598 0127 00        	.byte0
 1599 0128 00        	.byte0
 1600 0129 1A        	.uleb128 0x1a
 1601 012a 13        	.uleb128 0x13
 1602 012b 01        	.byte0x1
 1603 012c 03        	.uleb128 0x3
 1604 012d 0E        	.uleb128 0xe
 1605 012e 0B        	.uleb128 0xb
 1606 012f 0B        	.uleb128 0xb
 1607 0130 3A        	.uleb128 0x3a
 1608 0131 0B        	.uleb128 0xb
 1609 0132 3B        	.uleb128 0x3b
 1610 0133 05        	.uleb128 0x5
 1611 0134 01        	.uleb128 0x1
 1612 0135 13        	.uleb128 0x13
 1613 0136 00        	.byte0
 1614 0137 00        	.byte0
 1615 0138 1B        	.uleb128 0x1b
 1616 0139 13        	.uleb128 0x13
 1617 013a 01        	.byte0x1
 1618 013b 0B        	.uleb128 0xb
 1619 013c 0B        	.uleb128 0xb
 1620 013d 3A        	.uleb128 0x3a
 1621 013e 0B        	.uleb128 0xb
 1622 013f 3B        	.uleb128 0x3b
 1623 0140 05        	.uleb128 0x5
 1624 0141 01        	.uleb128 0x1
 1625 0142 13        	.uleb128 0x13
 1626 0143 00        	.byte0
 1627 0144 00        	.byte0
 1628 0145 1C        	.uleb128 0x1c
 1629 0146 17        	.uleb128 0x17
 1630 0147 01        	.byte0x1
 1631 0148 0B        	.uleb128 0xb
 1632 0149 0B        	.uleb128 0xb
 1633 014a 3A        	.uleb128 0x3a
 1634 014b 0B        	.uleb128 0xb
 1635 014c 3B        	.uleb128 0x3b
 1636 014d 05        	.uleb128 0x5
 1637 014e 01        	.uleb128 0x1
 1638 014f 13        	.uleb128 0x13
 1639 0150 00        	.byte0
 1640 0151 00        	.byte0
 1641 0152 1D        	.uleb128 0x1d
 1642 0153 0D        	.uleb128 0xd
 1643 0154 00        	.byte0
 1644 0155 03        	.uleb128 0x3
 1645 0156 0E        	.uleb128 0xe
 1646 0157 3A        	.uleb128 0x3a
 1647 0158 0B        	.uleb128 0xb
 1648 0159 3B        	.uleb128 0x3b
 1649 015a 05        	.uleb128 0x5
 1650 015b 49        	.uleb128 0x49
 1651 015c 13        	.uleb128 0x13
 1652 015d 00        	.byte0
 1653 015e 00        	.byte0
68K GAS   			page 30


 1654 015f 1E        	.uleb128 0x1e
 1655 0160 15        	.uleb128 0x15
 1656 0161 01        	.byte0x1
 1657 0162 27        	.uleb128 0x27
 1658 0163 19        	.uleb128 0x19
 1659 0164 01        	.uleb128 0x1
 1660 0165 13        	.uleb128 0x13
 1661 0166 00        	.byte0
 1662 0167 00        	.byte0
 1663 0168 1F        	.uleb128 0x1f
 1664 0169 34        	.uleb128 0x34
 1665 016a 00        	.byte0
 1666 016b 03        	.uleb128 0x3
 1667 016c 0E        	.uleb128 0xe
 1668 016d 3A        	.uleb128 0x3a
 1669 016e 0B        	.uleb128 0xb
 1670 016f 3B        	.uleb128 0x3b
 1671 0170 05        	.uleb128 0x5
 1672 0171 49        	.uleb128 0x49
 1673 0172 13        	.uleb128 0x13
 1674 0173 3F        	.uleb128 0x3f
 1675 0174 19        	.uleb128 0x19
 1676 0175 3C        	.uleb128 0x3c
 1677 0176 19        	.uleb128 0x19
 1678 0177 00        	.byte0
 1679 0178 00        	.byte0
 1680 0179 20        	.uleb128 0x20
 1681 017a 34        	.uleb128 0x34
 1682 017b 00        	.byte0
 1683 017c 03        	.uleb128 0x3
 1684 017d 0E        	.uleb128 0xe
 1685 017e 3A        	.uleb128 0x3a
 1686 017f 0B        	.uleb128 0xb
 1687 0180 3B        	.uleb128 0x3b
 1688 0181 0B        	.uleb128 0xb
 1689 0182 49        	.uleb128 0x49
 1690 0183 13        	.uleb128 0x13
 1691 0184 3F        	.uleb128 0x3f
 1692 0185 19        	.uleb128 0x19
 1693 0186 3C        	.uleb128 0x3c
 1694 0187 19        	.uleb128 0x19
 1695 0188 00        	.byte0
 1696 0189 00        	.byte0
 1697 018a 21        	.uleb128 0x21
 1698 018b 34        	.uleb128 0x34
 1699 018c 00        	.byte0
 1700 018d 03        	.uleb128 0x3
 1701 018e 0E        	.uleb128 0xe
 1702 018f 3A        	.uleb128 0x3a
 1703 0190 0B        	.uleb128 0xb
 1704 0191 3B        	.uleb128 0x3b
 1705 0192 0B        	.uleb128 0xb
 1706 0193 49        	.uleb128 0x49
 1707 0194 13        	.uleb128 0x13
 1708 0195 3F        	.uleb128 0x3f
 1709 0196 19        	.uleb128 0x19
 1710 0197 02        	.uleb128 0x2
68K GAS   			page 31


 1711 0198 18        	.uleb128 0x18
 1712 0199 00        	.byte0
 1713 019a 00        	.byte0
 1714 019b 00        	.byte0
 1715               	.section.debug_aranges,"",@progbits
 1716 0000 0000 0014 	.long0x14
 1717 0004 0002      	.word0x2
 1718 0006 0000 0000 	.long.Ldebug_info0
 1719 000a 04        	.byte0x4
 1720 000b 00        	.byte0
 1721 000c 0000      	.word0
 1722 000e 0000      	.word0
 1723 0010 0000 0000 	.long0
 1724 0014 0000 0000 	.long0
 1725               	.section.debug_line,"",@progbits
 1726               	.Ldebug_line0:
 1727 0000 0000 023E 	.section.debug_str,"MS",@progbits,1
 1727      0002 0000 
 1727      0238 0201 
 1727      FB0E 0D00 
 1727      0101 0101 
 1728               	.LASF145:
 1729 0000 5374 6172 	.string"StartAddr"
 1729      7441 6464 
 1729      7200 
 1730               	.LASF23:
 1731 000a 5F6E 616D 	.string"_name"
 1731      6500 
 1732               	.LASF56:
 1733 0010 5F6F 6E5F 	.string"_on_exit_args"
 1733      6578 6974 
 1733      5F61 7267 
 1733      7300 
 1734               	.LASF9:
 1735 001e 6370 7561 	.string"cpuaddr"
 1735      6464 7200 
 1736               	.LASF141:
 1737 0026 5F64 6179 	.string"_daylight"
 1737      6C69 6768 
 1737      7400 
 1738               	.LASF121:
 1739 0030 5F77 6374 	.string"_wctomb_state"
 1739      6F6D 625F 
 1739      7374 6174 
 1739      6500 
 1740               	.LASF118:
 1741 003e 5F72 3438 	.string"_r48"
 1741      00
 1742               	.LASF123:
 1743 0043 5F73 6967 	.string"_signal_buf"
 1743      6E61 6C5F 
 1743      6275 6600 
 1744               	.LASF17:
 1745 004f 756E 7369 	.string"unsigned int"
 1745      676E 6564 
 1745      2069 6E74 
 1745      00
68K GAS   			page 32


 1746               	.LASF70:
 1747 005c 5F6C 6266 	.string"_lbfsize"
 1747      7369 7A65 
 1747      00
 1748               	.LASF68:
 1749 0065 5F66 6C61 	.string"_flags"
 1749      6773 00
 1750               	.LASF27:
 1751 006c 5F51 7565 	.string"_Queue"
 1751      7565 00
 1752               	.LASF85:
 1753 0073 5F65 7272 	.string"_errno"
 1753      6E6F 00
 1754               	.LASF148:
 1755 007a 4346 455F 	.string"CFE_PSP_MemTable_t"
 1755      5053 505F 
 1755      4D65 6D54 
 1755      6162 6C65 
 1755      5F74 00
 1756               	.LASF31:
 1757 008d 5F4C 4F43 	.string"_LOCK_RECURSIVE_T"
 1757      4B5F 5245 
 1757      4355 5253 
 1757      4956 455F 
 1757      5400 
 1758               	.LASF72:
 1759 009f 5F72 6561 	.string"_read"
 1759      6400 
 1760               	.LASF125:
 1761 00a5 5F6D 6272 	.string"_mbrlen_state"
 1761      6C65 6E5F 
 1761      7374 6174 
 1761      6500 
 1762               	.LASF150:
 1763 00b3 474E 5520 	.string"GNU C11 7.3.0 20180125 (RTEMS 5, RSB d2b25d131d55adcb38219f2cd8cbec2436ee78ab, Newlib 3.0.0) -malign-int -mcpu=528x -g -O0 -fomit-frame-pointer"
 1763      4331 3120 
 1763      372E 332E 
 1763      3020 3230 
 1763      3138 3031 
 1764               	.LASF87:
 1765 0143 5F73 7464 	.string"_stdout"
 1765      6F75 7400 
 1766               	.LASF77:
 1767 014b 5F6E 6275 	.string"_nbuf"
 1767      6600 
 1768               	.LASF21:
 1769 0151 5F68 6561 	.string"_heads"
 1769      6473 00
 1770               	.LASF14:
 1771 0158 5F66 706F 	.string"_fpos_t"
 1771      735F 7400 
 1772               	.LASF63:
 1773 0160 5F66 6E73 	.string"_fns"
 1773      00
 1774               	.LASF71:
 1775 0165 5F63 6F6F 	.string"_cookie"
 1775      6B69 6500 
68K GAS   			page 33


 1776               	.LASF41:
 1777 016d 5F42 6967 	.string"_Bigint"
 1777      696E 7400 
 1778               	.LASF53:
 1779 0175 5F5F 746D 	.string"__tm_wday"
 1779      5F77 6461 
 1779      7900 
 1780               	.LASF95:
 1781 017f 5F72 6573 	.string"_result"
 1781      756C 7400 
 1782               	.LASF49:
 1783 0187 5F5F 746D 	.string"__tm_hour"
 1783      5F68 6F75 
 1783      7200 
 1784               	.LASF146:
 1785 0191 5369 7A65 	.string"Size"
 1785      00
 1786               	.LASF151:
 1787 0196 2F68 6F6D 	.string"/home/simulink/cFS_FreeRTOS_seL4/psp/fsw/mcf5235-rtems/src/cfe_psp_memtab.c"
 1787      652F 7369 
 1787      6D75 6C69 
 1787      6E6B 2F63 
 1787      4653 5F46 
 1788               	.LASF36:
 1789 01e2 5F5F 636F 	.string"__count"
 1789      756E 7400 
 1790               	.LASF48:
 1791 01ea 5F5F 746D 	.string"__tm_min"
 1791      5F6D 696E 
 1791      00
 1792               	.LASF136:
 1793 01f3 5F69 6D70 	.string"_impure_ptr"
 1793      7572 655F 
 1793      7074 7200 
 1794               	.LASF131:
 1795 01ff 5F6E 6578 	.string"_nextf"
 1795      7466 00
 1796               	.LASF108:
 1797 0206 5F72 616E 	.string"_rand48"
 1797      6434 3800 
 1798               	.LASF28:
 1799 020e 5F4D 7574 	.string"_Mutex_recursive_Control"
 1799      6578 5F72 
 1799      6563 7572 
 1799      7369 7665 
 1799      5F43 6F6E 
 1800               	.LASF96:
 1801 0227 5F72 6573 	.string"_result_k"
 1801      756C 745F 
 1801      6B00 
 1802               	.LASF7:
 1803 0231 6C6F 6E67 	.string"long long unsigned int"
 1803      206C 6F6E 
 1803      6720 756E 
 1803      7369 676E 
 1803      6564 2069 
 1804               	.LASF114:
68K GAS   			page 34


 1805 0248 5F61 7363 	.string"_asctime_buf"
 1805      7469 6D65 
 1805      5F62 7566 
 1805      00
 1806               	.LASF67:
 1807 0255 5F5F 7346 	.string"__sFILE"
 1807      494C 4500 
 1808               	.LASF45:
 1809 025d 5F77 6473 	.string"_wds"
 1809      00
 1810               	.LASF104:
 1811 0262 5F5F 4649 	.string"__FILE"
 1811      4C45 00
 1812               	.LASF79:
 1813 0269 5F6F 6666 	.string"_offset"
 1813      7365 7400 
 1814               	.LASF90:
 1815 0271 5F65 6D65 	.string"_emergency"
 1815      7267 656E 
 1815      6379 00
 1816               	.LASF26:
 1817 027c 5F4D 7574 	.string"_Mutex_Control"
 1817      6578 5F43 
 1817      6F6E 7472 
 1817      6F6C 00
 1818               	.LASF20:
 1819 028b 5F4C 6F63 	.string"_Lock"
 1819      6B00 
 1820               	.LASF22:
 1821 0291 5F6F 776E 	.string"_owner"
 1821      6572 00
 1822               	.LASF47:
 1823 0298 5F5F 746D 	.string"__tm_sec"
 1823      5F73 6563 
 1823      00
 1824               	.LASF139:
 1825 02a1 7375 626F 	.string"suboptarg"
 1825      7074 6172 
 1825      6700 
 1826               	.LASF54:
 1827 02ab 5F5F 746D 	.string"__tm_yday"
 1827      5F79 6461 
 1827      7900 
 1828               	.LASF89:
 1829 02b5 5F69 6E63 	.string"_inc"
 1829      00
 1830               	.LASF62:
 1831 02ba 5F69 6E64 	.string"_ind"
 1831      00
 1832               	.LASF42:
 1833 02bf 5F6E 6578 	.string"_next"
 1833      7400 
 1834               	.LASF127:
 1835 02c5 5F6D 6273 	.string"_mbsrtowcs_state"
 1835      7274 6F77 
 1835      6373 5F73 
 1835      7461 7465 
68K GAS   			page 35


 1835      00
 1836               	.LASF147:
 1837 02d6 4174 7472 	.string"Attributes"
 1837      6962 7574 
 1837      6573 00
 1838               	.LASF142:
 1839 02e1 5F74 7A6E 	.string"_tzname"
 1839      616D 6500 
 1840               	.LASF37:
 1841 02e9 5F5F 7661 	.string"__value"
 1841      6C75 6500 
 1842               	.LASF97:
 1843 02f1 5F70 3573 	.string"_p5s"
 1843      00
 1844               	.LASF129:
 1845 02f6 5F77 6373 	.string"_wcsrtombs_state"
 1845      7274 6F6D 
 1845      6273 5F73 
 1845      7461 7465 
 1845      00
 1846               	.LASF119:
 1847 0307 5F6D 626C 	.string"_mblen_state"
 1847      656E 5F73 
 1847      7461 7465 
 1847      00
 1848               	.LASF29:
 1849 0314 5F4D 7574 	.string"_Mutex"
 1849      6578 00
 1850               	.LASF10:
 1851 031b 6368 6172 	.string"char"
 1851      00
 1852               	.LASF50:
 1853 0320 5F5F 746D 	.string"__tm_mday"
 1853      5F6D 6461 
 1853      7900 
 1854               	.LASF102:
 1855 032a 5F73 6967 	.string"_sig_func"
 1855      5F66 756E 
 1855      6300 
 1856               	.LASF126:
 1857 0334 5F6D 6272 	.string"_mbrtowc_state"
 1857      746F 7763 
 1857      5F73 7461 
 1857      7465 00
 1858               	.LASF39:
 1859 0343 5F66 6C6F 	.string"_flock_t"
 1859      636B 5F74 
 1859      00
 1860               	.LASF34:
 1861 034c 5F5F 7763 	.string"__wch"
 1861      6800 
 1862               	.LASF107:
 1863 0352 5F69 6F62 	.string"_iobs"
 1863      7300 
 1864               	.LASF75:
 1865 0358 5F63 6C6F 	.string"_close"
 1865      7365 00
68K GAS   			page 36


 1866               	.LASF93:
 1867 035f 5F5F 7364 	.string"__sdidinit"
 1867      6964 696E 
 1867      6974 00
 1868               	.LASF140:
 1869 036a 5F74 696D 	.string"_timezone"
 1869      657A 6F6E 
 1869      6500 
 1870               	.LASF86:
 1871 0374 5F73 7464 	.string"_stdin"
 1871      696E 00
 1872               	.LASF116:
 1873 037b 5F67 616D 	.string"_gamma_signgam"
 1873      6D61 5F73 
 1873      6967 6E67 
 1873      616D 00
 1874               	.LASF4:
 1875 038a 6C6F 6E67 	.string"long long int"
 1875      206C 6F6E 
 1875      6720 696E 
 1875      7400 
 1876               	.LASF18:
 1877 0398 5F54 6963 	.string"_Ticket_lock_Control"
 1877      6B65 745F 
 1877      6C6F 636B 
 1877      5F43 6F6E 
 1877      7472 6F6C 
 1878               	.LASF65:
 1879 03ad 5F62 6173 	.string"_base"
 1879      6500 
 1880               	.LASF98:
 1881 03b3 5F66 7265 	.string"_freelist"
 1881      656C 6973 
 1881      7400 
 1882               	.LASF110:
 1883 03bd 5F6D 756C 	.string"_mult"
 1883      7400 
 1884               	.LASF40:
 1885 03c3 5F5F 554C 	.string"__ULong"
 1885      6F6E 6700 
 1886               	.LASF128:
 1887 03cb 5F77 6372 	.string"_wcrtomb_state"
 1887      746F 6D62 
 1887      5F73 7461 
 1887      7465 00
 1888               	.LASF69:
 1889 03da 5F66 696C 	.string"_file"
 1889      6500 
 1890               	.LASF30:
 1891 03e0 5F6E 6573 	.string"_nest_level"
 1891      745F 6C65 
 1891      7665 6C00 
 1892               	.LASF152:
 1893 03ec 2F68 6F6D 	.string"/home/simulink/cFS_FreeRTOS_seL4/build/cpu1/cfe/psp"
 1893      652F 7369 
 1893      6D75 6C69 
 1893      6E6B 2F63 
68K GAS   			page 37


 1893      4653 5F46 
 1894               	.LASF94:
 1895 0420 5F5F 636C 	.string"__cleanup"
 1895      6561 6E75 
 1895      7000 
 1896               	.LASF38:
 1897 042a 5F6D 6273 	.string"_mbstate_t"
 1897      7461 7465 
 1897      5F74 00
 1898               	.LASF57:
 1899 0435 5F66 6E61 	.string"_fnargs"
 1899      7267 7300 
 1900               	.LASF8:
 1901 043d 7569 6E74 	.string"uint32"
 1901      3332 00
 1902               	.LASF55:
 1903 0444 5F5F 746D 	.string"__tm_isdst"
 1903      5F69 7364 
 1903      7374 00
 1904               	.LASF138:
 1905 044f 5F67 6C6F 	.string"_global_atexit"
 1905      6261 6C5F 
 1905      6174 6578 
 1905      6974 00
 1906               	.LASF130:
 1907 045e 5F68 5F65 	.string"_h_errno"
 1907      7272 6E6F 
 1907      00
 1908               	.LASF51:
 1909 0467 5F5F 746D 	.string"__tm_mon"
 1909      5F6D 6F6E 
 1909      00
 1910               	.LASF11:
 1911 0470 5F5F 696E 	.string"__int64_t"
 1911      7436 345F 
 1911      7400 
 1912               	.LASF12:
 1913 047a 6C6F 6E67 	.string"long double"
 1913      2064 6F75 
 1913      626C 6500 
 1914               	.LASF25:
 1915 0486 5F54 6872 	.string"_Thread_Control"
 1915      6561 645F 
 1915      436F 6E74 
 1915      726F 6C00 
 1916               	.LASF73:
 1917 0496 5F77 7269 	.string"_write"
 1917      7465 00
 1918               	.LASF61:
 1919 049d 5F61 7465 	.string"_atexit"
 1919      7869 7400 
 1920               	.LASF82:
 1921 04a5 5F6D 6273 	.string"_mbstate"
 1921      7461 7465 
 1921      00
 1922               	.LASF2:
 1923 04ae 7368 6F72 	.string"short int"
68K GAS   			page 38


 1923      7420 696E 
 1923      7400 
 1924               	.LASF3:
 1925 04b8 6C6F 6E67 	.string"long int"
 1925      2069 6E74 
 1925      00
 1926               	.LASF135:
 1927 04c1 5F5F 7366 	.string"__sf"
 1927      00
 1928               	.LASF44:
 1929 04c6 5F73 6967 	.string"_sign"
 1929      6E00 
 1930               	.LASF144:
 1931 04cc 576F 7264 	.string"WordSize"
 1931      5369 7A65 
 1931      00
 1932               	.LASF80:
 1933 04d5 5F64 6174 	.string"_data"
 1933      6100 
 1934               	.LASF35:
 1935 04db 5F5F 7763 	.string"__wchb"
 1935      6862 00
 1936               	.LASF137:
 1937 04e2 5F67 6C6F 	.string"_global_impure_ptr"
 1937      6261 6C5F 
 1937      696D 7075 
 1937      7265 5F70 
 1937      7472 00
 1938               	.LASF52:
 1939 04f5 5F5F 746D 	.string"__tm_year"
 1939      5F79 6561 
 1939      7200 
 1940               	.LASF115:
 1941 04ff 5F6C 6F63 	.string"_localtime_buf"
 1941      616C 7469 
 1941      6D65 5F62 
 1941      7566 00
 1942               	.LASF133:
 1943 050e 5F75 6E75 	.string"_unused"
 1943      7365 6400 
 1944               	.LASF24:
 1945 0516 5F54 6872 	.string"_Thread_queue_Heads"
 1945      6561 645F 
 1945      7175 6575 
 1945      655F 4865 
 1945      6164 7300 
 1946               	.LASF101:
 1947 052a 5F6E 6577 	.string"_new"
 1947      00
 1948               	.LASF143:
 1949 052f 4D65 6D6F 	.string"MemoryType"
 1949      7279 5479 
 1949      7065 00
 1950               	.LASF99:
 1951 053a 5F63 7674 	.string"_cvtlen"
 1951      6C65 6E00 
 1952               	.LASF43:
68K GAS   			page 39


 1953 0542 5F6D 6178 	.string"_maxwds"
 1953      7764 7300 
 1954               	.LASF122:
 1955 054a 5F6C 3634 	.string"_l64a_buf"
 1955      615F 6275 
 1955      6600 
 1956               	.LASF78:
 1957 0554 5F62 6C6B 	.string"_blksize"
 1957      7369 7A65 
 1957      00
 1958               	.LASF46:
 1959 055d 5F5F 746D 	.string"__tm"
 1959      00
 1960               	.LASF81:
 1961 0562 5F6C 6F63 	.string"_lock"
 1961      6B00 
 1962               	.LASF6:
 1963 0568 6C6F 6E67 	.string"long unsigned int"
 1963      2075 6E73 
 1963      6967 6E65 
 1963      6420 696E 
 1963      7400 
 1964               	.LASF106:
 1965 057a 5F6E 696F 	.string"_niobs"
 1965      6273 00
 1966               	.LASF33:
 1967 0581 7769 6E74 	.string"wint_t"
 1967      5F74 00
 1968               	.LASF58:
 1969 0588 5F64 736F 	.string"_dso_handle"
 1969      5F68 616E 
 1969      646C 6500 
 1970               	.LASF19:
 1971 0594 5F54 6872 	.string"_Thread_queue_Queue"
 1971      6561 645F 
 1971      7175 6575 
 1971      655F 5175 
 1971      6575 6500 
 1972               	.LASF100:
 1973 05a8 5F63 7674 	.string"_cvtbuf"
 1973      6275 6600 
 1974               	.LASF0:
 1975 05b0 756E 7369 	.string"unsigned char"
 1975      676E 6564 
 1975      2063 6861 
 1975      7200 
 1976               	.LASF124:
 1977 05be 5F67 6574 	.string"_getdate_err"
 1977      6461 7465 
 1977      5F65 7272 
 1977      00
 1978               	.LASF111:
 1979 05cb 5F61 6464 	.string"_add"
 1979      00
 1980               	.LASF64:
 1981 05d0 5F5F 7362 	.string"__sbuf"
 1981      7566 00
68K GAS   			page 40


 1982               	.LASF105:
 1983 05d7 5F67 6C75 	.string"_glue"
 1983      6500 
 1984               	.LASF103:
 1985 05dd 5F5F 7367 	.string"__sglue"
 1985      6C75 6500 
 1986               	.LASF113:
 1987 05e5 5F73 7472 	.string"_strtok_last"
 1987      746F 6B5F 
 1987      6C61 7374 
 1987      00
 1988               	.LASF120:
 1989 05f2 5F6D 6274 	.string"_mbtowc_state"
 1989      6F77 635F 
 1989      7374 6174 
 1989      6500 
 1990               	.LASF15:
 1991 0600 5F6E 6578 	.string"_next_ticket"
 1991      745F 7469 
 1991      636B 6574 
 1991      00
 1992               	.LASF92:
 1993 060d 5F6C 6F63 	.string"_locale"
 1993      616C 6500 
 1994               	.LASF32:
 1995 0615 5F73 7369 	.string"_ssize_t"
 1995      7A65 5F74 
 1995      00
 1996               	.LASF1:
 1997 061e 7369 676E 	.string"signed char"
 1997      6564 2063 
 1997      6861 7200 
 1998               	.LASF84:
 1999 062a 5F72 6565 	.string"_reent"
 1999      6E74 00
 2000               	.LASF5:
 2001 0631 7368 6F72 	.string"short unsigned int"
 2001      7420 756E 
 2001      7369 676E 
 2001      6564 2069 
 2001      6E74 00
 2002               	.LASF59:
 2003 0644 5F66 6E74 	.string"_fntypes"
 2003      7970 6573 
 2003      00
 2004               	.LASF66:
 2005 064d 5F73 697A 	.string"_size"
 2005      6500 
 2006               	.LASF13:
 2007 0653 5F6F 6666 	.string"_off_t"
 2007      5F74 00
 2008               	.LASF16:
 2009 065a 5F6E 6F77 	.string"_now_serving"
 2009      5F73 6572 
 2009      7669 6E67 
 2009      00
 2010               	.LASF112:
68K GAS   			page 41


 2011 0667 5F75 6E75 	.string"_unused_rand"
 2011      7365 645F 
 2011      7261 6E64 
 2011      00
 2012               	.LASF91:
 2013 0674 5F75 6E73 	.string"_unspecified_locale_info"
 2013      7065 6369 
 2013      6669 6564 
 2013      5F6C 6F63 
 2013      616C 655F 
 2014               	.LASF83:
 2015 068d 5F66 6C61 	.string"_flags2"
 2015      6773 3200 
 2016               	.LASF60:
 2017 0695 5F69 735F 	.string"_is_cxa"
 2017      6378 6100 
 2018               	.LASF109:
 2019 069d 5F73 6565 	.string"_seed"
 2019      6400 
 2020               	.LASF117:
 2021 06a3 5F72 616E 	.string"_rand_next"
 2021      645F 6E65 
 2021      7874 00
 2022               	.LASF134:
 2023 06ae 5F5F 6C6F 	.string"__locale_t"
 2023      6361 6C65 
 2023      5F74 00
 2024               	.LASF74:
 2025 06b9 5F73 6565 	.string"_seek"
 2025      6B00 
 2026               	.LASF149:
 2027 06bf 4346 455F 	.string"CFE_PSP_MemoryTable"
 2027      5053 505F 
 2027      4D65 6D6F 
 2027      7279 5461 
 2027      626C 6500 
 2028               	.LASF88:
 2029 06d3 5F73 7464 	.string"_stderr"
 2029      6572 7200 
 2030               	.LASF132:
 2031 06db 5F6E 6D61 	.string"_nmalloc"
 2031      6C6C 6F63 
 2031      00
 2032               	.LASF76:
 2033 06e4 5F75 6275 	.string"_ubuf"
 2033      6600 
 2034               	.ident"GCC: (GNU) 7.3.0 20180125 (RTEMS 5, RSB d2b25d131d55adcb38219f2cd8cbec2436ee78ab, Newlib 3.0.0)"
68K GAS   			page 42


DEFINED SYMBOLS
                            *ABS*:0000000000000000 cfe_psp_memtab.c
    {standard input}:11     .data:0000000000000000 CFE_PSP_MemoryTable

NO UNDEFINED SYMBOLS
