68K GAS   			page 1


   1               	
   2               	.file"osnetwork.c"
   3               	.text
   4               	.Ltext0:
   5               	.cfi_sections.debug_frame
   6               	.align2
   7               	.globlOS_NetworkGetID
   8               	.typeOS_NetworkGetID, @function
   9               	OS_NetworkGetID:
  10               	.LFB58:
  11               	.file 1 "/home/simulink/cFS_FreeRTOS_seL4/osal/src/os/rtems/osnetwork.c"
   1:/home/simulink/cFS_FreeRTOS_seL4/osal/src/os/rtems/osnetwork.c **** /*
   2:/home/simulink/cFS_FreeRTOS_seL4/osal/src/os/rtems/osnetwork.c **** ** File   : osnetwork.c
   3:/home/simulink/cFS_FreeRTOS_seL4/osal/src/os/rtems/osnetwork.c **** ** 
   4:/home/simulink/cFS_FreeRTOS_seL4/osal/src/os/rtems/osnetwork.c **** **      Copyright (c) 2004-2006, United States government as represented by the 
   5:/home/simulink/cFS_FreeRTOS_seL4/osal/src/os/rtems/osnetwork.c **** **      administrator of the National Aeronautics Space Administration.  
   6:/home/simulink/cFS_FreeRTOS_seL4/osal/src/os/rtems/osnetwork.c **** **      All rights reserved. This software was created at NASAs Goddard 
   7:/home/simulink/cFS_FreeRTOS_seL4/osal/src/os/rtems/osnetwork.c **** **      Space Flight Center pursuant to government contracts.
   8:/home/simulink/cFS_FreeRTOS_seL4/osal/src/os/rtems/osnetwork.c **** **
   9:/home/simulink/cFS_FreeRTOS_seL4/osal/src/os/rtems/osnetwork.c **** **      This is governed by the NASA Open Source Agreement and may be used, 
  10:/home/simulink/cFS_FreeRTOS_seL4/osal/src/os/rtems/osnetwork.c **** **      distributed and modified only pursuant to the terms of that agreement.
  11:/home/simulink/cFS_FreeRTOS_seL4/osal/src/os/rtems/osnetwork.c **** **
  12:/home/simulink/cFS_FreeRTOS_seL4/osal/src/os/rtems/osnetwork.c **** ** Author : Nicholas Yanchik
  13:/home/simulink/cFS_FreeRTOS_seL4/osal/src/os/rtems/osnetwork.c **** **
  14:/home/simulink/cFS_FreeRTOS_seL4/osal/src/os/rtems/osnetwork.c **** ** Purpose: This file contains the network functionality for the osapi.
  15:/home/simulink/cFS_FreeRTOS_seL4/osal/src/os/rtems/osnetwork.c **** */
  16:/home/simulink/cFS_FreeRTOS_seL4/osal/src/os/rtems/osnetwork.c **** 
  17:/home/simulink/cFS_FreeRTOS_seL4/osal/src/os/rtems/osnetwork.c **** /****************************************************************************************
  18:/home/simulink/cFS_FreeRTOS_seL4/osal/src/os/rtems/osnetwork.c ****                                     INCLUDE FILES
  19:/home/simulink/cFS_FreeRTOS_seL4/osal/src/os/rtems/osnetwork.c **** ****************************************************************************************/
  20:/home/simulink/cFS_FreeRTOS_seL4/osal/src/os/rtems/osnetwork.c **** 
  21:/home/simulink/cFS_FreeRTOS_seL4/osal/src/os/rtems/osnetwork.c **** #include "stdio.h"
  22:/home/simulink/cFS_FreeRTOS_seL4/osal/src/os/rtems/osnetwork.c **** #include "unistd.h"
  23:/home/simulink/cFS_FreeRTOS_seL4/osal/src/os/rtems/osnetwork.c **** #include "stdlib.h"
  24:/home/simulink/cFS_FreeRTOS_seL4/osal/src/os/rtems/osnetwork.c **** 
  25:/home/simulink/cFS_FreeRTOS_seL4/osal/src/os/rtems/osnetwork.c **** #include "common_types.h"
  26:/home/simulink/cFS_FreeRTOS_seL4/osal/src/os/rtems/osnetwork.c **** #include "osapi.h"
  27:/home/simulink/cFS_FreeRTOS_seL4/osal/src/os/rtems/osnetwork.c **** 
  28:/home/simulink/cFS_FreeRTOS_seL4/osal/src/os/rtems/osnetwork.c **** /****************************************************************************************
  29:/home/simulink/cFS_FreeRTOS_seL4/osal/src/os/rtems/osnetwork.c ****                                      DEFINES
  30:/home/simulink/cFS_FreeRTOS_seL4/osal/src/os/rtems/osnetwork.c **** ****************************************************************************************/
  31:/home/simulink/cFS_FreeRTOS_seL4/osal/src/os/rtems/osnetwork.c **** 
  32:/home/simulink/cFS_FreeRTOS_seL4/osal/src/os/rtems/osnetwork.c **** 
  33:/home/simulink/cFS_FreeRTOS_seL4/osal/src/os/rtems/osnetwork.c **** /****************************************************************************************
  34:/home/simulink/cFS_FreeRTOS_seL4/osal/src/os/rtems/osnetwork.c ****                                    GLOBAL DATA
  35:/home/simulink/cFS_FreeRTOS_seL4/osal/src/os/rtems/osnetwork.c **** ****************************************************************************************/
  36:/home/simulink/cFS_FreeRTOS_seL4/osal/src/os/rtems/osnetwork.c **** 
  37:/home/simulink/cFS_FreeRTOS_seL4/osal/src/os/rtems/osnetwork.c **** 
  38:/home/simulink/cFS_FreeRTOS_seL4/osal/src/os/rtems/osnetwork.c **** /****************************************************************************************
  39:/home/simulink/cFS_FreeRTOS_seL4/osal/src/os/rtems/osnetwork.c ****                                 INITIALIZATION FUNCTION
  40:/home/simulink/cFS_FreeRTOS_seL4/osal/src/os/rtems/osnetwork.c **** ****************************************************************************************/
  41:/home/simulink/cFS_FreeRTOS_seL4/osal/src/os/rtems/osnetwork.c **** 
  42:/home/simulink/cFS_FreeRTOS_seL4/osal/src/os/rtems/osnetwork.c **** 
  43:/home/simulink/cFS_FreeRTOS_seL4/osal/src/os/rtems/osnetwork.c **** /****************************************************************************************
  44:/home/simulink/cFS_FreeRTOS_seL4/osal/src/os/rtems/osnetwork.c ****                                     Network API
  45:/home/simulink/cFS_FreeRTOS_seL4/osal/src/os/rtems/osnetwork.c **** ****************************************************************************************/
  46:/home/simulink/cFS_FreeRTOS_seL4/osal/src/os/rtems/osnetwork.c **** 
68K GAS   			page 2


  47:/home/simulink/cFS_FreeRTOS_seL4/osal/src/os/rtems/osnetwork.c **** /*--------------------------------------------------------------------------------------
  48:/home/simulink/cFS_FreeRTOS_seL4/osal/src/os/rtems/osnetwork.c ****     Purpose: Get the Host ID from Networking
  49:/home/simulink/cFS_FreeRTOS_seL4/osal/src/os/rtems/osnetwork.c **** 
  50:/home/simulink/cFS_FreeRTOS_seL4/osal/src/os/rtems/osnetwork.c ****     Returns: OS_ERROR if the  host id could not be found
  51:/home/simulink/cFS_FreeRTOS_seL4/osal/src/os/rtems/osnetwork.c ****              an opaque 32 bit host id if success (NOT AN IPv4 ADDRESS).
  52:/home/simulink/cFS_FreeRTOS_seL4/osal/src/os/rtems/osnetwork.c **** 
  53:/home/simulink/cFS_FreeRTOS_seL4/osal/src/os/rtems/osnetwork.c ****     WARNING: OS_NetworkGetID is currently [[deprecated]] as its behavior is
  54:/home/simulink/cFS_FreeRTOS_seL4/osal/src/os/rtems/osnetwork.c ****              unknown and not consistent across operating systems.
  55:/home/simulink/cFS_FreeRTOS_seL4/osal/src/os/rtems/osnetwork.c **** ---------------------------------------------------------------------------------------*/
  56:/home/simulink/cFS_FreeRTOS_seL4/osal/src/os/rtems/osnetwork.c **** int32 OS_NetworkGetID             (void)
  57:/home/simulink/cFS_FreeRTOS_seL4/osal/src/os/rtems/osnetwork.c **** {
  12               	.loc 1 57 0
  13               	.cfi_startproc
  14 0000 598F      	subq.l #4,%sp
  15               	.cfi_def_cfa_offset 8
  58:/home/simulink/cFS_FreeRTOS_seL4/osal/src/os/rtems/osnetwork.c **** #ifdef OS_INCLUDE_NETWORK
  59:/home/simulink/cFS_FreeRTOS_seL4/osal/src/os/rtems/osnetwork.c ****      int    host_id;
  60:/home/simulink/cFS_FreeRTOS_seL4/osal/src/os/rtems/osnetwork.c **** 
  61:/home/simulink/cFS_FreeRTOS_seL4/osal/src/os/rtems/osnetwork.c ****      host_id = gethostid();
  16               	.loc 1 61 0
  17 0002 4EB9 0000 	jsr gethostid
  17      0000 
  18 0008 2E80      	move.l %d0,(%sp)
  62:/home/simulink/cFS_FreeRTOS_seL4/osal/src/os/rtems/osnetwork.c ****      if (host_id == -1)
  19               	.loc 1 62 0
  20 000a 70FF      	moveq #-1,%d0
  21 000c B097      	cmp.l (%sp),%d0
  22 000e 6604      	jne .L2
  63:/home/simulink/cFS_FreeRTOS_seL4/osal/src/os/rtems/osnetwork.c ****      {
  64:/home/simulink/cFS_FreeRTOS_seL4/osal/src/os/rtems/osnetwork.c ****        return OS_ERROR;
  23               	.loc 1 64 0
  24 0010 70FF      	moveq #-1,%d0
  25 0012 6002      	jra .L3
  26               	.L2:
  65:/home/simulink/cFS_FreeRTOS_seL4/osal/src/os/rtems/osnetwork.c ****      }
  66:/home/simulink/cFS_FreeRTOS_seL4/osal/src/os/rtems/osnetwork.c ****      else
  67:/home/simulink/cFS_FreeRTOS_seL4/osal/src/os/rtems/osnetwork.c ****      { 
  68:/home/simulink/cFS_FreeRTOS_seL4/osal/src/os/rtems/osnetwork.c ****         return (host_id);
  27               	.loc 1 68 0
  28 0014 2017      	move.l (%sp),%d0
  29               	.L3:
  69:/home/simulink/cFS_FreeRTOS_seL4/osal/src/os/rtems/osnetwork.c ****      }
  70:/home/simulink/cFS_FreeRTOS_seL4/osal/src/os/rtems/osnetwork.c ****  #else
  71:/home/simulink/cFS_FreeRTOS_seL4/osal/src/os/rtems/osnetwork.c ****     return(OS_ERR_NOT_IMPLEMENTED);
  72:/home/simulink/cFS_FreeRTOS_seL4/osal/src/os/rtems/osnetwork.c ****  #endif
  73:/home/simulink/cFS_FreeRTOS_seL4/osal/src/os/rtems/osnetwork.c ****     
  74:/home/simulink/cFS_FreeRTOS_seL4/osal/src/os/rtems/osnetwork.c **** }/* end OS_NetworkGetID */
  30               	.loc 1 74 0
  31 0016 588F      	addq.l #4,%sp
  32 0018 4E75      	rts
  33               	.cfi_endproc
  34               	.LFE58:
  35               	.sizeOS_NetworkGetID, .-OS_NetworkGetID
  36               	.align2
  37               	.globlOS_NetworkGetHostName
  38               	.typeOS_NetworkGetHostName, @function
  39               	OS_NetworkGetHostName:
68K GAS   			page 3


  40               	.LFB59:
  75:/home/simulink/cFS_FreeRTOS_seL4/osal/src/os/rtems/osnetwork.c **** /*--------------------------------------------------------------------------------------
  76:/home/simulink/cFS_FreeRTOS_seL4/osal/src/os/rtems/osnetwork.c ****     Name: OS_NetworkGetHostName
  77:/home/simulink/cFS_FreeRTOS_seL4/osal/src/os/rtems/osnetwork.c ****     
  78:/home/simulink/cFS_FreeRTOS_seL4/osal/src/os/rtems/osnetwork.c ****     Purpose: Gets the name of the current host
  79:/home/simulink/cFS_FreeRTOS_seL4/osal/src/os/rtems/osnetwork.c **** 
  80:/home/simulink/cFS_FreeRTOS_seL4/osal/src/os/rtems/osnetwork.c ****     Returns: OS_ERROR if the  host name could not be found
  81:/home/simulink/cFS_FreeRTOS_seL4/osal/src/os/rtems/osnetwork.c ****              OS_SUCCESS if the name was copied to host_name successfully
  82:/home/simulink/cFS_FreeRTOS_seL4/osal/src/os/rtems/osnetwork.c **** ---------------------------------------------------------------------------------------*/
  83:/home/simulink/cFS_FreeRTOS_seL4/osal/src/os/rtems/osnetwork.c **** 
  84:/home/simulink/cFS_FreeRTOS_seL4/osal/src/os/rtems/osnetwork.c **** int32 OS_NetworkGetHostName       (char *host_name, uint32 name_len)
  85:/home/simulink/cFS_FreeRTOS_seL4/osal/src/os/rtems/osnetwork.c **** {
  41               	.loc 1 85 0
  42               	.cfi_startproc
  43 001a 518F      	subq.l #8,%sp
  44               	.cfi_def_cfa_offset 12
  86:/home/simulink/cFS_FreeRTOS_seL4/osal/src/os/rtems/osnetwork.c **** #ifdef OS_INCLUDE_NETWORK
  87:/home/simulink/cFS_FreeRTOS_seL4/osal/src/os/rtems/osnetwork.c **** 
  88:/home/simulink/cFS_FreeRTOS_seL4/osal/src/os/rtems/osnetwork.c ****    int    retval = OS_SUCCESS;
  45               	.loc 1 88 0
  46 001c 4297      	clr.l (%sp)
  89:/home/simulink/cFS_FreeRTOS_seL4/osal/src/os/rtems/osnetwork.c ****    uint32 return_code;
  90:/home/simulink/cFS_FreeRTOS_seL4/osal/src/os/rtems/osnetwork.c ****    
  91:/home/simulink/cFS_FreeRTOS_seL4/osal/src/os/rtems/osnetwork.c ****    if ( host_name == NULL)
  47               	.loc 1 91 0
  48 001e 4AAF 000C 	tst.l 12(%sp)
  49 0022 6608      	jne .L5
  92:/home/simulink/cFS_FreeRTOS_seL4/osal/src/os/rtems/osnetwork.c ****    {
  93:/home/simulink/cFS_FreeRTOS_seL4/osal/src/os/rtems/osnetwork.c ****       return_code = OS_INVALID_POINTER;
  50               	.loc 1 93 0
  51 0024 70FE      	moveq #-2,%d0
  52 0026 2F40 0004 	move.l %d0,4(%sp)
  53 002a 6032      	jra .L6
  54               	.L5:
  94:/home/simulink/cFS_FreeRTOS_seL4/osal/src/os/rtems/osnetwork.c ****    }
  95:/home/simulink/cFS_FreeRTOS_seL4/osal/src/os/rtems/osnetwork.c ****    else if ( name_len == 0 )
  55               	.loc 1 95 0
  56 002c 4AAF 0010 	tst.l 16(%sp)
  57 0030 6608      	jne .L7
  96:/home/simulink/cFS_FreeRTOS_seL4/osal/src/os/rtems/osnetwork.c ****    {
  97:/home/simulink/cFS_FreeRTOS_seL4/osal/src/os/rtems/osnetwork.c ****       return_code = OS_ERROR;
  58               	.loc 1 97 0
  59 0032 70FF      	moveq #-1,%d0
  60 0034 2F40 0004 	move.l %d0,4(%sp)
  61 0038 6024      	jra .L6
  62               	.L7:
  98:/home/simulink/cFS_FreeRTOS_seL4/osal/src/os/rtems/osnetwork.c ****    }
  99:/home/simulink/cFS_FreeRTOS_seL4/osal/src/os/rtems/osnetwork.c ****    else
 100:/home/simulink/cFS_FreeRTOS_seL4/osal/src/os/rtems/osnetwork.c ****    {
 101:/home/simulink/cFS_FreeRTOS_seL4/osal/src/os/rtems/osnetwork.c ****       retval = gethostname( host_name, name_len); 
  63               	.loc 1 101 0
  64 003a 2F2F 0010 	move.l 16(%sp),-(%sp)
  65               	.cfi_def_cfa_offset 16
  66 003e 2F2F 0010 	move.l 16(%sp),-(%sp)
  67               	.cfi_def_cfa_offset 20
  68 0042 4EB9 0000 	jsr gethostname
  68      0000 
68K GAS   			page 4


  69 0048 508F      	addq.l #8,%sp
  70               	.cfi_def_cfa_offset 12
  71 004a 2E80      	move.l %d0,(%sp)
 102:/home/simulink/cFS_FreeRTOS_seL4/osal/src/os/rtems/osnetwork.c ****       if ( retval == -1 )
  72               	.loc 1 102 0
  73 004c 70FF      	moveq #-1,%d0
  74 004e B097      	cmp.l (%sp),%d0
  75 0050 6608      	jne .L8
 103:/home/simulink/cFS_FreeRTOS_seL4/osal/src/os/rtems/osnetwork.c ****       {
 104:/home/simulink/cFS_FreeRTOS_seL4/osal/src/os/rtems/osnetwork.c ****          return_code = OS_ERROR;
  76               	.loc 1 104 0
  77 0052 70FF      	moveq #-1,%d0
  78 0054 2F40 0004 	move.l %d0,4(%sp)
  79 0058 6004      	jra .L6
  80               	.L8:
 105:/home/simulink/cFS_FreeRTOS_seL4/osal/src/os/rtems/osnetwork.c ****       }
 106:/home/simulink/cFS_FreeRTOS_seL4/osal/src/os/rtems/osnetwork.c ****       else
 107:/home/simulink/cFS_FreeRTOS_seL4/osal/src/os/rtems/osnetwork.c ****       {
 108:/home/simulink/cFS_FreeRTOS_seL4/osal/src/os/rtems/osnetwork.c ****          return_code = OS_SUCCESS;
  81               	.loc 1 108 0
  82 005a 42AF 0004 	clr.l 4(%sp)
  83               	.L6:
 109:/home/simulink/cFS_FreeRTOS_seL4/osal/src/os/rtems/osnetwork.c ****       }
 110:/home/simulink/cFS_FreeRTOS_seL4/osal/src/os/rtems/osnetwork.c ****    }
 111:/home/simulink/cFS_FreeRTOS_seL4/osal/src/os/rtems/osnetwork.c **** 
 112:/home/simulink/cFS_FreeRTOS_seL4/osal/src/os/rtems/osnetwork.c ****    return(return_code);
  84               	.loc 1 112 0
  85 005e 202F 0004 	move.l 4(%sp),%d0
 113:/home/simulink/cFS_FreeRTOS_seL4/osal/src/os/rtems/osnetwork.c **** #else
 114:/home/simulink/cFS_FreeRTOS_seL4/osal/src/os/rtems/osnetwork.c ****    return(OS_ERR_NOT_IMPLEMENTED);
 115:/home/simulink/cFS_FreeRTOS_seL4/osal/src/os/rtems/osnetwork.c **** #endif
 116:/home/simulink/cFS_FreeRTOS_seL4/osal/src/os/rtems/osnetwork.c **** }/* end OS_NetworkGetHostName */
  86               	.loc 1 116 0
  87 0062 508F      	addq.l #8,%sp
  88 0064 4E75      	rts
  89               	.cfi_endproc
  90               	.LFE59:
  91               	.sizeOS_NetworkGetHostName, .-OS_NetworkGetHostName
  92               	.Letext0:
  93               	.file 2 "/home/simulink/development/rtems/5/m68k-rtems5/include/machine/_default_types.h"
  94               	.file 3 "/home/simulink/development/rtems/5/m68k-rtems5/include/machine/_types.h"
  95               	.file 4 "/home/simulink/development/rtems/5/m68k-rtems5/include/sys/lock.h"
  96               	.file 5 "/home/simulink/development/rtems/5/m68k-rtems5/include/sys/_types.h"
  97               	.file 6 "/home/simulink/development/rtems/5/lib/gcc/m68k-rtems5/7.3.0/include/stddef.h"
  98               	.file 7 "/home/simulink/development/rtems/5/m68k-rtems5/include/sys/reent.h"
  99               	.file 8 "/home/simulink/development/rtems/5/m68k-rtems5/include/sys/unistd.h"
 100               	.file 9 "/home/simulink/development/rtems/5/m68k-rtems5/include/stdlib.h"
 101               	.file 10 "/home/simulink/cFS_FreeRTOS_seL4/osal/src/os/inc/common_types.h"
 102               	.file 11 "/home/simulink/development/rtems/5/m68k-rtems5/include/time.h"
 103               	.section.debug_info,"",@progbits
 104               	.Ldebug_info0:
 105 0000 0000 0A51 	.long0xa51
 106 0004 0004      	.word0x4
 107 0006 0000 0000 	.long.Ldebug_abbrev0
 108 000a 04        	.byte0x4
 109 000b 01        	.uleb128 0x1
 110 000c 0000 0000 	.long.LASF154
68K GAS   			page 5


 111 0010 0C        	.byte0xc
 112 0011 0000 0000 	.long.LASF155
 113 0015 0000 0000 	.long.LASF156
 114 0019 0000 0000 	.long.Ltext0
 115 001d 0000 0066 	.long.Letext0-.Ltext0
 116 0021 0000 0000 	.long.Ldebug_line0
 117 0025 02        	.uleb128 0x2
 118 0026 01        	.byte0x1
 119 0027 06        	.byte0x6
 120 0028 0000 0000 	.long.LASF0
 121 002c 02        	.uleb128 0x2
 122 002d 01        	.byte0x1
 123 002e 08        	.byte0x8
 124 002f 0000 0000 	.long.LASF1
 125 0033 02        	.uleb128 0x2
 126 0034 02        	.byte0x2
 127 0035 05        	.byte0x5
 128 0036 0000 0000 	.long.LASF2
 129 003a 02        	.uleb128 0x2
 130 003b 02        	.byte0x2
 131 003c 07        	.byte0x7
 132 003d 0000 0000 	.long.LASF3
 133 0041 02        	.uleb128 0x2
 134 0042 04        	.byte0x4
 135 0043 05        	.byte0x5
 136 0044 0000 0000 	.long.LASF4
 137 0048 02        	.uleb128 0x2
 138 0049 04        	.byte0x4
 139 004a 07        	.byte0x7
 140 004b 0000 0000 	.long.LASF5
 141 004f 03        	.uleb128 0x3
 142 0050 0000 0000 	.long.LASF9
 143 0054 02        	.byte0x2
 144 0055 67        	.byte0x67
 145 0056 0000 005A 	.long0x5a
 146 005a 02        	.uleb128 0x2
 147 005b 08        	.byte0x8
 148 005c 05        	.byte0x5
 149 005d 0000 0000 	.long.LASF6
 150 0061 02        	.uleb128 0x2
 151 0062 08        	.byte0x8
 152 0063 07        	.byte0x7
 153 0064 0000 0000 	.long.LASF7
 154 0068 02        	.uleb128 0x2
 155 0069 08        	.byte0x8
 156 006a 04        	.byte0x4
 157 006b 0000 0000 	.long.LASF8
 158 006f 03        	.uleb128 0x3
 159 0070 0000 0000 	.long.LASF10
 160 0074 03        	.byte0x3
 161 0075 10        	.byte0x10
 162 0076 0000 004F 	.long0x4f
 163 007a 03        	.uleb128 0x3
 164 007b 0000 0000 	.long.LASF11
 165 007f 03        	.byte0x3
 166 0080 16        	.byte0x16
 167 0081 0000 006F 	.long0x6f
68K GAS   			page 6


 168 0085 04        	.uleb128 0x4
 169 0086 04        	.byte0x4
 170 0087 05        	.byte0x5
 171 0088 696E 7400 	.string"int"
 172 008c 05        	.uleb128 0x5
 173 008d 0000 0000 	.long.LASF15
 174 0091 08        	.byte0x8
 175 0092 04        	.byte0x4
 176 0093 28        	.byte0x28
 177 0094 0000 00B1 	.long0xb1
 178 0098 06        	.uleb128 0x6
 179 0099 0000 0000 	.long.LASF12
 180 009d 04        	.byte0x4
 181 009e 29        	.byte0x29
 182 009f 0000 00B1 	.long0xb1
 183 00a3 00        	.byte0
 184 00a4 06        	.uleb128 0x6
 185 00a5 0000 0000 	.long.LASF13
 186 00a9 04        	.byte0x4
 187 00aa 2A        	.byte0x2a
 188 00ab 0000 00B1 	.long0xb1
 189 00af 04        	.byte0x4
 190 00b0 00        	.byte0
 191 00b1 02        	.uleb128 0x2
 192 00b2 04        	.byte0x4
 193 00b3 07        	.byte0x7
 194 00b4 0000 0000 	.long.LASF14
 195 00b8 05        	.uleb128 0x5
 196 00b9 0000 0000 	.long.LASF16
 197 00bd 14        	.byte0x14
 198 00be 04        	.byte0x4
 199 00bf 2D        	.byte0x2d
 200 00c0 0000 00F5 	.long0xf5
 201 00c4 06        	.uleb128 0x6
 202 00c5 0000 0000 	.long.LASF17
 203 00c9 04        	.byte0x4
 204 00ca 2E        	.byte0x2e
 205 00cb 0000 008C 	.long0x8c
 206 00cf 00        	.byte0
 207 00d0 06        	.uleb128 0x6
 208 00d1 0000 0000 	.long.LASF18
 209 00d5 04        	.byte0x4
 210 00d6 2F        	.byte0x2f
 211 00d7 0000 00FA 	.long0xfa
 212 00db 08        	.byte0x8
 213 00dc 06        	.uleb128 0x6
 214 00dd 0000 0000 	.long.LASF19
 215 00e1 04        	.byte0x4
 216 00e2 30        	.byte0x30
 217 00e3 0000 0105 	.long0x105
 218 00e7 0C        	.byte0xc
 219 00e8 06        	.uleb128 0x6
 220 00e9 0000 0000 	.long.LASF20
 221 00ed 04        	.byte0x4
 222 00ee 31        	.byte0x31
 223 00ef 0000 010B 	.long0x10b
 224 00f3 10        	.byte0x10
68K GAS   			page 7


 225 00f4 00        	.byte0
 226 00f5 07        	.uleb128 0x7
 227 00f6 0000 0000 	.long.LASF21
 228 00fa 08        	.uleb128 0x8
 229 00fb 04        	.byte0x4
 230 00fc 0000 00F5 	.long0xf5
 231 0100 07        	.uleb128 0x7
 232 0101 0000 0000 	.long.LASF22
 233 0105 08        	.uleb128 0x8
 234 0106 04        	.byte0x4
 235 0107 0000 0100 	.long0x100
 236 010b 08        	.uleb128 0x8
 237 010c 04        	.byte0x4
 238 010d 0000 0118 	.long0x118
 239 0111 02        	.uleb128 0x2
 240 0112 01        	.byte0x1
 241 0113 06        	.byte0x6
 242 0114 0000 0000 	.long.LASF23
 243 0118 09        	.uleb128 0x9
 244 0119 0000 0111 	.long0x111
 245 011d 05        	.uleb128 0x5
 246 011e 0000 0000 	.long.LASF24
 247 0122 14        	.byte0x14
 248 0123 04        	.byte0x4
 249 0124 34        	.byte0x34
 250 0125 0000 0136 	.long0x136
 251 0129 06        	.uleb128 0x6
 252 012a 0000 0000 	.long.LASF25
 253 012e 04        	.byte0x4
 254 012f 35        	.byte0x35
 255 0130 0000 00B8 	.long0xb8
 256 0134 00        	.byte0
 257 0135 00        	.byte0
 258 0136 05        	.uleb128 0x5
 259 0137 0000 0000 	.long.LASF26
 260 013b 18        	.byte0x18
 261 013c 04        	.byte0x4
 262 013d 38        	.byte0x38
 263 013e 0000 015B 	.long0x15b
 264 0142 06        	.uleb128 0x6
 265 0143 0000 0000 	.long.LASF27
 266 0147 04        	.byte0x4
 267 0148 39        	.byte0x39
 268 0149 0000 011D 	.long0x11d
 269 014d 00        	.byte0
 270 014e 06        	.uleb128 0x6
 271 014f 0000 0000 	.long.LASF28
 272 0153 04        	.byte0x4
 273 0154 3A        	.byte0x3a
 274 0155 0000 00B1 	.long0xb1
 275 0159 14        	.byte0x14
 276 015a 00        	.byte0
 277 015b 0A        	.uleb128 0xa
 278 015c 0000 0000 	.long.LASF29
 279 0160 04        	.byte0x4
 280 0161 0171      	.word0x171
 281 0163 0000 0136 	.long0x136
68K GAS   			page 8


 282 0167 03        	.uleb128 0x3
 283 0168 0000 0000 	.long.LASF30
 284 016c 05        	.byte0x5
 285 016d 91        	.byte0x91
 286 016e 0000 0041 	.long0x41
 287 0172 0A        	.uleb128 0xa
 288 0173 0000 0000 	.long.LASF31
 289 0177 06        	.byte0x6
 290 0178 0165      	.word0x165
 291 017a 0000 00B1 	.long0xb1
 292 017e 0B        	.uleb128 0xb
 293 017f 04        	.byte0x4
 294 0180 05        	.byte0x5
 295 0181 A6        	.byte0xa6
 296 0182 0000 019D 	.long0x19d
 297 0186 0C        	.uleb128 0xc
 298 0187 0000 0000 	.long.LASF32
 299 018b 05        	.byte0x5
 300 018c A8        	.byte0xa8
 301 018d 0000 0172 	.long0x172
 302 0191 0C        	.uleb128 0xc
 303 0192 0000 0000 	.long.LASF33
 304 0196 05        	.byte0x5
 305 0197 A9        	.byte0xa9
 306 0198 0000 019D 	.long0x19d
 307 019c 00        	.byte0
 308 019d 0D        	.uleb128 0xd
 309 019e 0000 002C 	.long0x2c
 310 01a2 0000 01AD 	.long0x1ad
 311 01a6 0E        	.uleb128 0xe
 312 01a7 0000 0048 	.long0x48
 313 01ab 03        	.byte0x3
 314 01ac 00        	.byte0
 315 01ad 0F        	.uleb128 0xf
 316 01ae 08        	.byte0x8
 317 01af 05        	.byte0x5
 318 01b0 A3        	.byte0xa3
 319 01b1 0000 01CE 	.long0x1ce
 320 01b5 06        	.uleb128 0x6
 321 01b6 0000 0000 	.long.LASF34
 322 01ba 05        	.byte0x5
 323 01bb A5        	.byte0xa5
 324 01bc 0000 0085 	.long0x85
 325 01c0 00        	.byte0
 326 01c1 06        	.uleb128 0x6
 327 01c2 0000 0000 	.long.LASF35
 328 01c6 05        	.byte0x5
 329 01c7 AA        	.byte0xaa
 330 01c8 0000 017E 	.long0x17e
 331 01cc 04        	.byte0x4
 332 01cd 00        	.byte0
 333 01ce 03        	.uleb128 0x3
 334 01cf 0000 0000 	.long.LASF36
 335 01d3 05        	.byte0x5
 336 01d4 AB        	.byte0xab
 337 01d5 0000 01AD 	.long0x1ad
 338 01d9 03        	.uleb128 0x3
68K GAS   			page 9


 339 01da 0000 0000 	.long.LASF37
 340 01de 05        	.byte0x5
 341 01df AF        	.byte0xaf
 342 01e0 0000 015B 	.long0x15b
 343 01e4 10        	.uleb128 0x10
 344 01e5 04        	.byte0x4
 345 01e6 03        	.uleb128 0x3
 346 01e7 0000 0000 	.long.LASF38
 347 01eb 07        	.byte0x7
 348 01ec 16        	.byte0x16
 349 01ed 0000 0048 	.long0x48
 350 01f1 05        	.uleb128 0x5
 351 01f2 0000 0000 	.long.LASF39
 352 01f6 18        	.byte0x18
 353 01f7 07        	.byte0x7
 354 01f8 2F        	.byte0x2f
 355 01f9 0000 0244 	.long0x244
 356 01fd 06        	.uleb128 0x6
 357 01fe 0000 0000 	.long.LASF40
 358 0202 07        	.byte0x7
 359 0203 31        	.byte0x31
 360 0204 0000 0244 	.long0x244
 361 0208 00        	.byte0
 362 0209 11        	.uleb128 0x11
 363 020a 5F6B 00   	.string"_k"
 364 020d 07        	.byte0x7
 365 020e 32        	.byte0x32
 366 020f 0000 0085 	.long0x85
 367 0213 04        	.byte0x4
 368 0214 06        	.uleb128 0x6
 369 0215 0000 0000 	.long.LASF41
 370 0219 07        	.byte0x7
 371 021a 32        	.byte0x32
 372 021b 0000 0085 	.long0x85
 373 021f 08        	.byte0x8
 374 0220 06        	.uleb128 0x6
 375 0221 0000 0000 	.long.LASF42
 376 0225 07        	.byte0x7
 377 0226 32        	.byte0x32
 378 0227 0000 0085 	.long0x85
 379 022b 0C        	.byte0xc
 380 022c 06        	.uleb128 0x6
 381 022d 0000 0000 	.long.LASF43
 382 0231 07        	.byte0x7
 383 0232 32        	.byte0x32
 384 0233 0000 0085 	.long0x85
 385 0237 10        	.byte0x10
 386 0238 11        	.uleb128 0x11
 387 0239 5F78 00   	.string"_x"
 388 023c 07        	.byte0x7
 389 023d 33        	.byte0x33
 390 023e 0000 024A 	.long0x24a
 391 0242 14        	.byte0x14
 392 0243 00        	.byte0
 393 0244 08        	.uleb128 0x8
 394 0245 04        	.byte0x4
 395 0246 0000 01F1 	.long0x1f1
68K GAS   			page 10


 396 024a 0D        	.uleb128 0xd
 397 024b 0000 01E6 	.long0x1e6
 398 024f 0000 025A 	.long0x25a
 399 0253 0E        	.uleb128 0xe
 400 0254 0000 0048 	.long0x48
 401 0258 00        	.byte0
 402 0259 00        	.byte0
 403 025a 05        	.uleb128 0x5
 404 025b 0000 0000 	.long.LASF44
 405 025f 24        	.byte0x24
 406 0260 07        	.byte0x7
 407 0261 37        	.byte0x37
 408 0262 0000 02D3 	.long0x2d3
 409 0266 06        	.uleb128 0x6
 410 0267 0000 0000 	.long.LASF45
 411 026b 07        	.byte0x7
 412 026c 39        	.byte0x39
 413 026d 0000 0085 	.long0x85
 414 0271 00        	.byte0
 415 0272 06        	.uleb128 0x6
 416 0273 0000 0000 	.long.LASF46
 417 0277 07        	.byte0x7
 418 0278 3A        	.byte0x3a
 419 0279 0000 0085 	.long0x85
 420 027d 04        	.byte0x4
 421 027e 06        	.uleb128 0x6
 422 027f 0000 0000 	.long.LASF47
 423 0283 07        	.byte0x7
 424 0284 3B        	.byte0x3b
 425 0285 0000 0085 	.long0x85
 426 0289 08        	.byte0x8
 427 028a 06        	.uleb128 0x6
 428 028b 0000 0000 	.long.LASF48
 429 028f 07        	.byte0x7
 430 0290 3C        	.byte0x3c
 431 0291 0000 0085 	.long0x85
 432 0295 0C        	.byte0xc
 433 0296 06        	.uleb128 0x6
 434 0297 0000 0000 	.long.LASF49
 435 029b 07        	.byte0x7
 436 029c 3D        	.byte0x3d
 437 029d 0000 0085 	.long0x85
 438 02a1 10        	.byte0x10
 439 02a2 06        	.uleb128 0x6
 440 02a3 0000 0000 	.long.LASF50
 441 02a7 07        	.byte0x7
 442 02a8 3E        	.byte0x3e
 443 02a9 0000 0085 	.long0x85
 444 02ad 14        	.byte0x14
 445 02ae 06        	.uleb128 0x6
 446 02af 0000 0000 	.long.LASF51
 447 02b3 07        	.byte0x7
 448 02b4 3F        	.byte0x3f
 449 02b5 0000 0085 	.long0x85
 450 02b9 18        	.byte0x18
 451 02ba 06        	.uleb128 0x6
 452 02bb 0000 0000 	.long.LASF52
68K GAS   			page 11


 453 02bf 07        	.byte0x7
 454 02c0 40        	.byte0x40
 455 02c1 0000 0085 	.long0x85
 456 02c5 1C        	.byte0x1c
 457 02c6 06        	.uleb128 0x6
 458 02c7 0000 0000 	.long.LASF53
 459 02cb 07        	.byte0x7
 460 02cc 41        	.byte0x41
 461 02cd 0000 0085 	.long0x85
 462 02d1 20        	.byte0x20
 463 02d2 00        	.byte0
 464 02d3 12        	.uleb128 0x12
 465 02d4 0000 0000 	.long.LASF54
 466 02d8 0108      	.word0x108
 467 02da 07        	.byte0x7
 468 02db 4A        	.byte0x4a
 469 02dc 0000 0313 	.long0x313
 470 02e0 06        	.uleb128 0x6
 471 02e1 0000 0000 	.long.LASF55
 472 02e5 07        	.byte0x7
 473 02e6 4B        	.byte0x4b
 474 02e7 0000 0313 	.long0x313
 475 02eb 00        	.byte0
 476 02ec 06        	.uleb128 0x6
 477 02ed 0000 0000 	.long.LASF56
 478 02f1 07        	.byte0x7
 479 02f2 4C        	.byte0x4c
 480 02f3 0000 0313 	.long0x313
 481 02f7 80        	.byte0x80
 482 02f8 13        	.uleb128 0x13
 483 02f9 0000 0000 	.long.LASF57
 484 02fd 07        	.byte0x7
 485 02fe 4E        	.byte0x4e
 486 02ff 0000 01E6 	.long0x1e6
 487 0303 0100      	.word0x100
 488 0305 13        	.uleb128 0x13
 489 0306 0000 0000 	.long.LASF58
 490 030a 07        	.byte0x7
 491 030b 51        	.byte0x51
 492 030c 0000 01E6 	.long0x1e6
 493 0310 0104      	.word0x104
 494 0312 00        	.byte0
 495 0313 0D        	.uleb128 0xd
 496 0314 0000 01E4 	.long0x1e4
 497 0318 0000 0323 	.long0x323
 498 031c 0E        	.uleb128 0xe
 499 031d 0000 0048 	.long0x48
 500 0321 1F        	.byte0x1f
 501 0322 00        	.byte0
 502 0323 12        	.uleb128 0x12
 503 0324 0000 0000 	.long.LASF59
 504 0328 0190      	.word0x190
 505 032a 07        	.byte0x7
 506 032b 5D        	.byte0x5d
 507 032c 0000 0361 	.long0x361
 508 0330 06        	.uleb128 0x6
 509 0331 0000 0000 	.long.LASF40
68K GAS   			page 12


 510 0335 07        	.byte0x7
 511 0336 5E        	.byte0x5e
 512 0337 0000 0361 	.long0x361
 513 033b 00        	.byte0
 514 033c 06        	.uleb128 0x6
 515 033d 0000 0000 	.long.LASF60
 516 0341 07        	.byte0x7
 517 0342 5F        	.byte0x5f
 518 0343 0000 0085 	.long0x85
 519 0347 04        	.byte0x4
 520 0348 06        	.uleb128 0x6
 521 0349 0000 0000 	.long.LASF61
 522 034d 07        	.byte0x7
 523 034e 61        	.byte0x61
 524 034f 0000 0367 	.long0x367
 525 0353 08        	.byte0x8
 526 0354 06        	.uleb128 0x6
 527 0355 0000 0000 	.long.LASF54
 528 0359 07        	.byte0x7
 529 035a 62        	.byte0x62
 530 035b 0000 02D3 	.long0x2d3
 531 035f 88        	.byte0x88
 532 0360 00        	.byte0
 533 0361 08        	.uleb128 0x8
 534 0362 04        	.byte0x4
 535 0363 0000 0323 	.long0x323
 536 0367 0D        	.uleb128 0xd
 537 0368 0000 0377 	.long0x377
 538 036c 0000 0377 	.long0x377
 539 0370 0E        	.uleb128 0xe
 540 0371 0000 0048 	.long0x48
 541 0375 1F        	.byte0x1f
 542 0376 00        	.byte0
 543 0377 08        	.uleb128 0x8
 544 0378 04        	.byte0x4
 545 0379 0000 037D 	.long0x37d
 546 037d 14        	.uleb128 0x14
 547 037e 05        	.uleb128 0x5
 548 037f 0000 0000 	.long.LASF62
 549 0383 08        	.byte0x8
 550 0384 07        	.byte0x7
 551 0385 75        	.byte0x75
 552 0386 0000 03A3 	.long0x3a3
 553 038a 06        	.uleb128 0x6
 554 038b 0000 0000 	.long.LASF63
 555 038f 07        	.byte0x7
 556 0390 76        	.byte0x76
 557 0391 0000 03A3 	.long0x3a3
 558 0395 00        	.byte0
 559 0396 06        	.uleb128 0x6
 560 0397 0000 0000 	.long.LASF64
 561 039b 07        	.byte0x7
 562 039c 77        	.byte0x77
 563 039d 0000 0085 	.long0x85
 564 03a1 04        	.byte0x4
 565 03a2 00        	.byte0
 566 03a3 08        	.uleb128 0x8
68K GAS   			page 13


 567 03a4 04        	.byte0x4
 568 03a5 0000 002C 	.long0x2c
 569 03a9 05        	.uleb128 0x5
 570 03aa 0000 0000 	.long.LASF65
 571 03ae 80        	.byte0x80
 572 03af 07        	.byte0x7
 573 03b0 B5        	.byte0xb5
 574 03b1 0000 04D3 	.long0x4d3
 575 03b5 11        	.uleb128 0x11
 576 03b6 5F70 00   	.string"_p"
 577 03b9 07        	.byte0x7
 578 03ba B6        	.byte0xb6
 579 03bb 0000 03A3 	.long0x3a3
 580 03bf 00        	.byte0
 581 03c0 11        	.uleb128 0x11
 582 03c1 5F72 00   	.string"_r"
 583 03c4 07        	.byte0x7
 584 03c5 B7        	.byte0xb7
 585 03c6 0000 0085 	.long0x85
 586 03ca 04        	.byte0x4
 587 03cb 11        	.uleb128 0x11
 588 03cc 5F77 00   	.string"_w"
 589 03cf 07        	.byte0x7
 590 03d0 B8        	.byte0xb8
 591 03d1 0000 0085 	.long0x85
 592 03d5 08        	.byte0x8
 593 03d6 06        	.uleb128 0x6
 594 03d7 0000 0000 	.long.LASF66
 595 03db 07        	.byte0x7
 596 03dc B9        	.byte0xb9
 597 03dd 0000 0033 	.long0x33
 598 03e1 0C        	.byte0xc
 599 03e2 06        	.uleb128 0x6
 600 03e3 0000 0000 	.long.LASF67
 601 03e7 07        	.byte0x7
 602 03e8 BA        	.byte0xba
 603 03e9 0000 0033 	.long0x33
 604 03ed 0E        	.byte0xe
 605 03ee 11        	.uleb128 0x11
 606 03ef 5F62 6600 	.string"_bf"
 607 03f3 07        	.byte0x7
 608 03f4 BB        	.byte0xbb
 609 03f5 0000 037E 	.long0x37e
 610 03f9 10        	.byte0x10
 611 03fa 06        	.uleb128 0x6
 612 03fb 0000 0000 	.long.LASF68
 613 03ff 07        	.byte0x7
 614 0400 BC        	.byte0xbc
 615 0401 0000 0085 	.long0x85
 616 0405 18        	.byte0x18
 617 0406 06        	.uleb128 0x6
 618 0407 0000 0000 	.long.LASF69
 619 040b 07        	.byte0x7
 620 040c C3        	.byte0xc3
 621 040d 0000 01E4 	.long0x1e4
 622 0411 1C        	.byte0x1c
 623 0412 06        	.uleb128 0x6
68K GAS   			page 14


 624 0413 0000 0000 	.long.LASF70
 625 0417 07        	.byte0x7
 626 0418 C5        	.byte0xc5
 627 0419 0000 060A 	.long0x60a
 628 041d 20        	.byte0x20
 629 041e 06        	.uleb128 0x6
 630 041f 0000 0000 	.long.LASF71
 631 0423 07        	.byte0x7
 632 0424 C7        	.byte0xc7
 633 0425 0000 062E 	.long0x62e
 634 0429 24        	.byte0x24
 635 042a 06        	.uleb128 0x6
 636 042b 0000 0000 	.long.LASF72
 637 042f 07        	.byte0x7
 638 0430 CA        	.byte0xca
 639 0431 0000 0652 	.long0x652
 640 0435 28        	.byte0x28
 641 0436 06        	.uleb128 0x6
 642 0437 0000 0000 	.long.LASF73
 643 043b 07        	.byte0x7
 644 043c CB        	.byte0xcb
 645 043d 0000 066C 	.long0x66c
 646 0441 2C        	.byte0x2c
 647 0442 11        	.uleb128 0x11
 648 0443 5F75 6200 	.string"_ub"
 649 0447 07        	.byte0x7
 650 0448 CE        	.byte0xce
 651 0449 0000 037E 	.long0x37e
 652 044d 30        	.byte0x30
 653 044e 11        	.uleb128 0x11
 654 044f 5F75 7000 	.string"_up"
 655 0453 07        	.byte0x7
 656 0454 CF        	.byte0xcf
 657 0455 0000 03A3 	.long0x3a3
 658 0459 38        	.byte0x38
 659 045a 11        	.uleb128 0x11
 660 045b 5F75 7200 	.string"_ur"
 661 045f 07        	.byte0x7
 662 0460 D0        	.byte0xd0
 663 0461 0000 0085 	.long0x85
 664 0465 3C        	.byte0x3c
 665 0466 06        	.uleb128 0x6
 666 0467 0000 0000 	.long.LASF74
 667 046b 07        	.byte0x7
 668 046c D3        	.byte0xd3
 669 046d 0000 0672 	.long0x672
 670 0471 40        	.byte0x40
 671 0472 06        	.uleb128 0x6
 672 0473 0000 0000 	.long.LASF75
 673 0477 07        	.byte0x7
 674 0478 D4        	.byte0xd4
 675 0479 0000 0682 	.long0x682
 676 047d 43        	.byte0x43
 677 047e 11        	.uleb128 0x11
 678 047f 5F6C 6200 	.string"_lb"
 679 0483 07        	.byte0x7
 680 0484 D7        	.byte0xd7
68K GAS   			page 15


 681 0485 0000 037E 	.long0x37e
 682 0489 44        	.byte0x44
 683 048a 06        	.uleb128 0x6
 684 048b 0000 0000 	.long.LASF76
 685 048f 07        	.byte0x7
 686 0490 DA        	.byte0xda
 687 0491 0000 0085 	.long0x85
 688 0495 4C        	.byte0x4c
 689 0496 06        	.uleb128 0x6
 690 0497 0000 0000 	.long.LASF77
 691 049b 07        	.byte0x7
 692 049c DB        	.byte0xdb
 693 049d 0000 006F 	.long0x6f
 694 04a1 50        	.byte0x50
 695 04a2 06        	.uleb128 0x6
 696 04a3 0000 0000 	.long.LASF78
 697 04a7 07        	.byte0x7
 698 04a8 DE        	.byte0xde
 699 04a9 0000 04F1 	.long0x4f1
 700 04ad 58        	.byte0x58
 701 04ae 06        	.uleb128 0x6
 702 04af 0000 0000 	.long.LASF79
 703 04b3 07        	.byte0x7
 704 04b4 E2        	.byte0xe2
 705 04b5 0000 01D9 	.long0x1d9
 706 04b9 5C        	.byte0x5c
 707 04ba 06        	.uleb128 0x6
 708 04bb 0000 0000 	.long.LASF80
 709 04bf 07        	.byte0x7
 710 04c0 E4        	.byte0xe4
 711 04c1 0000 01CE 	.long0x1ce
 712 04c5 74        	.byte0x74
 713 04c6 06        	.uleb128 0x6
 714 04c7 0000 0000 	.long.LASF81
 715 04cb 07        	.byte0x7
 716 04cc E5        	.byte0xe5
 717 04cd 0000 0085 	.long0x85
 718 04d1 7C        	.byte0x7c
 719 04d2 00        	.byte0
 720 04d3 15        	.uleb128 0x15
 721 04d4 0000 0167 	.long0x167
 722 04d8 0000 04F1 	.long0x4f1
 723 04dc 16        	.uleb128 0x16
 724 04dd 0000 04F1 	.long0x4f1
 725 04e1 16        	.uleb128 0x16
 726 04e2 0000 01E4 	.long0x1e4
 727 04e6 16        	.uleb128 0x16
 728 04e7 0000 0604 	.long0x604
 729 04eb 16        	.uleb128 0x16
 730 04ec 0000 0085 	.long0x85
 731 04f0 00        	.byte0
 732 04f1 08        	.uleb128 0x8
 733 04f2 04        	.byte0x4
 734 04f3 0000 04FC 	.long0x4fc
 735 04f7 09        	.uleb128 0x9
 736 04f8 0000 04F1 	.long0x4f1
 737 04fc 17        	.uleb128 0x17
68K GAS   			page 16


 738 04fd 0000 0000 	.long.LASF82
 739 0501 0158      	.word0x158
 740 0503 07        	.byte0x7
 741 0504 0239      	.word0x239
 742 0506 0000 0604 	.long0x604
 743 050a 18        	.uleb128 0x18
 744 050b 0000 0000 	.long.LASF83
 745 050f 07        	.byte0x7
 746 0510 023B      	.word0x23b
 747 0512 0000 0085 	.long0x85
 748 0516 00        	.byte0
 749 0517 18        	.uleb128 0x18
 750 0518 0000 0000 	.long.LASF84
 751 051c 07        	.byte0x7
 752 051d 0240      	.word0x240
 753 051f 0000 06D9 	.long0x6d9
 754 0523 04        	.byte0x4
 755 0524 18        	.uleb128 0x18
 756 0525 0000 0000 	.long.LASF85
 757 0529 07        	.byte0x7
 758 052a 0240      	.word0x240
 759 052c 0000 06D9 	.long0x6d9
 760 0530 08        	.byte0x8
 761 0531 18        	.uleb128 0x18
 762 0532 0000 0000 	.long.LASF86
 763 0536 07        	.byte0x7
 764 0537 0240      	.word0x240
 765 0539 0000 06D9 	.long0x6d9
 766 053d 0C        	.byte0xc
 767 053e 18        	.uleb128 0x18
 768 053f 0000 0000 	.long.LASF87
 769 0543 07        	.byte0x7
 770 0544 0242      	.word0x242
 771 0546 0000 0085 	.long0x85
 772 054a 10        	.byte0x10
 773 054b 18        	.uleb128 0x18
 774 054c 0000 0000 	.long.LASF88
 775 0550 07        	.byte0x7
 776 0551 0243      	.word0x243
 777 0553 0000 08BB 	.long0x8bb
 778 0557 14        	.byte0x14
 779 0558 18        	.uleb128 0x18
 780 0559 0000 0000 	.long.LASF89
 781 055d 07        	.byte0x7
 782 055e 0246      	.word0x246
 783 0560 0000 0085 	.long0x85
 784 0564 30        	.byte0x30
 785 0565 18        	.uleb128 0x18
 786 0566 0000 0000 	.long.LASF90
 787 056a 07        	.byte0x7
 788 056b 0247      	.word0x247
 789 056d 0000 08D0 	.long0x8d0
 790 0571 34        	.byte0x34
 791 0572 18        	.uleb128 0x18
 792 0573 0000 0000 	.long.LASF91
 793 0577 07        	.byte0x7
 794 0578 0249      	.word0x249
68K GAS   			page 17


 795 057a 0000 0085 	.long0x85
 796 057e 38        	.byte0x38
 797 057f 18        	.uleb128 0x18
 798 0580 0000 0000 	.long.LASF92
 799 0584 07        	.byte0x7
 800 0585 024B      	.word0x24b
 801 0587 0000 08E1 	.long0x8e1
 802 058b 3C        	.byte0x3c
 803 058c 18        	.uleb128 0x18
 804 058d 0000 0000 	.long.LASF93
 805 0591 07        	.byte0x7
 806 0592 024E      	.word0x24e
 807 0594 0000 0244 	.long0x244
 808 0598 40        	.byte0x40
 809 0599 18        	.uleb128 0x18
 810 059a 0000 0000 	.long.LASF94
 811 059e 07        	.byte0x7
 812 059f 024F      	.word0x24f
 813 05a1 0000 0085 	.long0x85
 814 05a5 44        	.byte0x44
 815 05a6 18        	.uleb128 0x18
 816 05a7 0000 0000 	.long.LASF95
 817 05ab 07        	.byte0x7
 818 05ac 0250      	.word0x250
 819 05ae 0000 0244 	.long0x244
 820 05b2 48        	.byte0x48
 821 05b3 18        	.uleb128 0x18
 822 05b4 0000 0000 	.long.LASF96
 823 05b8 07        	.byte0x7
 824 05b9 0251      	.word0x251
 825 05bb 0000 08E7 	.long0x8e7
 826 05bf 4C        	.byte0x4c
 827 05c0 18        	.uleb128 0x18
 828 05c1 0000 0000 	.long.LASF97
 829 05c5 07        	.byte0x7
 830 05c6 0254      	.word0x254
 831 05c8 0000 0085 	.long0x85
 832 05cc 50        	.byte0x50
 833 05cd 18        	.uleb128 0x18
 834 05ce 0000 0000 	.long.LASF98
 835 05d2 07        	.byte0x7
 836 05d3 0255      	.word0x255
 837 05d5 0000 0604 	.long0x604
 838 05d9 54        	.byte0x54
 839 05da 18        	.uleb128 0x18
 840 05db 0000 0000 	.long.LASF99
 841 05df 07        	.byte0x7
 842 05e0 0278      	.word0x278
 843 05e2 0000 0899 	.long0x899
 844 05e6 58        	.byte0x58
 845 05e7 19        	.uleb128 0x19
 846 05e8 0000 0000 	.long.LASF100
 847 05ec 07        	.byte0x7
 848 05ed 0281      	.word0x281
 849 05ef 0000 08F8 	.long0x8f8
 850 05f3 0148      	.word0x148
 851 05f5 19        	.uleb128 0x19
68K GAS   			page 18


 852 05f6 0000 0000 	.long.LASF101
 853 05fa 07        	.byte0x7
 854 05fb 0286      	.word0x286
 855 05fd 0000 069E 	.long0x69e
 856 0601 014C      	.word0x14c
 857 0603 00        	.byte0
 858 0604 08        	.uleb128 0x8
 859 0605 04        	.byte0x4
 860 0606 0000 0111 	.long0x111
 861 060a 08        	.uleb128 0x8
 862 060b 04        	.byte0x4
 863 060c 0000 04D3 	.long0x4d3
 864 0610 15        	.uleb128 0x15
 865 0611 0000 0167 	.long0x167
 866 0615 0000 062E 	.long0x62e
 867 0619 16        	.uleb128 0x16
 868 061a 0000 04F1 	.long0x4f1
 869 061e 16        	.uleb128 0x16
 870 061f 0000 01E4 	.long0x1e4
 871 0623 16        	.uleb128 0x16
 872 0624 0000 010B 	.long0x10b
 873 0628 16        	.uleb128 0x16
 874 0629 0000 0085 	.long0x85
 875 062d 00        	.byte0
 876 062e 08        	.uleb128 0x8
 877 062f 04        	.byte0x4
 878 0630 0000 0610 	.long0x610
 879 0634 15        	.uleb128 0x15
 880 0635 0000 007A 	.long0x7a
 881 0639 0000 0652 	.long0x652
 882 063d 16        	.uleb128 0x16
 883 063e 0000 04F1 	.long0x4f1
 884 0642 16        	.uleb128 0x16
 885 0643 0000 01E4 	.long0x1e4
 886 0647 16        	.uleb128 0x16
 887 0648 0000 007A 	.long0x7a
 888 064c 16        	.uleb128 0x16
 889 064d 0000 0085 	.long0x85
 890 0651 00        	.byte0
 891 0652 08        	.uleb128 0x8
 892 0653 04        	.byte0x4
 893 0654 0000 0634 	.long0x634
 894 0658 15        	.uleb128 0x15
 895 0659 0000 0085 	.long0x85
 896 065d 0000 066C 	.long0x66c
 897 0661 16        	.uleb128 0x16
 898 0662 0000 04F1 	.long0x4f1
 899 0666 16        	.uleb128 0x16
 900 0667 0000 01E4 	.long0x1e4
 901 066b 00        	.byte0
 902 066c 08        	.uleb128 0x8
 903 066d 04        	.byte0x4
 904 066e 0000 0658 	.long0x658
 905 0672 0D        	.uleb128 0xd
 906 0673 0000 002C 	.long0x2c
 907 0677 0000 0682 	.long0x682
 908 067b 0E        	.uleb128 0xe
68K GAS   			page 19


 909 067c 0000 0048 	.long0x48
 910 0680 02        	.byte0x2
 911 0681 00        	.byte0
 912 0682 0D        	.uleb128 0xd
 913 0683 0000 002C 	.long0x2c
 914 0687 0000 0692 	.long0x692
 915 068b 0E        	.uleb128 0xe
 916 068c 0000 0048 	.long0x48
 917 0690 00        	.byte0
 918 0691 00        	.byte0
 919 0692 0A        	.uleb128 0xa
 920 0693 0000 0000 	.long.LASF102
 921 0697 07        	.byte0x7
 922 0698 011F      	.word0x11f
 923 069a 0000 03A9 	.long0x3a9
 924 069e 1A        	.uleb128 0x1a
 925 069f 0000 0000 	.long.LASF103
 926 06a3 0C        	.byte0xc
 927 06a4 07        	.byte0x7
 928 06a5 0123      	.word0x123
 929 06a7 0000 06D3 	.long0x6d3
 930 06ab 18        	.uleb128 0x18
 931 06ac 0000 0000 	.long.LASF40
 932 06b0 07        	.byte0x7
 933 06b1 0125      	.word0x125
 934 06b3 0000 06D3 	.long0x6d3
 935 06b7 00        	.byte0
 936 06b8 18        	.uleb128 0x18
 937 06b9 0000 0000 	.long.LASF104
 938 06bd 07        	.byte0x7
 939 06be 0126      	.word0x126
 940 06c0 0000 0085 	.long0x85
 941 06c4 04        	.byte0x4
 942 06c5 18        	.uleb128 0x18
 943 06c6 0000 0000 	.long.LASF105
 944 06ca 07        	.byte0x7
 945 06cb 0127      	.word0x127
 946 06cd 0000 06D9 	.long0x6d9
 947 06d1 08        	.byte0x8
 948 06d2 00        	.byte0
 949 06d3 08        	.uleb128 0x8
 950 06d4 04        	.byte0x4
 951 06d5 0000 069E 	.long0x69e
 952 06d9 08        	.uleb128 0x8
 953 06da 04        	.byte0x4
 954 06db 0000 0692 	.long0x692
 955 06df 1A        	.uleb128 0x1a
 956 06e0 0000 0000 	.long.LASF106
 957 06e4 0E        	.byte0xe
 958 06e5 07        	.byte0x7
 959 06e6 013F      	.word0x13f
 960 06e8 0000 0714 	.long0x714
 961 06ec 18        	.uleb128 0x18
 962 06ed 0000 0000 	.long.LASF107
 963 06f1 07        	.byte0x7
 964 06f2 0140      	.word0x140
 965 06f4 0000 0714 	.long0x714
68K GAS   			page 20


 966 06f8 00        	.byte0
 967 06f9 18        	.uleb128 0x18
 968 06fa 0000 0000 	.long.LASF108
 969 06fe 07        	.byte0x7
 970 06ff 0141      	.word0x141
 971 0701 0000 0714 	.long0x714
 972 0705 06        	.byte0x6
 973 0706 18        	.uleb128 0x18
 974 0707 0000 0000 	.long.LASF109
 975 070b 07        	.byte0x7
 976 070c 0142      	.word0x142
 977 070e 0000 003A 	.long0x3a
 978 0712 0C        	.byte0xc
 979 0713 00        	.byte0
 980 0714 0D        	.uleb128 0xd
 981 0715 0000 003A 	.long0x3a
 982 0719 0000 0724 	.long0x724
 983 071d 0E        	.uleb128 0xe
 984 071e 0000 0048 	.long0x48
 985 0722 02        	.byte0x2
 986 0723 00        	.byte0
 987 0724 1B        	.uleb128 0x1b
 988 0725 CC        	.byte0xcc
 989 0726 07        	.byte0x7
 990 0727 0259      	.word0x259
 991 0729 0000 0825 	.long0x825
 992 072d 18        	.uleb128 0x18
 993 072e 0000 0000 	.long.LASF110
 994 0732 07        	.byte0x7
 995 0733 025B      	.word0x25b
 996 0735 0000 00B1 	.long0xb1
 997 0739 00        	.byte0
 998 073a 18        	.uleb128 0x18
 999 073b 0000 0000 	.long.LASF111
 1000 073f 07        	.byte0x7
 1001 0740 025C      	.word0x25c
 1002 0742 0000 0604 	.long0x604
 1003 0746 04        	.byte0x4
 1004 0747 18        	.uleb128 0x18
 1005 0748 0000 0000 	.long.LASF112
 1006 074c 07        	.byte0x7
 1007 074d 025D      	.word0x25d
 1008 074f 0000 0825 	.long0x825
 1009 0753 08        	.byte0x8
 1010 0754 18        	.uleb128 0x18
 1011 0755 0000 0000 	.long.LASF113
 1012 0759 07        	.byte0x7
 1013 075a 025E      	.word0x25e
 1014 075c 0000 025A 	.long0x25a
 1015 0760 24        	.byte0x24
 1016 0761 18        	.uleb128 0x18
 1017 0762 0000 0000 	.long.LASF114
 1018 0766 07        	.byte0x7
 1019 0767 025F      	.word0x25f
 1020 0769 0000 0085 	.long0x85
 1021 076d 48        	.byte0x48
 1022 076e 18        	.uleb128 0x18
68K GAS   			page 21


 1023 076f 0000 0000 	.long.LASF115
 1024 0773 07        	.byte0x7
 1025 0774 0260      	.word0x260
 1026 0776 0000 0061 	.long0x61
 1027 077a 4C        	.byte0x4c
 1028 077b 18        	.uleb128 0x18
 1029 077c 0000 0000 	.long.LASF116
 1030 0780 07        	.byte0x7
 1031 0781 0261      	.word0x261
 1032 0783 0000 06DF 	.long0x6df
 1033 0787 54        	.byte0x54
 1034 0788 18        	.uleb128 0x18
 1035 0789 0000 0000 	.long.LASF117
 1036 078d 07        	.byte0x7
 1037 078e 0262      	.word0x262
 1038 0790 0000 01CE 	.long0x1ce
 1039 0794 64        	.byte0x64
 1040 0795 18        	.uleb128 0x18
 1041 0796 0000 0000 	.long.LASF118
 1042 079a 07        	.byte0x7
 1043 079b 0263      	.word0x263
 1044 079d 0000 01CE 	.long0x1ce
 1045 07a1 6C        	.byte0x6c
 1046 07a2 18        	.uleb128 0x18
 1047 07a3 0000 0000 	.long.LASF119
 1048 07a7 07        	.byte0x7
 1049 07a8 0264      	.word0x264
 1050 07aa 0000 01CE 	.long0x1ce
 1051 07ae 74        	.byte0x74
 1052 07af 18        	.uleb128 0x18
 1053 07b0 0000 0000 	.long.LASF120
 1054 07b4 07        	.byte0x7
 1055 07b5 0265      	.word0x265
 1056 07b7 0000 0835 	.long0x835
 1057 07bb 7C        	.byte0x7c
 1058 07bc 18        	.uleb128 0x18
 1059 07bd 0000 0000 	.long.LASF121
 1060 07c1 07        	.byte0x7
 1061 07c2 0266      	.word0x266
 1062 07c4 0000 0845 	.long0x845
 1063 07c8 84        	.byte0x84
 1064 07c9 18        	.uleb128 0x18
 1065 07ca 0000 0000 	.long.LASF122
 1066 07ce 07        	.byte0x7
 1067 07cf 0267      	.word0x267
 1068 07d1 0000 0085 	.long0x85
 1069 07d5 9C        	.byte0x9c
 1070 07d6 18        	.uleb128 0x18
 1071 07d7 0000 0000 	.long.LASF123
 1072 07db 07        	.byte0x7
 1073 07dc 0268      	.word0x268
 1074 07de 0000 01CE 	.long0x1ce
 1075 07e2 A0        	.byte0xa0
 1076 07e3 18        	.uleb128 0x18
 1077 07e4 0000 0000 	.long.LASF124
 1078 07e8 07        	.byte0x7
 1079 07e9 0269      	.word0x269
68K GAS   			page 22


 1080 07eb 0000 01CE 	.long0x1ce
 1081 07ef A8        	.byte0xa8
 1082 07f0 18        	.uleb128 0x18
 1083 07f1 0000 0000 	.long.LASF125
 1084 07f5 07        	.byte0x7
 1085 07f6 026A      	.word0x26a
 1086 07f8 0000 01CE 	.long0x1ce
 1087 07fc B0        	.byte0xb0
 1088 07fd 18        	.uleb128 0x18
 1089 07fe 0000 0000 	.long.LASF126
 1090 0802 07        	.byte0x7
 1091 0803 026B      	.word0x26b
 1092 0805 0000 01CE 	.long0x1ce
 1093 0809 B8        	.byte0xb8
 1094 080a 18        	.uleb128 0x18
 1095 080b 0000 0000 	.long.LASF127
 1096 080f 07        	.byte0x7
 1097 0810 026C      	.word0x26c
 1098 0812 0000 01CE 	.long0x1ce
 1099 0816 C0        	.byte0xc0
 1100 0817 18        	.uleb128 0x18
 1101 0818 0000 0000 	.long.LASF128
 1102 081c 07        	.byte0x7
 1103 081d 026D      	.word0x26d
 1104 081f 0000 0085 	.long0x85
 1105 0823 C8        	.byte0xc8
 1106 0824 00        	.byte0
 1107 0825 0D        	.uleb128 0xd
 1108 0826 0000 0111 	.long0x111
 1109 082a 0000 0835 	.long0x835
 1110 082e 0E        	.uleb128 0xe
 1111 082f 0000 0048 	.long0x48
 1112 0833 19        	.byte0x19
 1113 0834 00        	.byte0
 1114 0835 0D        	.uleb128 0xd
 1115 0836 0000 0111 	.long0x111
 1116 083a 0000 0845 	.long0x845
 1117 083e 0E        	.uleb128 0xe
 1118 083f 0000 0048 	.long0x48
 1119 0843 07        	.byte0x7
 1120 0844 00        	.byte0
 1121 0845 0D        	.uleb128 0xd
 1122 0846 0000 0111 	.long0x111
 1123 084a 0000 0855 	.long0x855
 1124 084e 0E        	.uleb128 0xe
 1125 084f 0000 0048 	.long0x48
 1126 0853 17        	.byte0x17
 1127 0854 00        	.byte0
 1128 0855 1B        	.uleb128 0x1b
 1129 0856 F0        	.byte0xf0
 1130 0857 07        	.byte0x7
 1131 0858 0272      	.word0x272
 1132 085a 0000 0879 	.long0x879
 1133 085e 18        	.uleb128 0x18
 1134 085f 0000 0000 	.long.LASF129
 1135 0863 07        	.byte0x7
 1136 0864 0275      	.word0x275
68K GAS   			page 23


 1137 0866 0000 0879 	.long0x879
 1138 086a 00        	.byte0
 1139 086b 18        	.uleb128 0x18
 1140 086c 0000 0000 	.long.LASF130
 1141 0870 07        	.byte0x7
 1142 0871 0276      	.word0x276
 1143 0873 0000 0889 	.long0x889
 1144 0877 78        	.byte0x78
 1145 0878 00        	.byte0
 1146 0879 0D        	.uleb128 0xd
 1147 087a 0000 03A3 	.long0x3a3
 1148 087e 0000 0889 	.long0x889
 1149 0882 0E        	.uleb128 0xe
 1150 0883 0000 0048 	.long0x48
 1151 0887 1D        	.byte0x1d
 1152 0888 00        	.byte0
 1153 0889 0D        	.uleb128 0xd
 1154 088a 0000 00B1 	.long0xb1
 1155 088e 0000 0899 	.long0x899
 1156 0892 0E        	.uleb128 0xe
 1157 0893 0000 0048 	.long0x48
 1158 0897 1D        	.byte0x1d
 1159 0898 00        	.byte0
 1160 0899 1C        	.uleb128 0x1c
 1161 089a F0        	.byte0xf0
 1162 089b 07        	.byte0x7
 1163 089c 0257      	.word0x257
 1164 089e 0000 08BB 	.long0x8bb
 1165 08a2 1D        	.uleb128 0x1d
 1166 08a3 0000 0000 	.long.LASF82
 1167 08a7 07        	.byte0x7
 1168 08a8 026E      	.word0x26e
 1169 08aa 0000 0724 	.long0x724
 1170 08ae 1D        	.uleb128 0x1d
 1171 08af 0000 0000 	.long.LASF131
 1172 08b3 07        	.byte0x7
 1173 08b4 0277      	.word0x277
 1174 08b6 0000 0855 	.long0x855
 1175 08ba 00        	.byte0
 1176 08bb 0D        	.uleb128 0xd
 1177 08bc 0000 0111 	.long0x111
 1178 08c0 0000 08CB 	.long0x8cb
 1179 08c4 0E        	.uleb128 0xe
 1180 08c5 0000 0048 	.long0x48
 1181 08c9 18        	.byte0x18
 1182 08ca 00        	.byte0
 1183 08cb 07        	.uleb128 0x7
 1184 08cc 0000 0000 	.long.LASF132
 1185 08d0 08        	.uleb128 0x8
 1186 08d1 04        	.byte0x4
 1187 08d2 0000 08CB 	.long0x8cb
 1188 08d6 1E        	.uleb128 0x1e
 1189 08d7 0000 08E1 	.long0x8e1
 1190 08db 16        	.uleb128 0x16
 1191 08dc 0000 04F1 	.long0x4f1
 1192 08e0 00        	.byte0
 1193 08e1 08        	.uleb128 0x8
68K GAS   			page 24


 1194 08e2 04        	.byte0x4
 1195 08e3 0000 08D6 	.long0x8d6
 1196 08e7 08        	.uleb128 0x8
 1197 08e8 04        	.byte0x4
 1198 08e9 0000 0244 	.long0x244
 1199 08ed 1E        	.uleb128 0x1e
 1200 08ee 0000 08F8 	.long0x8f8
 1201 08f2 16        	.uleb128 0x16
 1202 08f3 0000 0085 	.long0x85
 1203 08f7 00        	.byte0
 1204 08f8 08        	.uleb128 0x8
 1205 08f9 04        	.byte0x4
 1206 08fa 0000 08FE 	.long0x8fe
 1207 08fe 08        	.uleb128 0x8
 1208 08ff 04        	.byte0x4
 1209 0900 0000 08ED 	.long0x8ed
 1210 0904 0D        	.uleb128 0xd
 1211 0905 0000 0692 	.long0x692
 1212 0909 0000 0914 	.long0x914
 1213 090d 0E        	.uleb128 0xe
 1214 090e 0000 0048 	.long0x48
 1215 0912 02        	.byte0x2
 1216 0913 00        	.byte0
 1217 0914 1F        	.uleb128 0x1f
 1218 0915 0000 0000 	.long.LASF133
 1219 0919 07        	.byte0x7
 1220 091a 028D      	.word0x28d
 1221 091c 0000 0904 	.long0x904
 1222 0920 1F        	.uleb128 0x1f
 1223 0921 0000 0000 	.long.LASF134
 1224 0925 07        	.byte0x7
 1225 0926 0307      	.word0x307
 1226 0928 0000 04F1 	.long0x4f1
 1227 092c 1F        	.uleb128 0x1f
 1228 092d 0000 0000 	.long.LASF135
 1229 0931 07        	.byte0x7
 1230 0932 0308      	.word0x308
 1231 0934 0000 04F7 	.long0x4f7
 1232 0938 1F        	.uleb128 0x1f
 1233 0939 0000 0000 	.long.LASF136
 1234 093d 07        	.byte0x7
 1235 093e 031A      	.word0x31a
 1236 0940 0000 0361 	.long0x361
 1237 0944 20        	.uleb128 0x20
 1238 0945 0000 0000 	.long.LASF137
 1239 0949 08        	.byte0x8
 1240 094a 10        	.byte0x10
 1241 094b 0000 094F 	.long0x94f
 1242 094f 08        	.uleb128 0x8
 1243 0950 04        	.byte0x4
 1244 0951 0000 0604 	.long0x604
 1245 0955 20        	.uleb128 0x20
 1246 0956 0000 0000 	.long.LASF138
 1247 095a 08        	.byte0x8
 1248 095b FC        	.byte0xfc
 1249 095c 0000 0604 	.long0x604
 1250 0960 20        	.uleb128 0x20
68K GAS   			page 25


 1251 0961 0000 0000 	.long.LASF139
 1252 0965 08        	.byte0x8
 1253 0966 FD        	.byte0xfd
 1254 0967 0000 0085 	.long0x85
 1255 096b 20        	.uleb128 0x20
 1256 096c 0000 0000 	.long.LASF140
 1257 0970 08        	.byte0x8
 1258 0971 FD        	.byte0xfd
 1259 0972 0000 0085 	.long0x85
 1260 0976 20        	.uleb128 0x20
 1261 0977 0000 0000 	.long.LASF141
 1262 097b 08        	.byte0x8
 1263 097c FD        	.byte0xfd
 1264 097d 0000 0085 	.long0x85
 1265 0981 20        	.uleb128 0x20
 1266 0982 0000 0000 	.long.LASF142
 1267 0986 08        	.byte0x8
 1268 0987 FF        	.byte0xff
 1269 0988 0000 0085 	.long0x85
 1270 098c 20        	.uleb128 0x20
 1271 098d 0000 0000 	.long.LASF143
 1272 0991 09        	.byte0x9
 1273 0992 63        	.byte0x63
 1274 0993 0000 0604 	.long0x604
 1275 0997 03        	.uleb128 0x3
 1276 0998 0000 0000 	.long.LASF144
 1277 099c 0A        	.byte0xa
 1278 099d E9        	.byte0xe9
 1279 099e 0000 0041 	.long0x41
 1280 09a2 03        	.uleb128 0x3
 1281 09a3 0000 0000 	.long.LASF145
 1282 09a7 0A        	.byte0xa
 1283 09a8 ED        	.byte0xed
 1284 09a9 0000 0048 	.long0x48
 1285 09ad 20        	.uleb128 0x20
 1286 09ae 0000 0000 	.long.LASF146
 1287 09b2 0B        	.byte0xb
 1288 09b3 9A        	.byte0x9a
 1289 09b4 0000 0041 	.long0x41
 1290 09b8 20        	.uleb128 0x20
 1291 09b9 0000 0000 	.long.LASF147
 1292 09bd 0B        	.byte0xb
 1293 09be 9B        	.byte0x9b
 1294 09bf 0000 0085 	.long0x85
 1295 09c3 0D        	.uleb128 0xd
 1296 09c4 0000 0604 	.long0x604
 1297 09c8 0000 09D3 	.long0x9d3
 1298 09cc 0E        	.uleb128 0xe
 1299 09cd 0000 0048 	.long0x48
 1300 09d1 01        	.byte0x1
 1301 09d2 00        	.byte0
 1302 09d3 20        	.uleb128 0x20
 1303 09d4 0000 0000 	.long.LASF148
 1304 09d8 0B        	.byte0xb
 1305 09d9 9E        	.byte0x9e
 1306 09da 0000 09C3 	.long0x9c3
 1307 09de 21        	.uleb128 0x21
68K GAS   			page 26


 1308 09df 0000 0000 	.long.LASF157
 1309 09e3 01        	.byte0x1
 1310 09e4 54        	.byte0x54
 1311 09e5 0000 0997 	.long0x997
 1312 09e9 0000 0000 	.long.LFB59
 1313 09ed 0000 004C 	.long.LFE59-.LFB59
 1314 09f1 01        	.uleb128 0x1
 1315 09f2 9C        	.byte0x9c
 1316 09f3 0000 0A30 	.long0xa30
 1317 09f7 22        	.uleb128 0x22
 1318 09f8 0000 0000 	.long.LASF149
 1319 09fc 01        	.byte0x1
 1320 09fd 54        	.byte0x54
 1321 09fe 0000 0604 	.long0x604
 1322 0a02 02        	.uleb128 0x2
 1323 0a03 91        	.byte0x91
 1324 0a04 00        	.sleb128 0
 1325 0a05 22        	.uleb128 0x22
 1326 0a06 0000 0000 	.long.LASF150
 1327 0a0a 01        	.byte0x1
 1328 0a0b 54        	.byte0x54
 1329 0a0c 0000 09A2 	.long0x9a2
 1330 0a10 02        	.uleb128 0x2
 1331 0a11 91        	.byte0x91
 1332 0a12 04        	.sleb128 4
 1333 0a13 23        	.uleb128 0x23
 1334 0a14 0000 0000 	.long.LASF151
 1335 0a18 01        	.byte0x1
 1336 0a19 58        	.byte0x58
 1337 0a1a 0000 0085 	.long0x85
 1338 0a1e 02        	.uleb128 0x2
 1339 0a1f 91        	.byte0x91
 1340 0a20 74        	.sleb128 -12
 1341 0a21 23        	.uleb128 0x23
 1342 0a22 0000 0000 	.long.LASF152
 1343 0a26 01        	.byte0x1
 1344 0a27 59        	.byte0x59
 1345 0a28 0000 09A2 	.long0x9a2
 1346 0a2c 02        	.uleb128 0x2
 1347 0a2d 91        	.byte0x91
 1348 0a2e 78        	.sleb128 -8
 1349 0a2f 00        	.byte0
 1350 0a30 24        	.uleb128 0x24
 1351 0a31 0000 0000 	.long.LASF158
 1352 0a35 01        	.byte0x1
 1353 0a36 38        	.byte0x38
 1354 0a37 0000 0997 	.long0x997
 1355 0a3b 0000 0000 	.long.LFB58
 1356 0a3f 0000 001A 	.long.LFE58-.LFB58
 1357 0a43 01        	.uleb128 0x1
 1358 0a44 9C        	.byte0x9c
 1359 0a45 23        	.uleb128 0x23
 1360 0a46 0000 0000 	.long.LASF153
 1361 0a4a 01        	.byte0x1
 1362 0a4b 3B        	.byte0x3b
 1363 0a4c 0000 0085 	.long0x85
 1364 0a50 02        	.uleb128 0x2
68K GAS   			page 27


 1365 0a51 91        	.byte0x91
 1366 0a52 78        	.sleb128 -8
 1367 0a53 00        	.byte0
 1368 0a54 00        	.byte0
 1369               	.section.debug_abbrev,"",@progbits
 1370               	.Ldebug_abbrev0:
 1371 0000 01        	.uleb128 0x1
 1372 0001 11        	.uleb128 0x11
 1373 0002 01        	.byte0x1
 1374 0003 25        	.uleb128 0x25
 1375 0004 0E        	.uleb128 0xe
 1376 0005 13        	.uleb128 0x13
 1377 0006 0B        	.uleb128 0xb
 1378 0007 03        	.uleb128 0x3
 1379 0008 0E        	.uleb128 0xe
 1380 0009 1B        	.uleb128 0x1b
 1381 000a 0E        	.uleb128 0xe
 1382 000b 11        	.uleb128 0x11
 1383 000c 01        	.uleb128 0x1
 1384 000d 12        	.uleb128 0x12
 1385 000e 06        	.uleb128 0x6
 1386 000f 10        	.uleb128 0x10
 1387 0010 17        	.uleb128 0x17
 1388 0011 00        	.byte0
 1389 0012 00        	.byte0
 1390 0013 02        	.uleb128 0x2
 1391 0014 24        	.uleb128 0x24
 1392 0015 00        	.byte0
 1393 0016 0B        	.uleb128 0xb
 1394 0017 0B        	.uleb128 0xb
 1395 0018 3E        	.uleb128 0x3e
 1396 0019 0B        	.uleb128 0xb
 1397 001a 03        	.uleb128 0x3
 1398 001b 0E        	.uleb128 0xe
 1399 001c 00        	.byte0
 1400 001d 00        	.byte0
 1401 001e 03        	.uleb128 0x3
 1402 001f 16        	.uleb128 0x16
 1403 0020 00        	.byte0
 1404 0021 03        	.uleb128 0x3
 1405 0022 0E        	.uleb128 0xe
 1406 0023 3A        	.uleb128 0x3a
 1407 0024 0B        	.uleb128 0xb
 1408 0025 3B        	.uleb128 0x3b
 1409 0026 0B        	.uleb128 0xb
 1410 0027 49        	.uleb128 0x49
 1411 0028 13        	.uleb128 0x13
 1412 0029 00        	.byte0
 1413 002a 00        	.byte0
 1414 002b 04        	.uleb128 0x4
 1415 002c 24        	.uleb128 0x24
 1416 002d 00        	.byte0
 1417 002e 0B        	.uleb128 0xb
 1418 002f 0B        	.uleb128 0xb
 1419 0030 3E        	.uleb128 0x3e
 1420 0031 0B        	.uleb128 0xb
 1421 0032 03        	.uleb128 0x3
68K GAS   			page 28


 1422 0033 08        	.uleb128 0x8
 1423 0034 00        	.byte0
 1424 0035 00        	.byte0
 1425 0036 05        	.uleb128 0x5
 1426 0037 13        	.uleb128 0x13
 1427 0038 01        	.byte0x1
 1428 0039 03        	.uleb128 0x3
 1429 003a 0E        	.uleb128 0xe
 1430 003b 0B        	.uleb128 0xb
 1431 003c 0B        	.uleb128 0xb
 1432 003d 3A        	.uleb128 0x3a
 1433 003e 0B        	.uleb128 0xb
 1434 003f 3B        	.uleb128 0x3b
 1435 0040 0B        	.uleb128 0xb
 1436 0041 01        	.uleb128 0x1
 1437 0042 13        	.uleb128 0x13
 1438 0043 00        	.byte0
 1439 0044 00        	.byte0
 1440 0045 06        	.uleb128 0x6
 1441 0046 0D        	.uleb128 0xd
 1442 0047 00        	.byte0
 1443 0048 03        	.uleb128 0x3
 1444 0049 0E        	.uleb128 0xe
 1445 004a 3A        	.uleb128 0x3a
 1446 004b 0B        	.uleb128 0xb
 1447 004c 3B        	.uleb128 0x3b
 1448 004d 0B        	.uleb128 0xb
 1449 004e 49        	.uleb128 0x49
 1450 004f 13        	.uleb128 0x13
 1451 0050 38        	.uleb128 0x38
 1452 0051 0B        	.uleb128 0xb
 1453 0052 00        	.byte0
 1454 0053 00        	.byte0
 1455 0054 07        	.uleb128 0x7
 1456 0055 13        	.uleb128 0x13
 1457 0056 00        	.byte0
 1458 0057 03        	.uleb128 0x3
 1459 0058 0E        	.uleb128 0xe
 1460 0059 3C        	.uleb128 0x3c
 1461 005a 19        	.uleb128 0x19
 1462 005b 00        	.byte0
 1463 005c 00        	.byte0
 1464 005d 08        	.uleb128 0x8
 1465 005e 0F        	.uleb128 0xf
 1466 005f 00        	.byte0
 1467 0060 0B        	.uleb128 0xb
 1468 0061 0B        	.uleb128 0xb
 1469 0062 49        	.uleb128 0x49
 1470 0063 13        	.uleb128 0x13
 1471 0064 00        	.byte0
 1472 0065 00        	.byte0
 1473 0066 09        	.uleb128 0x9
 1474 0067 26        	.uleb128 0x26
 1475 0068 00        	.byte0
 1476 0069 49        	.uleb128 0x49
 1477 006a 13        	.uleb128 0x13
 1478 006b 00        	.byte0
68K GAS   			page 29


 1479 006c 00        	.byte0
 1480 006d 0A        	.uleb128 0xa
 1481 006e 16        	.uleb128 0x16
 1482 006f 00        	.byte0
 1483 0070 03        	.uleb128 0x3
 1484 0071 0E        	.uleb128 0xe
 1485 0072 3A        	.uleb128 0x3a
 1486 0073 0B        	.uleb128 0xb
 1487 0074 3B        	.uleb128 0x3b
 1488 0075 05        	.uleb128 0x5
 1489 0076 49        	.uleb128 0x49
 1490 0077 13        	.uleb128 0x13
 1491 0078 00        	.byte0
 1492 0079 00        	.byte0
 1493 007a 0B        	.uleb128 0xb
 1494 007b 17        	.uleb128 0x17
 1495 007c 01        	.byte0x1
 1496 007d 0B        	.uleb128 0xb
 1497 007e 0B        	.uleb128 0xb
 1498 007f 3A        	.uleb128 0x3a
 1499 0080 0B        	.uleb128 0xb
 1500 0081 3B        	.uleb128 0x3b
 1501 0082 0B        	.uleb128 0xb
 1502 0083 01        	.uleb128 0x1
 1503 0084 13        	.uleb128 0x13
 1504 0085 00        	.byte0
 1505 0086 00        	.byte0
 1506 0087 0C        	.uleb128 0xc
 1507 0088 0D        	.uleb128 0xd
 1508 0089 00        	.byte0
 1509 008a 03        	.uleb128 0x3
 1510 008b 0E        	.uleb128 0xe
 1511 008c 3A        	.uleb128 0x3a
 1512 008d 0B        	.uleb128 0xb
 1513 008e 3B        	.uleb128 0x3b
 1514 008f 0B        	.uleb128 0xb
 1515 0090 49        	.uleb128 0x49
 1516 0091 13        	.uleb128 0x13
 1517 0092 00        	.byte0
 1518 0093 00        	.byte0
 1519 0094 0D        	.uleb128 0xd
 1520 0095 01        	.uleb128 0x1
 1521 0096 01        	.byte0x1
 1522 0097 49        	.uleb128 0x49
 1523 0098 13        	.uleb128 0x13
 1524 0099 01        	.uleb128 0x1
 1525 009a 13        	.uleb128 0x13
 1526 009b 00        	.byte0
 1527 009c 00        	.byte0
 1528 009d 0E        	.uleb128 0xe
 1529 009e 21        	.uleb128 0x21
 1530 009f 00        	.byte0
 1531 00a0 49        	.uleb128 0x49
 1532 00a1 13        	.uleb128 0x13
 1533 00a2 2F        	.uleb128 0x2f
 1534 00a3 0B        	.uleb128 0xb
 1535 00a4 00        	.byte0
68K GAS   			page 30


 1536 00a5 00        	.byte0
 1537 00a6 0F        	.uleb128 0xf
 1538 00a7 13        	.uleb128 0x13
 1539 00a8 01        	.byte0x1
 1540 00a9 0B        	.uleb128 0xb
 1541 00aa 0B        	.uleb128 0xb
 1542 00ab 3A        	.uleb128 0x3a
 1543 00ac 0B        	.uleb128 0xb
 1544 00ad 3B        	.uleb128 0x3b
 1545 00ae 0B        	.uleb128 0xb
 1546 00af 01        	.uleb128 0x1
 1547 00b0 13        	.uleb128 0x13
 1548 00b1 00        	.byte0
 1549 00b2 00        	.byte0
 1550 00b3 10        	.uleb128 0x10
 1551 00b4 0F        	.uleb128 0xf
 1552 00b5 00        	.byte0
 1553 00b6 0B        	.uleb128 0xb
 1554 00b7 0B        	.uleb128 0xb
 1555 00b8 00        	.byte0
 1556 00b9 00        	.byte0
 1557 00ba 11        	.uleb128 0x11
 1558 00bb 0D        	.uleb128 0xd
 1559 00bc 00        	.byte0
 1560 00bd 03        	.uleb128 0x3
 1561 00be 08        	.uleb128 0x8
 1562 00bf 3A        	.uleb128 0x3a
 1563 00c0 0B        	.uleb128 0xb
 1564 00c1 3B        	.uleb128 0x3b
 1565 00c2 0B        	.uleb128 0xb
 1566 00c3 49        	.uleb128 0x49
 1567 00c4 13        	.uleb128 0x13
 1568 00c5 38        	.uleb128 0x38
 1569 00c6 0B        	.uleb128 0xb
 1570 00c7 00        	.byte0
 1571 00c8 00        	.byte0
 1572 00c9 12        	.uleb128 0x12
 1573 00ca 13        	.uleb128 0x13
 1574 00cb 01        	.byte0x1
 1575 00cc 03        	.uleb128 0x3
 1576 00cd 0E        	.uleb128 0xe
 1577 00ce 0B        	.uleb128 0xb
 1578 00cf 05        	.uleb128 0x5
 1579 00d0 3A        	.uleb128 0x3a
 1580 00d1 0B        	.uleb128 0xb
 1581 00d2 3B        	.uleb128 0x3b
 1582 00d3 0B        	.uleb128 0xb
 1583 00d4 01        	.uleb128 0x1
 1584 00d5 13        	.uleb128 0x13
 1585 00d6 00        	.byte0
 1586 00d7 00        	.byte0
 1587 00d8 13        	.uleb128 0x13
 1588 00d9 0D        	.uleb128 0xd
 1589 00da 00        	.byte0
 1590 00db 03        	.uleb128 0x3
 1591 00dc 0E        	.uleb128 0xe
 1592 00dd 3A        	.uleb128 0x3a
68K GAS   			page 31


 1593 00de 0B        	.uleb128 0xb
 1594 00df 3B        	.uleb128 0x3b
 1595 00e0 0B        	.uleb128 0xb
 1596 00e1 49        	.uleb128 0x49
 1597 00e2 13        	.uleb128 0x13
 1598 00e3 38        	.uleb128 0x38
 1599 00e4 05        	.uleb128 0x5
 1600 00e5 00        	.byte0
 1601 00e6 00        	.byte0
 1602 00e7 14        	.uleb128 0x14
 1603 00e8 15        	.uleb128 0x15
 1604 00e9 00        	.byte0
 1605 00ea 27        	.uleb128 0x27
 1606 00eb 19        	.uleb128 0x19
 1607 00ec 00        	.byte0
 1608 00ed 00        	.byte0
 1609 00ee 15        	.uleb128 0x15
 1610 00ef 15        	.uleb128 0x15
 1611 00f0 01        	.byte0x1
 1612 00f1 27        	.uleb128 0x27
 1613 00f2 19        	.uleb128 0x19
 1614 00f3 49        	.uleb128 0x49
 1615 00f4 13        	.uleb128 0x13
 1616 00f5 01        	.uleb128 0x1
 1617 00f6 13        	.uleb128 0x13
 1618 00f7 00        	.byte0
 1619 00f8 00        	.byte0
 1620 00f9 16        	.uleb128 0x16
 1621 00fa 05        	.uleb128 0x5
 1622 00fb 00        	.byte0
 1623 00fc 49        	.uleb128 0x49
 1624 00fd 13        	.uleb128 0x13
 1625 00fe 00        	.byte0
 1626 00ff 00        	.byte0
 1627 0100 17        	.uleb128 0x17
 1628 0101 13        	.uleb128 0x13
 1629 0102 01        	.byte0x1
 1630 0103 03        	.uleb128 0x3
 1631 0104 0E        	.uleb128 0xe
 1632 0105 0B        	.uleb128 0xb
 1633 0106 05        	.uleb128 0x5
 1634 0107 3A        	.uleb128 0x3a
 1635 0108 0B        	.uleb128 0xb
 1636 0109 3B        	.uleb128 0x3b
 1637 010a 05        	.uleb128 0x5
 1638 010b 01        	.uleb128 0x1
 1639 010c 13        	.uleb128 0x13
 1640 010d 00        	.byte0
 1641 010e 00        	.byte0
 1642 010f 18        	.uleb128 0x18
 1643 0110 0D        	.uleb128 0xd
 1644 0111 00        	.byte0
 1645 0112 03        	.uleb128 0x3
 1646 0113 0E        	.uleb128 0xe
 1647 0114 3A        	.uleb128 0x3a
 1648 0115 0B        	.uleb128 0xb
 1649 0116 3B        	.uleb128 0x3b
68K GAS   			page 32


 1650 0117 05        	.uleb128 0x5
 1651 0118 49        	.uleb128 0x49
 1652 0119 13        	.uleb128 0x13
 1653 011a 38        	.uleb128 0x38
 1654 011b 0B        	.uleb128 0xb
 1655 011c 00        	.byte0
 1656 011d 00        	.byte0
 1657 011e 19        	.uleb128 0x19
 1658 011f 0D        	.uleb128 0xd
 1659 0120 00        	.byte0
 1660 0121 03        	.uleb128 0x3
 1661 0122 0E        	.uleb128 0xe
 1662 0123 3A        	.uleb128 0x3a
 1663 0124 0B        	.uleb128 0xb
 1664 0125 3B        	.uleb128 0x3b
 1665 0126 05        	.uleb128 0x5
 1666 0127 49        	.uleb128 0x49
 1667 0128 13        	.uleb128 0x13
 1668 0129 38        	.uleb128 0x38
 1669 012a 05        	.uleb128 0x5
 1670 012b 00        	.byte0
 1671 012c 00        	.byte0
 1672 012d 1A        	.uleb128 0x1a
 1673 012e 13        	.uleb128 0x13
 1674 012f 01        	.byte0x1
 1675 0130 03        	.uleb128 0x3
 1676 0131 0E        	.uleb128 0xe
 1677 0132 0B        	.uleb128 0xb
 1678 0133 0B        	.uleb128 0xb
 1679 0134 3A        	.uleb128 0x3a
 1680 0135 0B        	.uleb128 0xb
 1681 0136 3B        	.uleb128 0x3b
 1682 0137 05        	.uleb128 0x5
 1683 0138 01        	.uleb128 0x1
 1684 0139 13        	.uleb128 0x13
 1685 013a 00        	.byte0
 1686 013b 00        	.byte0
 1687 013c 1B        	.uleb128 0x1b
 1688 013d 13        	.uleb128 0x13
 1689 013e 01        	.byte0x1
 1690 013f 0B        	.uleb128 0xb
 1691 0140 0B        	.uleb128 0xb
 1692 0141 3A        	.uleb128 0x3a
 1693 0142 0B        	.uleb128 0xb
 1694 0143 3B        	.uleb128 0x3b
 1695 0144 05        	.uleb128 0x5
 1696 0145 01        	.uleb128 0x1
 1697 0146 13        	.uleb128 0x13
 1698 0147 00        	.byte0
 1699 0148 00        	.byte0
 1700 0149 1C        	.uleb128 0x1c
 1701 014a 17        	.uleb128 0x17
 1702 014b 01        	.byte0x1
 1703 014c 0B        	.uleb128 0xb
 1704 014d 0B        	.uleb128 0xb
 1705 014e 3A        	.uleb128 0x3a
 1706 014f 0B        	.uleb128 0xb
68K GAS   			page 33


 1707 0150 3B        	.uleb128 0x3b
 1708 0151 05        	.uleb128 0x5
 1709 0152 01        	.uleb128 0x1
 1710 0153 13        	.uleb128 0x13
 1711 0154 00        	.byte0
 1712 0155 00        	.byte0
 1713 0156 1D        	.uleb128 0x1d
 1714 0157 0D        	.uleb128 0xd
 1715 0158 00        	.byte0
 1716 0159 03        	.uleb128 0x3
 1717 015a 0E        	.uleb128 0xe
 1718 015b 3A        	.uleb128 0x3a
 1719 015c 0B        	.uleb128 0xb
 1720 015d 3B        	.uleb128 0x3b
 1721 015e 05        	.uleb128 0x5
 1722 015f 49        	.uleb128 0x49
 1723 0160 13        	.uleb128 0x13
 1724 0161 00        	.byte0
 1725 0162 00        	.byte0
 1726 0163 1E        	.uleb128 0x1e
 1727 0164 15        	.uleb128 0x15
 1728 0165 01        	.byte0x1
 1729 0166 27        	.uleb128 0x27
 1730 0167 19        	.uleb128 0x19
 1731 0168 01        	.uleb128 0x1
 1732 0169 13        	.uleb128 0x13
 1733 016a 00        	.byte0
 1734 016b 00        	.byte0
 1735 016c 1F        	.uleb128 0x1f
 1736 016d 34        	.uleb128 0x34
 1737 016e 00        	.byte0
 1738 016f 03        	.uleb128 0x3
 1739 0170 0E        	.uleb128 0xe
 1740 0171 3A        	.uleb128 0x3a
 1741 0172 0B        	.uleb128 0xb
 1742 0173 3B        	.uleb128 0x3b
 1743 0174 05        	.uleb128 0x5
 1744 0175 49        	.uleb128 0x49
 1745 0176 13        	.uleb128 0x13
 1746 0177 3F        	.uleb128 0x3f
 1747 0178 19        	.uleb128 0x19
 1748 0179 3C        	.uleb128 0x3c
 1749 017a 19        	.uleb128 0x19
 1750 017b 00        	.byte0
 1751 017c 00        	.byte0
 1752 017d 20        	.uleb128 0x20
 1753 017e 34        	.uleb128 0x34
 1754 017f 00        	.byte0
 1755 0180 03        	.uleb128 0x3
 1756 0181 0E        	.uleb128 0xe
 1757 0182 3A        	.uleb128 0x3a
 1758 0183 0B        	.uleb128 0xb
 1759 0184 3B        	.uleb128 0x3b
 1760 0185 0B        	.uleb128 0xb
 1761 0186 49        	.uleb128 0x49
 1762 0187 13        	.uleb128 0x13
 1763 0188 3F        	.uleb128 0x3f
68K GAS   			page 34


 1764 0189 19        	.uleb128 0x19
 1765 018a 3C        	.uleb128 0x3c
 1766 018b 19        	.uleb128 0x19
 1767 018c 00        	.byte0
 1768 018d 00        	.byte0
 1769 018e 21        	.uleb128 0x21
 1770 018f 2E        	.uleb128 0x2e
 1771 0190 01        	.byte0x1
 1772 0191 3F        	.uleb128 0x3f
 1773 0192 19        	.uleb128 0x19
 1774 0193 03        	.uleb128 0x3
 1775 0194 0E        	.uleb128 0xe
 1776 0195 3A        	.uleb128 0x3a
 1777 0196 0B        	.uleb128 0xb
 1778 0197 3B        	.uleb128 0x3b
 1779 0198 0B        	.uleb128 0xb
 1780 0199 27        	.uleb128 0x27
 1781 019a 19        	.uleb128 0x19
 1782 019b 49        	.uleb128 0x49
 1783 019c 13        	.uleb128 0x13
 1784 019d 11        	.uleb128 0x11
 1785 019e 01        	.uleb128 0x1
 1786 019f 12        	.uleb128 0x12
 1787 01a0 06        	.uleb128 0x6
 1788 01a1 40        	.uleb128 0x40
 1789 01a2 18        	.uleb128 0x18
 1790 01a3 9642      	.uleb128 0x2116
 1791 01a5 19        	.uleb128 0x19
 1792 01a6 01        	.uleb128 0x1
 1793 01a7 13        	.uleb128 0x13
 1794 01a8 00        	.byte0
 1795 01a9 00        	.byte0
 1796 01aa 22        	.uleb128 0x22
 1797 01ab 05        	.uleb128 0x5
 1798 01ac 00        	.byte0
 1799 01ad 03        	.uleb128 0x3
 1800 01ae 0E        	.uleb128 0xe
 1801 01af 3A        	.uleb128 0x3a
 1802 01b0 0B        	.uleb128 0xb
 1803 01b1 3B        	.uleb128 0x3b
 1804 01b2 0B        	.uleb128 0xb
 1805 01b3 49        	.uleb128 0x49
 1806 01b4 13        	.uleb128 0x13
 1807 01b5 02        	.uleb128 0x2
 1808 01b6 18        	.uleb128 0x18
 1809 01b7 00        	.byte0
 1810 01b8 00        	.byte0
 1811 01b9 23        	.uleb128 0x23
 1812 01ba 34        	.uleb128 0x34
 1813 01bb 00        	.byte0
 1814 01bc 03        	.uleb128 0x3
 1815 01bd 0E        	.uleb128 0xe
 1816 01be 3A        	.uleb128 0x3a
 1817 01bf 0B        	.uleb128 0xb
 1818 01c0 3B        	.uleb128 0x3b
 1819 01c1 0B        	.uleb128 0xb
 1820 01c2 49        	.uleb128 0x49
68K GAS   			page 35


 1821 01c3 13        	.uleb128 0x13
 1822 01c4 02        	.uleb128 0x2
 1823 01c5 18        	.uleb128 0x18
 1824 01c6 00        	.byte0
 1825 01c7 00        	.byte0
 1826 01c8 24        	.uleb128 0x24
 1827 01c9 2E        	.uleb128 0x2e
 1828 01ca 01        	.byte0x1
 1829 01cb 3F        	.uleb128 0x3f
 1830 01cc 19        	.uleb128 0x19
 1831 01cd 03        	.uleb128 0x3
 1832 01ce 0E        	.uleb128 0xe
 1833 01cf 3A        	.uleb128 0x3a
 1834 01d0 0B        	.uleb128 0xb
 1835 01d1 3B        	.uleb128 0x3b
 1836 01d2 0B        	.uleb128 0xb
 1837 01d3 27        	.uleb128 0x27
 1838 01d4 19        	.uleb128 0x19
 1839 01d5 49        	.uleb128 0x49
 1840 01d6 13        	.uleb128 0x13
 1841 01d7 11        	.uleb128 0x11
 1842 01d8 01        	.uleb128 0x1
 1843 01d9 12        	.uleb128 0x12
 1844 01da 06        	.uleb128 0x6
 1845 01db 40        	.uleb128 0x40
 1846 01dc 18        	.uleb128 0x18
 1847 01dd 9642      	.uleb128 0x2116
 1848 01df 19        	.uleb128 0x19
 1849 01e0 00        	.byte0
 1850 01e1 00        	.byte0
 1851 01e2 00        	.byte0
 1852               	.section.debug_aranges,"",@progbits
 1853 0000 0000 001C 	.long0x1c
 1854 0004 0002      	.word0x2
 1855 0006 0000 0000 	.long.Ldebug_info0
 1856 000a 04        	.byte0x4
 1857 000b 00        	.byte0
 1858 000c 0000      	.word0
 1859 000e 0000      	.word0
 1860 0010 0000 0000 	.long.Ltext0
 1861 0014 0000 0066 	.long.Letext0-.Ltext0
 1862 0018 0000 0000 	.long0
 1863 001c 0000 0000 	.long0
 1864               	.section.debug_line,"",@progbits
 1865               	.Ldebug_line0:
 1866 0000 0000 0225 	.section.debug_str,"MS",@progbits,1
 1866      0002 0000 
 1866      01FD 0201 
 1866      FB0E 0D00 
 1866      0101 0101 
 1867               	.LASF152:
 1868 0000 7265 7475 	.string"return_code"
 1868      726E 5F63 
 1868      6F64 6500 
 1869               	.LASF20:
 1870 000c 5F6E 616D 	.string"_name"
 1870      6500 
68K GAS   			page 36


 1871               	.LASF54:
 1872 0012 5F6F 6E5F 	.string"_on_exit_args"
 1872      6578 6974 
 1872      5F61 7267 
 1872      7300 
 1873               	.LASF21:
 1874 0020 5F54 6872 	.string"_Thread_queue_Heads"
 1874      6561 645F 
 1874      7175 6575 
 1874      655F 4865 
 1874      6164 7300 
 1875               	.LASF147:
 1876 0034 5F64 6179 	.string"_daylight"
 1876      6C69 6768 
 1876      7400 
 1877               	.LASF119:
 1878 003e 5F77 6374 	.string"_wctomb_state"
 1878      6F6D 625F 
 1878      7374 6174 
 1878      6500 
 1879               	.LASF141:
 1880 004c 6F70 746F 	.string"optopt"
 1880      7074 00
 1881               	.LASF116:
 1882 0053 5F72 3438 	.string"_r48"
 1882      00
 1883               	.LASF121:
 1884 0058 5F73 6967 	.string"_signal_buf"
 1884      6E61 6C5F 
 1884      6275 6600 
 1885               	.LASF14:
 1886 0064 756E 7369 	.string"unsigned int"
 1886      676E 6564 
 1886      2069 6E74 
 1886      00
 1887               	.LASF68:
 1888 0071 5F6C 6266 	.string"_lbfsize"
 1888      7369 7A65 
 1888      00
 1889               	.LASF66:
 1890 007a 5F66 6C61 	.string"_flags"
 1890      6773 00
 1891               	.LASF25:
 1892 0081 5F51 7565 	.string"_Queue"
 1892      7565 00
 1893               	.LASF83:
 1894 0088 5F65 7272 	.string"_errno"
 1894      6E6F 00
 1895               	.LASF29:
 1896 008f 5F4C 4F43 	.string"_LOCK_RECURSIVE_T"
 1896      4B5F 5245 
 1896      4355 5253 
 1896      4956 455F 
 1896      5400 
 1897               	.LASF70:
 1898 00a1 5F72 6561 	.string"_read"
 1898      6400 
68K GAS   			page 37


 1899               	.LASF123:
 1900 00a7 5F6D 6272 	.string"_mbrlen_state"
 1900      6C65 6E5F 
 1900      7374 6174 
 1900      6500 
 1901               	.LASF154:
 1902 00b5 474E 5520 	.string"GNU C11 7.3.0 20180125 (RTEMS 5, RSB d2b25d131d55adcb38219f2cd8cbec2436ee78ab, Newlib 3.0.0) -malign-int -mcpu=528x -g -O0 -fomit-frame-pointer"
 1902      4331 3120 
 1902      372E 332E 
 1902      3020 3230 
 1902      3138 3031 
 1903               	.LASF85:
 1904 0145 5F73 7464 	.string"_stdout"
 1904      6F75 7400 
 1905               	.LASF75:
 1906 014d 5F6E 6275 	.string"_nbuf"
 1906      6600 
 1907               	.LASF18:
 1908 0153 5F68 6561 	.string"_heads"
 1908      6473 00
 1909               	.LASF11:
 1910 015a 5F66 706F 	.string"_fpos_t"
 1910      735F 7400 
 1911               	.LASF61:
 1912 0162 5F66 6E73 	.string"_fns"
 1912      00
 1913               	.LASF69:
 1914 0167 5F63 6F6F 	.string"_cookie"
 1914      6B69 6500 
 1915               	.LASF39:
 1916 016f 5F42 6967 	.string"_Bigint"
 1916      696E 7400 
 1917               	.LASF51:
 1918 0177 5F5F 746D 	.string"__tm_wday"
 1918      5F77 6461 
 1918      7900 
 1919               	.LASF93:
 1920 0181 5F72 6573 	.string"_result"
 1920      756C 7400 
 1921               	.LASF47:
 1922 0189 5F5F 746D 	.string"__tm_hour"
 1922      5F68 6F75 
 1922      7200 
 1923               	.LASF156:
 1924 0193 2F68 6F6D 	.string"/home/simulink/cFS_FreeRTOS_seL4/build/cpu1/cfe/osal"
 1924      652F 7369 
 1924      6D75 6C69 
 1924      6E6B 2F63 
 1924      4653 5F46 
 1925               	.LASF34:
 1926 01c8 5F5F 636F 	.string"__count"
 1926      756E 7400 
 1927               	.LASF153:
 1928 01d0 686F 7374 	.string"host_id"
 1928      5F69 6400 
 1929               	.LASF140:
 1930 01d8 6F70 7465 	.string"opterr"
68K GAS   			page 38


 1930      7272 00
 1931               	.LASF46:
 1932 01df 5F5F 746D 	.string"__tm_min"
 1932      5F6D 696E 
 1932      00
 1933               	.LASF134:
 1934 01e8 5F69 6D70 	.string"_impure_ptr"
 1934      7572 655F 
 1934      7074 7200 
 1935               	.LASF144:
 1936 01f4 696E 7433 	.string"int32"
 1936      3200 
 1937               	.LASF129:
 1938 01fa 5F6E 6578 	.string"_nextf"
 1938      7466 00
 1939               	.LASF106:
 1940 0201 5F72 616E 	.string"_rand48"
 1940      6434 3800 
 1941               	.LASF26:
 1942 0209 5F4D 7574 	.string"_Mutex_recursive_Control"
 1942      6578 5F72 
 1942      6563 7572 
 1942      7369 7665 
 1942      5F43 6F6E 
 1943               	.LASF94:
 1944 0222 5F72 6573 	.string"_result_k"
 1944      756C 745F 
 1944      6B00 
 1945               	.LASF7:
 1946 022c 6C6F 6E67 	.string"long long unsigned int"
 1946      206C 6F6E 
 1946      6720 756E 
 1946      7369 676E 
 1946      6564 2069 
 1947               	.LASF112:
 1948 0243 5F61 7363 	.string"_asctime_buf"
 1948      7469 6D65 
 1948      5F62 7566 
 1948      00
 1949               	.LASF65:
 1950 0250 5F5F 7346 	.string"__sFILE"
 1950      494C 4500 
 1951               	.LASF43:
 1952 0258 5F77 6473 	.string"_wds"
 1952      00
 1953               	.LASF102:
 1954 025d 5F5F 4649 	.string"__FILE"
 1954      4C45 00
 1955               	.LASF77:
 1956 0264 5F6F 6666 	.string"_offset"
 1956      7365 7400 
 1957               	.LASF74:
 1958 026c 5F75 6275 	.string"_ubuf"
 1958      6600 
 1959               	.LASF158:
 1960 0272 4F53 5F4E 	.string"OS_NetworkGetID"
 1960      6574 776F 
68K GAS   			page 39


 1960      726B 4765 
 1960      7449 4400 
 1961               	.LASF88:
 1962 0282 5F65 6D65 	.string"_emergency"
 1962      7267 656E 
 1962      6379 00
 1963               	.LASF24:
 1964 028d 5F4D 7574 	.string"_Mutex_Control"
 1964      6578 5F43 
 1964      6F6E 7472 
 1964      6F6C 00
 1965               	.LASF17:
 1966 029c 5F4C 6F63 	.string"_Lock"
 1966      6B00 
 1967               	.LASF19:
 1968 02a2 5F6F 776E 	.string"_owner"
 1968      6572 00
 1969               	.LASF45:
 1970 02a9 5F5F 746D 	.string"__tm_sec"
 1970      5F73 6563 
 1970      00
 1971               	.LASF143:
 1972 02b2 7375 626F 	.string"suboptarg"
 1972      7074 6172 
 1972      6700 
 1973               	.LASF52:
 1974 02bc 5F5F 746D 	.string"__tm_yday"
 1974      5F79 6461 
 1974      7900 
 1975               	.LASF87:
 1976 02c6 5F69 6E63 	.string"_inc"
 1976      00
 1977               	.LASF60:
 1978 02cb 5F69 6E64 	.string"_ind"
 1978      00
 1979               	.LASF157:
 1980 02d0 4F53 5F4E 	.string"OS_NetworkGetHostName"
 1980      6574 776F 
 1980      726B 4765 
 1980      7448 6F73 
 1980      744E 616D 
 1981               	.LASF40:
 1982 02e6 5F6E 6578 	.string"_next"
 1982      7400 
 1983               	.LASF125:
 1984 02ec 5F6D 6273 	.string"_mbsrtowcs_state"
 1984      7274 6F77 
 1984      6373 5F73 
 1984      7461 7465 
 1984      00
 1985               	.LASF148:
 1986 02fd 5F74 7A6E 	.string"_tzname"
 1986      616D 6500 
 1987               	.LASF35:
 1988 0305 5F5F 7661 	.string"__value"
 1988      6C75 6500 
 1989               	.LASF95:
68K GAS   			page 40


 1990 030d 5F70 3573 	.string"_p5s"
 1990      00
 1991               	.LASF127:
 1992 0312 5F77 6373 	.string"_wcsrtombs_state"
 1992      7274 6F6D 
 1992      6273 5F73 
 1992      7461 7465 
 1992      00
 1993               	.LASF117:
 1994 0323 5F6D 626C 	.string"_mblen_state"
 1994      656E 5F73 
 1994      7461 7465 
 1994      00
 1995               	.LASF27:
 1996 0330 5F4D 7574 	.string"_Mutex"
 1996      6578 00
 1997               	.LASF23:
 1998 0337 6368 6172 	.string"char"
 1998      00
 1999               	.LASF48:
 2000 033c 5F5F 746D 	.string"__tm_mday"
 2000      5F6D 6461 
 2000      7900 
 2001               	.LASF100:
 2002 0346 5F73 6967 	.string"_sig_func"
 2002      5F66 756E 
 2002      6300 
 2003               	.LASF124:
 2004 0350 5F6D 6272 	.string"_mbrtowc_state"
 2004      746F 7763 
 2004      5F73 7461 
 2004      7465 00
 2005               	.LASF137:
 2006 035f 656E 7669 	.string"environ"
 2006      726F 6E00 
 2007               	.LASF37:
 2008 0367 5F66 6C6F 	.string"_flock_t"
 2008      636B 5F74 
 2008      00
 2009               	.LASF32:
 2010 0370 5F5F 7763 	.string"__wch"
 2010      6800 
 2011               	.LASF105:
 2012 0376 5F69 6F62 	.string"_iobs"
 2012      7300 
 2013               	.LASF73:
 2014 037c 5F63 6C6F 	.string"_close"
 2014      7365 00
 2015               	.LASF91:
 2016 0383 5F5F 7364 	.string"__sdidinit"
 2016      6964 696E 
 2016      6974 00
 2017               	.LASF146:
 2018 038e 5F74 696D 	.string"_timezone"
 2018      657A 6F6E 
 2018      6500 
 2019               	.LASF151:
68K GAS   			page 41


 2020 0398 7265 7476 	.string"retval"
 2020      616C 00
 2021               	.LASF84:
 2022 039f 5F73 7464 	.string"_stdin"
 2022      696E 00
 2023               	.LASF114:
 2024 03a6 5F67 616D 	.string"_gamma_signgam"
 2024      6D61 5F73 
 2024      6967 6E67 
 2024      616D 00
 2025               	.LASF6:
 2026 03b5 6C6F 6E67 	.string"long long int"
 2026      206C 6F6E 
 2026      6720 696E 
 2026      7400 
 2027               	.LASF15:
 2028 03c3 5F54 6963 	.string"_Ticket_lock_Control"
 2028      6B65 745F 
 2028      6C6F 636B 
 2028      5F43 6F6E 
 2028      7472 6F6C 
 2029               	.LASF63:
 2030 03d8 5F62 6173 	.string"_base"
 2030      6500 
 2031               	.LASF96:
 2032 03de 5F66 7265 	.string"_freelist"
 2032      656C 6973 
 2032      7400 
 2033               	.LASF108:
 2034 03e8 5F6D 756C 	.string"_mult"
 2034      7400 
 2035               	.LASF38:
 2036 03ee 5F5F 554C 	.string"__ULong"
 2036      6F6E 6700 
 2037               	.LASF126:
 2038 03f6 5F77 6372 	.string"_wcrtomb_state"
 2038      746F 6D62 
 2038      5F73 7461 
 2038      7465 00
 2039               	.LASF67:
 2040 0405 5F66 696C 	.string"_file"
 2040      6500 
 2041               	.LASF139:
 2042 040b 6F70 7469 	.string"optind"
 2042      6E64 00
 2043               	.LASF28:
 2044 0412 5F6E 6573 	.string"_nest_level"
 2044      745F 6C65 
 2044      7665 6C00 
 2045               	.LASF92:
 2046 041e 5F5F 636C 	.string"__cleanup"
 2046      6561 6E75 
 2046      7000 
 2047               	.LASF36:
 2048 0428 5F6D 6273 	.string"_mbstate_t"
 2048      7461 7465 
 2048      5F74 00
68K GAS   			page 42


 2049               	.LASF55:
 2050 0433 5F66 6E61 	.string"_fnargs"
 2050      7267 7300 
 2051               	.LASF145:
 2052 043b 7569 6E74 	.string"uint32"
 2052      3332 00
 2053               	.LASF53:
 2054 0442 5F5F 746D 	.string"__tm_isdst"
 2054      5F69 7364 
 2054      7374 00
 2055               	.LASF136:
 2056 044d 5F67 6C6F 	.string"_global_atexit"
 2056      6261 6C5F 
 2056      6174 6578 
 2056      6974 00
 2057               	.LASF128:
 2058 045c 5F68 5F65 	.string"_h_errno"
 2058      7272 6E6F 
 2058      00
 2059               	.LASF49:
 2060 0465 5F5F 746D 	.string"__tm_mon"
 2060      5F6D 6F6E 
 2060      00
 2061               	.LASF138:
 2062 046e 6F70 7461 	.string"optarg"
 2062      7267 00
 2063               	.LASF9:
 2064 0475 5F5F 696E 	.string"__int64_t"
 2064      7436 345F 
 2064      7400 
 2065               	.LASF8:
 2066 047f 6C6F 6E67 	.string"long double"
 2066      2064 6F75 
 2066      626C 6500 
 2067               	.LASF22:
 2068 048b 5F54 6872 	.string"_Thread_Control"
 2068      6561 645F 
 2068      436F 6E74 
 2068      726F 6C00 
 2069               	.LASF149:
 2070 049b 686F 7374 	.string"host_name"
 2070      5F6E 616D 
 2070      6500 
 2071               	.LASF71:
 2072 04a5 5F77 7269 	.string"_write"
 2072      7465 00
 2073               	.LASF150:
 2074 04ac 6E61 6D65 	.string"name_len"
 2074      5F6C 656E 
 2074      00
 2075               	.LASF59:
 2076 04b5 5F61 7465 	.string"_atexit"
 2076      7869 7400 
 2077               	.LASF80:
 2078 04bd 5F6D 6273 	.string"_mbstate"
 2078      7461 7465 
 2078      00
68K GAS   			page 43


 2079               	.LASF2:
 2080 04c6 7368 6F72 	.string"short int"
 2080      7420 696E 
 2080      7400 
 2081               	.LASF4:
 2082 04d0 6C6F 6E67 	.string"long int"
 2082      2069 6E74 
 2082      00
 2083               	.LASF142:
 2084 04d9 6F70 7472 	.string"optreset"
 2084      6573 6574 
 2084      00
 2085               	.LASF133:
 2086 04e2 5F5F 7366 	.string"__sf"
 2086      00
 2087               	.LASF42:
 2088 04e7 5F73 6967 	.string"_sign"
 2088      6E00 
 2089               	.LASF78:
 2090 04ed 5F64 6174 	.string"_data"
 2090      6100 
 2091               	.LASF33:
 2092 04f3 5F5F 7763 	.string"__wchb"
 2092      6862 00
 2093               	.LASF135:
 2094 04fa 5F67 6C6F 	.string"_global_impure_ptr"
 2094      6261 6C5F 
 2094      696D 7075 
 2094      7265 5F70 
 2094      7472 00
 2095               	.LASF50:
 2096 050d 5F5F 746D 	.string"__tm_year"
 2096      5F79 6561 
 2096      7200 
 2097               	.LASF113:
 2098 0517 5F6C 6F63 	.string"_localtime_buf"
 2098      616C 7469 
 2098      6D65 5F62 
 2098      7566 00
 2099               	.LASF131:
 2100 0526 5F75 6E75 	.string"_unused"
 2100      7365 6400 
 2101               	.LASF99:
 2102 052e 5F6E 6577 	.string"_new"
 2102      00
 2103               	.LASF97:
 2104 0533 5F63 7674 	.string"_cvtlen"
 2104      6C65 6E00 
 2105               	.LASF41:
 2106 053b 5F6D 6178 	.string"_maxwds"
 2106      7764 7300 
 2107               	.LASF120:
 2108 0543 5F6C 3634 	.string"_l64a_buf"
 2108      615F 6275 
 2108      6600 
 2109               	.LASF76:
 2110 054d 5F62 6C6B 	.string"_blksize"
68K GAS   			page 44


 2110      7369 7A65 
 2110      00
 2111               	.LASF44:
 2112 0556 5F5F 746D 	.string"__tm"
 2112      00
 2113               	.LASF79:
 2114 055b 5F6C 6F63 	.string"_lock"
 2114      6B00 
 2115               	.LASF5:
 2116 0561 6C6F 6E67 	.string"long unsigned int"
 2116      2075 6E73 
 2116      6967 6E65 
 2116      6420 696E 
 2116      7400 
 2117               	.LASF104:
 2118 0573 5F6E 696F 	.string"_niobs"
 2118      6273 00
 2119               	.LASF31:
 2120 057a 7769 6E74 	.string"wint_t"
 2120      5F74 00
 2121               	.LASF56:
 2122 0581 5F64 736F 	.string"_dso_handle"
 2122      5F68 616E 
 2122      646C 6500 
 2123               	.LASF16:
 2124 058d 5F54 6872 	.string"_Thread_queue_Queue"
 2124      6561 645F 
 2124      7175 6575 
 2124      655F 5175 
 2124      6575 6500 
 2125               	.LASF98:
 2126 05a1 5F63 7674 	.string"_cvtbuf"
 2126      6275 6600 
 2127               	.LASF1:
 2128 05a9 756E 7369 	.string"unsigned char"
 2128      676E 6564 
 2128      2063 6861 
 2128      7200 
 2129               	.LASF122:
 2130 05b7 5F67 6574 	.string"_getdate_err"
 2130      6461 7465 
 2130      5F65 7272 
 2130      00
 2131               	.LASF109:
 2132 05c4 5F61 6464 	.string"_add"
 2132      00
 2133               	.LASF62:
 2134 05c9 5F5F 7362 	.string"__sbuf"
 2134      7566 00
 2135               	.LASF103:
 2136 05d0 5F67 6C75 	.string"_glue"
 2136      6500 
 2137               	.LASF101:
 2138 05d6 5F5F 7367 	.string"__sglue"
 2138      6C75 6500 
 2139               	.LASF111:
 2140 05de 5F73 7472 	.string"_strtok_last"
68K GAS   			page 45


 2140      746F 6B5F 
 2140      6C61 7374 
 2140      00
 2141               	.LASF118:
 2142 05eb 5F6D 6274 	.string"_mbtowc_state"
 2142      6F77 635F 
 2142      7374 6174 
 2142      6500 
 2143               	.LASF12:
 2144 05f9 5F6E 6578 	.string"_next_ticket"
 2144      745F 7469 
 2144      636B 6574 
 2144      00
 2145               	.LASF90:
 2146 0606 5F6C 6F63 	.string"_locale"
 2146      616C 6500 
 2147               	.LASF30:
 2148 060e 5F73 7369 	.string"_ssize_t"
 2148      7A65 5F74 
 2148      00
 2149               	.LASF0:
 2150 0617 7369 676E 	.string"signed char"
 2150      6564 2063 
 2150      6861 7200 
 2151               	.LASF82:
 2152 0623 5F72 6565 	.string"_reent"
 2152      6E74 00
 2153               	.LASF3:
 2154 062a 7368 6F72 	.string"short unsigned int"
 2154      7420 756E 
 2154      7369 676E 
 2154      6564 2069 
 2154      6E74 00
 2155               	.LASF57:
 2156 063d 5F66 6E74 	.string"_fntypes"
 2156      7970 6573 
 2156      00
 2157               	.LASF64:
 2158 0646 5F73 697A 	.string"_size"
 2158      6500 
 2159               	.LASF10:
 2160 064c 5F6F 6666 	.string"_off_t"
 2160      5F74 00
 2161               	.LASF13:
 2162 0653 5F6E 6F77 	.string"_now_serving"
 2162      5F73 6572 
 2162      7669 6E67 
 2162      00
 2163               	.LASF110:
 2164 0660 5F75 6E75 	.string"_unused_rand"
 2164      7365 645F 
 2164      7261 6E64 
 2164      00
 2165               	.LASF89:
 2166 066d 5F75 6E73 	.string"_unspecified_locale_info"
 2166      7065 6369 
 2166      6669 6564 
68K GAS   			page 46


 2166      5F6C 6F63 
 2166      616C 655F 
 2167               	.LASF81:
 2168 0686 5F66 6C61 	.string"_flags2"
 2168      6773 3200 
 2169               	.LASF58:
 2170 068e 5F69 735F 	.string"_is_cxa"
 2170      6378 6100 
 2171               	.LASF107:
 2172 0696 5F73 6565 	.string"_seed"
 2172      6400 
 2173               	.LASF115:
 2174 069c 5F72 616E 	.string"_rand_next"
 2174      645F 6E65 
 2174      7874 00
 2175               	.LASF132:
 2176 06a7 5F5F 6C6F 	.string"__locale_t"
 2176      6361 6C65 
 2176      5F74 00
 2177               	.LASF72:
 2178 06b2 5F73 6565 	.string"_seek"
 2178      6B00 
 2179               	.LASF86:
 2180 06b8 5F73 7464 	.string"_stderr"
 2180      6572 7200 
 2181               	.LASF130:
 2182 06c0 5F6E 6D61 	.string"_nmalloc"
 2182      6C6C 6F63 
 2182      00
 2183               	.LASF155:
 2184 06c9 2F68 6F6D 	.string"/home/simulink/cFS_FreeRTOS_seL4/osal/src/os/rtems/osnetwork.c"
 2184      652F 7369 
 2184      6D75 6C69 
 2184      6E6B 2F63 
 2184      4653 5F46 
 2185               	.ident"GCC: (GNU) 7.3.0 20180125 (RTEMS 5, RSB d2b25d131d55adcb38219f2cd8cbec2436ee78ab, Newlib 3.0.0)"
68K GAS   			page 47


DEFINED SYMBOLS
                            *ABS*:0000000000000000 osnetwork.c
    {standard input}:9      .text:0000000000000000 OS_NetworkGetID
    {standard input}:39     .text:000000000000001a OS_NetworkGetHostName

UNDEFINED SYMBOLS
gethostid
gethostname
